#
# A fatal error has been detected by the Java Runtime Environment:
#
#  SIGSEGV (0xb) at pc=0x00000001a291279b, pid=1938, tid=1811
#
# JRE version: Java(TM) SE Runtime Environment (8.0_31-b13) (build 1.8.0_31-b13)
# Java VM: Java HotSpot(TM) 64-Bit Server VM (25.31-b07 mixed mode bsd-amd64 compressed oops)
# Problematic frame:
# C  [libglass.dylib+0x579b]  -[GlassApplication applicationWillHide:]+0x7b
#
# Failed to write core dump. Core dumps have been disabled. To enable core dumping, try "ulimit -c unlimited" before starting Java again
#
# If you would like to submit a bug report, please visit:
#   http://bugreport.java.com/bugreport/crash.jsp
#

---------------  T H R E A D  ---------------

Current thread is native thread

siginfo: si_signo: 11 (SIGSEGV), si_code: 1 (SEGV_MAPERR), si_addr: 0x0000000000000000

Registers:
RAX=0x00007ff4c942fa40, RBX=0x0000000000000000, RCX=0x0000000000000008, RDX=0x00007fff75ca9118
RSP=0x00007fff5551f540, RBP=0x00007fff5551f560, RSI=0x00007fff924acfe2, RDI=0x00007ff4ca005070
R8 =0x00007fff5551f3e0, R9 =0x00007fff7733a300, R10=0x00007ff4c9715b70, R11=0x00007fff75c9c5e0
R12=0x00007ff4c97144b0, R13=0x00000000000f4265, R14=0x00007ff4c96209c0, R15=0x00007ff4c942fa40
RIP=0x00000001a291279b, EFLAGS=0x0000000000010206, ERR=0x0000000000000004
  TRAPNO=0x000000000000000e

Top of Stack: (sp=0x00007fff5551f540)
0x00007fff5551f540:   00007fff5551f730 00007ff4c97144b0
0x00007fff5551f550:   00007ff4c94592b0 00007fff5551f6a0
0x00007fff5551f560:   00007fff5551f570 00007fff86f6045c
0x00007fff5551f570:   00007fff5551f8d0 00007fff86e50634
0x00007fff5551f580:   00007fff5551f5c0 0000000000000000
0x00007fff5551f590:   00007fff5551f60c 00007fff5551f610
0x00007fff5551f5a0:   00007fff5551f614 00000000000008e8
0x00007fff5551f5b0:   00007fff751489c0 00007ff4c94592b0
0x00007fff5551f5c0:   0000000000000000 00007fff5551f6a0
0x00007fff5551f5d0:   0000000000000000 00007ff4c9459230
0x00007fff5551f5e0:   00007fff5551f720 000000000000005f
0x00007fff5551f5f0:   00000000000f4308 00007ff4cbc2a670
0x00007fff5551f600:   00007ff4c97584b0 00007ff4c97144b0
0x00007fff5551f610:   0000000000000001 00000000000f4265
0x00007fff5551f620:   00007ff4c97144a0 00007ff4c94078d0
0x00007fff5551f630:   00007fff555206c0 21eb0d26c23ae422
0x00007fff5551f640:   0000000000001002 00007fff5551f768
0x00007fff5551f650:   00007ff4c94a65a0 0000000000000018
0x00007fff5551f660:   0000000100000017 000000010a6f7000
0x00007fff5551f670:   000000010a6faa00 0000000000000021
0x00007fff5551f680:   0001080384ea3b28 00007ff4c97144d4
0x00007fff5551f690:   0000000000000000 0000000000000000
0x00007fff5551f6a0:   00007ff4c94592b0 0000000000000001
0x00007fff5551f6b0:   000000010a6f7000 0000000000000001
0x00007fff5551f6c0:   00007fff5551f6f0 00007fff9125facb
0x00007fff5551f6d0:   000000010a6faa00 0000000000000001
0x00007fff5551f6e0:   000000010a6f7000 00007ff4c97cd2b1
0x00007fff5551f6f0:   0000000000000003 000000010a6fbe00
0x00007fff5551f700:   00007fff5551f7f0 00007fff9125e2a2
0x00007fff5551f710:   00007fff5551f730 00007fff8de69c12
0x00007fff5551f720:   0000000000000014 0000000000000000
0x00007fff5551f730:   00000000000f4265 00007fff86e4610f 

Instructions: (pc=0x00000001a291279b)
0x00000001a291277b:   8d 35 3f f9 03 00 ff 15 39 f9 03 00 48 8b 35 82
0x00000001a291278b:   e8 03 00 48 89 c7 30 c0 e8 b0 49 02 00 49 89 c7
0x00000001a291279b:   48 8b 03 4c 8b a0 e8 01 00 00 48 8b 35 54 ea 03
0x00000001a29127ab:   00 48 8b 3d 75 fa 03 00 30 c0 e8 8e 49 02 00 48 

Register to memory mapping:

RAX=0x00007ff4c942fa40 is an unknown value
RBX=0x0000000000000000 is an unknown value
RCX=0x0000000000000008 is an unknown value
RDX=0x00007fff75ca9118: _NSAPCache+0x18 in /System/Library/Frameworks/Foundation.framework/Versions/C/Foundation at 0x00007fff8b5d8000
RSP=0x00007fff5551f540 is an unknown value
RBP=0x00007fff5551f560 is an unknown value
RSI=0x00007fff924acfe2: kFigMPEG2MetadataDescriptor+0xb7f02 in /System/Library/Frameworks/MediaToolbox.framework/Versions/A/MediaToolbox at 0x00007fff91fc3000
RDI=0x00007ff4ca005070 is an unknown value
R8 =0x00007fff5551f3e0 is an unknown value
R9 =0x00007fff7733a300: _thread+0 in /usr/lib/system/libsystem_pthread.dylib at 0x00007fff94746000
R10=0x00007ff4c9715b70 is an unknown value
R11=0x00007fff75c9c5e0: OBJC_CLASS_$_NSAutoreleasePool+0 in /System/Library/Frameworks/Foundation.framework/Versions/C/Foundation at 0x00007fff8b5d8000
R12=0x00007ff4c97144b0 is an unknown value
R13=0x00000000000f4265 is an unknown value
R14=0x00007ff4c96209c0 is an unknown value
R15=0x00007ff4c942fa40 is an unknown value


Stack: [0x00007fff54d23000,0x00007fff55523000],  sp=0x00007fff5551f540,  free space=8177k
Native frames: (J=compiled Java code, j=interpreted, Vv=VM code, C=native code)
C  [libglass.dylib+0x579b]  -[GlassApplication applicationWillHide:]+0x7b
C  [CoreFoundation+0x12045c]  __CFNOTIFICATIONCENTER_IS_CALLING_OUT_TO_AN_OBSERVER__+0xc
C  [CoreFoundation+0x10634]  _CFXNotificationPost+0xc44
C  [Foundation+0x79d1]  -[NSNotificationCenter postNotificationName:object:userInfo:]+0x42
C  [AppKit+0x485dc6]  -[NSApplication _doHideMaybeFakingIt:]+0x186
C  [AppKit+0x16015a]  _hideShowHandler+0xac
C  [HIToolbox+0x8b6c]  DispatchEventToHandlers(EventTargetRec*, OpaqueEventRef*, HandlerCallRec*)+0x4ec
C  [HIToolbox+0x7fae]  SendEventToEventTargetInternal(OpaqueEventRef*, OpaqueEventTargetRef*, HandlerCallRec*)+0x182
C  [HIToolbox+0x1dcb6]  SendEventToEventTarget+0x28
C  [AppKit+0x91bd1]  _DPSNextEvent+0x5e8
C  [AppKit+0x90f68]  -[NSApplication nextEventMatchingMask:untilDate:inMode:dequeue:]+0x15a
C  [AppKit+0x86bf3]  -[NSApplication run]+0x252
C  [libosxapp.dylib+0x223e]  +[NSApplicationAWT runAWTLoopWithApp:]+0x9c
C  [libawt_lwawt.dylib+0x4494f]  -[AWTStarter starter:]+0x389
C  [Foundation+0x92d00]  __NSThreadPerformPerform+0x125
C  [CoreFoundation+0x80a01]  __CFRUNLOOP_IS_CALLING_OUT_TO_A_SOURCE0_PERFORM_FUNCTION__+0x11
C  [CoreFoundation+0x72b8d]  __CFRunLoopDoSources0+0x10d
C  [CoreFoundation+0x721bf]  __CFRunLoopRun+0x39f
C  [CoreFoundation+0x71bd8]  CFRunLoopRunSpecific+0x128
C  [java+0x56cc]  CreateExecutionEnvironment+0x367
C  [java+0x165c]  JLI_Launch+0x7a0
C  [java+0x768a]  main+0x65
C  [java+0xeb4]  start+0x34


---------------  P R O C E S S  ---------------

VM state:not at safepoint (normal execution)

VM Mutex/Monitor currently owned by a thread: None

Heap:
 PSYoungGen      total 344576K, used 278962K [0x0000000146300000, 0x000000015b800000, 0x000000015b800000)
  eden space 339968K, 82% used [0x0000000146300000,0x0000000157354b78,0x000000015af00000)
  from space 4608K, 2% used [0x000000015b380000,0x000000015b398000,0x000000015b800000)
  to   space 4608K, 0% used [0x000000015af00000,0x000000015af00000,0x000000015b380000)
 ParOldGen       total 44032K, used 4817K [0x000000011b800000, 0x000000011e300000, 0x0000000146300000)
  object space 44032K, 10% used [0x000000011b800000,0x000000011bcb4748,0x000000011e300000)
 Metaspace       used 11248K, capacity 11646K, committed 11904K, reserved 1058816K
  class space    used 1498K, capacity 1610K, committed 1664K, reserved 1048576K

Card table byte_map: [0x000000015b800000,0x000000015ba01000] byte_map_base: 0x000000015af24000

Marking Bits: (ParMarkBitMap*) 0x000000010b89e410
 Begin Bits: [0x000000015be0d000, 0x000000015ce0d000)
 End Bits:   [0x000000015ce0d000, 0x000000015de0d000)

Polling page: 0x000000010c056000

CodeCache: size=245760Kb used=3069Kb max_used=3070Kb free=242690Kb
 bounds [0x000000010c069000, 0x000000010c379000, 0x000000011b069000]
 total_blobs=1304 nmethods=803 adapters=417
 compilation: enabled

Compilation events (10 events):
Event: 4.955 Thread 0x00007ff4ca80a000  798       1       javafx.scene.input.KeyCode::impl_getCode (5 bytes)
Event: 4.955 Thread 0x00007ff4ca80a000 nmethod 798 0x000000010c3655d0 code [0x000000010c365720, 0x000000010c365830]
Event: 5.082 Thread 0x00007ff4ca80a000  800       3       java.lang.invoke.DirectMethodHandle::preparedLambdaForm (31 bytes)
Event: 5.083 Thread 0x00007ff4ca80a000 nmethod 800 0x000000010c365890 code [0x000000010c365a40, 0x000000010c3662c8]
Event: 5.092 Thread 0x00007ff4c9837000  801       4       jdk.internal.org.objectweb.asm.Item::set (143 bytes)
Event: 5.092 Thread 0x00007ff4ca80a000  802       3       java.lang.invoke.LambdaForm$NamedFunction::invoke_L_L (28 bytes)
Event: 5.093 Thread 0x00007ff4ca80a000 nmethod 802 0x000000010c366690 code [0x000000010c366820, 0x000000010c366b38]
Event: 5.115 Thread 0x00007ff4c9837000 nmethod 801 0x000000010c3683d0 code [0x000000010c3686a0, 0x000000010c368fd8]
Event: 5.125 Thread 0x00007ff4ca80a000  803       3       java.lang.invoke.LambdaForm$BMH/1554340815::reinvoke (26 bytes)
Event: 5.125 Thread 0x00007ff4ca80a000 nmethod 803 0x000000010c367990 code [0x000000010c367b40, 0x000000010c368268]

GC Heap History (10 events):
Event: 3.680 GC heap before
{Heap before GC invocations=12 (full 0):
 PSYoungGen      total 109568K, used 104512K [0x0000000146300000, 0x0000000151080000, 0x000000015b800000)
  eden space 104448K, 100% used [0x0000000146300000,0x000000014c900000,0x000000014c900000)
  from space 5120K, 1% used [0x000000014c900000,0x000000014c910000,0x000000014ce00000)
  to   space 5120K, 0% used [0x0000000150b80000,0x0000000150b80000,0x0000000151080000)
 ParOldGen       total 44032K, used 4769K [0x000000011b800000, 0x000000011e300000, 0x0000000146300000)
  object space 44032K, 10% used [0x000000011b800000,0x000000011bca8748,0x000000011e300000)
 Metaspace       used 11006K, capacity 11404K, committed 11648K, reserved 1058816K
  class space    used 1477K, capacity 1603K, committed 1664K, reserved 1048576K
Event: 3.681 GC heap after
Heap after GC invocations=12 (full 0):
 PSYoungGen      total 172544K, used 96K [0x0000000146300000, 0x0000000151080000, 0x000000015b800000)
  eden space 167424K, 0% used [0x0000000146300000,0x0000000146300000,0x0000000150680000)
  from space 5120K, 1% used [0x0000000150b80000,0x0000000150b98000,0x0000000151080000)
  to   space 5120K, 0% used [0x0000000150680000,0x0000000150680000,0x0000000150b80000)
 ParOldGen       total 44032K, used 4769K [0x000000011b800000, 0x000000011e300000, 0x0000000146300000)
  object space 44032K, 10% used [0x000000011b800000,0x000000011bca8748,0x000000011e300000)
 Metaspace       used 11006K, capacity 11404K, committed 11648K, reserved 1058816K
  class space    used 1477K, capacity 1603K, committed 1664K, reserved 1048576K
}
Event: 3.752 GC heap before
{Heap before GC invocations=13 (full 0):
 PSYoungGen      total 172544K, used 167520K [0x0000000146300000, 0x0000000151080000, 0x000000015b800000)
  eden space 167424K, 100% used [0x0000000146300000,0x0000000150680000,0x0000000150680000)
  from space 5120K, 1% used [0x0000000150b80000,0x0000000150b98000,0x0000000151080000)
  to   space 5120K, 0% used [0x0000000150680000,0x0000000150680000,0x0000000150b80000)
 ParOldGen       total 44032K, used 4769K [0x000000011b800000, 0x000000011e300000, 0x0000000146300000)
  object space 44032K, 10% used [0x000000011b800000,0x000000011bca8748,0x000000011e300000)
 Metaspace       used 11006K, capacity 11404K, committed 11648K, reserved 1058816K
  class space    used 1477K, capacity 1603K, committed 1664K, reserved 1048576K
Event: 3.754 GC heap after
Heap after GC invocations=13 (full 0):
 PSYoungGen      total 172544K, used 64K [0x0000000146300000, 0x0000000157300000, 0x000000015b800000)
  eden space 167424K, 0% used [0x0000000146300000,0x0000000146300000,0x0000000150680000)
  from space 5120K, 1% used [0x0000000150680000,0x0000000150690000,0x0000000150b80000)
  to   space 5120K, 0% used [0x0000000156e00000,0x0000000156e00000,0x0000000157300000)
 ParOldGen       total 44032K, used 4777K [0x000000011b800000, 0x000000011e300000, 0x0000000146300000)
  object space 44032K, 10% used [0x000000011b800000,0x000000011bcaa748,0x000000011e300000)
 Metaspace       used 11006K, capacity 11404K, committed 11648K, reserved 1058816K
  class space    used 1477K, capacity 1603K, committed 1664K, reserved 1048576K
}
Event: 3.814 GC heap before
{Heap before GC invocations=14 (full 0):
 PSYoungGen      total 172544K, used 167488K [0x0000000146300000, 0x0000000157300000, 0x000000015b800000)
  eden space 167424K, 100% used [0x0000000146300000,0x0000000150680000,0x0000000150680000)
  from space 5120K, 1% used [0x0000000150680000,0x0000000150690000,0x0000000150b80000)
  to   space 5120K, 0% used [0x0000000156e00000,0x0000000156e00000,0x0000000157300000)
 ParOldGen       total 44032K, used 4777K [0x000000011b800000, 0x000000011e300000, 0x0000000146300000)
  object space 44032K, 10% used [0x000000011b800000,0x000000011bcaa748,0x000000011e300000)
 Metaspace       used 11006K, capacity 11404K, committed 11648K, reserved 1058816K
  class space    used 1477K, capacity 1603K, committed 1664K, reserved 1048576K
Event: 3.815 GC heap after
Heap after GC invocations=14 (full 0):
 PSYoungGen      total 272384K, used 128K [0x0000000146300000, 0x0000000157200000, 0x000000015b800000)
  eden space 268288K, 0% used [0x0000000146300000,0x0000000146300000,0x0000000156900000)
  from space 4096K, 3% used [0x0000000156e00000,0x0000000156e20000,0x0000000157200000)
  to   space 4608K, 0% used [0x0000000156900000,0x0000000156900000,0x0000000156d80000)
 ParOldGen       total 44032K, used 4777K [0x000000011b800000, 0x000000011e300000, 0x0000000146300000)
  object space 44032K, 10% used [0x000000011b800000,0x000000011bcaa748,0x000000011e300000)
 Metaspace       used 11006K, capacity 11404K, committed 11648K, reserved 1058816K
  class space    used 1477K, capacity 1603K, committed 1664K, reserved 1048576K
}
Event: 3.834 GC heap before
{Heap before GC invocations=15 (full 0):
 PSYoungGen      total 272384K, used 268416K [0x0000000146300000, 0x0000000157200000, 0x000000015b800000)
  eden space 268288K, 100% used [0x0000000146300000,0x0000000156900000,0x0000000156900000)
  from space 4096K, 3% used [0x0000000156e00000,0x0000000156e20000,0x0000000157200000)
  to   space 4608K, 0% used [0x0000000156900000,0x0000000156900000,0x0000000156d80000)
 ParOldGen       total 44032K, used 4777K [0x000000011b800000, 0x000000011e300000, 0x0000000146300000)
  object space 44032K, 10% used [0x000000011b800000,0x000000011bcaa748,0x000000011e300000)
 Metaspace       used 11014K, capacity 11412K, committed 11648K, reserved 1058816K
  class space    used 1477K, capacity 1603K, committed 1664K, reserved 1048576K
Event: 3.835 GC heap after
Heap after GC invocations=15 (full 0):
 PSYoungGen      total 272896K, used 96K [0x0000000146300000, 0x000000015b800000, 0x000000015b800000)
  eden space 268288K, 0% used [0x0000000146300000,0x0000000146300000,0x0000000156900000)
  from space 4608K, 2% used [0x0000000156900000,0x0000000156918000,0x0000000156d80000)
  to   space 4608K, 0% used [0x000000015b380000,0x000000015b380000,0x000000015b800000)
 ParOldGen       total 44032K, used 4793K [0x000000011b800000, 0x000000011e300000, 0x0000000146300000)
  object space 44032K, 10% used [0x000000011b800000,0x000000011bcae748,0x000000011e300000)
 Metaspace       used 11014K, capacity 11412K, committed 11648K, reserved 1058816K
  class space    used 1477K, capacity 1603K, committed 1664K, reserved 1048576K
}
Event: 3.897 GC heap before
{Heap before GC invocations=16 (full 0):
 PSYoungGen      total 272896K, used 268384K [0x0000000146300000, 0x000000015b800000, 0x000000015b800000)
  eden space 268288K, 100% used [0x0000000146300000,0x0000000156900000,0x0000000156900000)
  from space 4608K, 2% used [0x0000000156900000,0x0000000156918000,0x0000000156d80000)
  to   space 4608K, 0% used [0x000000015b380000,0x000000015b380000,0x000000015b800000)
 ParOldGen       total 44032K, used 4793K [0x000000011b800000, 0x000000011e300000, 0x0000000146300000)
  object space 44032K, 10% used [0x000000011b800000,0x000000011bcae748,0x000000011e300000)
 Metaspace       used 11014K, capacity 11412K, committed 11648K, reserved 1058816K
  class space    used 1477K, capacity 1603K, committed 1664K, reserved 1048576K
Event: 3.898 GC heap after
Heap after GC invocations=16 (full 0):
 PSYoungGen      total 344576K, used 96K [0x0000000146300000, 0x000000015b800000, 0x000000015b800000)
  eden space 339968K, 0% used [0x0000000146300000,0x0000000146300000,0x000000015af00000)
  from space 4608K, 2% used [0x000000015b380000,0x000000015b398000,0x000000015b800000)
  to   space 4608K, 0% used [0x000000015af00000,0x000000015af00000,0x000000015b380000)
 ParOldGen       total 44032K, used 4817K [0x000000011b800000, 0x000000011e300000, 0x0000000146300000)
  object space 44032K, 10% used [0x000000011b800000,0x000000011bcb4748,0x000000011e300000)
 Metaspace       used 11014K, capacity 11412K, committed 11648K, reserved 1058816K
  class space    used 1477K, capacity 1603K, committed 1664K, reserved 1048576K
}

Deoptimization events (1 events):
Event: 4.954 Thread 0x00007ff4ca0c1000 Uncommon trap: reason=class_check action=maybe_recompile pc=0x000000010c331188 method=java.util.HashMap.getNode(ILjava/lang/Object;)Ljava/util/HashMap$Node; @ 126

Internal exceptions (10 events):
Event: 0.832 Thread 0x00007ff4ca0c1000 Exception <a 'java/security/PrivilegedActionException'> (0x0000000146ff11c0) thrown at [/Users/java_re/workspace/8-2-build-macosx-x86_64/jdk8u31/2394/hotspot/src/share/vm/prims/jvm.cpp, line 1312]
Event: 0.837 Thread 0x00007ff4ca0c1000 Exception <a 'java/security/PrivilegedActionException'> (0x0000000147016318) thrown at [/Users/java_re/workspace/8-2-build-macosx-x86_64/jdk8u31/2394/hotspot/src/share/vm/prims/jvm.cpp, line 1312]
Event: 1.508 Thread 0x00007ff4c9a66000 Exception <a 'java/lang/UnsatisfiedLinkError': com.sun.media.jfxmedia.logging.Logger.nativeSetNativeLevel(I)V> (0x00000001472e9ea0) thrown at [/Users/java_re/workspace/8-2-build-macosx-x86_64/jdk8u31/2394/hotspot/src/share/vm/prims/nativeLookup.cpp, line 
Event: 1.538 Thread 0x00007ff4ca0ea000 Exception <a 'java/security/PrivilegedActionException'> (0x000000014633d160) thrown at [/Users/java_re/workspace/8-2-build-macosx-x86_64/jdk8u31/2394/hotspot/src/share/vm/prims/jvm.cpp, line 1312]
Event: 1.538 Thread 0x00007ff4ca0ea000 Exception <a 'java/security/PrivilegedActionException'> (0x000000014633ea58) thrown at [/Users/java_re/workspace/8-2-build-macosx-x86_64/jdk8u31/2394/hotspot/src/share/vm/prims/jvm.cpp, line 1312]
Event: 1.538 Thread 0x00007ff4ca0ea000 Exception <a 'java/security/PrivilegedActionException'> (0x00000001463405a8) thrown at [/Users/java_re/workspace/8-2-build-macosx-x86_64/jdk8u31/2394/hotspot/src/share/vm/prims/jvm.cpp, line 1312]
Event: 5.215 Thread 0x00007ff4cb003800 Exception <a 'java/security/PrivilegedActionException'> (0x0000000156f97ed8) thrown at [/Users/java_re/workspace/8-2-build-macosx-x86_64/jdk8u31/2394/hotspot/src/share/vm/prims/jvm.cpp, line 1312]
Event: 5.216 Thread 0x00007ff4cb003800 Exception <a 'java/security/PrivilegedActionException'> (0x0000000156f9b828) thrown at [/Users/java_re/workspace/8-2-build-macosx-x86_64/jdk8u31/2394/hotspot/src/share/vm/prims/jvm.cpp, line 1312]
Event: 5.216 Thread 0x00007ff4cb003800 Exception <a 'java/security/PrivilegedActionException'> (0x0000000156f9e118) thrown at [/Users/java_re/workspace/8-2-build-macosx-x86_64/jdk8u31/2394/hotspot/src/share/vm/prims/jvm.cpp, line 1312]
Event: 5.217 Thread 0x00007ff4cb003800 Exception <a 'java/security/PrivilegedActionException'> (0x0000000156fa6208) thrown at [/Users/java_re/workspace/8-2-build-macosx-x86_64/jdk8u31/2394/hotspot/src/share/vm/prims/jvm.cpp, line 1312]

Events (10 events):
Event: 5.222 loading class java/util/ListResourceBundle done
Event: 5.222 loading class sun/awt/resources/awt done
Event: 5.222 loading class java/awt/Toolkit$3
Event: 5.222 loading class java/awt/Toolkit$3 done
Event: 5.227 loading class sun/misc/ThreadGroupUtils
Event: 5.227 loading class sun/misc/ThreadGroupUtils done
Event: 5.227 loading class java/awt/GraphicsEnvironment
Event: 5.227 loading class java/awt/GraphicsEnvironment done
Event: 5.227 loading class java/awt/GraphicsEnvironment$1
Event: 5.227 loading class java/awt/GraphicsEnvironment$1 done


Dynamic libraries:
0x0000000004d91000 	/System/Library/Frameworks/Cocoa.framework/Versions/A/Cocoa
0x0000000004d91000 	/System/Library/Frameworks/Security.framework/Versions/A/Security
0x0000000004d91000 	/System/Library/Frameworks/ApplicationServices.framework/Versions/A/ApplicationServices
0x0000000004d91000 	/usr/lib/libz.1.dylib
0x0000000004d91000 	/usr/lib/libSystem.B.dylib
0x0000000004d91000 	/usr/lib/libobjc.A.dylib
0x0000000004d91000 	/System/Library/Frameworks/CoreFoundation.framework/Versions/A/CoreFoundation
0x0000000004d91000 	/System/Library/Frameworks/Foundation.framework/Versions/C/Foundation
0x0000000004d91000 	/System/Library/Frameworks/AppKit.framework/Versions/C/AppKit
0x0000000004d91000 	/System/Library/Frameworks/CoreData.framework/Versions/A/CoreData
0x0000000004d91000 	/System/Library/PrivateFrameworks/RemoteViewServices.framework/Versions/A/RemoteViewServices
0x0000000004d91000 	/System/Library/PrivateFrameworks/UIFoundation.framework/Versions/A/UIFoundation
0x0000000004d91000 	/System/Library/Frameworks/IOSurface.framework/Versions/A/IOSurface
0x0000000004d91000 	/System/Library/Frameworks/AudioToolbox.framework/Versions/A/AudioToolbox
0x0000000004d91000 	/System/Library/Frameworks/AudioUnit.framework/Versions/A/AudioUnit
0x0000000004d91000 	/System/Library/PrivateFrameworks/DataDetectorsCore.framework/Versions/A/DataDetectorsCore
0x0000000004d91000 	/System/Library/PrivateFrameworks/DesktopServicesPriv.framework/Versions/A/DesktopServicesPriv
0x0000000004d91000 	/System/Library/Frameworks/Carbon.framework/Versions/A/Frameworks/HIToolbox.framework/Versions/A/HIToolbox
0x0000000004d91000 	/System/Library/Frameworks/QuartzCore.framework/Versions/A/QuartzCore
0x0000000004d91000 	/System/Library/Frameworks/Carbon.framework/Versions/A/Frameworks/SpeechRecognition.framework/Versions/A/SpeechRecognition
0x0000000004d91000 	/usr/lib/libauto.dylib
0x0000000004d91000 	/usr/lib/libicucore.A.dylib
0x0000000004d91000 	/usr/lib/libxml2.2.dylib
0x0000000004d91000 	/System/Library/PrivateFrameworks/CoreUI.framework/Versions/A/CoreUI
0x0000000004d91000 	/System/Library/Frameworks/CoreAudio.framework/Versions/A/CoreAudio
0x0000000004d91000 	/System/Library/Frameworks/DiskArbitration.framework/Versions/A/DiskArbitration
0x0000000004d91000 	/usr/lib/liblangid.dylib
0x0000000004d91000 	/System/Library/PrivateFrameworks/MultitouchSupport.framework/Versions/A/MultitouchSupport
0x0000000004d91000 	/System/Library/Frameworks/IOKit.framework/Versions/A/IOKit
0x0000000004d91000 	/usr/lib/libDiagnosticMessagesClient.dylib
0x0000000004d91000 	/System/Library/Frameworks/CoreServices.framework/Versions/A/CoreServices
0x0000000004d91000 	/System/Library/PrivateFrameworks/PerformanceAnalysis.framework/Versions/A/PerformanceAnalysis
0x0000000004d91000 	/System/Library/PrivateFrameworks/GenerationalStorage.framework/Versions/A/GenerationalStorage
0x0000000004d91000 	/System/Library/Frameworks/OpenGL.framework/Versions/A/OpenGL
0x0000000004d91000 	/System/Library/PrivateFrameworks/Sharing.framework/Versions/A/Sharing
0x0000000004d91000 	/System/Library/Frameworks/CoreGraphics.framework/Versions/A/CoreGraphics
0x0000000004d91000 	/System/Library/Frameworks/CoreText.framework/Versions/A/CoreText
0x0000000004d91000 	/System/Library/Frameworks/ImageIO.framework/Versions/A/ImageIO
0x0000000004d91000 	/usr/lib/libextension.dylib
0x0000000004d91000 	/System/Library/PrivateFrameworks/Backup.framework/Versions/A/Backup
0x0000000004d91000 	/usr/lib/libarchive.2.dylib
0x0000000004d91000 	/System/Library/Frameworks/CFNetwork.framework/Versions/A/CFNetwork
0x0000000004d91000 	/System/Library/Frameworks/SystemConfiguration.framework/Versions/A/SystemConfiguration
0x0000000004d91000 	/usr/lib/libCRFSuite.dylib
0x0000000004d91000 	/usr/lib/libc++.1.dylib
0x0000000004d91000 	/usr/lib/libc++abi.dylib
0x0000000004d91000 	/usr/lib/system/libcache.dylib
0x0000000004d91000 	/usr/lib/system/libcommonCrypto.dylib
0x0000000004d91000 	/usr/lib/system/libcompiler_rt.dylib
0x0000000004d91000 	/usr/lib/system/libcopyfile.dylib
0x0000000004d91000 	/usr/lib/system/libcorecrypto.dylib
0x0000000004d91000 	/usr/lib/system/libdispatch.dylib
0x0000000004d91000 	/usr/lib/system/libdyld.dylib
0x0000000004d91000 	/usr/lib/system/libkeymgr.dylib
0x0000000004d91000 	/usr/lib/system/liblaunch.dylib
0x0000000004d91000 	/usr/lib/system/libmacho.dylib
0x0000000004d91000 	/usr/lib/system/libquarantine.dylib
0x0000000004d91000 	/usr/lib/system/libremovefile.dylib
0x0000000004d91000 	/usr/lib/system/libsystem_asl.dylib
0x0000000004d91000 	/usr/lib/system/libsystem_blocks.dylib
0x0000000004d91000 	/usr/lib/system/libsystem_c.dylib
0x0000000004d91000 	/usr/lib/system/libsystem_configuration.dylib
0x0000000004d91000 	/usr/lib/system/libsystem_coreservices.dylib
0x0000000004d91000 	/usr/lib/system/libsystem_coretls.dylib
0x0000000004d91000 	/usr/lib/system/libsystem_dnssd.dylib
0x0000000004d91000 	/usr/lib/system/libsystem_info.dylib
0x0000000004d91000 	/usr/lib/system/libsystem_kernel.dylib
0x0000000004d91000 	/usr/lib/system/libsystem_m.dylib
0x0000000004d91000 	/usr/lib/system/libsystem_malloc.dylib
0x0000000004d91000 	/usr/lib/system/libsystem_network.dylib
0x0000000004d91000 	/usr/lib/system/libsystem_networkextension.dylib
0x0000000004d91000 	/usr/lib/system/libsystem_notify.dylib
0x0000000004d91000 	/usr/lib/system/libsystem_platform.dylib
0x0000000004d91000 	/usr/lib/system/libsystem_pthread.dylib
0x0000000004d91000 	/usr/lib/system/libsystem_sandbox.dylib
0x0000000004d91000 	/usr/lib/system/libsystem_secinit.dylib
0x0000000004d91000 	/usr/lib/system/libsystem_stats.dylib
0x0000000004d91000 	/usr/lib/system/libsystem_trace.dylib
0x0000000004d91000 	/usr/lib/system/libunc.dylib
0x0000000004d91000 	/usr/lib/system/libunwind.dylib
0x0000000004d91000 	/usr/lib/system/libxpc.dylib
0x0000000004d91000 	/usr/lib/libbz2.1.0.dylib
0x0000000004d91000 	/usr/lib/liblzma.5.dylib
0x0000000004d91000 	/usr/lib/libbsm.0.dylib
0x0000000004d91000 	/usr/lib/libsqlite3.dylib
0x0000000004d91000 	/usr/lib/system/libkxld.dylib
0x0000000004d91000 	/usr/lib/libxar.1.dylib
0x0000000004d91000 	/usr/lib/libpam.2.dylib
0x0000000004d91000 	/usr/lib/libOpenScriptingUtil.dylib
0x0000000004d91000 	/System/Library/Frameworks/CoreServices.framework/Versions/A/Frameworks/FSEvents.framework/Versions/A/FSEvents
0x0000000004d91000 	/System/Library/Frameworks/CoreServices.framework/Versions/A/Frameworks/CarbonCore.framework/Versions/A/CarbonCore
0x0000000004d91000 	/System/Library/Frameworks/CoreServices.framework/Versions/A/Frameworks/Metadata.framework/Versions/A/Metadata
0x0000000004d91000 	/System/Library/Frameworks/CoreServices.framework/Versions/A/Frameworks/OSServices.framework/Versions/A/OSServices
0x0000000004d91000 	/System/Library/Frameworks/CoreServices.framework/Versions/A/Frameworks/SearchKit.framework/Versions/A/SearchKit
0x0000000004d91000 	/System/Library/Frameworks/CoreServices.framework/Versions/A/Frameworks/AE.framework/Versions/A/AE
0x0000000004d91000 	/System/Library/Frameworks/CoreServices.framework/Versions/A/Frameworks/LaunchServices.framework/Versions/A/LaunchServices
0x0000000004d91000 	/System/Library/Frameworks/CoreServices.framework/Versions/A/Frameworks/DictionaryServices.framework/Versions/A/DictionaryServices
0x0000000004d91000 	/System/Library/Frameworks/NetFS.framework/Versions/A/NetFS
0x0000000004d91000 	/System/Library/PrivateFrameworks/NetAuth.framework/Versions/A/NetAuth
0x0000000004d91000 	/System/Library/PrivateFrameworks/login.framework/Versions/A/Frameworks/loginsupport.framework/Versions/A/loginsupport
0x0000000004d91000 	/System/Library/PrivateFrameworks/TCC.framework/Versions/A/TCC
0x0000000004d91000 	/usr/lib/libmecabra.dylib
0x0000000004d91000 	/System/Library/Frameworks/ApplicationServices.framework/Versions/A/Frameworks/ATS.framework/Versions/A/ATS
0x0000000004d91000 	/System/Library/Frameworks/ApplicationServices.framework/Versions/A/Frameworks/ColorSync.framework/Versions/A/ColorSync
0x0000000004d91000 	/System/Library/Frameworks/ApplicationServices.framework/Versions/A/Frameworks/HIServices.framework/Versions/A/HIServices
0x0000000004d91000 	/System/Library/Frameworks/ApplicationServices.framework/Versions/A/Frameworks/LangAnalysis.framework/Versions/A/LangAnalysis
0x0000000004d91000 	/System/Library/Frameworks/ApplicationServices.framework/Versions/A/Frameworks/PrintCore.framework/Versions/A/PrintCore
0x0000000004d91000 	/System/Library/Frameworks/ApplicationServices.framework/Versions/A/Frameworks/QD.framework/Versions/A/QD
0x0000000004d91000 	/System/Library/Frameworks/ApplicationServices.framework/Versions/A/Frameworks/SpeechSynthesis.framework/Versions/A/SpeechSynthesis
0x0000000004d91000 	/System/Library/Frameworks/Accelerate.framework/Versions/A/Accelerate
0x0000000004d91000 	/System/Library/Frameworks/Accelerate.framework/Versions/A/Frameworks/vImage.framework/Versions/A/vImage
0x0000000004d91000 	/System/Library/Frameworks/Accelerate.framework/Versions/A/Frameworks/vecLib.framework/Versions/A/vecLib
0x0000000004d91000 	/System/Library/Frameworks/Accelerate.framework/Versions/A/Frameworks/vecLib.framework/Versions/A/libvDSP.dylib
0x0000000004d91000 	/System/Library/Frameworks/Accelerate.framework/Versions/A/Frameworks/vecLib.framework/Versions/A/libvMisc.dylib
0x0000000004d91000 	/System/Library/Frameworks/Accelerate.framework/Versions/A/Frameworks/vecLib.framework/Versions/A/libLAPACK.dylib
0x0000000004d91000 	/System/Library/Frameworks/Accelerate.framework/Versions/A/Frameworks/vecLib.framework/Versions/A/libBLAS.dylib
0x0000000004d91000 	/System/Library/Frameworks/Accelerate.framework/Versions/A/Frameworks/vecLib.framework/Versions/A/libLinearAlgebra.dylib
0x0000000004d91000 	/System/Library/Frameworks/ApplicationServices.framework/Versions/A/Frameworks/ATS.framework/Versions/A/Resources/libFontParser.dylib
0x0000000004d91000 	/System/Library/Frameworks/ApplicationServices.framework/Versions/A/Frameworks/ATS.framework/Versions/A/Resources/libFontRegistry.dylib
0x0000000004d91000 	/System/Library/PrivateFrameworks/AppleVPA.framework/Versions/A/AppleVPA
0x0000000004d91000 	/System/Library/PrivateFrameworks/AppleJPEG.framework/Versions/A/AppleJPEG
0x0000000004d91000 	/System/Library/Frameworks/ImageIO.framework/Versions/A/Resources/libJPEG.dylib
0x0000000004d91000 	/System/Library/Frameworks/ImageIO.framework/Versions/A/Resources/libTIFF.dylib
0x0000000004d91000 	/System/Library/Frameworks/ImageIO.framework/Versions/A/Resources/libPng.dylib
0x0000000004d91000 	/System/Library/Frameworks/ImageIO.framework/Versions/A/Resources/libGIF.dylib
0x0000000004d91000 	/System/Library/Frameworks/ImageIO.framework/Versions/A/Resources/libJP2.dylib
0x0000000004d91000 	/System/Library/Frameworks/ImageIO.framework/Versions/A/Resources/libRadiance.dylib
0x0000000004d91000 	/System/Library/Frameworks/CoreVideo.framework/Versions/A/CoreVideo
0x0000000004d91000 	/System/Library/Frameworks/OpenGL.framework/Versions/A/Libraries/libGLU.dylib
0x0000000004d91000 	/System/Library/Frameworks/OpenGL.framework/Versions/A/Libraries/libGFXShared.dylib
0x0000000004d91000 	/System/Library/Frameworks/OpenGL.framework/Versions/A/Libraries/libGL.dylib
0x0000000004d91000 	/System/Library/Frameworks/OpenGL.framework/Versions/A/Libraries/libGLImage.dylib
0x0000000004d91000 	/System/Library/Frameworks/OpenGL.framework/Versions/A/Libraries/libCVMSPluginSupport.dylib
0x0000000004d91000 	/System/Library/Frameworks/OpenGL.framework/Versions/A/Libraries/libCoreVMClient.dylib
0x0000000004d91000 	/usr/lib/libcups.2.dylib
0x0000000004d91000 	/System/Library/Frameworks/Kerberos.framework/Versions/A/Kerberos
0x0000000004d91000 	/System/Library/Frameworks/GSS.framework/Versions/A/GSS
0x0000000004d91000 	/usr/lib/libresolv.9.dylib
0x0000000004d91000 	/usr/lib/libiconv.2.dylib
0x0000000004d91000 	/System/Library/PrivateFrameworks/Heimdal.framework/Versions/A/Heimdal
0x0000000004d91000 	/usr/lib/libheimdal-asn1.dylib
0x0000000004d91000 	/System/Library/Frameworks/OpenDirectory.framework/Versions/A/OpenDirectory
0x0000000004d91000 	/System/Library/PrivateFrameworks/CommonAuth.framework/Versions/A/CommonAuth
0x0000000004d91000 	/System/Library/Frameworks/OpenDirectory.framework/Versions/A/Frameworks/CFOpenDirectory.framework/Versions/A/CFOpenDirectory
0x0000000004d91000 	/System/Library/Frameworks/SecurityFoundation.framework/Versions/A/SecurityFoundation
0x0000000004d91000 	/System/Library/PrivateFrameworks/LanguageModeling.framework/Versions/A/LanguageModeling
0x0000000004d91000 	/usr/lib/libcmph.dylib
0x0000000004d91000 	/System/Library/Frameworks/ServiceManagement.framework/Versions/A/ServiceManagement
0x0000000004d91000 	/usr/lib/libxslt.1.dylib
0x0000000004d91000 	/System/Library/Frameworks/Carbon.framework/Versions/A/Frameworks/Ink.framework/Versions/A/Ink
0x0000000004d91000 	/System/Library/Frameworks/QuartzCore.framework/Versions/A/Frameworks/CoreImage.framework/Versions/A/CoreImage
0x0000000004d91000 	/System/Library/PrivateFrameworks/CrashReporterSupport.framework/Versions/A/CrashReporterSupport
0x0000000004d91000 	/System/Library/Frameworks/OpenCL.framework/Versions/A/OpenCL
0x0000000004d91000 	/System/Library/PrivateFrameworks/FaceCore.framework/Versions/A/FaceCore
0x0000000004d91000 	/System/Library/PrivateFrameworks/Ubiquity.framework/Versions/A/Ubiquity
0x0000000004d91000 	/System/Library/PrivateFrameworks/IconServices.framework/Versions/A/IconServices
0x0000000004d91000 	/System/Library/PrivateFrameworks/ChunkingLibrary.framework/Versions/A/ChunkingLibrary
0x0000000004d91000 	/System/Library/PrivateFrameworks/Apple80211.framework/Versions/A/Apple80211
0x0000000004d91000 	/System/Library/Frameworks/CoreWLAN.framework/Versions/A/CoreWLAN
0x0000000004d91000 	/System/Library/Frameworks/IOBluetooth.framework/Versions/A/IOBluetooth
0x0000000004d91000 	/System/Library/PrivateFrameworks/CoreWiFi.framework/Versions/A/CoreWiFi
0x0000000004d91000 	/System/Library/Frameworks/CoreBluetooth.framework/Versions/A/CoreBluetooth
0x0000000004d91000 	/System/Library/PrivateFrameworks/DebugSymbols.framework/Versions/A/DebugSymbols
0x0000000004d91000 	/System/Library/PrivateFrameworks/CoreSymbolication.framework/Versions/A/CoreSymbolication
0x0000000004d91000 	/System/Library/PrivateFrameworks/Symbolication.framework/Versions/A/Symbolication
0x0000000004d91000 	/System/Library/PrivateFrameworks/SpeechRecognitionCore.framework/Versions/A/SpeechRecognitionCore
0x000000010b000000 	/Library/Java/JavaVirtualMachines/jdk1.8.0_31.jdk/Contents/Home/jre/lib/server/libjvm.dylib
0x0000000004d91000 	/usr/lib/libstdc++.6.dylib
0x000000010a7f2000 	/Library/Java/JavaVirtualMachines/jdk1.8.0_31.jdk/Contents/Home/jre/lib/libverify.dylib
0x000000010c022000 	/Library/Java/JavaVirtualMachines/jdk1.8.0_31.jdk/Contents/Home/jre/lib/libjava.dylib
0x000000010c060000 	/Library/Java/JavaVirtualMachines/jdk1.8.0_31.jdk/Contents/Home/jre/lib/libzip.dylib
0x000000019fd7a000 	/System/Library/Frameworks/JavaVM.framework/Frameworks/JavaRuntimeSupport.framework/JavaRuntimeSupport
0x000000019fd92000 	/System/Library/Frameworks/JavaVM.framework/Versions/A/Frameworks/JavaNativeFoundation.framework/Versions/A/JavaNativeFoundation
0x000000019fda7000 	/System/Library/Frameworks/JavaVM.framework/Versions/A/JavaVM
0x0000000004d91000 	/System/Library/Frameworks/Carbon.framework/Versions/A/Carbon
0x000000019fdb4000 	/System/Library/PrivateFrameworks/JavaLaunching.framework/Versions/A/JavaLaunching
0x0000000004d91000 	/System/Library/Frameworks/Carbon.framework/Versions/A/Frameworks/CommonPanels.framework/Versions/A/CommonPanels
0x0000000004d91000 	/System/Library/Frameworks/Carbon.framework/Versions/A/Frameworks/Help.framework/Versions/A/Help
0x0000000004d91000 	/System/Library/Frameworks/Carbon.framework/Versions/A/Frameworks/ImageCapture.framework/Versions/A/ImageCapture
0x0000000004d91000 	/System/Library/Frameworks/Carbon.framework/Versions/A/Frameworks/OpenScripting.framework/Versions/A/OpenScripting
0x0000000004d91000 	/System/Library/Frameworks/Carbon.framework/Versions/A/Frameworks/Print.framework/Versions/A/Print
0x0000000004d91000 	/System/Library/Frameworks/Carbon.framework/Versions/A/Frameworks/SecurityHI.framework/Versions/A/SecurityHI
0x00000001a1f78000 	/Library/Java/JavaVirtualMachines/jdk1.8.0_31.jdk/Contents/Home/jre/lib/libprism_es2.dylib
0x0000000004d91000 	/System/Library/Frameworks/OpenGL.framework/Versions/A/Resources/GLEngine.bundle/GLEngine
0x0000000004d91000 	/System/Library/Frameworks/OpenGL.framework/Versions/A/Libraries/libGLProgrammability.dylib
0x0000000000000000 	/System/Library/Extensions/AppleIntelHDGraphicsGLDriver.bundle/Contents/MacOS/AppleIntelHDGraphicsGLDriver
0x00000001a1ff9000 	/System/Library/PrivateFrameworks/GPUSupport.framework/Versions/A/Libraries/libGPUSupport.dylib
0x0000000000000000 	/System/Library/Extensions/GeForceTeslaGLDriver.bundle/Contents/MacOS/GeForceTeslaGLDriver
0x00000001a200d000 	/System/Library/Extensions/GeForceTeslaGLDriver.bundle/Contents/MacOS/libclh.dylib
0x0000000004d91000 	/System/Library/Frameworks/OpenGL.framework/Versions/A/Resources/GLRendererFloat.bundle/GLRendererFloat
0x0000000004d91000 	/System/Library/Frameworks/OpenCL.framework/Versions/A/Libraries/libcldcpuengine.dylib
0x0000000004d91000 	/System/Library/PrivateFrameworks/DiskImages.framework/Versions/A/DiskImages
0x0000000004d91000 	/System/Library/Frameworks/DiscRecording.framework/Versions/A/DiscRecording
0x0000000004d91000 	/usr/lib/libcsfde.dylib
0x0000000004d91000 	/usr/lib/libcurl.4.dylib
0x0000000004d91000 	/System/Library/PrivateFrameworks/MediaKit.framework/Versions/A/MediaKit
0x0000000004d91000 	/System/Library/PrivateFrameworks/ProtectedCloudStorage.framework/Versions/A/ProtectedCloudStorage
0x0000000004d91000 	/usr/lib/libCoreStorage.dylib
0x0000000004d91000 	/System/Library/PrivateFrameworks/EFILogin.framework/Versions/A/EFILogin
0x0000000004d91000 	/usr/lib/libutil.dylib
0x0000000004d91000 	/System/Library/PrivateFrameworks/FindMyDevice.framework/Versions/A/FindMyDevice
0x0000000004d91000 	/System/Library/Frameworks/LDAP.framework/Versions/A/LDAP
0x0000000004d91000 	/usr/lib/libsasl2.2.dylib
0x0000000004d91000 	/System/Library/PrivateFrameworks/CoreDaemon.framework/Versions/B/CoreDaemon
0x0000000004d91000 	/usr/lib/libcrypto.0.9.8.dylib
0x0000000004d91000 	/System/Library/PrivateFrameworks/AppleSRP.framework/Versions/A/AppleSRP
0x0000000004d91000 	/System/Library/PrivateFrameworks/TrustEvaluationAgent.framework/Versions/A/TrustEvaluationAgent
0x00000001a290d000 	/Library/Java/JavaVirtualMachines/jdk1.8.0_31.jdk/Contents/Home/jre/lib/libglass.dylib
0x0000000004d91000 	/System/Library/PrivateFrameworks/CoreServicesInternal.framework/Versions/A/CoreServicesInternal
0x0000000004d91000 	/System/Library/PrivateFrameworks/CloudDocs.framework/Versions/A/CloudDocs
0x0000000004d91000 	/System/Library/PrivateFrameworks/CoreDuet.framework/Versions/A/CoreDuet
0x0000000004d91000 	/System/Library/Frameworks/CloudKit.framework/Versions/A/CloudKit
0x0000000004d91000 	/System/Library/PrivateFrameworks/ProtocolBuffer.framework/Versions/A/ProtocolBuffer
0x0000000004d91000 	/System/Library/PrivateFrameworks/CoreDuetDaemonProtocol.framework/Versions/A/CoreDuetDaemonProtocol
0x0000000004d91000 	/System/Library/PrivateFrameworks/CoreDuetDebugLogging.framework/Versions/A/CoreDuetDebugLogging
0x0000000004d91000 	/System/Library/PrivateFrameworks/MMCS.framework/Versions/A/MMCS
0x0000000004d91000 	/System/Library/Frameworks/CoreLocation.framework/Versions/A/CoreLocation
0x0000000004d91000 	/System/Library/PrivateFrameworks/GeoServices.framework/Versions/A/GeoServices
0x0000000004d91000 	/System/Library/Frameworks/CoreGraphics.framework/Versions/A/Resources/libCGCMS.A.dylib
0x0000000004d91000 	/System/Library/CoreServices/RawCamera.bundle/Contents/MacOS/RawCamera
0x0000000004d91000 	/System/Library/Frameworks/CoreGraphics.framework/Versions/A/Resources/libRIP.A.dylib
0x0000000004d91000 	/System/Library/PrivateFrameworks/FamilyControls.framework/Versions/A/FamilyControls
0x0000000004d91000 	/System/Library/PrivateFrameworks/CommerceKit.framework/Versions/A/Frameworks/CommerceCore.framework/Versions/A/CommerceCore
0x0000000004d91000 	/System/Library/PrivateFrameworks/SystemAdministration.framework/Versions/A/SystemAdministration
0x0000000004d91000 	/System/Library/PrivateFrameworks/AppContainer.framework/Versions/A/AppContainer
0x0000000004d91000 	/System/Library/PrivateFrameworks/SecCodeWrapper.framework/Versions/A/SecCodeWrapper
0x0000000004d91000 	/System/Library/Frameworks/DirectoryService.framework/Versions/A/DirectoryService
0x0000000004d91000 	/System/Library/PrivateFrameworks/LoginUIKit.framework/Versions/A/Frameworks/LoginUICore.framework/Versions/A/LoginUICore
0x0000000004d91000 	/usr/lib/libodfde.dylib
0x00000001a3fb9000 	/Library/Java/JavaVirtualMachines/jdk1.8.0_31.jdk/Contents/Home/jre/lib/libjavafx_font.dylib
0x0000000004d91000 	/System/Library/Frameworks/CoreGraphics.framework/Versions/A/Resources/libCGXType.A.dylib
0x00000001a5f66000 	/Library/Java/JavaVirtualMachines/jdk1.8.0_31.jdk/Contents/Home/jre/lib/libnet.dylib
0x00000001a720e000 	cl_kernels
0x00000001a79c5000 	/System/Library/Frameworks/OpenCL.framework/Versions/A/Libraries/ImageFormats/unorm8_bgra.dylib
0x00000001a7213000 	cl_kernels
0x00000001a7c97000 	/Library/Java/JavaVirtualMachines/jdk1.8.0_31.jdk/Contents/Home/jre/lib/libglib-lite.dylib
0x00000001a7dbd000 	/Library/Java/JavaVirtualMachines/jdk1.8.0_31.jdk/Contents/Home/jre/lib/libgstreamer-lite.dylib
0x00000001a7577000 	/Library/Java/JavaVirtualMachines/jdk1.8.0_31.jdk/Contents/Home/jre/lib/libjfxmedia.dylib
0x0000000004d91000 	/System/Library/Frameworks/QTKit.framework/Versions/A/QTKit
0x0000000004d91000 	/System/Library/Frameworks/AVFoundation.framework/Versions/A/AVFoundation
0x0000000004d91000 	/System/Library/Frameworks/CoreMedia.framework/Versions/A/CoreMedia
0x0000000004d91000 	/System/Library/Frameworks/MediaToolbox.framework/Versions/A/MediaToolbox
0x0000000004d91000 	/System/Library/Frameworks/VideoToolbox.framework/Versions/A/VideoToolbox
0x0000000004d91000 	/System/Library/PrivateFrameworks/CoreMediaAuthoring.framework/Versions/A/CoreMediaAuthoring
0x0000000004d91000 	/System/Library/Frameworks/CoreMediaIO.framework/Versions/A/CoreMediaIO
0x0000000004d91000 	/System/Library/Frameworks/AVFoundation.framework/Versions/A/Resources/libAVFAudio.dylib
0x0000000004d91000 	/System/Library/PrivateFrameworks/MediaControlSender.framework/Versions/A/MediaControlSender
0x0000000004d91000 	/System/Library/PrivateFrameworks/CoreAVCHD.framework/Versions/A/CoreAVCHD
0x0000000004d91000 	/System/Library/Frameworks/MediaAccessibility.framework/Versions/A/MediaAccessibility
0x0000000004d91000 	/System/Library/PrivateFrameworks/Mangrove.framework/Versions/A/Mangrove
0x0000000004d91000 	/System/Library/PrivateFrameworks/CoreAUC.framework/Versions/A/CoreAUC
0x0000000004d91000 	/System/Library/PrivateFrameworks/NetworkStatistics.framework/Versions/A/NetworkStatistics
0x0000000004d91000 	/System/Library/PrivateFrameworks/AirPlaySupport.framework/Versions/A/AirPlaySupport
0x0000000004d91000 	/System/Library/PrivateFrameworks/CoreUtils.framework/Versions/A/CoreUtils
0x0000000004d91000 	/System/Library/PrivateFrameworks/AppleVA.framework/Versions/A/AppleVA
0x0000000004d91000 	/System/Library/PrivateFrameworks/XPCService.framework/Versions/A/XPCService
0x0000000004d91000 	/System/Library/PrivateFrameworks/AppSandbox.framework/Versions/A/AppSandbox
0x0000000004d91000 	/usr/lib/libsandbox.1.dylib
0x0000000004d91000 	/usr/lib/libMatch.1.dylib
0x00000001a7621000 	/Library/Java/JavaVirtualMachines/jdk1.8.0_31.jdk/Contents/Home/jre/lib/libfxplugins.dylib
0x00000001a764c000 	/System/Library/Frameworks/VideoDecodeAcceleration.framework/Versions/A/VideoDecodeAcceleration
0x00000001a8272000 	/System/Library/Extensions/AppleHDA.kext/Contents/PlugIns/AppleHDAHALPlugIn.bundle/Contents/MacOS/AppleHDAHALPlugIn
0x00000001a82a2000 	/System/Library/Components/CoreAudio.component/Contents/MacOS/CoreAudio
0x00000001a8681000 	/System/Library/Components/AudioCodecs.component/Contents/MacOS/AudioCodecs
0x00000001a1d72000 	/Library/Java/JavaVirtualMachines/jdk1.8.0_31.jdk/Contents/Home/jre/lib/libawt.dylib
0x00000001a1e21000 	/Library/Java/JavaVirtualMachines/jdk1.8.0_31.jdk/Contents/Home/jre/lib/./libmlib_image.dylib
0x00000001a7102000 	/Library/Java/JavaVirtualMachines/jdk1.8.0_31.jdk/Contents/Home/jre/lib/libawt_lwawt.dylib
0x00000001a1eed000 	/Library/Java/JavaVirtualMachines/jdk1.8.0_31.jdk/Contents/Home/jre/lib/./libosxapp.dylib
0x0000000004d91000 	/System/Library/Frameworks/ExceptionHandling.framework/Versions/A/ExceptionHandling

VM Arguments:
jvm_args: -Dfile.encoding=UTF-8 
java_command: Main
java_class_path (initial): /Users/asheu/NetBeansProjects/Pokemon/build/classes
Launcher Type: SUN_STANDARD

Environment Variables:
PATH=/usr/bin:/bin:/usr/sbin:/sbin
LD_LIBRARY_PATH=/Library/Java/JavaVirtualMachines/jdk1.8.0_31.jdk/Contents/Home/jre/lib/amd64:/Library/Java/JavaVirtualMachines/jdk1.8.0_31.jdk/Contents/Home/jre/lib/i386:
SHELL=/bin/bash
DYLD_LIBRARY_PATH=/Applications/NetBeans/NetBeans 8.0.2.app/Contents/Resources/NetBeans/webcommon/bin:

Signal Handlers:
SIGSEGV: [libjvm.dylib+0x57a0e7], sa_mask[0]=11111111011111110111111111111111, sa_flags=SA_ONSTACK|SA_RESTART|SA_SIGINFO
SIGBUS: [libjvm.dylib+0x57a0e7], sa_mask[0]=11111111011111110111111111111111, sa_flags=SA_RESTART|SA_SIGINFO
SIGFPE: [libjvm.dylib+0x45af24], sa_mask[0]=11111111011111110111111111111111, sa_flags=SA_RESTART|SA_SIGINFO
SIGPIPE: [libjvm.dylib+0x45af24], sa_mask[0]=11111111011111110111111111111111, sa_flags=SA_RESTART|SA_SIGINFO
SIGXFSZ: [libjvm.dylib+0x45af24], sa_mask[0]=11111111011111110111111111111111, sa_flags=SA_RESTART|SA_SIGINFO
SIGILL: [libjvm.dylib+0x45af24], sa_mask[0]=11111111011111110111111111111111, sa_flags=SA_RESTART|SA_SIGINFO
SIGUSR1: SIG_DFL, sa_mask[0]=00000000000000000000000000000000, sa_flags=none
SIGUSR2: [libjvm.dylib+0x45aa42], sa_mask[0]=00100000000000000000000000000000, sa_flags=SA_RESTART|SA_SIGINFO
SIGHUP: [AudioToolbox+0xf933a], sa_mask[0]=00000000000000000000000000000000, sa_flags=SA_RESTART
SIGINT: SIG_IGN, sa_mask[0]=00000000000000000000000000000000, sa_flags=none
SIGTERM: [libjvm.dylib+0x459015], sa_mask[0]=11111111011111110111111111111111, sa_flags=SA_RESTART|SA_SIGINFO
SIGQUIT: [libjvm.dylib+0x459015], sa_mask[0]=11111111011111110111111111111111, sa_flags=SA_RESTART|SA_SIGINFO


---------------  S Y S T E M  ---------------

OS:Bsduname:Darwin 14.3.0 Darwin Kernel Version 14.3.0: Mon Mar 23 11:59:05 PDT 2015; root:xnu-2782.20.48~5/RELEASE_X86_64 x86_64
rlimit: STACK 8192k, CORE 0k, NPROC 709, NOFILE 10240, AS infinity
load average:1.62 1.98 2.17

CPU:total 4 (2 cores per cpu, 2 threads per core) family 6 model 37 stepping 5, cmov, cx8, fxsr, mmx, sse, sse2, sse3, ssse3, sse4.1, sse4.2, popcnt, aes, clmul, ht, tsc, tscinvbit

Memory: 4k page, physical 4194304k(158588k free)

/proc/meminfo:


vm_info: Java HotSpot(TM) 64-Bit Server VM (25.31-b07) for bsd-amd64 JRE (1.8.0_31-b13), built on Dec 17 2014 20:45:36 by "java_re" with gcc 4.2.1 (Based on Apple Inc. build 5658) (LLVM build 2336.11.00)

time: Mon May 18 20:27:50 2015
elapsed time: 5 seconds (0d 0h 0m 5s)

