#
# A fatal error has been detected by the Java Runtime Environment:
#
#  SIGSEGV (0xb) at pc=0x00000001216f229d, pid=1830, tid=93443
#
# JRE version: Java(TM) SE Runtime Environment (8.0_31-b13) (build 1.8.0_31-b13)
# Java VM: Java HotSpot(TM) 64-Bit Server VM (25.31-b07 mixed mode bsd-amd64 compressed oops)
# Problematic frame:
# C  [libjfxmedia.dylib+0x929d]  _ZN7JavaVM_6GetEnvEPPvi+0x17
#
# Failed to write core dump. Core dumps have been disabled. To enable core dumping, try "ulimit -c unlimited" before starting Java again
#
# If you would like to submit a bug report, please visit:
#   http://bugreport.java.com/bugreport/crash.jsp
# The crash happened outside the Java Virtual Machine in native code.
# See problematic frame for where to report the bug.
#

---------------  T H R E A D  ---------------

Current thread (0x00007f90042a9000):  JavaThread "Thread-832" daemon [_thread_in_native, id=93443, stack(0x000000012761d000,0x000000012771d000)]

siginfo: si_signo: 11 (SIGSEGV), si_code: 0 (unknown), si_addr: 0x0000000000000000

Registers:
RAX=0x7000000000000072, RBX=0x0000000121838a50, RCX=0x7000000000000072, RDX=0x0000000000010004
RSP=0x000000012771c010, RBP=0x000000012771c030, RSI=0x000000012771c040, RDI=0x7000000000000072
R8 =0x0000000000000003, R9 =0x00007f9008900000, R10=0x0000000000000030, R11=0x00007f9008900000
R12=0x0000000000000000, R13=0x0000000121838a50, R14=0x000000012771c440, R15=0x00007f90042a9000
RIP=0x00000001216f229d, EFLAGS=0x0000000000010202, ERR=0x0000000000000000
  TRAPNO=0x000000000000000d

Top of Stack: (sp=0x000000012771c010)
0x000000012771c010:   00007f900655d730 0001000400001400
0x000000012771c020:   000000012771c040 7000000000000072
0x000000012771c030:   000000012771c070 00000001216f1cc7
0x000000012771c040:   0000000000000000 0000000000000010
0x000000012771c050:   000000002173443b 0000000104ae7000
0x000000012771c060:   000000012771c0e0 7000000000000072
0x000000012771c070:   000000012771c090 00000001216f1e63
0x000000012771c080:   7000000000000072 000000012771c0d8
0x000000012771c090:   000000012771c110 00000001216f2a86
0x000000012771c0a0:   0000000104ae7000 0000000000000010
0x000000012771c0b0:   000000012771c0e0 00007fff9125d877
0x000000012771c0c0:   0000000004b17000 0000000000000000
0x000000012771c0d0:   000000012771c0f8 0000000000000000
0x000000012771c0e0:   000000012771c100 00000001216ea8b9
0x000000012771c0f0:   0000000000000010 00000001217335aa
0x000000012771c100:   0000000103f6d470 00007f9003f6d470
0x000000012771c110:   000000012771c140 00000001216ea810
0x000000012771c120:   000000012771c140 00007f9003f6d470
0x000000012771c130:   00007f9003e032b0 00007f9008949230
0x000000012771c140:   000000012771c1e0 00000001216eaf37
0x000000012771c150:   00007f9003fdcf40 000000012771c180
0x000000012771c160:   0000000000000000 00007f9006551220
0x000000012771c170:   0000000003dd3380 00007f9003f82fa0
0x000000012771c180:   00007f9003e032b0 000000010570416e
0x000000012771c190:   00007f9003fdcf40 00007f9003fdcf40
0x000000012771c1a0:   00007f9008949230 00007f90042a9000
0x000000012771c1b0:   000000012771c1e0 00000001216f220c
0x000000012771c1c0:   000000012771c270 00007f9003fdcf40
0x000000012771c1d0:   00007f9003fbeea0 00007f9003f6d430
0x000000012771c1e0:   000000012771c300 0000000121711983
0x000000012771c1f0:   0000000000000000 0000000000000000
0x000000012771c200:   000000012771c270 00007f9006551220 

Instructions: (pc=0x00000001216f229d)
0x00000001216f227d:   8b 45 f4 48 83 c4 10 5d c3 55 48 89 e5 48 83 ec
0x00000001216f228d:   20 48 89 7d f8 48 89 75 f0 89 55 ec 48 8b 45 f8
0x00000001216f229d:   48 8b 00 48 8b 40 30 48 8b 4d f8 48 8b 55 f0 8b
0x00000001216f22ad:   75 ec 48 89 cf 89 75 e0 48 89 d6 8b 55 e0 ff d0 

Register to memory mapping:

RAX=0x7000000000000072 is an unknown value
RBX={method} {0x0000000121838a50} 'gstInitNativeMedia' '(Lcom/sun/media/jfxmedia/locator/Locator;Ljava/lang/String;J[J)I' in 'com/sun/media/jfxmediaimpl/platform/gstreamer/GSTMedia'
RCX=0x7000000000000072 is an unknown value
RDX=0x0000000000010004 is an unknown value
RSP=0x000000012771c010 is pointing into the stack for thread: 0x00007f90042a9000
RBP=0x000000012771c030 is pointing into the stack for thread: 0x00007f90042a9000
RSI=0x000000012771c040 is pointing into the stack for thread: 0x00007f90042a9000
RDI=0x7000000000000072 is an unknown value
R8 =0x0000000000000003 is an unknown value
R9 =0x00007f9008900000 is an unknown value
R10=0x0000000000000030 is an unknown value
R11=0x00007f9008900000 is an unknown value
R12=0x0000000000000000 is an unknown value
R13={method} {0x0000000121838a50} 'gstInitNativeMedia' '(Lcom/sun/media/jfxmedia/locator/Locator;Ljava/lang/String;J[J)I' in 'com/sun/media/jfxmediaimpl/platform/gstreamer/GSTMedia'
R14=0x000000012771c440 is pointing into the stack for thread: 0x00007f90042a9000
R15=0x00007f90042a9000 is a thread


Stack: [0x000000012761d000,0x000000012771d000],  sp=0x000000012771c010,  free space=1020k
Native frames: (J=compiled Java code, j=interpreted, Vv=VM code, C=native code)
C  [libjfxmedia.dylib+0x929d]  _ZN7JavaVM_6GetEnvEPPvi+0x17
C  [libjfxmedia.dylib+0x8cc7]  _Z18GetJavaEnvironmentP7JavaVM_Rh+0x37
C  [libjfxmedia.dylib+0x8e63]  _ZN16CJavaEnvironmentC1EP7JavaVM_+0x4d
C  [libjfxmedia.dylib+0x9a86]  _ZN7CLogger6logMsgEiPKc+0x2c
C  [libjfxmedia.dylib+0x1810]  _ZN6CMediaC1EP9CPipeline+0x58
C  [libjfxmedia.dylib+0x1f37]  _ZN13CMediaManager12CreatePlayerEP8CLocatorP16CPipelineOptionsPP6CMedia+0x19b
C  [libjfxmedia.dylib+0x28983]  InitMedia+0x433
C  [libjfxmedia.dylib+0x28414]  Java_com_sun_media_jfxmediaimpl_platform_gstreamer_GSTMedia_gstInitNativeMedia+0x64
j  com.sun.media.jfxmediaimpl.platform.gstreamer.GSTMedia.gstInitNativeMedia(Lcom/sun/media/jfxmedia/locator/Locator;Ljava/lang/String;J[J)I+0
j  com.sun.media.jfxmediaimpl.platform.gstreamer.GSTMedia.init()V+20
j  com.sun.media.jfxmediaimpl.platform.gstreamer.GSTMedia.<init>(Lcom/sun/media/jfxmedia/locator/Locator;)V+17
j  com.sun.media.jfxmediaimpl.platform.gstreamer.GSTMediaPlayer.<init>(Lcom/sun/media/jfxmedia/locator/Locator;)V+6
j  com.sun.media.jfxmediaimpl.platform.gstreamer.GSTPlatform.prerollMediaPlayer(Lcom/sun/media/jfxmedia/locator/Locator;)Ljava/lang/Object;+5
j  com.sun.media.jfxmediaimpl.platform.PlatformManager.createMediaPlayer(Lcom/sun/media/jfxmedia/locator/Locator;)Lcom/sun/media/jfxmedia/MediaPlayer;+47
j  com.sun.media.jfxmediaimpl.NativeMediaManager.getPlayer(Lcom/sun/media/jfxmedia/locator/Locator;)Lcom/sun/media/jfxmedia/MediaPlayer;+7
j  com.sun.media.jfxmedia.MediaManager.getPlayer(Lcom/sun/media/jfxmedia/locator/Locator;)Lcom/sun/media/jfxmedia/MediaPlayer;+18
j  javafx.scene.media.MediaPlayer.init()V+34
j  javafx.scene.media.MediaPlayer.access$1000(Ljavafx/scene/media/MediaPlayer;)V+1
j  javafx.scene.media.MediaPlayer$InitMediaPlayer.run()V+4
j  java.lang.Thread.run()V+11
v  ~StubRoutines::call_stub
V  [libjvm.dylib+0x2d4442]
V  [libjvm.dylib+0x2d4bd0]
V  [libjvm.dylib+0x2d4d7c]
V  [libjvm.dylib+0x32576f]
V  [libjvm.dylib+0x5360cf]
V  [libjvm.dylib+0x53780c]
V  [libjvm.dylib+0x45d772]
C  [libsystem_pthread.dylib+0x3268]  _pthread_body+0x83
C  [libsystem_pthread.dylib+0x31e5]  _pthread_body+0x0
C  [libsystem_pthread.dylib+0x141d]  thread_start+0xd
C  0x0000000000000000

Java frames: (J=compiled Java code, j=interpreted, Vv=VM code)
j  com.sun.media.jfxmediaimpl.platform.gstreamer.GSTMedia.gstInitNativeMedia(Lcom/sun/media/jfxmedia/locator/Locator;Ljava/lang/String;J[J)I+0
j  com.sun.media.jfxmediaimpl.platform.gstreamer.GSTMedia.init()V+20
j  com.sun.media.jfxmediaimpl.platform.gstreamer.GSTMedia.<init>(Lcom/sun/media/jfxmedia/locator/Locator;)V+17
j  com.sun.media.jfxmediaimpl.platform.gstreamer.GSTMediaPlayer.<init>(Lcom/sun/media/jfxmedia/locator/Locator;)V+6
j  com.sun.media.jfxmediaimpl.platform.gstreamer.GSTPlatform.prerollMediaPlayer(Lcom/sun/media/jfxmedia/locator/Locator;)Ljava/lang/Object;+5
j  com.sun.media.jfxmediaimpl.platform.PlatformManager.createMediaPlayer(Lcom/sun/media/jfxmedia/locator/Locator;)Lcom/sun/media/jfxmedia/MediaPlayer;+47
j  com.sun.media.jfxmediaimpl.NativeMediaManager.getPlayer(Lcom/sun/media/jfxmedia/locator/Locator;)Lcom/sun/media/jfxmedia/MediaPlayer;+7
j  com.sun.media.jfxmedia.MediaManager.getPlayer(Lcom/sun/media/jfxmedia/locator/Locator;)Lcom/sun/media/jfxmedia/MediaPlayer;+18
j  javafx.scene.media.MediaPlayer.init()V+34
j  javafx.scene.media.MediaPlayer.access$1000(Ljavafx/scene/media/MediaPlayer;)V+1
j  javafx.scene.media.MediaPlayer$InitMediaPlayer.run()V+4
j  java.lang.Thread.run()V+11
v  ~StubRoutines::call_stub

---------------  P R O C E S S  ---------------

Java Threads: ( => current thread )
  0x00007f9005acd800 JavaThread "SIGTERM handler" daemon [_thread_blocked, id=153603, stack(0x000000012f0d3000,0x000000012f1d3000)]
  0x00007f90050f7800 JavaThread "JFXMedia Player EventQueueThread" daemon [_thread_blocked, id=153091, stack(0x000000012efd0000,0x000000012f0d0000)]
  0x00007f90050da800 JavaThread "JFXMedia Player EventQueueThread" daemon [_thread_blocked, id=143887, stack(0x000000012eecd000,0x000000012efcd000)]
  0x00007f9004b23000 JavaThread "Thread-4728" daemon [_thread_blocked, id=152587, stack(0x000000012edca000,0x000000012eeca000)]
  0x00007f900442f000 JavaThread "Thread-4645" daemon [_thread_blocked, id=152067, stack(0x000000012ecc7000,0x000000012edc7000)]
  0x00007f9004430000 JavaThread "Thread-4644" daemon [_thread_in_native, id=151563, stack(0x000000012ebc4000,0x000000012ecc4000)]
  0x00007f900427b800 JavaThread "Thread-4563" daemon [_thread_blocked, id=151043, stack(0x000000012eac1000,0x000000012ebc1000)]
  0x00007f9004410800 JavaThread "Thread-4562" daemon [_thread_in_native, id=150531, stack(0x000000012e9be000,0x000000012eabe000)]
  0x00007f90058ed000 JavaThread "Thread-4530" daemon [_thread_in_native, id=148491, stack(0x000000012e3a9000,0x000000012e4a9000)]
  0x00007f9004b26000 JavaThread "Thread-4525" daemon [_thread_in_native, id=138523, stack(0x000000012dfa0000,0x000000012e0a0000)]
  0x00007f9004415000 JavaThread "Thread-4442" daemon [_thread_in_native, id=141091, stack(0x000000012d80b000,0x000000012d90b000)]
  0x00007f900429c000 JavaThread "Thread-4423" daemon [_thread_in_native, id=146695, stack(0x000000012de9d000,0x000000012df9d000)]
  0x00007f900591d800 JavaThread "Thread-4412" daemon [_thread_blocked, id=149763, stack(0x000000012e838000,0x000000012e938000)]
  0x00007f9005396000 JavaThread "Thread-4377" daemon [_thread_in_native, id=149251, stack(0x000000012e5af000,0x000000012e6af000)]
  0x00007f900536b800 JavaThread "Thread-4367" daemon [_thread_in_native, id=148739, stack(0x000000012e4ac000,0x000000012e5ac000)]
  0x00007f9004b35000 JavaThread "Thread-4330" daemon [_thread_in_native, id=147715, stack(0x000000012e2a6000,0x000000012e3a6000)]
  0x00007f9004415800 JavaThread "Thread-4255" daemon [_thread_in_native, id=88851, stack(0x000000012e1a3000,0x000000012e2a3000)]
  0x00007f9004af6800 JavaThread "Thread-4218" daemon [_thread_in_native, id=86539, stack(0x000000012d0f9000,0x000000012d1f9000)]
  0x00007f900536f800 JavaThread "Keep-Alive-Timer" daemon [_thread_blocked, id=145923, stack(0x000000012dc17000,0x000000012dd17000)]
  0x00007f90058eb800 JavaThread "Thread-4133" daemon [_thread_in_native, id=55575, stack(0x00000001268fd000,0x00000001269fd000)]
  0x00007f9005224000 JavaThread "JFXMedia Player EventQueueThread" daemon [_thread_blocked, id=145415, stack(0x000000012da11000,0x000000012db11000)]
  0x00007f9005abd000 JavaThread "Thread-4094" daemon [_thread_in_native, id=141319, stack(0x000000012d90e000,0x000000012da0e000)]
  0x00007f900536b000 JavaThread "Thread-4049" daemon [_thread_in_native, id=144131, stack(0x000000012d708000,0x000000012d808000)]
  0x00007f9005362800 JavaThread "Thread-3984" daemon [_thread_in_native, id=141571, stack(0x000000012d2ff000,0x000000012d3ff000)]
  0x00007f9004218000 JavaThread "Thread-3934" daemon [_thread_in_native, id=140547, stack(0x000000012cdf0000,0x000000012cef0000)]
  0x00007f90049a5800 JavaThread "Thread-3878" daemon [_thread_in_native, id=136715, stack(0x000000012cae7000,0x000000012cbe7000)]
  0x00007f9005959800 JavaThread "JFXMedia Player EventQueueThread" daemon [_thread_blocked, id=89607, stack(0x0000000126b05000,0x0000000126c05000)]
  0x00007f9005a90000 JavaThread "Thread-3783" daemon [_thread_in_native, id=139779, stack(0x0000000125fed000,0x00000001260ed000)]
  0x00007f9004299800 JavaThread "Thread-3703" daemon [_thread_in_native, id=138755, stack(0x000000012d1fc000,0x000000012d2fc000)]
  0x00007f9005a60800 JavaThread "Thread-3590" daemon [_thread_in_native, id=137987, stack(0x000000012cff6000,0x000000012d0f6000)]
  0x00007f900429a800 JavaThread "Thread-3550" daemon [_thread_in_native, id=136963, stack(0x000000012cced000,0x000000012cded000)]
  0x00007f9005936000 JavaThread "JFXMedia Player EventQueueThread" daemon [_thread_blocked, id=84267, stack(0x00000001265f4000,0x00000001266f4000)]
  0x00007f9004297000 JavaThread "JFXMedia Player EventQueueThread" daemon [_thread_blocked, id=135427, stack(0x000000012c9e4000,0x000000012cae4000)]
  0x00007f9004a9f800 JavaThread "Thread-3467" daemon [_thread_in_native, id=134407, stack(0x000000012c7e1000,0x000000012c8e1000)]
  0x00007f90042a7800 JavaThread "Thread-3392" daemon [_thread_in_native, id=87055, stack(0x000000012bcb4000,0x000000012bdb4000)]
  0x00007f9004209800 JavaThread "Thread-3253" daemon [_thread_in_native, id=133123, stack(0x000000012c558000,0x000000012c658000)]
  0x00007f9005a68000 JavaThread "Thread-3209" daemon [_thread_in_native, id=130823, stack(0x000000012c146000,0x000000012c246000)]
  0x00007f9004b0d800 JavaThread "JFXMedia Player EventQueueThread" daemon [_thread_blocked, id=91155, stack(0x0000000126a02000,0x0000000126b02000)]
  0x00007f90052d3800 JavaThread "JFXMedia Player EventQueueThread" daemon [_thread_blocked, id=124171, stack(0x000000012a9f5000,0x000000012aaf5000)]
  0x00007f90042a3800 JavaThread "JFXMedia Player EventQueueThread" daemon [_thread_blocked, id=128519, stack(0x000000012bdb7000,0x000000012beb7000)]
  0x00007f9005406800 JavaThread "Thread-2932" daemon [_thread_in_native, id=128771, stack(0x000000012beba000,0x000000012bfba000)]
  0x00007f9004243800 JavaThread "Thread-2895" daemon [_thread_in_native, id=86071, stack(0x000000012baae000,0x000000012bbae000)]
  0x00007f9004b0e800 JavaThread "Thread-2803" daemon [_thread_in_native, id=87559, stack(0x000000012b7a2000,0x000000012b8a2000)]
  0x00007f9005a38800 JavaThread "Thread-2764" daemon [_thread_in_native, id=121123, stack(0x0000000127117000,0x0000000127217000)]
  0x00007f90041f1800 JavaThread "Thread-2703" daemon [_thread_in_native, id=127491, stack(0x000000012a057000,0x000000012a157000)]
  0x00007f90053de800 JavaThread "Thread-2643" daemon [_thread_in_native, id=120843, stack(0x000000012751a000,0x000000012761a000)]
  0x00007f90053eb000 JavaThread "Thread-2580" daemon [_thread_in_native, id=125699, stack(0x000000012bbb1000,0x000000012bcb1000)]
  0x00007f900428d800 JavaThread "Thread-2527" daemon [_thread_in_native, id=124419, stack(0x000000012b8a5000,0x000000012b9a5000)]
  0x00007f900423d800 JavaThread "Thread-2499" daemon [_thread_in_native, id=118799, stack(0x000000012af87000,0x000000012b087000)]
  0x00007f90041fd800 JavaThread "JFXMedia Player EventQueueThread" daemon [_thread_blocked, id=123143, stack(0x000000012b69f000,0x000000012b79f000)]
  0x00007f9004a2d000 JavaThread "Thread-2453" daemon [_thread_in_native, id=23343, stack(0x000000012a669000,0x000000012a769000)]
  0x00007f9005160800 JavaThread "JFXMedia Player EventQueueThread" daemon [_thread_blocked, id=115211, stack(0x00000001255cb000,0x00000001256cb000)]
  0x00007f9004a1b000 JavaThread "Thread-2409" daemon [_thread_in_native, id=121603, stack(0x000000012b416000,0x000000012b516000)]
  0x00007f9005151000 JavaThread "JFXMedia Player EventQueueThread" daemon [_thread_blocked, id=52007, stack(0x000000012a8f2000,0x000000012a9f2000)]
  0x00007f9005276000 JavaThread "Thread-2345" daemon [_thread_in_native, id=81431, stack(0x000000012a566000,0x000000012a666000)]
  0x00007f900420b000 JavaThread "Thread-2290" daemon [_thread_in_native, id=120327, stack(0x000000012b210000,0x000000012b310000)]
  0x00007f9004882800 JavaThread "Thread-2241" daemon [_thread_in_native, id=119555, stack(0x000000012b08a000,0x000000012b18a000)]
  0x00007f9005154000 JavaThread "JFXMedia Player EventQueueThread" daemon [_thread_blocked, id=108835, stack(0x00000001298c2000,0x00000001299c2000)]
  0x00007f9004264000 JavaThread "Thread-2164" daemon [_thread_in_native, id=29959, stack(0x000000012ae01000,0x000000012af01000)]
  0x00007f90048a8800 JavaThread "Thread-2131" daemon [_thread_in_native, id=117763, stack(0x000000012acfe000,0x000000012adfe000)]
  0x00007f9005a36000 JavaThread "JFXMedia Player EventQueueThread" daemon [_thread_blocked, id=110355, stack(0x0000000129230000,0x0000000129330000)]
  0x00007f9004992000 JavaThread "Thread-2071" daemon [_thread_in_native, id=116739, stack(0x000000012aaf8000,0x000000012abf8000)]
  0x00007f9004881800 JavaThread "Thread-2025" daemon [_thread_in_native, id=105507, stack(0x0000000129c4b000,0x0000000129d4b000)]
  0x00007f9005860000 JavaThread "Thread-1984" daemon [_thread_in_native, id=102419, stack(0x000000012a76c000,0x000000012a86c000)]
  0x00007f9004b1e000 JavaThread "Thread-1959" daemon [_thread_in_native, id=111623, stack(0x0000000129e51000,0x0000000129f51000)]
  0x00007f9004b1c000 JavaThread "Thread-1927" daemon [_thread_in_native, id=113667, stack(0x000000012a463000,0x000000012a563000)]
  0x00007f9005275800 JavaThread "Thread-1886" daemon [_thread_in_native, id=80399, stack(0x000000012a15a000,0x000000012a25a000)]
  0x00007f90053d3800 JavaThread "Thread-1865" daemon [_thread_in_native, id=111875, stack(0x0000000129f54000,0x000000012a054000)]
  0x00007f9004b11800 JavaThread "Thread-1842" daemon [_thread_in_native, id=102923, stack(0x0000000129d4e000,0x0000000129e4e000)]
  0x00007f9004210800 JavaThread "JFXMedia Player EventQueueThread" daemon [_thread_blocked, id=106507, stack(0x00000001249a7000,0x0000000124aa7000)]
  0x00007f9005855000 JavaThread "Thread-1795" daemon [_thread_in_native, id=109831, stack(0x0000000129b48000,0x0000000129c48000)]
  0x00007f9004a71800 JavaThread "Thread-1757" daemon [_thread_in_native, id=109059, stack(0x0000000129a45000,0x0000000129b45000)]
  0x00007f900415c800 JavaThread "Thread-1721" daemon [_thread_in_native, id=53799, stack(0x0000000128b9b000,0x0000000128c9b000)]
  0x00007f9004092800 JavaThread "Thread-1683" daemon [_thread_in_native, id=107527, stack(0x000000012973c000,0x000000012983c000)]
  0x00007f90041f6000 JavaThread "JFXMedia Player EventQueueThread" daemon [_thread_blocked, id=59663, stack(0x0000000128da1000,0x0000000128ea1000)]
  0x00007f9004b10000 JavaThread "Thread-1641" daemon [_thread_in_native, id=107011, stack(0x0000000129639000,0x0000000129739000)]
  0x00007f90042ce800 JavaThread "Thread-1598" daemon [_thread_in_native, id=105987, stack(0x0000000129333000,0x0000000129433000)]
  0x00007f90048a6800 JavaThread "Thread-1528" daemon [_thread_in_native, id=104451, stack(0x0000000128fa7000,0x00000001290a7000)]
  0x00007f90049b4000 JavaThread "JFXMedia Player EventQueueThread" daemon [_thread_blocked, id=51775, stack(0x0000000128892000,0x0000000128992000)]
  0x00007f90053ef800 JavaThread "Thread-1468" daemon [_thread_in_native, id=103171, stack(0x0000000128c9e000,0x0000000128d9e000)]
  0x00007f9004a36800 JavaThread "JFXMedia Player EventQueueThread" daemon [_thread_blocked, id=100111, stack(0x00000001278a6000,0x00000001279a6000)]
  0x00007f900419e000 JavaThread "Thread-1404" daemon [_thread_in_native, id=94479, stack(0x0000000128995000,0x0000000128a95000)]
  0x00007f90053f2800 JavaThread "JFXMedia Player EventQueueThread" daemon [_thread_blocked, id=90907, stack(0x000000012868c000,0x000000012878c000)]
  0x00007f9004a70800 JavaThread "Thread-1367" daemon [_thread_in_native, id=101127, stack(0x0000000128589000,0x0000000128689000)]
  0x00007f9005204800 JavaThread "Thread-1344" daemon [_thread_in_native, id=99591, stack(0x0000000127ffa000,0x00000001280fa000)]
  0x00007f90053ec000 JavaThread "Thread-1179" daemon [_thread_in_native, id=83491, stack(0x0000000126c08000,0x0000000126d08000)]
  0x00007f90042c9000 JavaThread "Thread-1130" daemon [_thread_in_native, id=100611, stack(0x000000012878f000,0x000000012888f000)]
  0x00007f9005928800 JavaThread "Thread-1094" daemon [_thread_in_native, id=96519, stack(0x0000000128486000,0x0000000128586000)]
  0x00007f90053e0000 JavaThread "JFXMedia Player EventQueueThread" daemon [_thread_blocked, id=53003, stack(0x0000000121e7a000,0x0000000121f7a000)]
  0x00007f9005a16800 JavaThread "Thread-1059" daemon [_thread_in_native, id=98563, stack(0x00000001280fd000,0x00000001281fd000)]
  0x00007f9004a37800 JavaThread "Thread-1022" daemon [_thread_in_native, id=88335, stack(0x0000000127eb8000,0x0000000127fb8000)]
  0x00007f90042bf000 JavaThread "Thread-993" daemon [_thread_in_native, id=96771, stack(0x0000000127db5000,0x0000000127eb5000)]
  0x00007f9004a53000 JavaThread "Thread-963" daemon [_thread_in_native, id=56843, stack(0x0000000126f11000,0x0000000127011000)]
  0x00007f9005285800 JavaThread "JFXMedia Player EventQueueThread" daemon [_thread_blocked, id=95491, stack(0x0000000127baf000,0x0000000127caf000)]
  0x00007f90059f6000 JavaThread "Thread-929" daemon [_thread_in_native, id=94983, stack(0x0000000127aac000,0x0000000127bac000)]
  0x00007f90041d6800 JavaThread "Thread-892" daemon [_thread_in_native, id=91919, stack(0x00000001279a9000,0x0000000127aa9000)]
  0x00007f9004a63000 JavaThread "Thread-859" daemon [_thread_in_native, id=84507, stack(0x00000001277a3000,0x00000001278a3000)]
=>0x00007f90042a9000 JavaThread "Thread-832" daemon [_thread_in_native, id=93443, stack(0x000000012761d000,0x000000012771d000)]
  0x00007f90059f4000 JavaThread "JFXMedia Player EventQueueThread" daemon [_thread_blocked, id=92931, stack(0x0000000127417000,0x0000000127517000)]
  0x00007f90059ce000 JavaThread "Thread-777" daemon [_thread_in_native_trans, id=92419, stack(0x0000000127014000,0x0000000127114000)]
  0x00007f90049c7000 JavaThread "JFXMedia Player EventQueueThread" daemon [_thread_blocked, id=58919, stack(0x0000000126e0e000,0x0000000126f0e000)]
  0x00007f90053bb800 JavaThread "Thread-736" daemon [_thread_in_native_trans, id=56367, stack(0x00000001258db000,0x00000001259db000)]
  0x00007f9005959000 JavaThread "JFXMedia Player EventQueueThread" daemon [_thread_blocked, id=72979, stack(0x00000001240c0000,0x00000001241c0000)]
  0x00007f90049b3800 JavaThread "JFXMedia Player EventQueueThread" daemon [_thread_blocked, id=78083, stack(0x0000000123f3a000,0x000000012403a000)]
  0x00007f900522c000 JavaThread "JFXMedia Player EventQueueThread" daemon [_thread_blocked, id=59147, stack(0x0000000123680000,0x0000000123780000)]
  0x00007f90051df000 JavaThread "JavaFX-Launcher" [_thread_blocked, id=49155, stack(0x000000011fa8d000,0x000000011fb8d000)]
  0x00007f90050a4800 JavaThread "Thread-3" daemon [_thread_in_native, id=36867, stack(0x000000011e8bf000,0x000000011e93f000)]
  0x00007f90048de000 JavaThread "JavaFX Application Thread" [_thread_blocked, id=1811, stack(0x00007fff5a933000,0x00007fff5b133000)]
  0x00007f90048c2000 JavaThread "Thread-1" daemon [_thread_blocked, id=24579, stack(0x000000011ca5b000,0x000000011cb5b000)]
  0x00007f9005097800 JavaThread "Service Thread" daemon [_thread_blocked, id=17923, stack(0x000000011bc13000,0x000000011bd13000)]
  0x00007f9004838800 JavaThread "C1 CompilerThread2" daemon [_thread_blocked, id=17411, stack(0x000000011bb10000,0x000000011bc10000)]
  0x00007f9004830000 JavaThread "C2 CompilerThread1" daemon [_thread_blocked, id=16899, stack(0x000000011ba0d000,0x000000011bb0d000)]
  0x00007f9005812000 JavaThread "C2 CompilerThread0" daemon [_thread_blocked, id=16387, stack(0x000000011b90a000,0x000000011ba0a000)]
  0x00007f9004818000 JavaThread "Finalizer" daemon [_thread_blocked, id=11523, stack(0x0000000119e69000,0x0000000119f69000)]
  0x00007f900580b800 JavaThread "Reference Handler" daemon [_thread_blocked, id=11011, stack(0x0000000119d66000,0x0000000119e66000)]
  0x00007f9005802800 JavaThread "main" [_thread_blocked, id=4867, stack(0x0000000106320000,0x0000000106420000)]

Other Threads:
  0x00007f9005032800 VMThread [stack: 0x0000000119c63000,0x0000000119d63000] [id=10499]

VM state:at safepoint (shutting down)

VM Mutex/Monitor currently owned by a thread:  ([mutex/lock_event])
[0x00007f9003f02d10] Threads_lock - owner thread: 0x00007f9005032800

Heap:
 PSYoungGen      total 23552K, used 17578K [0x00000007aab00000, 0x00000007ad180000, 0x00000007c0000000)
  eden space 13824K, 56% used [0x00000007aab00000,0x00000007ab2af920,0x00000007ab880000)
  from space 9728K, 99% used [0x00000007ac400000,0x00000007acd7b050,0x00000007acd80000)
  to   space 11776K, 0% used [0x00000007ab880000,0x00000007ab880000,0x00000007ac400000)
 ParOldGen       total 44032K, used 11562K [0x0000000780000000, 0x0000000782b00000, 0x00000007aab00000)
  object space 44032K, 26% used [0x0000000780000000,0x0000000780b4ab58,0x0000000782b00000)
 Metaspace       used 10957K, capacity 11420K, committed 11648K, reserved 1058816K
  class space    used 1404K, capacity 1539K, committed 1664K, reserved 1048576K

Card table byte_map: [0x000000011581f000,0x0000000115a20000] byte_map_base: 0x0000000111c1f000

Marking Bits: (ParMarkBitMap*) 0x0000000105c9e410
 Begin Bits: [0x0000000115f82000, 0x0000000116f82000)
 End Bits:   [0x0000000116f82000, 0x0000000117f82000)

Polling page: 0x0000000104bf0000

CodeCache: size=245760Kb used=4172Kb max_used=4188Kb free=241587Kb
 bounds [0x000000010645f000, 0x000000010687f000, 0x000000011545f000]
 total_blobs=1669 nmethods=1198 adapters=387
 compilation: enabled

Compilation events (10 events):
Event: 12.366 Thread 0x00007f9005812000 1271       4       java.util.ArrayList::add (29 bytes)
Event: 12.375 Thread 0x00007f9005812000 nmethod 1271 0x000000010686fc50 code [0x000000010686fdc0, 0x0000000106870108]
Event: 12.626 Thread 0x00007f9004838800 1272       3       javafx.scene.Scene::getHeight (19 bytes)
Event: 12.627 Thread 0x00007f9004838800 nmethod 1272 0x0000000106871790 code [0x0000000106871920, 0x0000000106871ce8]
Event: 12.776 Thread 0x00007f9004838800 1273       3       java.lang.ref.ReferenceQueue::<init> (27 bytes)
Event: 12.777 Thread 0x00007f9004838800 nmethod 1273 0x0000000106871110 code [0x00000001068712a0, 0x0000000106871610]
Event: 12.777 Thread 0x00007f9004838800 1274       3       java.lang.ref.ReferenceQueue$Lock::<init> (5 bytes)
Event: 12.777 Thread 0x00007f9004838800 nmethod 1274 0x0000000106870c90 code [0x0000000106870e00, 0x0000000106871010]
Event: 12.792 Thread 0x00007f9004830000 1275  s    4       java.io.BufferedInputStream::read (113 bytes)
Event: 12.823 Thread 0x00007f9004830000 nmethod 1275 0x0000000106878a90 code [0x0000000106878c40, 0x0000000106879f70]

GC Heap History (10 events):
Event: 4.492 GC heap before
{Heap before GC invocations=4 (full 0):
 PSYoungGen      total 18944K, used 18928K [0x00000007aab00000, 0x00000007ac000000, 0x00000007c0000000)
  eden space 16384K, 100% used [0x00000007aab00000,0x00000007abb00000,0x00000007abb00000)
  from space 2560K, 99% used [0x00000007abb00000,0x00000007abd7c3b8,0x00000007abd80000)
  to   space 2560K, 0% used [0x00000007abd80000,0x00000007abd80000,0x00000007ac000000)
 ParOldGen       total 44032K, used 3673K [0x0000000780000000, 0x0000000782b00000, 0x00000007aab00000)
  object space 44032K, 8% used [0x0000000780000000,0x00000007803965e8,0x0000000782b00000)
 Metaspace       used 10739K, capacity 11116K, committed 11264K, reserved 1058816K
  class space    used 1395K, capacity 1505K, committed 1536K, reserved 1048576K
Event: 4.498 GC heap after
Heap after GC invocations=4 (full 0):
 PSYoungGen      total 18944K, used 2530K [0x00000007aab00000, 0x00000007ac000000, 0x00000007c0000000)
  eden space 16384K, 0% used [0x00000007aab00000,0x00000007aab00000,0x00000007abb00000)
  from space 2560K, 98% used [0x00000007abd80000,0x00000007abff8b60,0x00000007ac000000)
  to   space 2560K, 0% used [0x00000007abb00000,0x00000007abb00000,0x00000007abd80000)
 ParOldGen       total 44032K, used 6874K [0x0000000780000000, 0x0000000782b00000, 0x00000007aab00000)
  object space 44032K, 15% used [0x0000000780000000,0x00000007806b6838,0x0000000782b00000)
 Metaspace       used 10739K, capacity 11116K, committed 11264K, reserved 1058816K
  class space    used 1395K, capacity 1505K, committed 1536K, reserved 1048576K
}
Event: 6.205 GC heap before
{Heap before GC invocations=5 (full 0):
 PSYoungGen      total 18944K, used 18914K [0x00000007aab00000, 0x00000007ac000000, 0x00000007c0000000)
  eden space 16384K, 100% used [0x00000007aab00000,0x00000007abb00000,0x00000007abb00000)
  from space 2560K, 98% used [0x00000007abd80000,0x00000007abff8b60,0x00000007ac000000)
  to   space 2560K, 0% used [0x00000007abb00000,0x00000007abb00000,0x00000007abd80000)
 ParOldGen       total 44032K, used 6874K [0x0000000780000000, 0x0000000782b00000, 0x00000007aab00000)
  object space 44032K, 15% used [0x0000000780000000,0x00000007806b6838,0x0000000782b00000)
 Metaspace       used 10794K, capacity 11180K, committed 11264K, reserved 1058816K
  class space    used 1395K, capacity 1505K, committed 1536K, reserved 1048576K
Event: 6.213 GC heap after
Heap after GC invocations=5 (full 0):
 PSYoungGen      total 18944K, used 2536K [0x00000007aab00000, 0x00000007aca00000, 0x00000007c0000000)
  eden space 16384K, 0% used [0x00000007aab00000,0x00000007aab00000,0x00000007abb00000)
  from space 2560K, 99% used [0x00000007abb00000,0x00000007abd7a3b0,0x00000007abd80000)
  to   space 7680K, 0% used [0x00000007ac280000,0x00000007ac280000,0x00000007aca00000)
 ParOldGen       total 44032K, used 9663K [0x0000000780000000, 0x0000000782b00000, 0x00000007aab00000)
  object space 44032K, 21% used [0x0000000780000000,0x000000078096fda0,0x0000000782b00000)
 Metaspace       used 10794K, capacity 11180K, committed 11264K, reserved 1058816K
  class space    used 1395K, capacity 1505K, committed 1536K, reserved 1048576K
}
Event: 7.932 GC heap before
{Heap before GC invocations=6 (full 0):
 PSYoungGen      total 18944K, used 18920K [0x00000007aab00000, 0x00000007aca00000, 0x00000007c0000000)
  eden space 16384K, 100% used [0x00000007aab00000,0x00000007abb00000,0x00000007abb00000)
  from space 2560K, 99% used [0x00000007abb00000,0x00000007abd7a3b0,0x00000007abd80000)
  to   space 7680K, 0% used [0x00000007ac280000,0x00000007ac280000,0x00000007aca00000)
 ParOldGen       total 44032K, used 9663K [0x0000000780000000, 0x0000000782b00000, 0x00000007aab00000)
  object space 44032K, 21% used [0x0000000780000000,0x000000078096fda0,0x0000000782b00000)
 Metaspace       used 10863K, capacity 11244K, committed 11520K, reserved 1058816K
  class space    used 1399K, capacity 1505K, committed 1536K, reserved 1048576K
Event: 7.945 GC heap after
Heap after GC invocations=6 (full 0):
 PSYoungGen      total 23552K, used 6286K [0x00000007aab00000, 0x00000007acb00000, 0x00000007c0000000)
  eden space 15872K, 0% used [0x00000007aab00000,0x00000007aab00000,0x00000007aba80000)
  from space 7680K, 81% used [0x00000007ac280000,0x00000007ac8a3a08,0x00000007aca00000)
  to   space 8192K, 0% used [0x00000007aba80000,0x00000007aba80000,0x00000007ac280000)
 ParOldGen       total 44032K, used 9671K [0x0000000780000000, 0x0000000782b00000, 0x00000007aab00000)
  object space 44032K, 21% used [0x0000000780000000,0x0000000780971da0,0x0000000782b00000)
 Metaspace       used 10863K, capacity 11244K, committed 11520K, reserved 1058816K
  class space    used 1399K, capacity 1505K, committed 1536K, reserved 1048576K
}
Event: 9.869 GC heap before
{Heap before GC invocations=7 (full 0):
 PSYoungGen      total 23552K, used 22158K [0x00000007aab00000, 0x00000007acb00000, 0x00000007c0000000)
  eden space 15872K, 100% used [0x00000007aab00000,0x00000007aba80000,0x00000007aba80000)
  from space 7680K, 81% used [0x00000007ac280000,0x00000007ac8a3a08,0x00000007aca00000)
  to   space 8192K, 0% used [0x00000007aba80000,0x00000007aba80000,0x00000007ac280000)
 ParOldGen       total 44032K, used 9671K [0x0000000780000000, 0x0000000782b00000, 0x00000007aab00000)
  object space 44032K, 21% used [0x0000000780000000,0x0000000780971da0,0x0000000782b00000)
 Metaspace       used 10881K, capacity 11244K, committed 11520K, reserved 1058816K
  class space    used 1399K, capacity 1505K, committed 1536K, reserved 1048576K
Event: 9.879 GC heap after
Heap after GC invocations=7 (full 0):
 PSYoungGen      total 24064K, used 8166K [0x00000007aab00000, 0x00000007acd80000, 0x00000007c0000000)
  eden space 15872K, 0% used [0x00000007aab00000,0x00000007aab00000,0x00000007aba80000)
  from space 8192K, 99% used [0x00000007aba80000,0x00000007ac279a10,0x00000007ac280000)
  to   space 9728K, 0% used [0x00000007ac400000,0x00000007ac400000,0x00000007acd80000)
 ParOldGen       total 44032K, used 10420K [0x0000000780000000, 0x0000000782b00000, 0x00000007aab00000)
  object space 44032K, 23% used [0x0000000780000000,0x0000000780a2d0f0,0x0000000782b00000)
 Metaspace       used 10881K, capacity 11244K, committed 11520K, reserved 1058816K
  class space    used 1399K, capacity 1505K, committed 1536K, reserved 1048576K
}
Event: 11.757 GC heap before
{Heap before GC invocations=8 (full 0):
 PSYoungGen      total 24064K, used 24011K [0x00000007aab00000, 0x00000007acd80000, 0x00000007c0000000)
  eden space 15872K, 99% used [0x00000007aab00000,0x00000007aba79300,0x00000007aba80000)
  from space 8192K, 99% used [0x00000007aba80000,0x00000007ac279a10,0x00000007ac280000)
  to   space 9728K, 0% used [0x00000007ac400000,0x00000007ac400000,0x00000007acd80000)
 ParOldGen       total 44032K, used 10420K [0x0000000780000000, 0x0000000782b00000, 0x00000007aab00000)
  object space 44032K, 23% used [0x0000000780000000,0x0000000780a2d0f0,0x0000000782b00000)
 Metaspace       used 10930K, capacity 11376K, committed 11520K, reserved 1058816K
  class space    used 1399K, capacity 1505K, committed 1536K, reserved 1048576K
Event: 11.768 GC heap after
Heap after GC invocations=8 (full 0):
 PSYoungGen      total 23552K, used 9708K [0x00000007aab00000, 0x00000007ad180000, 0x00000007c0000000)
  eden space 13824K, 0% used [0x00000007aab00000,0x00000007aab00000,0x00000007ab880000)
  from space 9728K, 99% used [0x00000007ac400000,0x00000007acd7b050,0x00000007acd80000)
  to   space 11776K, 0% used [0x00000007ab880000,0x00000007ab880000,0x00000007ac400000)
 ParOldGen       total 44032K, used 11562K [0x0000000780000000, 0x0000000782b00000, 0x00000007aab00000)
  object space 44032K, 26% used [0x0000000780000000,0x0000000780b4ab58,0x0000000782b00000)
 Metaspace       used 10930K, capacity 11376K, committed 11520K, reserved 1058816K
  class space    used 1399K, capacity 1505K, committed 1536K, reserved 1048576K
}

Deoptimization events (2 events):
Event: 1.528 Thread 0x00007f90041f4800 Uncommon trap: reason=unreached action=reinterpret pc=0x0000000106701ec0 method=com.sun.media.jfxmediaimpl.MetadataParserImpl.getNextByte()B @ 19
Event: 12.847 Thread 0x00007f9005801000 Uncommon trap: reason=unreached action=reinterpret pc=0x00000001068753d8 method=java.security.AccessControlContext.optimize()Ljava/security/AccessControlContext; @ 83

Internal exceptions (10 events):
Event: 1.174 Thread 0x00007f90048de000 Exception <a 'java/security/PrivilegedActionException'> (0x00000007aba99f60) thrown at [/Users/java_re/workspace/8-2-build-macosx-x86_64/jdk8u31/2394/hotspot/src/share/vm/prims/jvm.cpp, line 1312]
Event: 1.176 Thread 0x00007f90048de000 Exception <a 'java/security/PrivilegedActionException'> (0x00000007aba9cf70) thrown at [/Users/java_re/workspace/8-2-build-macosx-x86_64/jdk8u31/2394/hotspot/src/share/vm/prims/jvm.cpp, line 1312]
Event: 1.176 Thread 0x00007f90048de000 Exception <a 'java/security/PrivilegedActionException'> (0x00000007abaa08c0) thrown at [/Users/java_re/workspace/8-2-build-macosx-x86_64/jdk8u31/2394/hotspot/src/share/vm/prims/jvm.cpp, line 1312]
Event: 1.177 Thread 0x00007f90048de000 Exception <a 'java/security/PrivilegedActionException'> (0x00000007abaa34b0) thrown at [/Users/java_re/workspace/8-2-build-macosx-x86_64/jdk8u31/2394/hotspot/src/share/vm/prims/jvm.cpp, line 1312]
Event: 1.178 Thread 0x00007f90048de000 Exception <a 'java/security/PrivilegedActionException'> (0x00000007abaab5a0) thrown at [/Users/java_re/workspace/8-2-build-macosx-x86_64/jdk8u31/2394/hotspot/src/share/vm/prims/jvm.cpp, line 1312]
Event: 1.401 Thread 0x00007f9004951800 Exception <a 'java/lang/UnsatisfiedLinkError': com.sun.media.jfxmedia.logging.Logger.nativeSetNativeLevel(I)V> (0x00000007aabe5670) thrown at [/Users/java_re/workspace/8-2-build-macosx-x86_64/jdk8u31/2394/hotspot/src/share/vm/prims/nativeLookup.cpp, line 
Event: 1.425 Thread 0x00007f900497c800 Exception <a 'java/security/PrivilegedActionException'> (0x00000007aac0dcd8) thrown at [/Users/java_re/workspace/8-2-build-macosx-x86_64/jdk8u31/2394/hotspot/src/share/vm/prims/jvm.cpp, line 1312]
Event: 1.425 Thread 0x00007f900497c800 Exception <a 'java/security/PrivilegedActionException'> (0x00000007aac0f5d0) thrown at [/Users/java_re/workspace/8-2-build-macosx-x86_64/jdk8u31/2394/hotspot/src/share/vm/prims/jvm.cpp, line 1312]
Event: 1.426 Thread 0x00007f900497c800 Exception <a 'java/security/PrivilegedActionException'> (0x00000007aac11120) thrown at [/Users/java_re/workspace/8-2-build-macosx-x86_64/jdk8u31/2394/hotspot/src/share/vm/prims/jvm.cpp, line 1312]
Event: 12.852 Thread 0x00007f90050ec800 Exception <a 'java/lang/IllegalStateException'> (0x00000007ab287b68) thrown at [/Users/java_re/workspace/8-2-build-macosx-x86_64/jdk8u31/2394/hotspot/src/share/vm/prims/jvm.cpp, line 1316]

Events (10 events):
Event: 12.848 loading class java/util/IdentityHashMap$KeyIterator done
Event: 12.848 Thread 0x00007f90050ec800 Thread added: 0x00007f90050ec800
Event: 12.850 loading class com/sun/javafx/tk/quantum/QuantumRenderer
Event: 12.850 loading class com/sun/javafx/tk/quantum/QuantumRenderer done
Event: 12.851 loading class com/sun/javafx/tk/quantum/QuantumToolkit
Event: 12.851 loading class com/sun/javafx/tk/quantum/QuantumToolkit done
Event: 12.852 Thread 0x00007f90050ec800 Thread exited: 0x00007f90050ec800
Event: 12.852 Thread 0x00007f9005801000 Thread exited: 0x00007f9005801000
Event: 12.853 Thread 0x00007f900408f800 Thread exited: 0x00007f900408f800
Event: 12.853 Executing VM operation: Exit


Dynamic libraries:
0x0000000004d91000 	/System/Library/Frameworks/Cocoa.framework/Versions/A/Cocoa
0x0000000004d91000 	/System/Library/Frameworks/Security.framework/Versions/A/Security
0x0000000004d91000 	/System/Library/Frameworks/ApplicationServices.framework/Versions/A/ApplicationServices
0x0000000004d91000 	/usr/lib/libz.1.dylib
0x0000000004d91000 	/usr/lib/libSystem.B.dylib
0x0000000004d91000 	/usr/lib/libobjc.A.dylib
0x0000000004d91000 	/System/Library/Frameworks/CoreFoundation.framework/Versions/A/CoreFoundation
0x0000000004d91000 	/System/Library/Frameworks/Foundation.framework/Versions/C/Foundation
0x0000000004d91000 	/System/Library/Frameworks/AppKit.framework/Versions/C/AppKit
0x0000000004d91000 	/System/Library/Frameworks/CoreData.framework/Versions/A/CoreData
0x0000000004d91000 	/System/Library/PrivateFrameworks/RemoteViewServices.framework/Versions/A/RemoteViewServices
0x0000000004d91000 	/System/Library/PrivateFrameworks/UIFoundation.framework/Versions/A/UIFoundation
0x0000000004d91000 	/System/Library/Frameworks/IOSurface.framework/Versions/A/IOSurface
0x0000000004d91000 	/System/Library/Frameworks/AudioToolbox.framework/Versions/A/AudioToolbox
0x0000000004d91000 	/System/Library/Frameworks/AudioUnit.framework/Versions/A/AudioUnit
0x0000000004d91000 	/System/Library/PrivateFrameworks/DataDetectorsCore.framework/Versions/A/DataDetectorsCore
0x0000000004d91000 	/System/Library/PrivateFrameworks/DesktopServicesPriv.framework/Versions/A/DesktopServicesPriv
0x0000000004d91000 	/System/Library/Frameworks/Carbon.framework/Versions/A/Frameworks/HIToolbox.framework/Versions/A/HIToolbox
0x0000000004d91000 	/System/Library/Frameworks/QuartzCore.framework/Versions/A/QuartzCore
0x0000000004d91000 	/System/Library/Frameworks/Carbon.framework/Versions/A/Frameworks/SpeechRecognition.framework/Versions/A/SpeechRecognition
0x0000000004d91000 	/usr/lib/libauto.dylib
0x0000000004d91000 	/usr/lib/libicucore.A.dylib
0x0000000004d91000 	/usr/lib/libxml2.2.dylib
0x0000000004d91000 	/System/Library/PrivateFrameworks/CoreUI.framework/Versions/A/CoreUI
0x0000000004d91000 	/System/Library/Frameworks/CoreAudio.framework/Versions/A/CoreAudio
0x0000000004d91000 	/System/Library/Frameworks/DiskArbitration.framework/Versions/A/DiskArbitration
0x0000000004d91000 	/usr/lib/liblangid.dylib
0x0000000004d91000 	/System/Library/PrivateFrameworks/MultitouchSupport.framework/Versions/A/MultitouchSupport
0x0000000004d91000 	/System/Library/Frameworks/IOKit.framework/Versions/A/IOKit
0x0000000004d91000 	/usr/lib/libDiagnosticMessagesClient.dylib
0x0000000004d91000 	/System/Library/Frameworks/CoreServices.framework/Versions/A/CoreServices
0x0000000004d91000 	/System/Library/PrivateFrameworks/PerformanceAnalysis.framework/Versions/A/PerformanceAnalysis
0x0000000004d91000 	/System/Library/PrivateFrameworks/GenerationalStorage.framework/Versions/A/GenerationalStorage
0x0000000004d91000 	/System/Library/Frameworks/OpenGL.framework/Versions/A/OpenGL
0x0000000004d91000 	/System/Library/PrivateFrameworks/Sharing.framework/Versions/A/Sharing
0x0000000004d91000 	/System/Library/Frameworks/CoreGraphics.framework/Versions/A/CoreGraphics
0x0000000004d91000 	/System/Library/Frameworks/CoreText.framework/Versions/A/CoreText
0x0000000004d91000 	/System/Library/Frameworks/ImageIO.framework/Versions/A/ImageIO
0x0000000004d91000 	/usr/lib/libextension.dylib
0x0000000004d91000 	/System/Library/PrivateFrameworks/Backup.framework/Versions/A/Backup
0x0000000004d91000 	/usr/lib/libarchive.2.dylib
0x0000000004d91000 	/System/Library/Frameworks/CFNetwork.framework/Versions/A/CFNetwork
0x0000000004d91000 	/System/Library/Frameworks/SystemConfiguration.framework/Versions/A/SystemConfiguration
0x0000000004d91000 	/usr/lib/libCRFSuite.dylib
0x0000000004d91000 	/usr/lib/libc++.1.dylib
0x0000000004d91000 	/usr/lib/libc++abi.dylib
0x0000000004d91000 	/usr/lib/system/libcache.dylib
0x0000000004d91000 	/usr/lib/system/libcommonCrypto.dylib
0x0000000004d91000 	/usr/lib/system/libcompiler_rt.dylib
0x0000000004d91000 	/usr/lib/system/libcopyfile.dylib
0x0000000004d91000 	/usr/lib/system/libcorecrypto.dylib
0x0000000004d91000 	/usr/lib/system/libdispatch.dylib
0x0000000004d91000 	/usr/lib/system/libdyld.dylib
0x0000000004d91000 	/usr/lib/system/libkeymgr.dylib
0x0000000004d91000 	/usr/lib/system/liblaunch.dylib
0x0000000004d91000 	/usr/lib/system/libmacho.dylib
0x0000000004d91000 	/usr/lib/system/libquarantine.dylib
0x0000000004d91000 	/usr/lib/system/libremovefile.dylib
0x0000000004d91000 	/usr/lib/system/libsystem_asl.dylib
0x0000000004d91000 	/usr/lib/system/libsystem_blocks.dylib
0x0000000004d91000 	/usr/lib/system/libsystem_c.dylib
0x0000000004d91000 	/usr/lib/system/libsystem_configuration.dylib
0x0000000004d91000 	/usr/lib/system/libsystem_coreservices.dylib
0x0000000004d91000 	/usr/lib/system/libsystem_coretls.dylib
0x0000000004d91000 	/usr/lib/system/libsystem_dnssd.dylib
0x0000000004d91000 	/usr/lib/system/libsystem_info.dylib
0x0000000004d91000 	/usr/lib/system/libsystem_kernel.dylib
0x0000000004d91000 	/usr/lib/system/libsystem_m.dylib
0x0000000004d91000 	/usr/lib/system/libsystem_malloc.dylib
0x0000000004d91000 	/usr/lib/system/libsystem_network.dylib
0x0000000004d91000 	/usr/lib/system/libsystem_networkextension.dylib
0x0000000004d91000 	/usr/lib/system/libsystem_notify.dylib
0x0000000004d91000 	/usr/lib/system/libsystem_platform.dylib
0x0000000004d91000 	/usr/lib/system/libsystem_pthread.dylib
0x0000000004d91000 	/usr/lib/system/libsystem_sandbox.dylib
0x0000000004d91000 	/usr/lib/system/libsystem_secinit.dylib
0x0000000004d91000 	/usr/lib/system/libsystem_stats.dylib
0x0000000004d91000 	/usr/lib/system/libsystem_trace.dylib
0x0000000004d91000 	/usr/lib/system/libunc.dylib
0x0000000004d91000 	/usr/lib/system/libunwind.dylib
0x0000000004d91000 	/usr/lib/system/libxpc.dylib
0x0000000004d91000 	/usr/lib/libbz2.1.0.dylib
0x0000000004d91000 	/usr/lib/liblzma.5.dylib
0x0000000004d91000 	/usr/lib/libbsm.0.dylib
0x0000000004d91000 	/usr/lib/libsqlite3.dylib
0x0000000004d91000 	/usr/lib/system/libkxld.dylib
0x0000000004d91000 	/usr/lib/libxar.1.dylib
0x0000000004d91000 	/usr/lib/libpam.2.dylib
0x0000000004d91000 	/usr/lib/libOpenScriptingUtil.dylib
0x0000000004d91000 	/System/Library/Frameworks/CoreServices.framework/Versions/A/Frameworks/FSEvents.framework/Versions/A/FSEvents
0x0000000004d91000 	/System/Library/Frameworks/CoreServices.framework/Versions/A/Frameworks/CarbonCore.framework/Versions/A/CarbonCore
0x0000000004d91000 	/System/Library/Frameworks/CoreServices.framework/Versions/A/Frameworks/Metadata.framework/Versions/A/Metadata
0x0000000004d91000 	/System/Library/Frameworks/CoreServices.framework/Versions/A/Frameworks/OSServices.framework/Versions/A/OSServices
0x0000000004d91000 	/System/Library/Frameworks/CoreServices.framework/Versions/A/Frameworks/SearchKit.framework/Versions/A/SearchKit
0x0000000004d91000 	/System/Library/Frameworks/CoreServices.framework/Versions/A/Frameworks/AE.framework/Versions/A/AE
0x0000000004d91000 	/System/Library/Frameworks/CoreServices.framework/Versions/A/Frameworks/LaunchServices.framework/Versions/A/LaunchServices
0x0000000004d91000 	/System/Library/Frameworks/CoreServices.framework/Versions/A/Frameworks/DictionaryServices.framework/Versions/A/DictionaryServices
0x0000000004d91000 	/System/Library/Frameworks/NetFS.framework/Versions/A/NetFS
0x0000000004d91000 	/System/Library/PrivateFrameworks/NetAuth.framework/Versions/A/NetAuth
0x0000000004d91000 	/System/Library/PrivateFrameworks/login.framework/Versions/A/Frameworks/loginsupport.framework/Versions/A/loginsupport
0x0000000004d91000 	/System/Library/PrivateFrameworks/TCC.framework/Versions/A/TCC
0x0000000004d91000 	/usr/lib/libmecabra.dylib
0x0000000004d91000 	/System/Library/Frameworks/ApplicationServices.framework/Versions/A/Frameworks/ATS.framework/Versions/A/ATS
0x0000000004d91000 	/System/Library/Frameworks/ApplicationServices.framework/Versions/A/Frameworks/ColorSync.framework/Versions/A/ColorSync
0x0000000004d91000 	/System/Library/Frameworks/ApplicationServices.framework/Versions/A/Frameworks/HIServices.framework/Versions/A/HIServices
0x0000000004d91000 	/System/Library/Frameworks/ApplicationServices.framework/Versions/A/Frameworks/LangAnalysis.framework/Versions/A/LangAnalysis
0x0000000004d91000 	/System/Library/Frameworks/ApplicationServices.framework/Versions/A/Frameworks/PrintCore.framework/Versions/A/PrintCore
0x0000000004d91000 	/System/Library/Frameworks/ApplicationServices.framework/Versions/A/Frameworks/QD.framework/Versions/A/QD
0x0000000004d91000 	/System/Library/Frameworks/ApplicationServices.framework/Versions/A/Frameworks/SpeechSynthesis.framework/Versions/A/SpeechSynthesis
0x0000000004d91000 	/System/Library/Frameworks/Accelerate.framework/Versions/A/Accelerate
0x0000000004d91000 	/System/Library/Frameworks/Accelerate.framework/Versions/A/Frameworks/vImage.framework/Versions/A/vImage
0x0000000004d91000 	/System/Library/Frameworks/Accelerate.framework/Versions/A/Frameworks/vecLib.framework/Versions/A/vecLib
0x0000000004d91000 	/System/Library/Frameworks/Accelerate.framework/Versions/A/Frameworks/vecLib.framework/Versions/A/libvDSP.dylib
0x0000000004d91000 	/System/Library/Frameworks/Accelerate.framework/Versions/A/Frameworks/vecLib.framework/Versions/A/libvMisc.dylib
0x0000000004d91000 	/System/Library/Frameworks/Accelerate.framework/Versions/A/Frameworks/vecLib.framework/Versions/A/libLAPACK.dylib
0x0000000004d91000 	/System/Library/Frameworks/Accelerate.framework/Versions/A/Frameworks/vecLib.framework/Versions/A/libBLAS.dylib
0x0000000004d91000 	/System/Library/Frameworks/Accelerate.framework/Versions/A/Frameworks/vecLib.framework/Versions/A/libLinearAlgebra.dylib
0x0000000004d91000 	/System/Library/Frameworks/ApplicationServices.framework/Versions/A/Frameworks/ATS.framework/Versions/A/Resources/libFontParser.dylib
0x0000000004d91000 	/System/Library/Frameworks/ApplicationServices.framework/Versions/A/Frameworks/ATS.framework/Versions/A/Resources/libFontRegistry.dylib
0x0000000004d91000 	/System/Library/PrivateFrameworks/AppleVPA.framework/Versions/A/AppleVPA
0x0000000004d91000 	/System/Library/PrivateFrameworks/AppleJPEG.framework/Versions/A/AppleJPEG
0x0000000004d91000 	/System/Library/Frameworks/ImageIO.framework/Versions/A/Resources/libJPEG.dylib
0x0000000004d91000 	/System/Library/Frameworks/ImageIO.framework/Versions/A/Resources/libTIFF.dylib
0x0000000004d91000 	/System/Library/Frameworks/ImageIO.framework/Versions/A/Resources/libPng.dylib
0x0000000004d91000 	/System/Library/Frameworks/ImageIO.framework/Versions/A/Resources/libGIF.dylib
0x0000000004d91000 	/System/Library/Frameworks/ImageIO.framework/Versions/A/Resources/libJP2.dylib
0x0000000004d91000 	/System/Library/Frameworks/ImageIO.framework/Versions/A/Resources/libRadiance.dylib
0x0000000004d91000 	/System/Library/Frameworks/CoreVideo.framework/Versions/A/CoreVideo
0x0000000004d91000 	/System/Library/Frameworks/OpenGL.framework/Versions/A/Libraries/libGLU.dylib
0x0000000004d91000 	/System/Library/Frameworks/OpenGL.framework/Versions/A/Libraries/libGFXShared.dylib
0x0000000004d91000 	/System/Library/Frameworks/OpenGL.framework/Versions/A/Libraries/libGL.dylib
0x0000000004d91000 	/System/Library/Frameworks/OpenGL.framework/Versions/A/Libraries/libGLImage.dylib
0x0000000004d91000 	/System/Library/Frameworks/OpenGL.framework/Versions/A/Libraries/libCVMSPluginSupport.dylib
0x0000000004d91000 	/System/Library/Frameworks/OpenGL.framework/Versions/A/Libraries/libCoreVMClient.dylib
0x0000000004d91000 	/usr/lib/libcups.2.dylib
0x0000000004d91000 	/System/Library/Frameworks/Kerberos.framework/Versions/A/Kerberos
0x0000000004d91000 	/System/Library/Frameworks/GSS.framework/Versions/A/GSS
0x0000000004d91000 	/usr/lib/libresolv.9.dylib
0x0000000004d91000 	/usr/lib/libiconv.2.dylib
0x0000000004d91000 	/System/Library/PrivateFrameworks/Heimdal.framework/Versions/A/Heimdal
0x0000000004d91000 	/usr/lib/libheimdal-asn1.dylib
0x0000000004d91000 	/System/Library/Frameworks/OpenDirectory.framework/Versions/A/OpenDirectory
0x0000000004d91000 	/System/Library/PrivateFrameworks/CommonAuth.framework/Versions/A/CommonAuth
0x0000000004d91000 	/System/Library/Frameworks/OpenDirectory.framework/Versions/A/Frameworks/CFOpenDirectory.framework/Versions/A/CFOpenDirectory
0x0000000004d91000 	/System/Library/Frameworks/SecurityFoundation.framework/Versions/A/SecurityFoundation
0x0000000004d91000 	/System/Library/PrivateFrameworks/LanguageModeling.framework/Versions/A/LanguageModeling
0x0000000004d91000 	/usr/lib/libcmph.dylib
0x0000000004d91000 	/System/Library/Frameworks/ServiceManagement.framework/Versions/A/ServiceManagement
0x0000000004d91000 	/usr/lib/libxslt.1.dylib
0x0000000004d91000 	/System/Library/Frameworks/Carbon.framework/Versions/A/Frameworks/Ink.framework/Versions/A/Ink
0x0000000004d91000 	/System/Library/Frameworks/QuartzCore.framework/Versions/A/Frameworks/CoreImage.framework/Versions/A/CoreImage
0x0000000004d91000 	/System/Library/PrivateFrameworks/CrashReporterSupport.framework/Versions/A/CrashReporterSupport
0x0000000004d91000 	/System/Library/Frameworks/OpenCL.framework/Versions/A/OpenCL
0x0000000004d91000 	/System/Library/PrivateFrameworks/FaceCore.framework/Versions/A/FaceCore
0x0000000004d91000 	/System/Library/PrivateFrameworks/Ubiquity.framework/Versions/A/Ubiquity
0x0000000004d91000 	/System/Library/PrivateFrameworks/IconServices.framework/Versions/A/IconServices
0x0000000004d91000 	/System/Library/PrivateFrameworks/ChunkingLibrary.framework/Versions/A/ChunkingLibrary
0x0000000004d91000 	/System/Library/PrivateFrameworks/Apple80211.framework/Versions/A/Apple80211
0x0000000004d91000 	/System/Library/Frameworks/CoreWLAN.framework/Versions/A/CoreWLAN
0x0000000004d91000 	/System/Library/Frameworks/IOBluetooth.framework/Versions/A/IOBluetooth
0x0000000004d91000 	/System/Library/PrivateFrameworks/CoreWiFi.framework/Versions/A/CoreWiFi
0x0000000004d91000 	/System/Library/Frameworks/CoreBluetooth.framework/Versions/A/CoreBluetooth
0x0000000004d91000 	/System/Library/PrivateFrameworks/DebugSymbols.framework/Versions/A/DebugSymbols
0x0000000004d91000 	/System/Library/PrivateFrameworks/CoreSymbolication.framework/Versions/A/CoreSymbolication
0x0000000004d91000 	/System/Library/PrivateFrameworks/Symbolication.framework/Versions/A/Symbolication
0x0000000004d91000 	/System/Library/PrivateFrameworks/SpeechRecognitionCore.framework/Versions/A/SpeechRecognitionCore
0x0000000105400000 	/Library/Java/JavaVirtualMachines/jdk1.8.0_31.jdk/Contents/Home/jre/lib/server/libjvm.dylib
0x0000000004d91000 	/usr/lib/libstdc++.6.dylib
0x0000000104be2000 	/Library/Java/JavaVirtualMachines/jdk1.8.0_31.jdk/Contents/Home/jre/lib/libverify.dylib
0x0000000106422000 	/Library/Java/JavaVirtualMachines/jdk1.8.0_31.jdk/Contents/Home/jre/lib/libjava.dylib
0x0000000106456000 	/Library/Java/JavaVirtualMachines/jdk1.8.0_31.jdk/Contents/Home/jre/lib/libzip.dylib
0x0000000119f6b000 	/System/Library/Frameworks/JavaVM.framework/Frameworks/JavaRuntimeSupport.framework/JavaRuntimeSupport
0x0000000119f83000 	/System/Library/Frameworks/JavaVM.framework/Versions/A/Frameworks/JavaNativeFoundation.framework/Versions/A/JavaNativeFoundation
0x0000000119f98000 	/System/Library/Frameworks/JavaVM.framework/Versions/A/JavaVM
0x0000000004d91000 	/System/Library/Frameworks/Carbon.framework/Versions/A/Carbon
0x0000000119fa5000 	/System/Library/PrivateFrameworks/JavaLaunching.framework/Versions/A/JavaLaunching
0x0000000004d91000 	/System/Library/Frameworks/Carbon.framework/Versions/A/Frameworks/CommonPanels.framework/Versions/A/CommonPanels
0x0000000004d91000 	/System/Library/Frameworks/Carbon.framework/Versions/A/Frameworks/Help.framework/Versions/A/Help
0x0000000004d91000 	/System/Library/Frameworks/Carbon.framework/Versions/A/Frameworks/ImageCapture.framework/Versions/A/ImageCapture
0x0000000004d91000 	/System/Library/Frameworks/Carbon.framework/Versions/A/Frameworks/OpenScripting.framework/Versions/A/OpenScripting
0x0000000004d91000 	/System/Library/Frameworks/Carbon.framework/Versions/A/Frameworks/Print.framework/Versions/A/Print
0x0000000004d91000 	/System/Library/Frameworks/Carbon.framework/Versions/A/Frameworks/SecurityHI.framework/Versions/A/SecurityHI
0x000000011bfe2000 	/Library/Java/JavaVirtualMachines/jdk1.8.0_31.jdk/Contents/Home/jre/lib/libprism_es2.dylib
0x0000000004d91000 	/System/Library/Frameworks/OpenGL.framework/Versions/A/Resources/GLEngine.bundle/GLEngine
0x0000000004d91000 	/System/Library/Frameworks/OpenGL.framework/Versions/A/Libraries/libGLProgrammability.dylib
0x0000000000000000 	/System/Library/Extensions/AppleIntelHDGraphicsGLDriver.bundle/Contents/MacOS/AppleIntelHDGraphicsGLDriver
0x000000011c063000 	/System/Library/PrivateFrameworks/GPUSupport.framework/Versions/A/Libraries/libGPUSupport.dylib
0x0000000000000000 	/System/Library/Extensions/GeForceTeslaGLDriver.bundle/Contents/MacOS/GeForceTeslaGLDriver
0x000000011c077000 	/System/Library/Extensions/GeForceTeslaGLDriver.bundle/Contents/MacOS/libclh.dylib
0x0000000004d91000 	/System/Library/Frameworks/OpenGL.framework/Versions/A/Resources/GLRendererFloat.bundle/GLRendererFloat
0x0000000004d91000 	/System/Library/Frameworks/OpenCL.framework/Versions/A/Libraries/libcldcpuengine.dylib
0x0000000004d91000 	/System/Library/PrivateFrameworks/DiskImages.framework/Versions/A/DiskImages
0x0000000004d91000 	/System/Library/Frameworks/DiscRecording.framework/Versions/A/DiscRecording
0x0000000004d91000 	/usr/lib/libcsfde.dylib
0x0000000004d91000 	/usr/lib/libcurl.4.dylib
0x0000000004d91000 	/System/Library/PrivateFrameworks/MediaKit.framework/Versions/A/MediaKit
0x0000000004d91000 	/System/Library/PrivateFrameworks/ProtectedCloudStorage.framework/Versions/A/ProtectedCloudStorage
0x0000000004d91000 	/usr/lib/libCoreStorage.dylib
0x0000000004d91000 	/System/Library/PrivateFrameworks/EFILogin.framework/Versions/A/EFILogin
0x0000000004d91000 	/usr/lib/libutil.dylib
0x0000000004d91000 	/System/Library/PrivateFrameworks/FindMyDevice.framework/Versions/A/FindMyDevice
0x0000000004d91000 	/System/Library/Frameworks/LDAP.framework/Versions/A/LDAP
0x0000000004d91000 	/usr/lib/libsasl2.2.dylib
0x0000000004d91000 	/System/Library/PrivateFrameworks/CoreDaemon.framework/Versions/B/CoreDaemon
0x0000000004d91000 	/usr/lib/libcrypto.0.9.8.dylib
0x0000000004d91000 	/System/Library/PrivateFrameworks/AppleSRP.framework/Versions/A/AppleSRP
0x0000000004d91000 	/System/Library/PrivateFrameworks/TrustEvaluationAgent.framework/Versions/A/TrustEvaluationAgent
0x000000011c9fa000 	/Library/Java/JavaVirtualMachines/jdk1.8.0_31.jdk/Contents/Home/jre/lib/libglass.dylib
0x0000000004d91000 	/System/Library/PrivateFrameworks/CoreServicesInternal.framework/Versions/A/CoreServicesInternal
0x0000000004d91000 	/System/Library/PrivateFrameworks/CloudDocs.framework/Versions/A/CloudDocs
0x0000000004d91000 	/System/Library/PrivateFrameworks/CoreDuet.framework/Versions/A/CoreDuet
0x0000000004d91000 	/System/Library/Frameworks/CloudKit.framework/Versions/A/CloudKit
0x0000000004d91000 	/System/Library/PrivateFrameworks/ProtocolBuffer.framework/Versions/A/ProtocolBuffer
0x0000000004d91000 	/System/Library/PrivateFrameworks/CoreDuetDaemonProtocol.framework/Versions/A/CoreDuetDaemonProtocol
0x0000000004d91000 	/System/Library/PrivateFrameworks/CoreDuetDebugLogging.framework/Versions/A/CoreDuetDebugLogging
0x0000000004d91000 	/System/Library/PrivateFrameworks/MMCS.framework/Versions/A/MMCS
0x0000000004d91000 	/System/Library/Frameworks/CoreLocation.framework/Versions/A/CoreLocation
0x0000000004d91000 	/System/Library/PrivateFrameworks/GeoServices.framework/Versions/A/GeoServices
0x0000000004d91000 	/System/Library/Frameworks/CoreGraphics.framework/Versions/A/Resources/libCGCMS.A.dylib
0x0000000004d91000 	/System/Library/CoreServices/RawCamera.bundle/Contents/MacOS/RawCamera
0x0000000004d91000 	/System/Library/Frameworks/CoreGraphics.framework/Versions/A/Resources/libRIP.A.dylib
0x0000000004d91000 	/System/Library/PrivateFrameworks/FamilyControls.framework/Versions/A/FamilyControls
0x0000000004d91000 	/System/Library/PrivateFrameworks/CommerceKit.framework/Versions/A/Frameworks/CommerceCore.framework/Versions/A/CommerceCore
0x0000000004d91000 	/System/Library/PrivateFrameworks/SystemAdministration.framework/Versions/A/SystemAdministration
0x0000000004d91000 	/System/Library/PrivateFrameworks/AppContainer.framework/Versions/A/AppContainer
0x0000000004d91000 	/System/Library/PrivateFrameworks/SecCodeWrapper.framework/Versions/A/SecCodeWrapper
0x0000000004d91000 	/System/Library/Frameworks/DirectoryService.framework/Versions/A/DirectoryService
0x0000000004d91000 	/System/Library/PrivateFrameworks/LoginUIKit.framework/Versions/A/Frameworks/LoginUICore.framework/Versions/A/LoginUICore
0x0000000004d91000 	/usr/lib/libodfde.dylib
0x000000011cdc8000 	/Library/Java/JavaVirtualMachines/jdk1.8.0_31.jdk/Contents/Home/jre/lib/libjavafx_font.dylib
0x0000000004d91000 	/System/Library/Frameworks/CoreGraphics.framework/Versions/A/Resources/libCGXType.A.dylib
0x00000001214a9000 	/Library/Java/JavaVirtualMachines/jdk1.8.0_31.jdk/Contents/Home/jre/lib/libnet.dylib
0x0000000122a89000 	/Library/Java/JavaVirtualMachines/jdk1.8.0_31.jdk/Contents/Home/jre/lib/libglib-lite.dylib
0x0000000122cb2000 	/Library/Java/JavaVirtualMachines/jdk1.8.0_31.jdk/Contents/Home/jre/lib/libgstreamer-lite.dylib
0x00000001216e9000 	/Library/Java/JavaVirtualMachines/jdk1.8.0_31.jdk/Contents/Home/jre/lib/libjfxmedia.dylib
0x0000000004d91000 	/System/Library/Frameworks/QTKit.framework/Versions/A/QTKit
0x0000000004d91000 	/System/Library/Frameworks/AVFoundation.framework/Versions/A/AVFoundation
0x0000000004d91000 	/System/Library/Frameworks/CoreMedia.framework/Versions/A/CoreMedia
0x0000000004d91000 	/System/Library/Frameworks/MediaToolbox.framework/Versions/A/MediaToolbox
0x0000000004d91000 	/System/Library/Frameworks/VideoToolbox.framework/Versions/A/VideoToolbox
0x0000000004d91000 	/System/Library/PrivateFrameworks/CoreMediaAuthoring.framework/Versions/A/CoreMediaAuthoring
0x0000000004d91000 	/System/Library/Frameworks/CoreMediaIO.framework/Versions/A/CoreMediaIO
0x0000000004d91000 	/System/Library/Frameworks/AVFoundation.framework/Versions/A/Resources/libAVFAudio.dylib
0x0000000004d91000 	/System/Library/PrivateFrameworks/MediaControlSender.framework/Versions/A/MediaControlSender
0x0000000004d91000 	/System/Library/PrivateFrameworks/CoreAVCHD.framework/Versions/A/CoreAVCHD
0x0000000004d91000 	/System/Library/Frameworks/MediaAccessibility.framework/Versions/A/MediaAccessibility
0x0000000004d91000 	/System/Library/PrivateFrameworks/Mangrove.framework/Versions/A/Mangrove
0x0000000004d91000 	/System/Library/PrivateFrameworks/CoreAUC.framework/Versions/A/CoreAUC
0x0000000004d91000 	/System/Library/PrivateFrameworks/NetworkStatistics.framework/Versions/A/NetworkStatistics
0x0000000004d91000 	/System/Library/PrivateFrameworks/AirPlaySupport.framework/Versions/A/AirPlaySupport
0x0000000004d91000 	/System/Library/PrivateFrameworks/CoreUtils.framework/Versions/A/CoreUtils
0x0000000004d91000 	/System/Library/PrivateFrameworks/AppleVA.framework/Versions/A/AppleVA
0x0000000004d91000 	/System/Library/PrivateFrameworks/XPCService.framework/Versions/A/XPCService
0x0000000004d91000 	/System/Library/PrivateFrameworks/AppSandbox.framework/Versions/A/AppSandbox
0x0000000004d91000 	/usr/lib/libsandbox.1.dylib
0x0000000004d91000 	/usr/lib/libMatch.1.dylib
0x000000012080c000 	/Library/Java/JavaVirtualMachines/jdk1.8.0_31.jdk/Contents/Home/jre/lib/libfxplugins.dylib
0x0000000120837000 	/System/Library/Frameworks/VideoDecodeAcceleration.framework/Versions/A/VideoDecodeAcceleration
0x00000001214c0000 	/System/Library/Extensions/AppleHDA.kext/Contents/PlugIns/AppleHDAHALPlugIn.bundle/Contents/MacOS/AppleHDAHALPlugIn
0x0000000123add000 	/System/Library/Components/CoreAudio.component/Contents/MacOS/CoreAudio
0x0000000124be0000 	/System/Library/Components/AudioCodecs.component/Contents/MacOS/AudioCodecs

VM Arguments:
jvm_args: -Dfile.encoding=UTF-8 
java_command: Music
java_class_path (initial): /Users/asheu/NetBeansProjects/Pokemon/build/classes
Launcher Type: SUN_STANDARD

Environment Variables:
PATH=/usr/bin:/bin:/usr/sbin:/sbin
LD_LIBRARY_PATH=/Library/Java/JavaVirtualMachines/jdk1.8.0_31.jdk/Contents/Home/jre/lib/amd64:/Library/Java/JavaVirtualMachines/jdk1.8.0_31.jdk/Contents/Home/jre/lib/i386:
SHELL=/bin/bash
DYLD_LIBRARY_PATH=/Applications/NetBeans/NetBeans 8.0.2.app/Contents/Resources/NetBeans/webcommon/bin:

Signal Handlers:
SIGSEGV: [libjvm.dylib+0x57a0e7], sa_mask[0]=11111111011111110111111111111111, sa_flags=SA_ONSTACK|SA_RESTART|SA_SIGINFO
SIGBUS: [libjvm.dylib+0x57a0e7], sa_mask[0]=11111111011111110111111111111111, sa_flags=SA_RESTART|SA_SIGINFO
SIGFPE: [libjvm.dylib+0x45af24], sa_mask[0]=11111111011111110111111111111111, sa_flags=SA_RESTART|SA_SIGINFO
SIGPIPE: [libjvm.dylib+0x45af24], sa_mask[0]=11111111011111110111111111111111, sa_flags=SA_RESTART|SA_SIGINFO
SIGXFSZ: [libjvm.dylib+0x45af24], sa_mask[0]=11111111011111110111111111111111, sa_flags=SA_RESTART|SA_SIGINFO
SIGILL: [libjvm.dylib+0x45af24], sa_mask[0]=11111111011111110111111111111111, sa_flags=SA_RESTART|SA_SIGINFO
SIGUSR1: SIG_DFL, sa_mask[0]=00000000000000000000000000000000, sa_flags=none
SIGUSR2: [libjvm.dylib+0x45aa42], sa_mask[0]=00100000000000000000000000000000, sa_flags=SA_RESTART|SA_SIGINFO
SIGHUP: [AudioToolbox+0xf933a], sa_mask[0]=00000000000000000000000000000000, sa_flags=SA_RESTART
SIGINT: SIG_IGN, sa_mask[0]=00000000000000000000000000000000, sa_flags=none
SIGTERM: [libjvm.dylib+0x459015], sa_mask[0]=11111111011111110111111111111111, sa_flags=SA_RESTART|SA_SIGINFO
SIGQUIT: [libjvm.dylib+0x459015], sa_mask[0]=11111111011111110111111111111111, sa_flags=SA_RESTART|SA_SIGINFO


---------------  S Y S T E M  ---------------

OS:Bsduname:Darwin 14.3.0 Darwin Kernel Version 14.3.0: Mon Mar 23 11:59:05 PDT 2015; root:xnu-2782.20.48~5/RELEASE_X86_64 x86_64
rlimit: STACK 8192k, CORE 0k, NPROC 709, NOFILE 10240, AS infinity
load average:2.97 2.16 2.59

CPU:total 4 (2 cores per cpu, 2 threads per core) family 6 model 37 stepping 5, cmov, cx8, fxsr, mmx, sse, sse2, sse3, ssse3, sse4.1, sse4.2, popcnt, aes, clmul, ht, tsc, tscinvbit

Memory: 4k page, physical 4194304k(33732k free)

/proc/meminfo:


vm_info: Java HotSpot(TM) 64-Bit Server VM (25.31-b07) for bsd-amd64 JRE (1.8.0_31-b13), built on Dec 17 2014 20:45:36 by "java_re" with gcc 4.2.1 (Based on Apple Inc. build 5658) (LLVM build 2336.11.00)

time: Mon May 18 20:03:25 2015
elapsed time: 13 seconds (0d 0h 0m 13s)

