#
# A fatal error has been detected by the Java Runtime Environment:
#
#  SIGSEGV (0xb) at pc=0x000000011e4e779b, pid=1422, tid=1811
#
# JRE version: Java(TM) SE Runtime Environment (8.0_31-b13) (build 1.8.0_31-b13)
# Java VM: Java HotSpot(TM) 64-Bit Server VM (25.31-b07 mixed mode bsd-amd64 compressed oops)
# Problematic frame:
# C  [libglass.dylib+0x579b]  -[GlassApplication applicationWillHide:]+0x7b
#
# Failed to write core dump. Core dumps have been disabled. To enable core dumping, try "ulimit -c unlimited" before starting Java again
#
# If you would like to submit a bug report, please visit:
#   http://bugreport.java.com/bugreport/crash.jsp
#

---------------  T H R E A D  ---------------

Current thread is native thread

siginfo: si_signo: 11 (SIGSEGV), si_code: 1 (SEGV_MAPERR), si_addr: 0x0000000000000000

Registers:
RAX=0x00007f92e2654ce0, RBX=0x0000000000000000, RCX=0x0000000000000008, RDX=0x00007fff79957118
RSP=0x00007fff5974a540, RBP=0x00007fff5974a560, RSI=0x00007fff95183fe2, RDI=0x00007f92e3800070
R8 =0x00007fff5974a3e0, R9 =0x00007fff79c67300, R10=0x00007f92e2714180, R11=0x00007fff7994a5e0
R12=0x00007f92e240aa40, R13=0x00000000000f4265, R14=0x00007f92e2524a90, R15=0x00007f92e2654ce0
RIP=0x000000011e4e779b, EFLAGS=0x0000000000010206, ERR=0x0000000000000004
  TRAPNO=0x000000000000000e

Top of Stack: (sp=0x00007fff5974a540)
0x00007fff5974a540:   00007fff5974a730 00007f92e240aa40
0x00007fff5974a550:   00007f92e26505a0 00007fff5974a6a0
0x00007fff5974a560:   00007fff5974a570 00007fff8860d45c
0x00007fff5974a570:   00007fff5974a8d0 00007fff884fd634
0x00007fff5974a580:   0000000000000004 00007fff5974a6a0
0x00007fff5974a590:   00007f92e2578c10 0000000000000000
0x00007fff5974a5a0:   00000001064cfa00 00000000000008e8
0x00007fff5974a5b0:   00000001064cc000 00007f92e26505a0
0x00007fff5974a5c0:   0000000000000000 00007fff5974a6a0
0x00007fff5974a5d0:   0000000000000000 00007f92e2650520
0x00007fff5974a5e0:   00007fff5974a720 000000000000005f
0x00007fff5974a5f0:   00000000000f4308 00007f92e27b58a0
0x00007fff5974a600:   00007f92e27495a0 00007f92e240aa40
0x00007fff5974a610:   0000000000000001 00000000000f4265
0x00007fff5974a620:   00007f92e240aa30 0000000000001400
0x00007fff5974a630:   d100b606fa3e3d51 21eb0d26c23ae422
0x00007fff5974a640:   0000000000001002 00000001064d0e00
0x00007fff5974a650:   00007f92e256e910 0000000000000018
0x00007fff5974a660:   0000000100000017 00000001064cc000
0x00007fff5974a670:   0000000000000002 0000000000000010
0x00007fff5974a680:   0001240388cccb28 00007f92e240aa64
0x00007fff5974a690:   0000000000000000 0000000000000000
0x00007fff5974a6a0:   00007f92e26505a0 0000000000000001
0x00007fff5974a6b0:   00000001064cc000 0000000000000001
0x00007fff5974a6c0:   00007fff5974a6f0 00007fff8e112acb
0x00007fff5974a6d0:   00000001064cfa00 0000000000000001
0x00007fff5974a6e0:   00000001064cc000 00007f92e4b138b1
0x00007fff5974a6f0:   0000000000000003 00000001064d0e00
0x00007fff5974a700:   00007fff5974a7f0 00007fff8e1112a2
0x00007fff5974a710:   00007fff5974a730 00007fff908efc12
0x00007fff5974a720:   0000000000000014 0000000000000000
0x00007fff5974a730:   00000000000f4265 00007fff884f310f 

Instructions: (pc=0x000000011e4e779b)
0x000000011e4e777b:   8d 35 3f f9 03 00 ff 15 39 f9 03 00 48 8b 35 82
0x000000011e4e778b:   e8 03 00 48 89 c7 30 c0 e8 b0 49 02 00 49 89 c7
0x000000011e4e779b:   48 8b 03 4c 8b a0 e8 01 00 00 48 8b 35 54 ea 03
0x000000011e4e77ab:   00 48 8b 3d 75 fa 03 00 30 c0 e8 8e 49 02 00 48 

Register to memory mapping:

RAX=0x00007f92e2654ce0 is an unknown value
RBX=0x0000000000000000 is an unknown value
RCX=0x0000000000000008 is an unknown value
RDX=0x00007fff79957118: _NSAPCache+0x18 in /System/Library/Frameworks/Foundation.framework/Versions/C/Foundation at 0x00007fff929e1000
RSP=0x00007fff5974a540 is an unknown value
RBP=0x00007fff5974a560 is an unknown value
RSI=0x00007fff95183fe2: kFigMPEG2MetadataDescriptor+0xb7f02 in /System/Library/Frameworks/MediaToolbox.framework/Versions/A/MediaToolbox at 0x00007fff94c9a000
RDI=0x00007f92e3800070 is an unknown value
R8 =0x00007fff5974a3e0 is an unknown value
R9 =0x00007fff79c67300: _thread+0 in /usr/lib/system/libsystem_pthread.dylib at 0x00007fff9390d000
R10=0x00007f92e2714180 is an unknown value
R11=0x00007fff7994a5e0: OBJC_CLASS_$_NSAutoreleasePool+0 in /System/Library/Frameworks/Foundation.framework/Versions/C/Foundation at 0x00007fff929e1000
R12=0x00007f92e240aa40 is an unknown value
R13=0x00000000000f4265 is an unknown value
R14=0x00007f92e2524a90 is an unknown value
R15=0x00007f92e2654ce0 is an unknown value


Stack: [0x00007fff58f4e000,0x00007fff5974e000],  sp=0x00007fff5974a540,  free space=8177k
Native frames: (J=compiled Java code, j=interpreted, Vv=VM code, C=native code)
C  [libglass.dylib+0x579b]  -[GlassApplication applicationWillHide:]+0x7b
C  [CoreFoundation+0x12045c]  __CFNOTIFICATIONCENTER_IS_CALLING_OUT_TO_AN_OBSERVER__+0xc
C  [CoreFoundation+0x10634]  _CFXNotificationPost+0xc44
C  [Foundation+0x79d1]  -[NSNotificationCenter postNotificationName:object:userInfo:]+0x42
C  [AppKit+0x485dc6]  -[NSApplication _doHideMaybeFakingIt:]+0x186
C  [AppKit+0x16015a]  _hideShowHandler+0xac
C  [HIToolbox+0x8b6c]  DispatchEventToHandlers(EventTargetRec*, OpaqueEventRef*, HandlerCallRec*)+0x4ec
C  [HIToolbox+0x7fae]  SendEventToEventTargetInternal(OpaqueEventRef*, OpaqueEventTargetRef*, HandlerCallRec*)+0x182
C  [HIToolbox+0x1dcb6]  SendEventToEventTarget+0x28
C  [AppKit+0x91bd1]  _DPSNextEvent+0x5e8
C  [AppKit+0x90f68]  -[NSApplication nextEventMatchingMask:untilDate:inMode:dequeue:]+0x15a
C  [AppKit+0x86bf3]  -[NSApplication run]+0x252
C  [libosxapp.dylib+0x223e]  +[NSApplicationAWT runAWTLoopWithApp:]+0x9c
C  [libawt_lwawt.dylib+0x4494f]  -[AWTStarter starter:]+0x389
C  [Foundation+0x92d00]  __NSThreadPerformPerform+0x125
C  [CoreFoundation+0x80a01]  __CFRUNLOOP_IS_CALLING_OUT_TO_A_SOURCE0_PERFORM_FUNCTION__+0x11
C  [CoreFoundation+0x72b8d]  __CFRunLoopDoSources0+0x10d
C  [CoreFoundation+0x721bf]  __CFRunLoopRun+0x39f
C  [CoreFoundation+0x71bd8]  CFRunLoopRunSpecific+0x128
C  [java+0x56cc]  CreateExecutionEnvironment+0x367
C  [java+0x165c]  JLI_Launch+0x7a0
C  [java+0x768a]  main+0x65
C  [java+0xeb4]  start+0x34


---------------  P R O C E S S  ---------------

VM state:not at safepoint (normal execution)

VM Mutex/Monitor currently owned by a thread: None

Heap:
 PSYoungGen      total 172032K, used 30543K [0x00000007aab00000, 0x00000007b5700000, 0x00000007c0000000)
  eden space 167936K, 18% used [0x00000007aab00000,0x00000007ac8c3d68,0x00000007b4f00000)
  from space 4096K, 1% used [0x00000007b5300000,0x00000007b5310000,0x00000007b5700000)
  to   space 4096K, 0% used [0x00000007b4f00000,0x00000007b4f00000,0x00000007b5300000)
 ParOldGen       total 44032K, used 2900K [0x0000000780000000, 0x0000000782b00000, 0x00000007aab00000)
  object space 44032K, 6% used [0x0000000780000000,0x00000007802d51e8,0x0000000782b00000)
 Metaspace       used 11122K, capacity 11568K, committed 11904K, reserved 1058816K
  class space    used 1477K, capacity 1579K, committed 1664K, reserved 1048576K

Card table byte_map: [0x00000001173c0000,0x00000001175c1000] byte_map_base: 0x00000001137c0000

Marking Bits: (ParMarkBitMap*) 0x0000000106e4e410
 Begin Bits: [0x00000001179cd000, 0x00000001189cd000)
 End Bits:   [0x00000001189cd000, 0x00000001199cd000)

Polling page: 0x0000000107614000

CodeCache: size=245760Kb used=2954Kb max_used=2966Kb free=242805Kb
 bounds [0x0000000108000000, 0x00000001082f0000, 0x0000000117000000]
 total_blobs=1260 nmethods=761 adapters=415
 compilation: enabled

Compilation events (10 events):
Event: 6.204 Thread 0x00007f92e2825000  757       3       java.lang.invoke.LambdaForm$BMH/1554340815::reinvoke (26 bytes)
Event: 6.204 Thread 0x00007f92e2825000 nmethod 757 0x00000001082e1fd0 code [0x00000001082e2180, 0x00000001082e28a8]
Event: 6.204 Thread 0x00007f92e2825000  759       3       java.util.concurrent.locks.AbstractQueuedSynchronizer::enq (58 bytes)
Event: 6.205 Thread 0x00007f92e2825000 nmethod 759 0x00000001082e16d0 code [0x00000001082e1860, 0x00000001082e1db0]
Event: 6.205 Thread 0x00007f92e2825000  758       3       java.util.concurrent.locks.AbstractQueuedSynchronizer$ConditionObject::doSignal (43 bytes)
Event: 6.205 Thread 0x00007f92e2825000 nmethod 758 0x00000001082e1090 code [0x00000001082e1220, 0x00000001082e15a8]
Event: 6.205 Thread 0x00007f92e2825000  760       3       java.util.concurrent.locks.LockSupport::unpark (12 bytes)
Event: 6.205 Thread 0x00007f92e2825000 nmethod 760 0x00000001082e0c50 code [0x00000001082e0dc0, 0x00000001082e0fe8]
Event: 6.333 Thread 0x00007f92e2824800  761       4       sun.misc.MetaIndex::mayContain (51 bytes)
Event: 6.343 Thread 0x00007f92e2824800 nmethod 761 0x00000001082e60d0 code [0x00000001082e6240, 0x00000001082e65b8]

GC Heap History (10 events):
Event: 2.817 GC heap before
{Heap before GC invocations=8 (full 0):
 PSYoungGen      total 35840K, used 32864K [0x00000007aab00000, 0x00000007af200000, 0x00000007c0000000)
  eden space 32768K, 100% used [0x00000007aab00000,0x00000007acb00000,0x00000007acb00000)
  from space 3072K, 3% used [0x00000007acb00000,0x00000007acb18000,0x00000007ace00000)
  to   space 3584K, 0% used [0x00000007aee80000,0x00000007aee80000,0x00000007af200000)
 ParOldGen       total 44032K, used 2820K [0x0000000780000000, 0x0000000782b00000, 0x00000007aab00000)
  object space 44032K, 6% used [0x0000000780000000,0x00000007802c11e8,0x0000000782b00000)
 Metaspace       used 10864K, capacity 11198K, committed 11392K, reserved 1058816K
  class space    used 1453K, capacity 1572K, committed 1664K, reserved 1048576K
Event: 2.818 GC heap after
Heap after GC invocations=8 (full 0):
 PSYoungGen      total 69120K, used 96K [0x00000007aab00000, 0x00000007af200000, 0x00000007c0000000)
  eden space 65536K, 0% used [0x00000007aab00000,0x00000007aab00000,0x00000007aeb00000)
  from space 3584K, 2% used [0x00000007aee80000,0x00000007aee98000,0x00000007af200000)
  to   space 3584K, 0% used [0x00000007aeb00000,0x00000007aeb00000,0x00000007aee80000)
 ParOldGen       total 44032K, used 2844K [0x0000000780000000, 0x0000000782b00000, 0x00000007aab00000)
  object space 44032K, 6% used [0x0000000780000000,0x00000007802c71e8,0x0000000782b00000)
 Metaspace       used 10864K, capacity 11198K, committed 11392K, reserved 1058816K
  class space    used 1453K, capacity 1572K, committed 1664K, reserved 1048576K
}
Event: 2.881 GC heap before
{Heap before GC invocations=9 (full 0):
 PSYoungGen      total 69120K, used 65632K [0x00000007aab00000, 0x00000007af200000, 0x00000007c0000000)
  eden space 65536K, 100% used [0x00000007aab00000,0x00000007aeb00000,0x00000007aeb00000)
  from space 3584K, 2% used [0x00000007aee80000,0x00000007aee98000,0x00000007af200000)
  to   space 3584K, 0% used [0x00000007aeb00000,0x00000007aeb00000,0x00000007aee80000)
 ParOldGen       total 44032K, used 2844K [0x0000000780000000, 0x0000000782b00000, 0x00000007aab00000)
  object space 44032K, 6% used [0x0000000780000000,0x00000007802c71e8,0x0000000782b00000)
 Metaspace       used 10873K, capacity 11206K, committed 11392K, reserved 1058816K
  class space    used 1453K, capacity 1572K, committed 1664K, reserved 1048576K
Event: 2.881 GC heap after
Heap after GC invocations=9 (full 0):
 PSYoungGen      total 69120K, used 96K [0x00000007aab00000, 0x00000007b1980000, 0x00000007c0000000)
  eden space 65536K, 0% used [0x00000007aab00000,0x00000007aab00000,0x00000007aeb00000)
  from space 3584K, 2% used [0x00000007aeb00000,0x00000007aeb18000,0x00000007aee80000)
  to   space 4096K, 0% used [0x00000007b1580000,0x00000007b1580000,0x00000007b1980000)
 ParOldGen       total 44032K, used 2860K [0x0000000780000000, 0x0000000782b00000, 0x00000007aab00000)
  object space 44032K, 6% used [0x0000000780000000,0x00000007802cb1e8,0x0000000782b00000)
 Metaspace       used 10873K, capacity 11206K, committed 11392K, reserved 1058816K
  class space    used 1453K, capacity 1572K, committed 1664K, reserved 1048576K
}
Event: 2.979 GC heap before
{Heap before GC invocations=10 (full 0):
 PSYoungGen      total 69120K, used 65632K [0x00000007aab00000, 0x00000007b1980000, 0x00000007c0000000)
  eden space 65536K, 100% used [0x00000007aab00000,0x00000007aeb00000,0x00000007aeb00000)
  from space 3584K, 2% used [0x00000007aeb00000,0x00000007aeb18000,0x00000007aee80000)
  to   space 4096K, 0% used [0x00000007b1580000,0x00000007b1580000,0x00000007b1980000)
 ParOldGen       total 44032K, used 2860K [0x0000000780000000, 0x0000000782b00000, 0x00000007aab00000)
  object space 44032K, 6% used [0x0000000780000000,0x00000007802cb1e8,0x0000000782b00000)
 Metaspace       used 10873K, capacity 11206K, committed 11392K, reserved 1058816K
  class space    used 1453K, capacity 1572K, committed 1664K, reserved 1048576K
Event: 2.980 GC heap after
Heap after GC invocations=10 (full 0):
 PSYoungGen      total 109056K, used 96K [0x00000007aab00000, 0x00000007b1980000, 0x00000007c0000000)
  eden space 104960K, 0% used [0x00000007aab00000,0x00000007aab00000,0x00000007b1180000)
  from space 4096K, 2% used [0x00000007b1580000,0x00000007b1598000,0x00000007b1980000)
  to   space 4096K, 0% used [0x00000007b1180000,0x00000007b1180000,0x00000007b1580000)
 ParOldGen       total 44032K, used 2868K [0x0000000780000000, 0x0000000782b00000, 0x00000007aab00000)
  object space 44032K, 6% used [0x0000000780000000,0x00000007802cd1e8,0x0000000782b00000)
 Metaspace       used 10873K, capacity 11206K, committed 11392K, reserved 1058816K
  class space    used 1453K, capacity 1572K, committed 1664K, reserved 1048576K
}
Event: 3.051 GC heap before
{Heap before GC invocations=11 (full 0):
 PSYoungGen      total 109056K, used 105056K [0x00000007aab00000, 0x00000007b1980000, 0x00000007c0000000)
  eden space 104960K, 100% used [0x00000007aab00000,0x00000007b1180000,0x00000007b1180000)
  from space 4096K, 2% used [0x00000007b1580000,0x00000007b1598000,0x00000007b1980000)
  to   space 4096K, 0% used [0x00000007b1180000,0x00000007b1180000,0x00000007b1580000)
 ParOldGen       total 44032K, used 2868K [0x0000000780000000, 0x0000000782b00000, 0x00000007aab00000)
  object space 44032K, 6% used [0x0000000780000000,0x00000007802cd1e8,0x0000000782b00000)
 Metaspace       used 10873K, capacity 11206K, committed 11392K, reserved 1058816K
  class space    used 1453K, capacity 1572K, committed 1664K, reserved 1048576K
Event: 3.052 GC heap after
Heap after GC invocations=11 (full 0):
 PSYoungGen      total 109056K, used 64K [0x00000007aab00000, 0x00000007b5700000, 0x00000007c0000000)
  eden space 104960K, 0% used [0x00000007aab00000,0x00000007aab00000,0x00000007b1180000)
  from space 4096K, 1% used [0x00000007b1180000,0x00000007b1190000,0x00000007b1580000)
  to   space 4096K, 0% used [0x00000007b5300000,0x00000007b5300000,0x00000007b5700000)
 ParOldGen       total 44032K, used 2884K [0x0000000780000000, 0x0000000782b00000, 0x00000007aab00000)
  object space 44032K, 6% used [0x0000000780000000,0x00000007802d11e8,0x0000000782b00000)
 Metaspace       used 10873K, capacity 11206K, committed 11392K, reserved 1058816K
  class space    used 1453K, capacity 1572K, committed 1664K, reserved 1048576K
}
Event: 3.114 GC heap before
{Heap before GC invocations=12 (full 0):
 PSYoungGen      total 109056K, used 105024K [0x00000007aab00000, 0x00000007b5700000, 0x00000007c0000000)
  eden space 104960K, 100% used [0x00000007aab00000,0x00000007b1180000,0x00000007b1180000)
  from space 4096K, 1% used [0x00000007b1180000,0x00000007b1190000,0x00000007b1580000)
  to   space 4096K, 0% used [0x00000007b5300000,0x00000007b5300000,0x00000007b5700000)
 ParOldGen       total 44032K, used 2884K [0x0000000780000000, 0x0000000782b00000, 0x00000007aab00000)
  object space 44032K, 6% used [0x0000000780000000,0x00000007802d11e8,0x0000000782b00000)
 Metaspace       used 10874K, capacity 11210K, committed 11392K, reserved 1058816K
  class space    used 1453K, capacity 1572K, committed 1664K, reserved 1048576K
Event: 3.114 GC heap after
Heap after GC invocations=12 (full 0):
 PSYoungGen      total 172032K, used 64K [0x00000007aab00000, 0x00000007b5700000, 0x00000007c0000000)
  eden space 167936K, 0% used [0x00000007aab00000,0x00000007aab00000,0x00000007b4f00000)
  from space 4096K, 1% used [0x00000007b5300000,0x00000007b5310000,0x00000007b5700000)
  to   space 4096K, 0% used [0x00000007b4f00000,0x00000007b4f00000,0x00000007b5300000)
 ParOldGen       total 44032K, used 2900K [0x0000000780000000, 0x0000000782b00000, 0x00000007aab00000)
  object space 44032K, 6% used [0x0000000780000000,0x00000007802d51e8,0x0000000782b00000)
 Metaspace       used 10874K, capacity 11210K, committed 11392K, reserved 1058816K
  class space    used 1453K, capacity 1572K, committed 1664K, reserved 1048576K
}

Deoptimization events (1 events):
Event: 6.087 Thread 0x00007f92e2907800 Uncommon trap: reason=class_check action=maybe_recompile pc=0x000000010829e8c8 method=java.util.HashMap.getNode(ILjava/lang/Object;)Ljava/util/HashMap$Node; @ 126

Internal exceptions (10 events):
Event: 0.827 Thread 0x00007f92e2907800 Exception <a 'java/security/PrivilegedActionException'> (0x00000007ab7f1090) thrown at [/Users/java_re/workspace/8-2-build-macosx-x86_64/jdk8u31/2394/hotspot/src/share/vm/prims/jvm.cpp, line 1312]
Event: 0.831 Thread 0x00007f92e2907800 Exception <a 'java/security/PrivilegedActionException'> (0x00000007ab8161e8) thrown at [/Users/java_re/workspace/8-2-build-macosx-x86_64/jdk8u31/2394/hotspot/src/share/vm/prims/jvm.cpp, line 1312]
Event: 1.129 Thread 0x00007f92e3925800 Exception <a 'java/lang/UnsatisfiedLinkError': com.sun.media.jfxmedia.logging.Logger.nativeSetNativeLevel(I)V> (0x00000007abae9a38) thrown at [/Users/java_re/workspace/8-2-build-macosx-x86_64/jdk8u31/2394/hotspot/src/share/vm/prims/nativeLookup.cpp, line 
Event: 1.159 Thread 0x00007f92e29b6000 Exception <a 'java/security/PrivilegedActionException'> (0x00000007aab3c3e0) thrown at [/Users/java_re/workspace/8-2-build-macosx-x86_64/jdk8u31/2394/hotspot/src/share/vm/prims/jvm.cpp, line 1312]
Event: 1.159 Thread 0x00007f92e29b6000 Exception <a 'java/security/PrivilegedActionException'> (0x00000007aab3dcd8) thrown at [/Users/java_re/workspace/8-2-build-macosx-x86_64/jdk8u31/2394/hotspot/src/share/vm/prims/jvm.cpp, line 1312]
Event: 1.159 Thread 0x00007f92e29b6000 Exception <a 'java/security/PrivilegedActionException'> (0x00000007aab3f828) thrown at [/Users/java_re/workspace/8-2-build-macosx-x86_64/jdk8u31/2394/hotspot/src/share/vm/prims/jvm.cpp, line 1312]
Event: 6.331 Thread 0x00007f92e3805800 Exception <a 'java/security/PrivilegedActionException'> (0x00000007ac6eb860) thrown at [/Users/java_re/workspace/8-2-build-macosx-x86_64/jdk8u31/2394/hotspot/src/share/vm/prims/jvm.cpp, line 1312]
Event: 6.332 Thread 0x00007f92e3805800 Exception <a 'java/security/PrivilegedActionException'> (0x00000007ac6ef1b0) thrown at [/Users/java_re/workspace/8-2-build-macosx-x86_64/jdk8u31/2394/hotspot/src/share/vm/prims/jvm.cpp, line 1312]
Event: 6.333 Thread 0x00007f92e3805800 Exception <a 'java/security/PrivilegedActionException'> (0x00000007ac6f1b40) thrown at [/Users/java_re/workspace/8-2-build-macosx-x86_64/jdk8u31/2394/hotspot/src/share/vm/prims/jvm.cpp, line 1312]
Event: 6.334 Thread 0x00007f92e3805800 Exception <a 'java/security/PrivilegedActionException'> (0x00000007ac6f9c30) thrown at [/Users/java_re/workspace/8-2-build-macosx-x86_64/jdk8u31/2394/hotspot/src/share/vm/prims/jvm.cpp, line 1312]

Events (10 events):
Event: 6.340 loading class java/util/ListResourceBundle done
Event: 6.340 loading class sun/awt/resources/awt done
Event: 6.340 loading class java/awt/Toolkit$3
Event: 6.340 loading class java/awt/Toolkit$3 done
Event: 6.344 loading class sun/misc/ThreadGroupUtils
Event: 6.344 loading class sun/misc/ThreadGroupUtils done
Event: 6.344 loading class java/awt/GraphicsEnvironment
Event: 6.344 loading class java/awt/GraphicsEnvironment done
Event: 6.344 loading class java/awt/GraphicsEnvironment$1
Event: 6.344 loading class java/awt/GraphicsEnvironment$1 done


Dynamic libraries:
0x0000000007f27000 	/System/Library/Frameworks/Cocoa.framework/Versions/A/Cocoa
0x0000000007f27000 	/System/Library/Frameworks/Security.framework/Versions/A/Security
0x0000000007f27000 	/System/Library/Frameworks/ApplicationServices.framework/Versions/A/ApplicationServices
0x0000000007f27000 	/usr/lib/libz.1.dylib
0x0000000007f27000 	/usr/lib/libSystem.B.dylib
0x0000000007f27000 	/usr/lib/libobjc.A.dylib
0x0000000007f27000 	/System/Library/Frameworks/CoreFoundation.framework/Versions/A/CoreFoundation
0x0000000007f27000 	/System/Library/Frameworks/Foundation.framework/Versions/C/Foundation
0x0000000007f27000 	/System/Library/Frameworks/AppKit.framework/Versions/C/AppKit
0x0000000007f27000 	/System/Library/Frameworks/CoreData.framework/Versions/A/CoreData
0x0000000007f27000 	/System/Library/PrivateFrameworks/RemoteViewServices.framework/Versions/A/RemoteViewServices
0x0000000007f27000 	/System/Library/PrivateFrameworks/UIFoundation.framework/Versions/A/UIFoundation
0x0000000007f27000 	/System/Library/Frameworks/IOSurface.framework/Versions/A/IOSurface
0x0000000007f27000 	/System/Library/Frameworks/AudioToolbox.framework/Versions/A/AudioToolbox
0x0000000007f27000 	/System/Library/Frameworks/AudioUnit.framework/Versions/A/AudioUnit
0x0000000007f27000 	/System/Library/PrivateFrameworks/DataDetectorsCore.framework/Versions/A/DataDetectorsCore
0x0000000007f27000 	/System/Library/PrivateFrameworks/DesktopServicesPriv.framework/Versions/A/DesktopServicesPriv
0x0000000007f27000 	/System/Library/Frameworks/Carbon.framework/Versions/A/Frameworks/HIToolbox.framework/Versions/A/HIToolbox
0x0000000007f27000 	/System/Library/Frameworks/QuartzCore.framework/Versions/A/QuartzCore
0x0000000007f27000 	/System/Library/Frameworks/Carbon.framework/Versions/A/Frameworks/SpeechRecognition.framework/Versions/A/SpeechRecognition
0x0000000007f27000 	/usr/lib/libauto.dylib
0x0000000007f27000 	/usr/lib/libicucore.A.dylib
0x0000000007f27000 	/usr/lib/libxml2.2.dylib
0x0000000007f27000 	/System/Library/PrivateFrameworks/CoreUI.framework/Versions/A/CoreUI
0x0000000007f27000 	/System/Library/Frameworks/CoreAudio.framework/Versions/A/CoreAudio
0x0000000007f27000 	/System/Library/Frameworks/DiskArbitration.framework/Versions/A/DiskArbitration
0x0000000007f27000 	/usr/lib/liblangid.dylib
0x0000000007f27000 	/System/Library/PrivateFrameworks/MultitouchSupport.framework/Versions/A/MultitouchSupport
0x0000000007f27000 	/System/Library/Frameworks/IOKit.framework/Versions/A/IOKit
0x0000000007f27000 	/usr/lib/libDiagnosticMessagesClient.dylib
0x0000000007f27000 	/System/Library/Frameworks/CoreServices.framework/Versions/A/CoreServices
0x0000000007f27000 	/System/Library/PrivateFrameworks/PerformanceAnalysis.framework/Versions/A/PerformanceAnalysis
0x0000000007f27000 	/System/Library/PrivateFrameworks/GenerationalStorage.framework/Versions/A/GenerationalStorage
0x0000000007f27000 	/System/Library/Frameworks/OpenGL.framework/Versions/A/OpenGL
0x0000000007f27000 	/System/Library/PrivateFrameworks/Sharing.framework/Versions/A/Sharing
0x0000000007f27000 	/System/Library/Frameworks/CoreGraphics.framework/Versions/A/CoreGraphics
0x0000000007f27000 	/System/Library/Frameworks/CoreText.framework/Versions/A/CoreText
0x0000000007f27000 	/System/Library/Frameworks/ImageIO.framework/Versions/A/ImageIO
0x0000000007f27000 	/usr/lib/libextension.dylib
0x0000000007f27000 	/System/Library/PrivateFrameworks/Backup.framework/Versions/A/Backup
0x0000000007f27000 	/usr/lib/libarchive.2.dylib
0x0000000007f27000 	/System/Library/Frameworks/CFNetwork.framework/Versions/A/CFNetwork
0x0000000007f27000 	/System/Library/Frameworks/SystemConfiguration.framework/Versions/A/SystemConfiguration
0x0000000007f27000 	/usr/lib/libCRFSuite.dylib
0x0000000007f27000 	/usr/lib/libc++.1.dylib
0x0000000007f27000 	/usr/lib/libc++abi.dylib
0x0000000007f27000 	/usr/lib/system/libcache.dylib
0x0000000007f27000 	/usr/lib/system/libcommonCrypto.dylib
0x0000000007f27000 	/usr/lib/system/libcompiler_rt.dylib
0x0000000007f27000 	/usr/lib/system/libcopyfile.dylib
0x0000000007f27000 	/usr/lib/system/libcorecrypto.dylib
0x0000000007f27000 	/usr/lib/system/libdispatch.dylib
0x0000000007f27000 	/usr/lib/system/libdyld.dylib
0x0000000007f27000 	/usr/lib/system/libkeymgr.dylib
0x0000000007f27000 	/usr/lib/system/liblaunch.dylib
0x0000000007f27000 	/usr/lib/system/libmacho.dylib
0x0000000007f27000 	/usr/lib/system/libquarantine.dylib
0x0000000007f27000 	/usr/lib/system/libremovefile.dylib
0x0000000007f27000 	/usr/lib/system/libsystem_asl.dylib
0x0000000007f27000 	/usr/lib/system/libsystem_blocks.dylib
0x0000000007f27000 	/usr/lib/system/libsystem_c.dylib
0x0000000007f27000 	/usr/lib/system/libsystem_configuration.dylib
0x0000000007f27000 	/usr/lib/system/libsystem_coreservices.dylib
0x0000000007f27000 	/usr/lib/system/libsystem_coretls.dylib
0x0000000007f27000 	/usr/lib/system/libsystem_dnssd.dylib
0x0000000007f27000 	/usr/lib/system/libsystem_info.dylib
0x0000000007f27000 	/usr/lib/system/libsystem_kernel.dylib
0x0000000007f27000 	/usr/lib/system/libsystem_m.dylib
0x0000000007f27000 	/usr/lib/system/libsystem_malloc.dylib
0x0000000007f27000 	/usr/lib/system/libsystem_network.dylib
0x0000000007f27000 	/usr/lib/system/libsystem_networkextension.dylib
0x0000000007f27000 	/usr/lib/system/libsystem_notify.dylib
0x0000000007f27000 	/usr/lib/system/libsystem_platform.dylib
0x0000000007f27000 	/usr/lib/system/libsystem_pthread.dylib
0x0000000007f27000 	/usr/lib/system/libsystem_sandbox.dylib
0x0000000007f27000 	/usr/lib/system/libsystem_secinit.dylib
0x0000000007f27000 	/usr/lib/system/libsystem_stats.dylib
0x0000000007f27000 	/usr/lib/system/libsystem_trace.dylib
0x0000000007f27000 	/usr/lib/system/libunc.dylib
0x0000000007f27000 	/usr/lib/system/libunwind.dylib
0x0000000007f27000 	/usr/lib/system/libxpc.dylib
0x0000000007f27000 	/usr/lib/libbz2.1.0.dylib
0x0000000007f27000 	/usr/lib/liblzma.5.dylib
0x0000000007f27000 	/usr/lib/libbsm.0.dylib
0x0000000007f27000 	/usr/lib/libsqlite3.dylib
0x0000000007f27000 	/usr/lib/system/libkxld.dylib
0x0000000007f27000 	/usr/lib/libxar.1.dylib
0x0000000007f27000 	/usr/lib/libpam.2.dylib
0x0000000007f27000 	/usr/lib/libOpenScriptingUtil.dylib
0x0000000007f27000 	/System/Library/Frameworks/CoreServices.framework/Versions/A/Frameworks/FSEvents.framework/Versions/A/FSEvents
0x0000000007f27000 	/System/Library/Frameworks/CoreServices.framework/Versions/A/Frameworks/CarbonCore.framework/Versions/A/CarbonCore
0x0000000007f27000 	/System/Library/Frameworks/CoreServices.framework/Versions/A/Frameworks/Metadata.framework/Versions/A/Metadata
0x0000000007f27000 	/System/Library/Frameworks/CoreServices.framework/Versions/A/Frameworks/OSServices.framework/Versions/A/OSServices
0x0000000007f27000 	/System/Library/Frameworks/CoreServices.framework/Versions/A/Frameworks/SearchKit.framework/Versions/A/SearchKit
0x0000000007f27000 	/System/Library/Frameworks/CoreServices.framework/Versions/A/Frameworks/AE.framework/Versions/A/AE
0x0000000007f27000 	/System/Library/Frameworks/CoreServices.framework/Versions/A/Frameworks/LaunchServices.framework/Versions/A/LaunchServices
0x0000000007f27000 	/System/Library/Frameworks/CoreServices.framework/Versions/A/Frameworks/DictionaryServices.framework/Versions/A/DictionaryServices
0x0000000007f27000 	/System/Library/Frameworks/NetFS.framework/Versions/A/NetFS
0x0000000007f27000 	/System/Library/PrivateFrameworks/NetAuth.framework/Versions/A/NetAuth
0x0000000007f27000 	/System/Library/PrivateFrameworks/login.framework/Versions/A/Frameworks/loginsupport.framework/Versions/A/loginsupport
0x0000000007f27000 	/System/Library/PrivateFrameworks/TCC.framework/Versions/A/TCC
0x0000000007f27000 	/usr/lib/libmecabra.dylib
0x0000000007f27000 	/System/Library/Frameworks/ApplicationServices.framework/Versions/A/Frameworks/ATS.framework/Versions/A/ATS
0x0000000007f27000 	/System/Library/Frameworks/ApplicationServices.framework/Versions/A/Frameworks/ColorSync.framework/Versions/A/ColorSync
0x0000000007f27000 	/System/Library/Frameworks/ApplicationServices.framework/Versions/A/Frameworks/HIServices.framework/Versions/A/HIServices
0x0000000007f27000 	/System/Library/Frameworks/ApplicationServices.framework/Versions/A/Frameworks/LangAnalysis.framework/Versions/A/LangAnalysis
0x0000000007f27000 	/System/Library/Frameworks/ApplicationServices.framework/Versions/A/Frameworks/PrintCore.framework/Versions/A/PrintCore
0x0000000007f27000 	/System/Library/Frameworks/ApplicationServices.framework/Versions/A/Frameworks/QD.framework/Versions/A/QD
0x0000000007f27000 	/System/Library/Frameworks/ApplicationServices.framework/Versions/A/Frameworks/SpeechSynthesis.framework/Versions/A/SpeechSynthesis
0x0000000007f27000 	/System/Library/Frameworks/Accelerate.framework/Versions/A/Accelerate
0x0000000007f27000 	/System/Library/Frameworks/Accelerate.framework/Versions/A/Frameworks/vImage.framework/Versions/A/vImage
0x0000000007f27000 	/System/Library/Frameworks/Accelerate.framework/Versions/A/Frameworks/vecLib.framework/Versions/A/vecLib
0x0000000007f27000 	/System/Library/Frameworks/Accelerate.framework/Versions/A/Frameworks/vecLib.framework/Versions/A/libvDSP.dylib
0x0000000007f27000 	/System/Library/Frameworks/Accelerate.framework/Versions/A/Frameworks/vecLib.framework/Versions/A/libvMisc.dylib
0x0000000007f27000 	/System/Library/Frameworks/Accelerate.framework/Versions/A/Frameworks/vecLib.framework/Versions/A/libLAPACK.dylib
0x0000000007f27000 	/System/Library/Frameworks/Accelerate.framework/Versions/A/Frameworks/vecLib.framework/Versions/A/libBLAS.dylib
0x0000000007f27000 	/System/Library/Frameworks/Accelerate.framework/Versions/A/Frameworks/vecLib.framework/Versions/A/libLinearAlgebra.dylib
0x0000000007f27000 	/System/Library/Frameworks/ApplicationServices.framework/Versions/A/Frameworks/ATS.framework/Versions/A/Resources/libFontParser.dylib
0x0000000007f27000 	/System/Library/Frameworks/ApplicationServices.framework/Versions/A/Frameworks/ATS.framework/Versions/A/Resources/libFontRegistry.dylib
0x0000000007f27000 	/System/Library/PrivateFrameworks/AppleVPA.framework/Versions/A/AppleVPA
0x0000000007f27000 	/System/Library/PrivateFrameworks/AppleJPEG.framework/Versions/A/AppleJPEG
0x0000000007f27000 	/System/Library/Frameworks/ImageIO.framework/Versions/A/Resources/libJPEG.dylib
0x0000000007f27000 	/System/Library/Frameworks/ImageIO.framework/Versions/A/Resources/libTIFF.dylib
0x0000000007f27000 	/System/Library/Frameworks/ImageIO.framework/Versions/A/Resources/libPng.dylib
0x0000000007f27000 	/System/Library/Frameworks/ImageIO.framework/Versions/A/Resources/libGIF.dylib
0x0000000007f27000 	/System/Library/Frameworks/ImageIO.framework/Versions/A/Resources/libJP2.dylib
0x0000000007f27000 	/System/Library/Frameworks/ImageIO.framework/Versions/A/Resources/libRadiance.dylib
0x0000000007f27000 	/System/Library/Frameworks/CoreVideo.framework/Versions/A/CoreVideo
0x0000000007f27000 	/System/Library/Frameworks/OpenGL.framework/Versions/A/Libraries/libGLU.dylib
0x0000000007f27000 	/System/Library/Frameworks/OpenGL.framework/Versions/A/Libraries/libGFXShared.dylib
0x0000000007f27000 	/System/Library/Frameworks/OpenGL.framework/Versions/A/Libraries/libGL.dylib
0x0000000007f27000 	/System/Library/Frameworks/OpenGL.framework/Versions/A/Libraries/libGLImage.dylib
0x0000000007f27000 	/System/Library/Frameworks/OpenGL.framework/Versions/A/Libraries/libCVMSPluginSupport.dylib
0x0000000007f27000 	/System/Library/Frameworks/OpenGL.framework/Versions/A/Libraries/libCoreVMClient.dylib
0x0000000007f27000 	/usr/lib/libcups.2.dylib
0x0000000007f27000 	/System/Library/Frameworks/Kerberos.framework/Versions/A/Kerberos
0x0000000007f27000 	/System/Library/Frameworks/GSS.framework/Versions/A/GSS
0x0000000007f27000 	/usr/lib/libresolv.9.dylib
0x0000000007f27000 	/usr/lib/libiconv.2.dylib
0x0000000007f27000 	/System/Library/PrivateFrameworks/Heimdal.framework/Versions/A/Heimdal
0x0000000007f27000 	/usr/lib/libheimdal-asn1.dylib
0x0000000007f27000 	/System/Library/Frameworks/OpenDirectory.framework/Versions/A/OpenDirectory
0x0000000007f27000 	/System/Library/PrivateFrameworks/CommonAuth.framework/Versions/A/CommonAuth
0x0000000007f27000 	/System/Library/Frameworks/OpenDirectory.framework/Versions/A/Frameworks/CFOpenDirectory.framework/Versions/A/CFOpenDirectory
0x0000000007f27000 	/System/Library/Frameworks/SecurityFoundation.framework/Versions/A/SecurityFoundation
0x0000000007f27000 	/System/Library/PrivateFrameworks/LanguageModeling.framework/Versions/A/LanguageModeling
0x0000000007f27000 	/usr/lib/libcmph.dylib
0x0000000007f27000 	/System/Library/Frameworks/ServiceManagement.framework/Versions/A/ServiceManagement
0x0000000007f27000 	/usr/lib/libxslt.1.dylib
0x0000000007f27000 	/System/Library/Frameworks/Carbon.framework/Versions/A/Frameworks/Ink.framework/Versions/A/Ink
0x0000000007f27000 	/System/Library/Frameworks/QuartzCore.framework/Versions/A/Frameworks/CoreImage.framework/Versions/A/CoreImage
0x0000000007f27000 	/System/Library/PrivateFrameworks/CrashReporterSupport.framework/Versions/A/CrashReporterSupport
0x0000000007f27000 	/System/Library/Frameworks/OpenCL.framework/Versions/A/OpenCL
0x0000000007f27000 	/System/Library/PrivateFrameworks/FaceCore.framework/Versions/A/FaceCore
0x0000000007f27000 	/System/Library/PrivateFrameworks/Ubiquity.framework/Versions/A/Ubiquity
0x0000000007f27000 	/System/Library/PrivateFrameworks/IconServices.framework/Versions/A/IconServices
0x0000000007f27000 	/System/Library/PrivateFrameworks/ChunkingLibrary.framework/Versions/A/ChunkingLibrary
0x0000000007f27000 	/System/Library/PrivateFrameworks/Apple80211.framework/Versions/A/Apple80211
0x0000000007f27000 	/System/Library/Frameworks/CoreWLAN.framework/Versions/A/CoreWLAN
0x0000000007f27000 	/System/Library/Frameworks/IOBluetooth.framework/Versions/A/IOBluetooth
0x0000000007f27000 	/System/Library/PrivateFrameworks/CoreWiFi.framework/Versions/A/CoreWiFi
0x0000000007f27000 	/System/Library/Frameworks/CoreBluetooth.framework/Versions/A/CoreBluetooth
0x0000000007f27000 	/System/Library/PrivateFrameworks/DebugSymbols.framework/Versions/A/DebugSymbols
0x0000000007f27000 	/System/Library/PrivateFrameworks/CoreSymbolication.framework/Versions/A/CoreSymbolication
0x0000000007f27000 	/System/Library/PrivateFrameworks/Symbolication.framework/Versions/A/Symbolication
0x0000000007f27000 	/System/Library/PrivateFrameworks/SpeechRecognitionCore.framework/Versions/A/SpeechRecognitionCore
0x00000001065b0000 	/Library/Java/JavaVirtualMachines/jdk1.8.0_31.jdk/Contents/Home/jre/lib/server/libjvm.dylib
0x0000000007f27000 	/usr/lib/libstdc++.6.dylib
0x00000001075d2000 	/Library/Java/JavaVirtualMachines/jdk1.8.0_31.jdk/Contents/Home/jre/lib/libverify.dylib
0x00000001075e0000 	/Library/Java/JavaVirtualMachines/jdk1.8.0_31.jdk/Contents/Home/jre/lib/libjava.dylib
0x0000000107635000 	/Library/Java/JavaVirtualMachines/jdk1.8.0_31.jdk/Contents/Home/jre/lib/libzip.dylib
0x000000011b95a000 	/System/Library/Frameworks/JavaVM.framework/Frameworks/JavaRuntimeSupport.framework/JavaRuntimeSupport
0x000000011b972000 	/System/Library/Frameworks/JavaVM.framework/Versions/A/Frameworks/JavaNativeFoundation.framework/Versions/A/JavaNativeFoundation
0x00000001077f1000 	/System/Library/Frameworks/JavaVM.framework/Versions/A/JavaVM
0x0000000007f27000 	/System/Library/Frameworks/Carbon.framework/Versions/A/Carbon
0x000000011b987000 	/System/Library/PrivateFrameworks/JavaLaunching.framework/Versions/A/JavaLaunching
0x0000000007f27000 	/System/Library/Frameworks/Carbon.framework/Versions/A/Frameworks/CommonPanels.framework/Versions/A/CommonPanels
0x0000000007f27000 	/System/Library/Frameworks/Carbon.framework/Versions/A/Frameworks/Help.framework/Versions/A/Help
0x0000000007f27000 	/System/Library/Frameworks/Carbon.framework/Versions/A/Frameworks/ImageCapture.framework/Versions/A/ImageCapture
0x0000000007f27000 	/System/Library/Frameworks/Carbon.framework/Versions/A/Frameworks/OpenScripting.framework/Versions/A/OpenScripting
0x0000000007f27000 	/System/Library/Frameworks/Carbon.framework/Versions/A/Frameworks/Print.framework/Versions/A/Print
0x0000000007f27000 	/System/Library/Frameworks/Carbon.framework/Versions/A/Frameworks/SecurityHI.framework/Versions/A/SecurityHI
0x000000011db4d000 	/Library/Java/JavaVirtualMachines/jdk1.8.0_31.jdk/Contents/Home/jre/lib/libprism_es2.dylib
0x0000000007f27000 	/System/Library/Frameworks/OpenGL.framework/Versions/A/Resources/GLEngine.bundle/GLEngine
0x0000000007f27000 	/System/Library/Frameworks/OpenGL.framework/Versions/A/Libraries/libGLProgrammability.dylib
0x0000000000000000 	/System/Library/Extensions/AppleIntelHDGraphicsGLDriver.bundle/Contents/MacOS/AppleIntelHDGraphicsGLDriver
0x000000011dbce000 	/System/Library/PrivateFrameworks/GPUSupport.framework/Versions/A/Libraries/libGPUSupport.dylib
0x0000000000000000 	/System/Library/Extensions/GeForceTeslaGLDriver.bundle/Contents/MacOS/GeForceTeslaGLDriver
0x000000011dbe2000 	/System/Library/Extensions/GeForceTeslaGLDriver.bundle/Contents/MacOS/libclh.dylib
0x0000000007f27000 	/System/Library/Frameworks/OpenGL.framework/Versions/A/Resources/GLRendererFloat.bundle/GLRendererFloat
0x0000000007f27000 	/System/Library/Frameworks/OpenCL.framework/Versions/A/Libraries/libcldcpuengine.dylib
0x0000000007f27000 	/System/Library/PrivateFrameworks/DiskImages.framework/Versions/A/DiskImages
0x0000000007f27000 	/System/Library/Frameworks/DiscRecording.framework/Versions/A/DiscRecording
0x0000000007f27000 	/usr/lib/libcsfde.dylib
0x0000000007f27000 	/usr/lib/libcurl.4.dylib
0x0000000007f27000 	/System/Library/PrivateFrameworks/MediaKit.framework/Versions/A/MediaKit
0x0000000007f27000 	/System/Library/PrivateFrameworks/ProtectedCloudStorage.framework/Versions/A/ProtectedCloudStorage
0x0000000007f27000 	/usr/lib/libCoreStorage.dylib
0x0000000007f27000 	/System/Library/PrivateFrameworks/EFILogin.framework/Versions/A/EFILogin
0x0000000007f27000 	/usr/lib/libutil.dylib
0x0000000007f27000 	/System/Library/PrivateFrameworks/FindMyDevice.framework/Versions/A/FindMyDevice
0x0000000007f27000 	/System/Library/Frameworks/LDAP.framework/Versions/A/LDAP
0x0000000007f27000 	/usr/lib/libsasl2.2.dylib
0x0000000007f27000 	/System/Library/PrivateFrameworks/CoreDaemon.framework/Versions/B/CoreDaemon
0x0000000007f27000 	/usr/lib/libcrypto.0.9.8.dylib
0x0000000007f27000 	/System/Library/PrivateFrameworks/AppleSRP.framework/Versions/A/AppleSRP
0x0000000007f27000 	/System/Library/PrivateFrameworks/TrustEvaluationAgent.framework/Versions/A/TrustEvaluationAgent
0x000000011e4e2000 	/Library/Java/JavaVirtualMachines/jdk1.8.0_31.jdk/Contents/Home/jre/lib/libglass.dylib
0x0000000007f27000 	/System/Library/PrivateFrameworks/CoreServicesInternal.framework/Versions/A/CoreServicesInternal
0x0000000007f27000 	/System/Library/PrivateFrameworks/CloudDocs.framework/Versions/A/CloudDocs
0x0000000007f27000 	/System/Library/PrivateFrameworks/CoreDuet.framework/Versions/A/CoreDuet
0x0000000007f27000 	/System/Library/Frameworks/CloudKit.framework/Versions/A/CloudKit
0x0000000007f27000 	/System/Library/PrivateFrameworks/ProtocolBuffer.framework/Versions/A/ProtocolBuffer
0x0000000007f27000 	/System/Library/PrivateFrameworks/CoreDuetDaemonProtocol.framework/Versions/A/CoreDuetDaemonProtocol
0x0000000007f27000 	/System/Library/PrivateFrameworks/CoreDuetDebugLogging.framework/Versions/A/CoreDuetDebugLogging
0x0000000007f27000 	/System/Library/PrivateFrameworks/MMCS.framework/Versions/A/MMCS
0x0000000007f27000 	/System/Library/Frameworks/CoreLocation.framework/Versions/A/CoreLocation
0x0000000007f27000 	/System/Library/PrivateFrameworks/GeoServices.framework/Versions/A/GeoServices
0x0000000007f27000 	/System/Library/Frameworks/CoreGraphics.framework/Versions/A/Resources/libCGCMS.A.dylib
0x0000000007f27000 	/System/Library/CoreServices/RawCamera.bundle/Contents/MacOS/RawCamera
0x0000000007f27000 	/System/Library/Frameworks/CoreGraphics.framework/Versions/A/Resources/libRIP.A.dylib
0x0000000007f27000 	/System/Library/PrivateFrameworks/FamilyControls.framework/Versions/A/FamilyControls
0x0000000007f27000 	/System/Library/PrivateFrameworks/CommerceKit.framework/Versions/A/Frameworks/CommerceCore.framework/Versions/A/CommerceCore
0x0000000007f27000 	/System/Library/PrivateFrameworks/SystemAdministration.framework/Versions/A/SystemAdministration
0x0000000007f27000 	/System/Library/PrivateFrameworks/AppContainer.framework/Versions/A/AppContainer
0x0000000007f27000 	/System/Library/PrivateFrameworks/SecCodeWrapper.framework/Versions/A/SecCodeWrapper
0x0000000007f27000 	/System/Library/Frameworks/DirectoryService.framework/Versions/A/DirectoryService
0x0000000007f27000 	/System/Library/PrivateFrameworks/LoginUIKit.framework/Versions/A/Frameworks/LoginUICore.framework/Versions/A/LoginUICore
0x0000000007f27000 	/usr/lib/libodfde.dylib
0x000000011fb8e000 	/Library/Java/JavaVirtualMachines/jdk1.8.0_31.jdk/Contents/Home/jre/lib/libjavafx_font.dylib
0x0000000007f27000 	/System/Library/Frameworks/CoreGraphics.framework/Versions/A/Resources/libCGXType.A.dylib
0x0000000122d11000 	/Library/Java/JavaVirtualMachines/jdk1.8.0_31.jdk/Contents/Home/jre/lib/libnet.dylib
0x000000012339f000 	/Library/Java/JavaVirtualMachines/jdk1.8.0_31.jdk/Contents/Home/jre/lib/libglib-lite.dylib
0x00000001235c8000 	/Library/Java/JavaVirtualMachines/jdk1.8.0_31.jdk/Contents/Home/jre/lib/libgstreamer-lite.dylib
0x0000000122bda000 	/Library/Java/JavaVirtualMachines/jdk1.8.0_31.jdk/Contents/Home/jre/lib/libjfxmedia.dylib
0x0000000007f27000 	/System/Library/Frameworks/QTKit.framework/Versions/A/QTKit
0x0000000007f27000 	/System/Library/Frameworks/AVFoundation.framework/Versions/A/AVFoundation
0x0000000007f27000 	/System/Library/Frameworks/CoreMedia.framework/Versions/A/CoreMedia
0x0000000007f27000 	/System/Library/Frameworks/MediaToolbox.framework/Versions/A/MediaToolbox
0x0000000007f27000 	/System/Library/Frameworks/VideoToolbox.framework/Versions/A/VideoToolbox
0x0000000007f27000 	/System/Library/PrivateFrameworks/CoreMediaAuthoring.framework/Versions/A/CoreMediaAuthoring
0x0000000007f27000 	/System/Library/Frameworks/CoreMediaIO.framework/Versions/A/CoreMediaIO
0x0000000007f27000 	/System/Library/Frameworks/AVFoundation.framework/Versions/A/Resources/libAVFAudio.dylib
0x0000000007f27000 	/System/Library/PrivateFrameworks/MediaControlSender.framework/Versions/A/MediaControlSender
0x0000000007f27000 	/System/Library/PrivateFrameworks/CoreAVCHD.framework/Versions/A/CoreAVCHD
0x0000000007f27000 	/System/Library/Frameworks/MediaAccessibility.framework/Versions/A/MediaAccessibility
0x0000000007f27000 	/System/Library/PrivateFrameworks/Mangrove.framework/Versions/A/Mangrove
0x0000000007f27000 	/System/Library/PrivateFrameworks/CoreAUC.framework/Versions/A/CoreAUC
0x0000000007f27000 	/System/Library/PrivateFrameworks/NetworkStatistics.framework/Versions/A/NetworkStatistics
0x0000000007f27000 	/System/Library/PrivateFrameworks/AirPlaySupport.framework/Versions/A/AirPlaySupport
0x0000000007f27000 	/System/Library/PrivateFrameworks/CoreUtils.framework/Versions/A/CoreUtils
0x0000000007f27000 	/System/Library/PrivateFrameworks/AppleVA.framework/Versions/A/AppleVA
0x0000000007f27000 	/System/Library/PrivateFrameworks/XPCService.framework/Versions/A/XPCService
0x0000000007f27000 	/System/Library/PrivateFrameworks/AppSandbox.framework/Versions/A/AppSandbox
0x0000000007f27000 	/usr/lib/libsandbox.1.dylib
0x0000000007f27000 	/usr/lib/libMatch.1.dylib
0x0000000122c84000 	/Library/Java/JavaVirtualMachines/jdk1.8.0_31.jdk/Contents/Home/jre/lib/libfxplugins.dylib
0x0000000121fe5000 	/System/Library/Frameworks/VideoDecodeAcceleration.framework/Versions/A/VideoDecodeAcceleration
0x0000000121fff000 	cl_kernels
0x0000000123899000 	/System/Library/Frameworks/OpenCL.framework/Versions/A/Libraries/ImageFormats/unorm8_bgra.dylib
0x0000000122cce000 	cl_kernels
0x0000000122cde000 	/System/Library/Extensions/AppleHDA.kext/Contents/PlugIns/AppleHDAHALPlugIn.bundle/Contents/MacOS/AppleHDAHALPlugIn
0x0000000123c6c000 	/System/Library/Components/CoreAudio.component/Contents/MacOS/CoreAudio
0x00000001234e2000 	/Library/Java/JavaVirtualMachines/jdk1.8.0_31.jdk/Contents/Home/jre/lib/libjavafx_iio.dylib
0x0000000123fc8000 	/System/Library/Components/AudioCodecs.component/Contents/MacOS/AudioCodecs
0x000000011d947000 	/Library/Java/JavaVirtualMachines/jdk1.8.0_31.jdk/Contents/Home/jre/lib/libawt.dylib
0x000000011d9f6000 	/Library/Java/JavaVirtualMachines/jdk1.8.0_31.jdk/Contents/Home/jre/lib/./libmlib_image.dylib
0x00000001221b3000 	/Library/Java/JavaVirtualMachines/jdk1.8.0_31.jdk/Contents/Home/jre/lib/libawt_lwawt.dylib
0x000000011dac2000 	/Library/Java/JavaVirtualMachines/jdk1.8.0_31.jdk/Contents/Home/jre/lib/./libosxapp.dylib
0x0000000007f27000 	/System/Library/Frameworks/ExceptionHandling.framework/Versions/A/ExceptionHandling

VM Arguments:
jvm_args: -Dfile.encoding=UTF-8 
java_command: Main
java_class_path (initial): /Users/asheu/NetBeansProjects/Pokemon/build/classes
Launcher Type: SUN_STANDARD

Environment Variables:
PATH=/usr/bin:/bin:/usr/sbin:/sbin
LD_LIBRARY_PATH=/Library/Java/JavaVirtualMachines/jdk1.8.0_31.jdk/Contents/Home/jre/lib/amd64:/Library/Java/JavaVirtualMachines/jdk1.8.0_31.jdk/Contents/Home/jre/lib/i386:
SHELL=/bin/bash
DYLD_LIBRARY_PATH=/Applications/NetBeans/NetBeans 8.0.2.app/Contents/Resources/NetBeans/webcommon/bin:

Signal Handlers:
SIGSEGV: [libjvm.dylib+0x57a0e7], sa_mask[0]=11111111011111110111111111111111, sa_flags=SA_ONSTACK|SA_RESTART|SA_SIGINFO
SIGBUS: [libjvm.dylib+0x57a0e7], sa_mask[0]=11111111011111110111111111111111, sa_flags=SA_RESTART|SA_SIGINFO
SIGFPE: [libjvm.dylib+0x45af24], sa_mask[0]=11111111011111110111111111111111, sa_flags=SA_RESTART|SA_SIGINFO
SIGPIPE: [libjvm.dylib+0x45af24], sa_mask[0]=11111111011111110111111111111111, sa_flags=SA_RESTART|SA_SIGINFO
SIGXFSZ: [libjvm.dylib+0x45af24], sa_mask[0]=11111111011111110111111111111111, sa_flags=SA_RESTART|SA_SIGINFO
SIGILL: [libjvm.dylib+0x45af24], sa_mask[0]=11111111011111110111111111111111, sa_flags=SA_RESTART|SA_SIGINFO
SIGUSR1: SIG_DFL, sa_mask[0]=00000000000000000000000000000000, sa_flags=none
SIGUSR2: [libjvm.dylib+0x45aa42], sa_mask[0]=00100000000000000000000000000000, sa_flags=SA_RESTART|SA_SIGINFO
SIGHUP: [AudioToolbox+0xf933a], sa_mask[0]=00000000000000000000000000000000, sa_flags=SA_RESTART
SIGINT: SIG_IGN, sa_mask[0]=00000000000000000000000000000000, sa_flags=none
SIGTERM: [libjvm.dylib+0x459015], sa_mask[0]=11111111011111110111111111111111, sa_flags=SA_RESTART|SA_SIGINFO
SIGQUIT: [libjvm.dylib+0x459015], sa_mask[0]=11111111011111110111111111111111, sa_flags=SA_RESTART|SA_SIGINFO


---------------  S Y S T E M  ---------------

OS:Bsduname:Darwin 14.3.0 Darwin Kernel Version 14.3.0: Mon Mar 23 11:59:05 PDT 2015; root:xnu-2782.20.48~5/RELEASE_X86_64 x86_64
rlimit: STACK 8192k, CORE 0k, NPROC 709, NOFILE 10240, AS infinity
load average:2.14 7.09 9.81

CPU:total 4 (2 cores per cpu, 2 threads per core) family 6 model 37 stepping 5, cmov, cx8, fxsr, mmx, sse, sse2, sse3, ssse3, sse4.1, sse4.2, popcnt, aes, clmul, ht, tsc, tscinvbit

Memory: 4k page, physical 4194304k(93416k free)

/proc/meminfo:


vm_info: Java HotSpot(TM) 64-Bit Server VM (25.31-b07) for bsd-amd64 JRE (1.8.0_31-b13), built on Dec 17 2014 20:45:36 by "java_re" with gcc 4.2.1 (Based on Apple Inc. build 5658) (LLVM build 2336.11.00)

time: Tue May 19 13:27:08 2015
elapsed time: 6 seconds (0d 0h 0m 6s)

