#
# A fatal error has been detected by the Java Runtime Environment:
#
#  SIGSEGV (0xb) at pc=0x0000000123d0479b, pid=1932, tid=1811
#
# JRE version: Java(TM) SE Runtime Environment (8.0_31-b13) (build 1.8.0_31-b13)
# Java VM: Java HotSpot(TM) 64-Bit Server VM (25.31-b07 mixed mode bsd-amd64 compressed oops)
# Problematic frame:
# C  [libglass.dylib+0x579b]  -[GlassApplication applicationWillHide:]+0x7b
#
# Failed to write core dump. Core dumps have been disabled. To enable core dumping, try "ulimit -c unlimited" before starting Java again
#
# If you would like to submit a bug report, please visit:
#   http://bugreport.java.com/bugreport/crash.jsp
#

---------------  T H R E A D  ---------------

Current thread is native thread

siginfo: si_signo: 11 (SIGSEGV), si_code: 1 (SEGV_MAPERR), si_addr: 0x0000000000000000

Registers:
RAX=0x00007fbba15c90e0, RBX=0x0000000000000000, RCX=0x0000000000000008, RDX=0x00007fff75ca9118
RSP=0x00007fff53f2d540, RBP=0x00007fff53f2d560, RSI=0x00007fff924acfe2, RDI=0x00007fbba2800070
R8 =0x00007fff53f2d3e0, R9 =0x00007fff7733a300, R10=0x00007fbba1706510, R11=0x00007fff75c9c5e0
R12=0x00007fbba16132b0, R13=0x00000000000f4265, R14=0x00007fbba164d180, R15=0x00007fbba15c90e0
RIP=0x0000000123d0479b, EFLAGS=0x0000000000010206, ERR=0x0000000000000004
  TRAPNO=0x000000000000000e

Top of Stack: (sp=0x00007fff53f2d540)
0x00007fff53f2d540:   00007fff53f2d730 00007fbba16132b0
0x00007fff53f2d550:   00007fbba16610c0 00007fff53f2d6a0
0x00007fff53f2d560:   00007fff53f2d570 00007fff86f6045c
0x00007fff53f2d570:   00007fff53f2d8d0 00007fff86e50634
0x00007fff53f2d580:   0000000000000004 00007fff53f2d6a0
0x00007fff53f2d590:   00007fbba1478590 0000000000000000
0x00007fff53f2d5a0:   000000010bceca00 00000000000008e8
0x00007fff53f2d5b0:   000000010bce9000 00007fbba16610c0
0x00007fff53f2d5c0:   0000000000000000 00007fff53f2d6a0
0x00007fff53f2d5d0:   0000000000000000 00007fbba1661040
0x00007fff53f2d5e0:   00007fff53f2d720 000000000000005f
0x00007fff53f2d5f0:   00000000000f4308 00007fbba164dbe0
0x00007fff53f2d600:   00007fbba1652f10 00007fbba16132b0
0x00007fff53f2d610:   0000000000000001 00000000000f4265
0x00007fff53f2d620:   00007fbba16132a0 0000000000001400
0x00007fff53f2d630:   1900d3c5316f1b77 21eb0d26c23ae422
0x00007fff53f2d640:   0000000000001002 000000010bcede00
0x00007fff53f2d650:   00007fbba1472830 0000000000000018
0x00007fff53f2d660:   0000000100000017 000000010bce9000
0x00007fff53f2d670:   0000000000000002 0000000000000000
0x00007fff53f2d680:   00010c0384ea3b28 00007fbba16132d4
0x00007fff53f2d690:   0000000000000000 0000000000000000
0x00007fff53f2d6a0:   00007fbba16610c0 0000000000000001
0x00007fff53f2d6b0:   000000010bce9000 0000000000000001
0x00007fff53f2d6c0:   00007fff53f2d6f0 00007fff9125facb
0x00007fff53f2d6d0:   000000010bceca00 0000000000000001
0x00007fff53f2d6e0:   000000010bce9000 00007fbba16c8be1
0x00007fff53f2d6f0:   0000000000000003 000000010bcede00
0x00007fff53f2d700:   00007fff53f2d7f0 00007fff9125e2a2
0x00007fff53f2d710:   00007fff53f2d730 00007fff8de69c12
0x00007fff53f2d720:   0000000000000014 0000000000000000
0x00007fff53f2d730:   00000000000f4265 00007fff86e4610f 

Instructions: (pc=0x0000000123d0479b)
0x0000000123d0477b:   8d 35 3f f9 03 00 ff 15 39 f9 03 00 48 8b 35 82
0x0000000123d0478b:   e8 03 00 48 89 c7 30 c0 e8 b0 49 02 00 49 89 c7
0x0000000123d0479b:   48 8b 03 4c 8b a0 e8 01 00 00 48 8b 35 54 ea 03
0x0000000123d047ab:   00 48 8b 3d 75 fa 03 00 30 c0 e8 8e 49 02 00 48 

Register to memory mapping:

RAX=0x00007fbba15c90e0 is an unknown value
RBX=0x0000000000000000 is an unknown value
RCX=0x0000000000000008 is an unknown value
RDX=0x00007fff75ca9118: _NSAPCache+0x18 in /System/Library/Frameworks/Foundation.framework/Versions/C/Foundation at 0x00007fff8b5d8000
RSP=0x00007fff53f2d540 is an unknown value
RBP=0x00007fff53f2d560 is an unknown value
RSI=0x00007fff924acfe2: kFigMPEG2MetadataDescriptor+0xb7f02 in /System/Library/Frameworks/MediaToolbox.framework/Versions/A/MediaToolbox at 0x00007fff91fc3000
RDI=0x00007fbba2800070 is an unknown value
R8 =0x00007fff53f2d3e0 is an unknown value
R9 =0x00007fff7733a300: _thread+0 in /usr/lib/system/libsystem_pthread.dylib at 0x00007fff94746000
R10=0x00007fbba1706510 is an unknown value
R11=0x00007fff75c9c5e0: OBJC_CLASS_$_NSAutoreleasePool+0 in /System/Library/Frameworks/Foundation.framework/Versions/C/Foundation at 0x00007fff8b5d8000
R12=0x00007fbba16132b0 is an unknown value
R13=0x00000000000f4265 is an unknown value
R14=0x00007fbba164d180 is an unknown value
R15=0x00007fbba15c90e0 is an unknown value


Stack: [0x00007fff53731000,0x00007fff53f31000],  sp=0x00007fff53f2d540,  free space=8177k
Native frames: (J=compiled Java code, j=interpreted, Vv=VM code, C=native code)
C  [libglass.dylib+0x579b]  -[GlassApplication applicationWillHide:]+0x7b
C  [CoreFoundation+0x12045c]  __CFNOTIFICATIONCENTER_IS_CALLING_OUT_TO_AN_OBSERVER__+0xc
C  [CoreFoundation+0x10634]  _CFXNotificationPost+0xc44
C  [Foundation+0x79d1]  -[NSNotificationCenter postNotificationName:object:userInfo:]+0x42
C  [AppKit+0x485dc6]  -[NSApplication _doHideMaybeFakingIt:]+0x186
C  [AppKit+0x16015a]  _hideShowHandler+0xac
C  [HIToolbox+0x8b6c]  DispatchEventToHandlers(EventTargetRec*, OpaqueEventRef*, HandlerCallRec*)+0x4ec
C  [HIToolbox+0x7fae]  SendEventToEventTargetInternal(OpaqueEventRef*, OpaqueEventTargetRef*, HandlerCallRec*)+0x182
C  [HIToolbox+0x1dcb6]  SendEventToEventTarget+0x28
C  [AppKit+0x91bd1]  _DPSNextEvent+0x5e8
C  [AppKit+0x90f68]  -[NSApplication nextEventMatchingMask:untilDate:inMode:dequeue:]+0x15a
C  [AppKit+0x86bf3]  -[NSApplication run]+0x252
C  [libosxapp.dylib+0x223e]  +[NSApplicationAWT runAWTLoopWithApp:]+0x9c
C  [libawt_lwawt.dylib+0x4494f]  -[AWTStarter starter:]+0x389
C  [Foundation+0x92d00]  __NSThreadPerformPerform+0x125
C  [CoreFoundation+0x80a01]  __CFRUNLOOP_IS_CALLING_OUT_TO_A_SOURCE0_PERFORM_FUNCTION__+0x11
C  [CoreFoundation+0x72b8d]  __CFRunLoopDoSources0+0x10d
C  [CoreFoundation+0x721bf]  __CFRunLoopRun+0x39f
C  [CoreFoundation+0x71bd8]  CFRunLoopRunSpecific+0x128
C  [java+0x56cc]  CreateExecutionEnvironment+0x367
C  [java+0x165c]  JLI_Launch+0x7a0
C  [java+0x768a]  main+0x65
C  [java+0xeb4]  start+0x34


---------------  P R O C E S S  ---------------

VM state:not at safepoint (normal execution)

VM Mutex/Monitor currently owned by a thread: None

Heap:
 PSYoungGen      total 340480K, used 99586K [0x00000007aab00000, 0x00000007bff00000, 0x00000007c0000000)
  eden space 339968K, 29% used [0x00000007aab00000,0x00000007b0c28b50,0x00000007bf700000)
  from space 512K, 18% used [0x00000007bf700000,0x00000007bf718000,0x00000007bf780000)
  to   space 4096K, 0% used [0x00000007bfb00000,0x00000007bfb00000,0x00000007bff00000)
 ParOldGen       total 44032K, used 4821K [0x0000000780000000, 0x0000000782b00000, 0x00000007aab00000)
  object space 44032K, 10% used [0x0000000780000000,0x00000007804b5738,0x0000000782b00000)
 Metaspace       used 11229K, capacity 11658K, committed 11904K, reserved 1058816K
  class space    used 1504K, capacity 1610K, committed 1664K, reserved 1048576K

Card table byte_map: [0x000000011ca1f000,0x000000011cc20000] byte_map_base: 0x0000000118e1f000

Marking Bits: (ParMarkBitMap*) 0x000000010ce9e410
 Begin Bits: [0x000000011d182000, 0x000000011e182000)
 End Bits:   [0x000000011e182000, 0x000000011f182000)

Polling page: 0x000000010bdf2000

CodeCache: size=245760Kb used=3037Kb max_used=3040Kb free=242722Kb
 bounds [0x000000010d65f000, 0x000000010d95f000, 0x000000011c65f000]
 total_blobs=1288 nmethods=787 adapters=417
 compilation: enabled

Compilation events (10 events):
Event: 4.432 Thread 0x00007fbba2825000 nmethod 783 0x000000010d94ca90 code [0x000000010d94cc20, 0x000000010d94cf38]
Event: 4.434 Thread 0x00007fbba2813800 nmethod 782 0x000000010d9569d0 code [0x000000010d956b40, 0x000000010d956c88]
Event: 4.465 Thread 0x00007fbba181f000  784       4       jdk.internal.org.objectweb.asm.Item::set (143 bytes)
Event: 4.480 Thread 0x00007fbba2825000  785       3       java.util.concurrent.locks.ReentrantLock$NonfairSync::tryAcquire (6 bytes)
Event: 4.481 Thread 0x00007fbba2825000 nmethod 785 0x000000010d9565d0 code [0x000000010d956740, 0x000000010d956948]
Event: 4.481 Thread 0x00007fbba2825000  787       3       java.lang.invoke.LambdaForm$BMH/588741551::reinvoke (26 bytes)
Event: 4.482 Thread 0x00007fbba2825000 nmethod 787 0x000000010d955b90 code [0x000000010d955d40, 0x000000010d956468]
Event: 4.482 Thread 0x00007fbba2825000  786       3       java.util.concurrent.locks.ReentrantLock$Sync::nonfairTryAcquire (67 bytes)
Event: 4.482 Thread 0x00007fbba2825000 nmethod 786 0x000000010d955150 code [0x000000010d9552e0, 0x000000010d955a08]
Event: 4.488 Thread 0x00007fbba181f000 nmethod 784 0x000000010d957f50 code [0x000000010d958220, 0x000000010d958b58]

GC Heap History (10 events):
Event: 3.548 GC heap before
{Heap before GC invocations=13 (full 0):
 PSYoungGen      total 172544K, used 167488K [0x00000007aab00000, 0x00000007b5880000, 0x00000007c0000000)
  eden space 167424K, 100% used [0x00000007aab00000,0x00000007b4e80000,0x00000007b4e80000)
  from space 5120K, 1% used [0x00000007b5380000,0x00000007b5390000,0x00000007b5880000)
  to   space 5120K, 0% used [0x00000007b4e80000,0x00000007b4e80000,0x00000007b5380000)
 ParOldGen       total 44032K, used 4781K [0x0000000780000000, 0x0000000782b00000, 0x00000007aab00000)
  object space 44032K, 10% used [0x0000000780000000,0x00000007804ab738,0x0000000782b00000)
 Metaspace       used 10990K, capacity 11356K, committed 11648K, reserved 1058816K
  class space    used 1482K, capacity 1603K, committed 1664K, reserved 1048576K
Event: 3.549 GC heap after
Heap after GC invocations=13 (full 0):
 PSYoungGen      total 172544K, used 96K [0x00000007aab00000, 0x00000007bbb00000, 0x00000007c0000000)
  eden space 167424K, 0% used [0x00000007aab00000,0x00000007aab00000,0x00000007b4e80000)
  from space 5120K, 1% used [0x00000007b4e80000,0x00000007b4e98000,0x00000007b5380000)
  to   space 5120K, 0% used [0x00000007bb600000,0x00000007bb600000,0x00000007bbb00000)
 ParOldGen       total 44032K, used 4789K [0x0000000780000000, 0x0000000782b00000, 0x00000007aab00000)
  object space 44032K, 10% used [0x0000000780000000,0x00000007804ad738,0x0000000782b00000)
 Metaspace       used 10990K, capacity 11356K, committed 11648K, reserved 1058816K
  class space    used 1482K, capacity 1603K, committed 1664K, reserved 1048576K
}
Event: 3.597 GC heap before
{Heap before GC invocations=14 (full 0):
 PSYoungGen      total 172544K, used 167520K [0x00000007aab00000, 0x00000007bbb00000, 0x00000007c0000000)
  eden space 167424K, 100% used [0x00000007aab00000,0x00000007b4e80000,0x00000007b4e80000)
  from space 5120K, 1% used [0x00000007b4e80000,0x00000007b4e98000,0x00000007b5380000)
  to   space 5120K, 0% used [0x00000007bb600000,0x00000007bb600000,0x00000007bbb00000)
 ParOldGen       total 44032K, used 4789K [0x0000000780000000, 0x0000000782b00000, 0x00000007aab00000)
  object space 44032K, 10% used [0x0000000780000000,0x00000007804ad738,0x0000000782b00000)
 Metaspace       used 10990K, capacity 11356K, committed 11648K, reserved 1058816K
  class space    used 1482K, capacity 1603K, committed 1664K, reserved 1048576K
Event: 3.598 GC heap after
Heap after GC invocations=14 (full 0):
 PSYoungGen      total 272384K, used 96K [0x00000007aab00000, 0x00000007bba00000, 0x00000007c0000000)
  eden space 268288K, 0% used [0x00000007aab00000,0x00000007aab00000,0x00000007bb100000)
  from space 4096K, 2% used [0x00000007bb600000,0x00000007bb618000,0x00000007bba00000)
  to   space 4608K, 0% used [0x00000007bb100000,0x00000007bb100000,0x00000007bb580000)
 ParOldGen       total 44032K, used 4789K [0x0000000780000000, 0x0000000782b00000, 0x00000007aab00000)
  object space 44032K, 10% used [0x0000000780000000,0x00000007804ad738,0x0000000782b00000)
 Metaspace       used 10990K, capacity 11356K, committed 11648K, reserved 1058816K
  class space    used 1482K, capacity 1603K, committed 1664K, reserved 1048576K
}
Event: 3.622 GC heap before
{Heap before GC invocations=15 (full 0):
 PSYoungGen      total 272384K, used 268384K [0x00000007aab00000, 0x00000007bba00000, 0x00000007c0000000)
  eden space 268288K, 100% used [0x00000007aab00000,0x00000007bb100000,0x00000007bb100000)
  from space 4096K, 2% used [0x00000007bb600000,0x00000007bb618000,0x00000007bba00000)
  to   space 4608K, 0% used [0x00000007bb100000,0x00000007bb100000,0x00000007bb580000)
 ParOldGen       total 44032K, used 4789K [0x0000000780000000, 0x0000000782b00000, 0x00000007aab00000)
  object space 44032K, 10% used [0x0000000780000000,0x00000007804ad738,0x0000000782b00000)
 Metaspace       used 10999K, capacity 11364K, committed 11648K, reserved 1058816K
  class space    used 1482K, capacity 1603K, committed 1664K, reserved 1048576K
Event: 3.623 GC heap after
Heap after GC invocations=15 (full 0):
 PSYoungGen      total 272896K, used 96K [0x00000007aab00000, 0x00000007c0000000, 0x00000007c0000000)
  eden space 268288K, 0% used [0x00000007aab00000,0x00000007aab00000,0x00000007bb100000)
  from space 4608K, 2% used [0x00000007bb100000,0x00000007bb118000,0x00000007bb580000)
  to   space 4608K, 0% used [0x00000007bfb80000,0x00000007bfb80000,0x00000007c0000000)
 ParOldGen       total 44032K, used 4813K [0x0000000780000000, 0x0000000782b00000, 0x00000007aab00000)
  object space 44032K, 10% used [0x0000000780000000,0x00000007804b3738,0x0000000782b00000)
 Metaspace       used 10999K, capacity 11364K, committed 11648K, reserved 1058816K
  class space    used 1482K, capacity 1603K, committed 1664K, reserved 1048576K
}
Event: 3.670 GC heap before
{Heap before GC invocations=16 (full 0):
 PSYoungGen      total 272896K, used 268384K [0x00000007aab00000, 0x00000007c0000000, 0x00000007c0000000)
  eden space 268288K, 100% used [0x00000007aab00000,0x00000007bb100000,0x00000007bb100000)
  from space 4608K, 2% used [0x00000007bb100000,0x00000007bb118000,0x00000007bb580000)
  to   space 4608K, 0% used [0x00000007bfb80000,0x00000007bfb80000,0x00000007c0000000)
 ParOldGen       total 44032K, used 4813K [0x0000000780000000, 0x0000000782b00000, 0x00000007aab00000)
  object space 44032K, 10% used [0x0000000780000000,0x00000007804b3738,0x0000000782b00000)
 Metaspace       used 10999K, capacity 11364K, committed 11648K, reserved 1058816K
  class space    used 1482K, capacity 1603K, committed 1664K, reserved 1048576K
Event: 3.670 GC heap after
Heap after GC invocations=16 (full 0):
 PSYoungGen      total 344576K, used 64K [0x00000007aab00000, 0x00000007c0000000, 0x00000007c0000000)
  eden space 339968K, 0% used [0x00000007aab00000,0x00000007aab00000,0x00000007bf700000)
  from space 4608K, 1% used [0x00000007bfb80000,0x00000007bfb90000,0x00000007c0000000)
  to   space 4608K, 0% used [0x00000007bf700000,0x00000007bf700000,0x00000007bfb80000)
 ParOldGen       total 44032K, used 4821K [0x0000000780000000, 0x0000000782b00000, 0x00000007aab00000)
  object space 44032K, 10% used [0x0000000780000000,0x00000007804b5738,0x0000000782b00000)
 Metaspace       used 10999K, capacity 11364K, committed 11648K, reserved 1058816K
  class space    used 1482K, capacity 1603K, committed 1664K, reserved 1048576K
}
Event: 3.715 GC heap before
{Heap before GC invocations=17 (full 0):
 PSYoungGen      total 344576K, used 340032K [0x00000007aab00000, 0x00000007c0000000, 0x00000007c0000000)
  eden space 339968K, 100% used [0x00000007aab00000,0x00000007bf700000,0x00000007bf700000)
  from space 4608K, 1% used [0x00000007bfb80000,0x00000007bfb90000,0x00000007c0000000)
  to   space 4608K, 0% used [0x00000007bf700000,0x00000007bf700000,0x00000007bfb80000)
 ParOldGen       total 44032K, used 4821K [0x0000000780000000, 0x0000000782b00000, 0x00000007aab00000)
  object space 44032K, 10% used [0x0000000780000000,0x00000007804b5738,0x0000000782b00000)
 Metaspace       used 10999K, capacity 11364K, committed 11648K, reserved 1058816K
  class space    used 1482K, capacity 1603K, committed 1664K, reserved 1048576K
Event: 3.715 GC heap after
Heap after GC invocations=17 (full 0):
 PSYoungGen      total 340480K, used 96K [0x00000007aab00000, 0x00000007bff00000, 0x00000007c0000000)
  eden space 339968K, 0% used [0x00000007aab00000,0x00000007aab00000,0x00000007bf700000)
  from space 512K, 18% used [0x00000007bf700000,0x00000007bf718000,0x00000007bf780000)
  to   space 4096K, 0% used [0x00000007bfb00000,0x00000007bfb00000,0x00000007bff00000)
 ParOldGen       total 44032K, used 4821K [0x0000000780000000, 0x0000000782b00000, 0x00000007aab00000)
  object space 44032K, 10% used [0x0000000780000000,0x00000007804b5738,0x0000000782b00000)
 Metaspace       used 10999K, capacity 11364K, committed 11648K, reserved 1058816K
  class space    used 1482K, capacity 1603K, committed 1664K, reserved 1048576K
}

Deoptimization events (1 events):
Event: 4.371 Thread 0x00007fbba30d3000 Uncommon trap: reason=class_check action=maybe_recompile pc=0x000000010d92c608 method=java.util.HashMap.getNode(ILjava/lang/Object;)Ljava/util/HashMap$Node; @ 126

Internal exceptions (10 events):
Event: 0.861 Thread 0x00007fbba30d3000 Exception <a 'java/security/PrivilegedActionException'> (0x00000007ab7f10a0) thrown at [/Users/java_re/workspace/8-2-build-macosx-x86_64/jdk8u31/2394/hotspot/src/share/vm/prims/jvm.cpp, line 1312]
Event: 0.864 Thread 0x00007fbba30d3000 Exception <a 'java/security/PrivilegedActionException'> (0x00000007ab8161f8) thrown at [/Users/java_re/workspace/8-2-build-macosx-x86_64/jdk8u31/2394/hotspot/src/share/vm/prims/jvm.cpp, line 1312]
Event: 1.320 Thread 0x00007fbba219b800 Exception <a 'java/lang/UnsatisfiedLinkError': com.sun.media.jfxmedia.logging.Logger.nativeSetNativeLevel(I)V> (0x00000007abae9d80) thrown at [/Users/java_re/workspace/8-2-build-macosx-x86_64/jdk8u31/2394/hotspot/src/share/vm/prims/nativeLookup.cpp, line 
Event: 1.360 Thread 0x00007fbba21c4000 Exception <a 'java/security/PrivilegedActionException'> (0x00000007aab3d100) thrown at [/Users/java_re/workspace/8-2-build-macosx-x86_64/jdk8u31/2394/hotspot/src/share/vm/prims/jvm.cpp, line 1312]
Event: 1.360 Thread 0x00007fbba21c4000 Exception <a 'java/security/PrivilegedActionException'> (0x00000007aab3e9f8) thrown at [/Users/java_re/workspace/8-2-build-macosx-x86_64/jdk8u31/2394/hotspot/src/share/vm/prims/jvm.cpp, line 1312]
Event: 1.360 Thread 0x00007fbba21c4000 Exception <a 'java/security/PrivilegedActionException'> (0x00000007aab40548) thrown at [/Users/java_re/workspace/8-2-build-macosx-x86_64/jdk8u31/2394/hotspot/src/share/vm/prims/jvm.cpp, line 1312]
Event: 4.584 Thread 0x00007fbba1805800 Exception <a 'java/security/PrivilegedActionException'> (0x00000007b086bec0) thrown at [/Users/java_re/workspace/8-2-build-macosx-x86_64/jdk8u31/2394/hotspot/src/share/vm/prims/jvm.cpp, line 1312]
Event: 4.585 Thread 0x00007fbba1805800 Exception <a 'java/security/PrivilegedActionException'> (0x00000007b086f810) thrown at [/Users/java_re/workspace/8-2-build-macosx-x86_64/jdk8u31/2394/hotspot/src/share/vm/prims/jvm.cpp, line 1312]
Event: 4.586 Thread 0x00007fbba1805800 Exception <a 'java/security/PrivilegedActionException'> (0x00000007b0872100) thrown at [/Users/java_re/workspace/8-2-build-macosx-x86_64/jdk8u31/2394/hotspot/src/share/vm/prims/jvm.cpp, line 1312]
Event: 4.586 Thread 0x00007fbba1805800 Exception <a 'java/security/PrivilegedActionException'> (0x00000007b087a1f0) thrown at [/Users/java_re/workspace/8-2-build-macosx-x86_64/jdk8u31/2394/hotspot/src/share/vm/prims/jvm.cpp, line 1312]

Events (10 events):
Event: 4.591 loading class java/util/ListResourceBundle done
Event: 4.591 loading class sun/awt/resources/awt done
Event: 4.591 loading class java/awt/Toolkit$3
Event: 4.591 loading class java/awt/Toolkit$3 done
Event: 4.608 loading class sun/misc/ThreadGroupUtils
Event: 4.608 loading class sun/misc/ThreadGroupUtils done
Event: 4.608 loading class java/awt/GraphicsEnvironment
Event: 4.608 loading class java/awt/GraphicsEnvironment done
Event: 4.608 loading class java/awt/GraphicsEnvironment$1
Event: 4.608 loading class java/awt/GraphicsEnvironment$1 done


Dynamic libraries:
0x0000000004d91000 	/System/Library/Frameworks/Cocoa.framework/Versions/A/Cocoa
0x0000000004d91000 	/System/Library/Frameworks/Security.framework/Versions/A/Security
0x0000000004d91000 	/System/Library/Frameworks/ApplicationServices.framework/Versions/A/ApplicationServices
0x0000000004d91000 	/usr/lib/libz.1.dylib
0x0000000004d91000 	/usr/lib/libSystem.B.dylib
0x0000000004d91000 	/usr/lib/libobjc.A.dylib
0x0000000004d91000 	/System/Library/Frameworks/CoreFoundation.framework/Versions/A/CoreFoundation
0x0000000004d91000 	/System/Library/Frameworks/Foundation.framework/Versions/C/Foundation
0x0000000004d91000 	/System/Library/Frameworks/AppKit.framework/Versions/C/AppKit
0x0000000004d91000 	/System/Library/Frameworks/CoreData.framework/Versions/A/CoreData
0x0000000004d91000 	/System/Library/PrivateFrameworks/RemoteViewServices.framework/Versions/A/RemoteViewServices
0x0000000004d91000 	/System/Library/PrivateFrameworks/UIFoundation.framework/Versions/A/UIFoundation
0x0000000004d91000 	/System/Library/Frameworks/IOSurface.framework/Versions/A/IOSurface
0x0000000004d91000 	/System/Library/Frameworks/AudioToolbox.framework/Versions/A/AudioToolbox
0x0000000004d91000 	/System/Library/Frameworks/AudioUnit.framework/Versions/A/AudioUnit
0x0000000004d91000 	/System/Library/PrivateFrameworks/DataDetectorsCore.framework/Versions/A/DataDetectorsCore
0x0000000004d91000 	/System/Library/PrivateFrameworks/DesktopServicesPriv.framework/Versions/A/DesktopServicesPriv
0x0000000004d91000 	/System/Library/Frameworks/Carbon.framework/Versions/A/Frameworks/HIToolbox.framework/Versions/A/HIToolbox
0x0000000004d91000 	/System/Library/Frameworks/QuartzCore.framework/Versions/A/QuartzCore
0x0000000004d91000 	/System/Library/Frameworks/Carbon.framework/Versions/A/Frameworks/SpeechRecognition.framework/Versions/A/SpeechRecognition
0x0000000004d91000 	/usr/lib/libauto.dylib
0x0000000004d91000 	/usr/lib/libicucore.A.dylib
0x0000000004d91000 	/usr/lib/libxml2.2.dylib
0x0000000004d91000 	/System/Library/PrivateFrameworks/CoreUI.framework/Versions/A/CoreUI
0x0000000004d91000 	/System/Library/Frameworks/CoreAudio.framework/Versions/A/CoreAudio
0x0000000004d91000 	/System/Library/Frameworks/DiskArbitration.framework/Versions/A/DiskArbitration
0x0000000004d91000 	/usr/lib/liblangid.dylib
0x0000000004d91000 	/System/Library/PrivateFrameworks/MultitouchSupport.framework/Versions/A/MultitouchSupport
0x0000000004d91000 	/System/Library/Frameworks/IOKit.framework/Versions/A/IOKit
0x0000000004d91000 	/usr/lib/libDiagnosticMessagesClient.dylib
0x0000000004d91000 	/System/Library/Frameworks/CoreServices.framework/Versions/A/CoreServices
0x0000000004d91000 	/System/Library/PrivateFrameworks/PerformanceAnalysis.framework/Versions/A/PerformanceAnalysis
0x0000000004d91000 	/System/Library/PrivateFrameworks/GenerationalStorage.framework/Versions/A/GenerationalStorage
0x0000000004d91000 	/System/Library/Frameworks/OpenGL.framework/Versions/A/OpenGL
0x0000000004d91000 	/System/Library/PrivateFrameworks/Sharing.framework/Versions/A/Sharing
0x0000000004d91000 	/System/Library/Frameworks/CoreGraphics.framework/Versions/A/CoreGraphics
0x0000000004d91000 	/System/Library/Frameworks/CoreText.framework/Versions/A/CoreText
0x0000000004d91000 	/System/Library/Frameworks/ImageIO.framework/Versions/A/ImageIO
0x0000000004d91000 	/usr/lib/libextension.dylib
0x0000000004d91000 	/System/Library/PrivateFrameworks/Backup.framework/Versions/A/Backup
0x0000000004d91000 	/usr/lib/libarchive.2.dylib
0x0000000004d91000 	/System/Library/Frameworks/CFNetwork.framework/Versions/A/CFNetwork
0x0000000004d91000 	/System/Library/Frameworks/SystemConfiguration.framework/Versions/A/SystemConfiguration
0x0000000004d91000 	/usr/lib/libCRFSuite.dylib
0x0000000004d91000 	/usr/lib/libc++.1.dylib
0x0000000004d91000 	/usr/lib/libc++abi.dylib
0x0000000004d91000 	/usr/lib/system/libcache.dylib
0x0000000004d91000 	/usr/lib/system/libcommonCrypto.dylib
0x0000000004d91000 	/usr/lib/system/libcompiler_rt.dylib
0x0000000004d91000 	/usr/lib/system/libcopyfile.dylib
0x0000000004d91000 	/usr/lib/system/libcorecrypto.dylib
0x0000000004d91000 	/usr/lib/system/libdispatch.dylib
0x0000000004d91000 	/usr/lib/system/libdyld.dylib
0x0000000004d91000 	/usr/lib/system/libkeymgr.dylib
0x0000000004d91000 	/usr/lib/system/liblaunch.dylib
0x0000000004d91000 	/usr/lib/system/libmacho.dylib
0x0000000004d91000 	/usr/lib/system/libquarantine.dylib
0x0000000004d91000 	/usr/lib/system/libremovefile.dylib
0x0000000004d91000 	/usr/lib/system/libsystem_asl.dylib
0x0000000004d91000 	/usr/lib/system/libsystem_blocks.dylib
0x0000000004d91000 	/usr/lib/system/libsystem_c.dylib
0x0000000004d91000 	/usr/lib/system/libsystem_configuration.dylib
0x0000000004d91000 	/usr/lib/system/libsystem_coreservices.dylib
0x0000000004d91000 	/usr/lib/system/libsystem_coretls.dylib
0x0000000004d91000 	/usr/lib/system/libsystem_dnssd.dylib
0x0000000004d91000 	/usr/lib/system/libsystem_info.dylib
0x0000000004d91000 	/usr/lib/system/libsystem_kernel.dylib
0x0000000004d91000 	/usr/lib/system/libsystem_m.dylib
0x0000000004d91000 	/usr/lib/system/libsystem_malloc.dylib
0x0000000004d91000 	/usr/lib/system/libsystem_network.dylib
0x0000000004d91000 	/usr/lib/system/libsystem_networkextension.dylib
0x0000000004d91000 	/usr/lib/system/libsystem_notify.dylib
0x0000000004d91000 	/usr/lib/system/libsystem_platform.dylib
0x0000000004d91000 	/usr/lib/system/libsystem_pthread.dylib
0x0000000004d91000 	/usr/lib/system/libsystem_sandbox.dylib
0x0000000004d91000 	/usr/lib/system/libsystem_secinit.dylib
0x0000000004d91000 	/usr/lib/system/libsystem_stats.dylib
0x0000000004d91000 	/usr/lib/system/libsystem_trace.dylib
0x0000000004d91000 	/usr/lib/system/libunc.dylib
0x0000000004d91000 	/usr/lib/system/libunwind.dylib
0x0000000004d91000 	/usr/lib/system/libxpc.dylib
0x0000000004d91000 	/usr/lib/libbz2.1.0.dylib
0x0000000004d91000 	/usr/lib/liblzma.5.dylib
0x0000000004d91000 	/usr/lib/libbsm.0.dylib
0x0000000004d91000 	/usr/lib/libsqlite3.dylib
0x0000000004d91000 	/usr/lib/system/libkxld.dylib
0x0000000004d91000 	/usr/lib/libxar.1.dylib
0x0000000004d91000 	/usr/lib/libpam.2.dylib
0x0000000004d91000 	/usr/lib/libOpenScriptingUtil.dylib
0x0000000004d91000 	/System/Library/Frameworks/CoreServices.framework/Versions/A/Frameworks/FSEvents.framework/Versions/A/FSEvents
0x0000000004d91000 	/System/Library/Frameworks/CoreServices.framework/Versions/A/Frameworks/CarbonCore.framework/Versions/A/CarbonCore
0x0000000004d91000 	/System/Library/Frameworks/CoreServices.framework/Versions/A/Frameworks/Metadata.framework/Versions/A/Metadata
0x0000000004d91000 	/System/Library/Frameworks/CoreServices.framework/Versions/A/Frameworks/OSServices.framework/Versions/A/OSServices
0x0000000004d91000 	/System/Library/Frameworks/CoreServices.framework/Versions/A/Frameworks/SearchKit.framework/Versions/A/SearchKit
0x0000000004d91000 	/System/Library/Frameworks/CoreServices.framework/Versions/A/Frameworks/AE.framework/Versions/A/AE
0x0000000004d91000 	/System/Library/Frameworks/CoreServices.framework/Versions/A/Frameworks/LaunchServices.framework/Versions/A/LaunchServices
0x0000000004d91000 	/System/Library/Frameworks/CoreServices.framework/Versions/A/Frameworks/DictionaryServices.framework/Versions/A/DictionaryServices
0x0000000004d91000 	/System/Library/Frameworks/NetFS.framework/Versions/A/NetFS
0x0000000004d91000 	/System/Library/PrivateFrameworks/NetAuth.framework/Versions/A/NetAuth
0x0000000004d91000 	/System/Library/PrivateFrameworks/login.framework/Versions/A/Frameworks/loginsupport.framework/Versions/A/loginsupport
0x0000000004d91000 	/System/Library/PrivateFrameworks/TCC.framework/Versions/A/TCC
0x0000000004d91000 	/usr/lib/libmecabra.dylib
0x0000000004d91000 	/System/Library/Frameworks/ApplicationServices.framework/Versions/A/Frameworks/ATS.framework/Versions/A/ATS
0x0000000004d91000 	/System/Library/Frameworks/ApplicationServices.framework/Versions/A/Frameworks/ColorSync.framework/Versions/A/ColorSync
0x0000000004d91000 	/System/Library/Frameworks/ApplicationServices.framework/Versions/A/Frameworks/HIServices.framework/Versions/A/HIServices
0x0000000004d91000 	/System/Library/Frameworks/ApplicationServices.framework/Versions/A/Frameworks/LangAnalysis.framework/Versions/A/LangAnalysis
0x0000000004d91000 	/System/Library/Frameworks/ApplicationServices.framework/Versions/A/Frameworks/PrintCore.framework/Versions/A/PrintCore
0x0000000004d91000 	/System/Library/Frameworks/ApplicationServices.framework/Versions/A/Frameworks/QD.framework/Versions/A/QD
0x0000000004d91000 	/System/Library/Frameworks/ApplicationServices.framework/Versions/A/Frameworks/SpeechSynthesis.framework/Versions/A/SpeechSynthesis
0x0000000004d91000 	/System/Library/Frameworks/Accelerate.framework/Versions/A/Accelerate
0x0000000004d91000 	/System/Library/Frameworks/Accelerate.framework/Versions/A/Frameworks/vImage.framework/Versions/A/vImage
0x0000000004d91000 	/System/Library/Frameworks/Accelerate.framework/Versions/A/Frameworks/vecLib.framework/Versions/A/vecLib
0x0000000004d91000 	/System/Library/Frameworks/Accelerate.framework/Versions/A/Frameworks/vecLib.framework/Versions/A/libvDSP.dylib
0x0000000004d91000 	/System/Library/Frameworks/Accelerate.framework/Versions/A/Frameworks/vecLib.framework/Versions/A/libvMisc.dylib
0x0000000004d91000 	/System/Library/Frameworks/Accelerate.framework/Versions/A/Frameworks/vecLib.framework/Versions/A/libLAPACK.dylib
0x0000000004d91000 	/System/Library/Frameworks/Accelerate.framework/Versions/A/Frameworks/vecLib.framework/Versions/A/libBLAS.dylib
0x0000000004d91000 	/System/Library/Frameworks/Accelerate.framework/Versions/A/Frameworks/vecLib.framework/Versions/A/libLinearAlgebra.dylib
0x0000000004d91000 	/System/Library/Frameworks/ApplicationServices.framework/Versions/A/Frameworks/ATS.framework/Versions/A/Resources/libFontParser.dylib
0x0000000004d91000 	/System/Library/Frameworks/ApplicationServices.framework/Versions/A/Frameworks/ATS.framework/Versions/A/Resources/libFontRegistry.dylib
0x0000000004d91000 	/System/Library/PrivateFrameworks/AppleVPA.framework/Versions/A/AppleVPA
0x0000000004d91000 	/System/Library/PrivateFrameworks/AppleJPEG.framework/Versions/A/AppleJPEG
0x0000000004d91000 	/System/Library/Frameworks/ImageIO.framework/Versions/A/Resources/libJPEG.dylib
0x0000000004d91000 	/System/Library/Frameworks/ImageIO.framework/Versions/A/Resources/libTIFF.dylib
0x0000000004d91000 	/System/Library/Frameworks/ImageIO.framework/Versions/A/Resources/libPng.dylib
0x0000000004d91000 	/System/Library/Frameworks/ImageIO.framework/Versions/A/Resources/libGIF.dylib
0x0000000004d91000 	/System/Library/Frameworks/ImageIO.framework/Versions/A/Resources/libJP2.dylib
0x0000000004d91000 	/System/Library/Frameworks/ImageIO.framework/Versions/A/Resources/libRadiance.dylib
0x0000000004d91000 	/System/Library/Frameworks/CoreVideo.framework/Versions/A/CoreVideo
0x0000000004d91000 	/System/Library/Frameworks/OpenGL.framework/Versions/A/Libraries/libGLU.dylib
0x0000000004d91000 	/System/Library/Frameworks/OpenGL.framework/Versions/A/Libraries/libGFXShared.dylib
0x0000000004d91000 	/System/Library/Frameworks/OpenGL.framework/Versions/A/Libraries/libGL.dylib
0x0000000004d91000 	/System/Library/Frameworks/OpenGL.framework/Versions/A/Libraries/libGLImage.dylib
0x0000000004d91000 	/System/Library/Frameworks/OpenGL.framework/Versions/A/Libraries/libCVMSPluginSupport.dylib
0x0000000004d91000 	/System/Library/Frameworks/OpenGL.framework/Versions/A/Libraries/libCoreVMClient.dylib
0x0000000004d91000 	/usr/lib/libcups.2.dylib
0x0000000004d91000 	/System/Library/Frameworks/Kerberos.framework/Versions/A/Kerberos
0x0000000004d91000 	/System/Library/Frameworks/GSS.framework/Versions/A/GSS
0x0000000004d91000 	/usr/lib/libresolv.9.dylib
0x0000000004d91000 	/usr/lib/libiconv.2.dylib
0x0000000004d91000 	/System/Library/PrivateFrameworks/Heimdal.framework/Versions/A/Heimdal
0x0000000004d91000 	/usr/lib/libheimdal-asn1.dylib
0x0000000004d91000 	/System/Library/Frameworks/OpenDirectory.framework/Versions/A/OpenDirectory
0x0000000004d91000 	/System/Library/PrivateFrameworks/CommonAuth.framework/Versions/A/CommonAuth
0x0000000004d91000 	/System/Library/Frameworks/OpenDirectory.framework/Versions/A/Frameworks/CFOpenDirectory.framework/Versions/A/CFOpenDirectory
0x0000000004d91000 	/System/Library/Frameworks/SecurityFoundation.framework/Versions/A/SecurityFoundation
0x0000000004d91000 	/System/Library/PrivateFrameworks/LanguageModeling.framework/Versions/A/LanguageModeling
0x0000000004d91000 	/usr/lib/libcmph.dylib
0x0000000004d91000 	/System/Library/Frameworks/ServiceManagement.framework/Versions/A/ServiceManagement
0x0000000004d91000 	/usr/lib/libxslt.1.dylib
0x0000000004d91000 	/System/Library/Frameworks/Carbon.framework/Versions/A/Frameworks/Ink.framework/Versions/A/Ink
0x0000000004d91000 	/System/Library/Frameworks/QuartzCore.framework/Versions/A/Frameworks/CoreImage.framework/Versions/A/CoreImage
0x0000000004d91000 	/System/Library/PrivateFrameworks/CrashReporterSupport.framework/Versions/A/CrashReporterSupport
0x0000000004d91000 	/System/Library/Frameworks/OpenCL.framework/Versions/A/OpenCL
0x0000000004d91000 	/System/Library/PrivateFrameworks/FaceCore.framework/Versions/A/FaceCore
0x0000000004d91000 	/System/Library/PrivateFrameworks/Ubiquity.framework/Versions/A/Ubiquity
0x0000000004d91000 	/System/Library/PrivateFrameworks/IconServices.framework/Versions/A/IconServices
0x0000000004d91000 	/System/Library/PrivateFrameworks/ChunkingLibrary.framework/Versions/A/ChunkingLibrary
0x0000000004d91000 	/System/Library/PrivateFrameworks/Apple80211.framework/Versions/A/Apple80211
0x0000000004d91000 	/System/Library/Frameworks/CoreWLAN.framework/Versions/A/CoreWLAN
0x0000000004d91000 	/System/Library/Frameworks/IOBluetooth.framework/Versions/A/IOBluetooth
0x0000000004d91000 	/System/Library/PrivateFrameworks/CoreWiFi.framework/Versions/A/CoreWiFi
0x0000000004d91000 	/System/Library/Frameworks/CoreBluetooth.framework/Versions/A/CoreBluetooth
0x0000000004d91000 	/System/Library/PrivateFrameworks/DebugSymbols.framework/Versions/A/DebugSymbols
0x0000000004d91000 	/System/Library/PrivateFrameworks/CoreSymbolication.framework/Versions/A/CoreSymbolication
0x0000000004d91000 	/System/Library/PrivateFrameworks/Symbolication.framework/Versions/A/Symbolication
0x0000000004d91000 	/System/Library/PrivateFrameworks/SpeechRecognitionCore.framework/Versions/A/SpeechRecognitionCore
0x000000010c600000 	/Library/Java/JavaVirtualMachines/jdk1.8.0_31.jdk/Contents/Home/jre/lib/server/libjvm.dylib
0x0000000004d91000 	/usr/lib/libstdc++.6.dylib
0x000000010bde4000 	/Library/Java/JavaVirtualMachines/jdk1.8.0_31.jdk/Contents/Home/jre/lib/libverify.dylib
0x000000010d622000 	/Library/Java/JavaVirtualMachines/jdk1.8.0_31.jdk/Contents/Home/jre/lib/libjava.dylib
0x000000010d656000 	/Library/Java/JavaVirtualMachines/jdk1.8.0_31.jdk/Contents/Home/jre/lib/libzip.dylib
0x000000012116b000 	/System/Library/Frameworks/JavaVM.framework/Frameworks/JavaRuntimeSupport.framework/JavaRuntimeSupport
0x0000000121183000 	/System/Library/Frameworks/JavaVM.framework/Versions/A/Frameworks/JavaNativeFoundation.framework/Versions/A/JavaNativeFoundation
0x0000000121198000 	/System/Library/Frameworks/JavaVM.framework/Versions/A/JavaVM
0x0000000004d91000 	/System/Library/Frameworks/Carbon.framework/Versions/A/Carbon
0x00000001211a5000 	/System/Library/PrivateFrameworks/JavaLaunching.framework/Versions/A/JavaLaunching
0x0000000004d91000 	/System/Library/Frameworks/Carbon.framework/Versions/A/Frameworks/CommonPanels.framework/Versions/A/CommonPanels
0x0000000004d91000 	/System/Library/Frameworks/Carbon.framework/Versions/A/Frameworks/Help.framework/Versions/A/Help
0x0000000004d91000 	/System/Library/Frameworks/Carbon.framework/Versions/A/Frameworks/ImageCapture.framework/Versions/A/ImageCapture
0x0000000004d91000 	/System/Library/Frameworks/Carbon.framework/Versions/A/Frameworks/OpenScripting.framework/Versions/A/OpenScripting
0x0000000004d91000 	/System/Library/Frameworks/Carbon.framework/Versions/A/Frameworks/Print.framework/Versions/A/Print
0x0000000004d91000 	/System/Library/Frameworks/Carbon.framework/Versions/A/Frameworks/SecurityHI.framework/Versions/A/SecurityHI
0x00000001232e7000 	/Library/Java/JavaVirtualMachines/jdk1.8.0_31.jdk/Contents/Home/jre/lib/libprism_es2.dylib
0x0000000004d91000 	/System/Library/Frameworks/OpenGL.framework/Versions/A/Resources/GLEngine.bundle/GLEngine
0x0000000004d91000 	/System/Library/Frameworks/OpenGL.framework/Versions/A/Libraries/libGLProgrammability.dylib
0x0000000000000000 	/System/Library/Extensions/AppleIntelHDGraphicsGLDriver.bundle/Contents/MacOS/AppleIntelHDGraphicsGLDriver
0x0000000123368000 	/System/Library/PrivateFrameworks/GPUSupport.framework/Versions/A/Libraries/libGPUSupport.dylib
0x0000000000000000 	/System/Library/Extensions/GeForceTeslaGLDriver.bundle/Contents/MacOS/GeForceTeslaGLDriver
0x000000012337c000 	/System/Library/Extensions/GeForceTeslaGLDriver.bundle/Contents/MacOS/libclh.dylib
0x0000000004d91000 	/System/Library/Frameworks/OpenGL.framework/Versions/A/Resources/GLRendererFloat.bundle/GLRendererFloat
0x0000000004d91000 	/System/Library/Frameworks/OpenCL.framework/Versions/A/Libraries/libcldcpuengine.dylib
0x0000000004d91000 	/System/Library/PrivateFrameworks/DiskImages.framework/Versions/A/DiskImages
0x0000000004d91000 	/System/Library/Frameworks/DiscRecording.framework/Versions/A/DiscRecording
0x0000000004d91000 	/usr/lib/libcsfde.dylib
0x0000000004d91000 	/usr/lib/libcurl.4.dylib
0x0000000004d91000 	/System/Library/PrivateFrameworks/MediaKit.framework/Versions/A/MediaKit
0x0000000004d91000 	/System/Library/PrivateFrameworks/ProtectedCloudStorage.framework/Versions/A/ProtectedCloudStorage
0x0000000004d91000 	/usr/lib/libCoreStorage.dylib
0x0000000004d91000 	/System/Library/PrivateFrameworks/EFILogin.framework/Versions/A/EFILogin
0x0000000004d91000 	/usr/lib/libutil.dylib
0x0000000004d91000 	/System/Library/PrivateFrameworks/FindMyDevice.framework/Versions/A/FindMyDevice
0x0000000004d91000 	/System/Library/Frameworks/LDAP.framework/Versions/A/LDAP
0x0000000004d91000 	/usr/lib/libsasl2.2.dylib
0x0000000004d91000 	/System/Library/PrivateFrameworks/CoreDaemon.framework/Versions/B/CoreDaemon
0x0000000004d91000 	/usr/lib/libcrypto.0.9.8.dylib
0x0000000004d91000 	/System/Library/PrivateFrameworks/AppleSRP.framework/Versions/A/AppleSRP
0x0000000004d91000 	/System/Library/PrivateFrameworks/TrustEvaluationAgent.framework/Versions/A/TrustEvaluationAgent
0x0000000123cff000 	/Library/Java/JavaVirtualMachines/jdk1.8.0_31.jdk/Contents/Home/jre/lib/libglass.dylib
0x0000000004d91000 	/System/Library/PrivateFrameworks/CoreServicesInternal.framework/Versions/A/CoreServicesInternal
0x0000000004d91000 	/System/Library/PrivateFrameworks/CloudDocs.framework/Versions/A/CloudDocs
0x0000000004d91000 	/System/Library/PrivateFrameworks/CoreDuet.framework/Versions/A/CoreDuet
0x0000000004d91000 	/System/Library/Frameworks/CloudKit.framework/Versions/A/CloudKit
0x0000000004d91000 	/System/Library/PrivateFrameworks/ProtocolBuffer.framework/Versions/A/ProtocolBuffer
0x0000000004d91000 	/System/Library/PrivateFrameworks/CoreDuetDaemonProtocol.framework/Versions/A/CoreDuetDaemonProtocol
0x0000000004d91000 	/System/Library/PrivateFrameworks/CoreDuetDebugLogging.framework/Versions/A/CoreDuetDebugLogging
0x0000000004d91000 	/System/Library/PrivateFrameworks/MMCS.framework/Versions/A/MMCS
0x0000000004d91000 	/System/Library/Frameworks/CoreLocation.framework/Versions/A/CoreLocation
0x0000000004d91000 	/System/Library/PrivateFrameworks/GeoServices.framework/Versions/A/GeoServices
0x0000000004d91000 	/System/Library/Frameworks/CoreGraphics.framework/Versions/A/Resources/libCGCMS.A.dylib
0x0000000004d91000 	/System/Library/CoreServices/RawCamera.bundle/Contents/MacOS/RawCamera
0x0000000004d91000 	/System/Library/Frameworks/CoreGraphics.framework/Versions/A/Resources/libRIP.A.dylib
0x0000000004d91000 	/System/Library/PrivateFrameworks/FamilyControls.framework/Versions/A/FamilyControls
0x0000000004d91000 	/System/Library/PrivateFrameworks/CommerceKit.framework/Versions/A/Frameworks/CommerceCore.framework/Versions/A/CommerceCore
0x0000000004d91000 	/System/Library/PrivateFrameworks/SystemAdministration.framework/Versions/A/SystemAdministration
0x0000000004d91000 	/System/Library/PrivateFrameworks/AppContainer.framework/Versions/A/AppContainer
0x0000000004d91000 	/System/Library/PrivateFrameworks/SecCodeWrapper.framework/Versions/A/SecCodeWrapper
0x0000000004d91000 	/System/Library/Frameworks/DirectoryService.framework/Versions/A/DirectoryService
0x0000000004d91000 	/System/Library/PrivateFrameworks/LoginUIKit.framework/Versions/A/Frameworks/LoginUICore.framework/Versions/A/LoginUICore
0x0000000004d91000 	/usr/lib/libodfde.dylib
0x00000001253ab000 	/Library/Java/JavaVirtualMachines/jdk1.8.0_31.jdk/Contents/Home/jre/lib/libjavafx_font.dylib
0x0000000004d91000 	/System/Library/Frameworks/CoreGraphics.framework/Versions/A/Resources/libCGXType.A.dylib
0x0000000128628000 	/Library/Java/JavaVirtualMachines/jdk1.8.0_31.jdk/Contents/Home/jre/lib/libnet.dylib
0x0000000127893000 	cl_kernels
0x0000000128ed5000 	/System/Library/Frameworks/OpenCL.framework/Versions/A/Libraries/ImageFormats/unorm8_bgra.dylib
0x0000000127898000 	cl_kernels
0x0000000129225000 	/Library/Java/JavaVirtualMachines/jdk1.8.0_31.jdk/Contents/Home/jre/lib/libglib-lite.dylib
0x000000012944e000 	/Library/Java/JavaVirtualMachines/jdk1.8.0_31.jdk/Contents/Home/jre/lib/libgstreamer-lite.dylib
0x0000000128868000 	/Library/Java/JavaVirtualMachines/jdk1.8.0_31.jdk/Contents/Home/jre/lib/libjfxmedia.dylib
0x0000000004d91000 	/System/Library/Frameworks/QTKit.framework/Versions/A/QTKit
0x0000000004d91000 	/System/Library/Frameworks/AVFoundation.framework/Versions/A/AVFoundation
0x0000000004d91000 	/System/Library/Frameworks/CoreMedia.framework/Versions/A/CoreMedia
0x0000000004d91000 	/System/Library/Frameworks/MediaToolbox.framework/Versions/A/MediaToolbox
0x0000000004d91000 	/System/Library/Frameworks/VideoToolbox.framework/Versions/A/VideoToolbox
0x0000000004d91000 	/System/Library/PrivateFrameworks/CoreMediaAuthoring.framework/Versions/A/CoreMediaAuthoring
0x0000000004d91000 	/System/Library/Frameworks/CoreMediaIO.framework/Versions/A/CoreMediaIO
0x0000000004d91000 	/System/Library/Frameworks/AVFoundation.framework/Versions/A/Resources/libAVFAudio.dylib
0x0000000004d91000 	/System/Library/PrivateFrameworks/MediaControlSender.framework/Versions/A/MediaControlSender
0x0000000004d91000 	/System/Library/PrivateFrameworks/CoreAVCHD.framework/Versions/A/CoreAVCHD
0x0000000004d91000 	/System/Library/Frameworks/MediaAccessibility.framework/Versions/A/MediaAccessibility
0x0000000004d91000 	/System/Library/PrivateFrameworks/Mangrove.framework/Versions/A/Mangrove
0x0000000004d91000 	/System/Library/PrivateFrameworks/CoreAUC.framework/Versions/A/CoreAUC
0x0000000004d91000 	/System/Library/PrivateFrameworks/NetworkStatistics.framework/Versions/A/NetworkStatistics
0x0000000004d91000 	/System/Library/PrivateFrameworks/AirPlaySupport.framework/Versions/A/AirPlaySupport
0x0000000004d91000 	/System/Library/PrivateFrameworks/CoreUtils.framework/Versions/A/CoreUtils
0x0000000004d91000 	/System/Library/PrivateFrameworks/AppleVA.framework/Versions/A/AppleVA
0x0000000004d91000 	/System/Library/PrivateFrameworks/XPCService.framework/Versions/A/XPCService
0x0000000004d91000 	/System/Library/PrivateFrameworks/AppSandbox.framework/Versions/A/AppSandbox
0x0000000004d91000 	/usr/lib/libsandbox.1.dylib
0x0000000004d91000 	/usr/lib/libMatch.1.dylib
0x0000000128912000 	/Library/Java/JavaVirtualMachines/jdk1.8.0_31.jdk/Contents/Home/jre/lib/libfxplugins.dylib
0x00000001285f8000 	/System/Library/Frameworks/VideoDecodeAcceleration.framework/Versions/A/VideoDecodeAcceleration
0x00000001285fe000 	/System/Library/Extensions/AppleHDA.kext/Contents/PlugIns/AppleHDAHALPlugIn.bundle/Contents/MacOS/AppleHDAHALPlugIn
0x0000000129827000 	/System/Library/Components/CoreAudio.component/Contents/MacOS/CoreAudio
0x0000000129c06000 	/System/Library/Components/AudioCodecs.component/Contents/MacOS/AudioCodecs
0x00000001230e1000 	/Library/Java/JavaVirtualMachines/jdk1.8.0_31.jdk/Contents/Home/jre/lib/libawt.dylib
0x0000000123190000 	/Library/Java/JavaVirtualMachines/jdk1.8.0_31.jdk/Contents/Home/jre/lib/./libmlib_image.dylib
0x0000000127b5d000 	/Library/Java/JavaVirtualMachines/jdk1.8.0_31.jdk/Contents/Home/jre/lib/libawt_lwawt.dylib
0x000000012325c000 	/Library/Java/JavaVirtualMachines/jdk1.8.0_31.jdk/Contents/Home/jre/lib/./libosxapp.dylib
0x0000000004d91000 	/System/Library/Frameworks/ExceptionHandling.framework/Versions/A/ExceptionHandling

VM Arguments:
jvm_args: -Dfile.encoding=UTF-8 
java_command: Main
java_class_path (initial): /Users/asheu/NetBeansProjects/Pokemon/build/classes
Launcher Type: SUN_STANDARD

Environment Variables:
PATH=/usr/bin:/bin:/usr/sbin:/sbin
LD_LIBRARY_PATH=/Library/Java/JavaVirtualMachines/jdk1.8.0_31.jdk/Contents/Home/jre/lib/amd64:/Library/Java/JavaVirtualMachines/jdk1.8.0_31.jdk/Contents/Home/jre/lib/i386:
SHELL=/bin/bash
DYLD_LIBRARY_PATH=/Applications/NetBeans/NetBeans 8.0.2.app/Contents/Resources/NetBeans/webcommon/bin:

Signal Handlers:
SIGSEGV: [libjvm.dylib+0x57a0e7], sa_mask[0]=11111111011111110111111111111111, sa_flags=SA_ONSTACK|SA_RESTART|SA_SIGINFO
SIGBUS: [libjvm.dylib+0x57a0e7], sa_mask[0]=11111111011111110111111111111111, sa_flags=SA_RESTART|SA_SIGINFO
SIGFPE: [libjvm.dylib+0x45af24], sa_mask[0]=11111111011111110111111111111111, sa_flags=SA_RESTART|SA_SIGINFO
SIGPIPE: [libjvm.dylib+0x45af24], sa_mask[0]=11111111011111110111111111111111, sa_flags=SA_RESTART|SA_SIGINFO
SIGXFSZ: [libjvm.dylib+0x45af24], sa_mask[0]=11111111011111110111111111111111, sa_flags=SA_RESTART|SA_SIGINFO
SIGILL: [libjvm.dylib+0x45af24], sa_mask[0]=11111111011111110111111111111111, sa_flags=SA_RESTART|SA_SIGINFO
SIGUSR1: SIG_DFL, sa_mask[0]=00000000000000000000000000000000, sa_flags=none
SIGUSR2: [libjvm.dylib+0x45aa42], sa_mask[0]=00100000000000000000000000000000, sa_flags=SA_RESTART|SA_SIGINFO
SIGHUP: [AudioToolbox+0xf933a], sa_mask[0]=00000000000000000000000000000000, sa_flags=SA_RESTART
SIGINT: SIG_IGN, sa_mask[0]=00000000000000000000000000000000, sa_flags=none
SIGTERM: [libjvm.dylib+0x459015], sa_mask[0]=11111111011111110111111111111111, sa_flags=SA_RESTART|SA_SIGINFO
SIGQUIT: [libjvm.dylib+0x459015], sa_mask[0]=11111111011111110111111111111111, sa_flags=SA_RESTART|SA_SIGINFO


---------------  S Y S T E M  ---------------

OS:Bsduname:Darwin 14.3.0 Darwin Kernel Version 14.3.0: Mon Mar 23 11:59:05 PDT 2015; root:xnu-2782.20.48~5/RELEASE_X86_64 x86_64
rlimit: STACK 8192k, CORE 0k, NPROC 709, NOFILE 10240, AS infinity
load average:2.25 2.15 2.24

CPU:total 4 (2 cores per cpu, 2 threads per core) family 6 model 37 stepping 5, cmov, cx8, fxsr, mmx, sse, sse2, sse3, ssse3, sse4.1, sse4.2, popcnt, aes, clmul, ht, tsc, tscinvbit

Memory: 4k page, physical 4194304k(193364k free)

/proc/meminfo:


vm_info: Java HotSpot(TM) 64-Bit Server VM (25.31-b07) for bsd-amd64 JRE (1.8.0_31-b13), built on Dec 17 2014 20:45:36 by "java_re" with gcc 4.2.1 (Based on Apple Inc. build 5658) (LLVM build 2336.11.00)

time: Mon May 18 20:26:37 2015
elapsed time: 4 seconds (0d 0h 0m 4s)

