#
# A fatal error has been detected by the Java Runtime Environment:
#
#  SIGSEGV (0xb) at pc=0x000000011b6f079b, pid=1060, tid=1811
#
# JRE version: Java(TM) SE Runtime Environment (8.0_31-b13) (build 1.8.0_31-b13)
# Java VM: Java HotSpot(TM) 64-Bit Server VM (25.31-b07 mixed mode bsd-amd64 compressed oops)
# Problematic frame:
# C  [libglass.dylib+0x579b]  -[GlassApplication applicationWillHide:]+0x7b
#
# Failed to write core dump. Core dumps have been disabled. To enable core dumping, try "ulimit -c unlimited" before starting Java again
#
# If you would like to submit a bug report, please visit:
#   http://bugreport.java.com/bugreport/crash.jsp
#

---------------  T H R E A D  ---------------

Current thread is native thread

siginfo: si_signo: 11 (SIGSEGV), si_code: 1 (SEGV_MAPERR), si_addr: 0x0000000000000000

Registers:
RAX=0x00007f95a2e66ef0, RBX=0x0000000000000000, RCX=0x0000000000000008, RDX=0x00007fff79957118
RSP=0x00007fff5c541540, RBP=0x00007fff5c541560, RSI=0x00007fff95183fe2, RDI=0x00007f95a300a070
R8 =0x00007fff5c5413e0, R9 =0x00007fff79c67300, R10=0x00007f95a2c0d9f0, R11=0x00007fff7994a5e0
R12=0x00007f95a2d09470, R13=0x00000000000f4265, R14=0x00007f95a2e650b0, R15=0x00007f95a2e66ef0
RIP=0x000000011b6f079b, EFLAGS=0x0000000000010206, ERR=0x0000000000000004
  TRAPNO=0x000000000000000e

Top of Stack: (sp=0x00007fff5c541540)
0x00007fff5c541540:   00007fff5c541730 00007f95a2d09470
0x00007fff5c541550:   00007f95a2e9d6f0 00007fff5c5416a0
0x00007fff5c541560:   00007fff5c541570 00007fff8860d45c
0x00007fff5c541570:   00007fff5c5418d0 00007fff884fd634
0x00007fff5c541580:   0000000000000004 0000000000000004
0x00007fff5c541590:   00007fff5c5415b0 00007fff90e178d8
0x00007fff5c5415a0:   00000001036d8a00 00000000000008e8
0x00007fff5c5415b0:   00000001036d5000 00007f95a2e9d6f0
0x00007fff5c5415c0:   0000000000000000 00007fff5c5416a0
0x00007fff5c5415d0:   0000000000000000 00007f95a2e9d670
0x00007fff5c5415e0:   00007fff5c541720 000000000000005f
0x00007fff5c5415f0:   00000000000f4312 00007f95a2d8ed70
0x00007fff5c541600:   00007f95a2e6b090 00007f95a2d09470
0x00007fff5c541610:   0000000000000001 00000000000f4265
0x00007fff5c541620:   00007f95a2d09460 0000000000001400
0x00007fff5c541630:   00007fff5c541680 21eb0d26c23ae422
0x00007fff5c541640:   0000000000001002 00000001036d9e00
0x00007fff5c541650:   00007f95a2c4e5d0 0000000000000018
0x00007fff5c541660:   0000000100000017 00000001036d5000
0x00007fff5c541670:   0000000000000002 0000000000000000
0x00007fff5c541680:   0001540388cccb28 00007f95a2d09494
0x00007fff5c541690:   0000000000000000 0000000000000000
0x00007fff5c5416a0:   00007f95a2e9d6f0 0000000000000001
0x00007fff5c5416b0:   00000001036d5000 0000000000000001
0x00007fff5c5416c0:   00007fff5c5416f0 00007fff8e112acb
0x00007fff5c5416d0:   00000001036d8a00 0000000000000001
0x00007fff5c5416e0:   00000001036d5000 00007f95a2dedc01
0x00007fff5c5416f0:   0000000000000003 00000001036d9e00
0x00007fff5c541700:   00007fff5c5417f0 00007fff8e1112a2
0x00007fff5c541710:   00007fff5c541730 00007fff908efc12
0x00007fff5c541720:   0000000000000014 0000000000000000
0x00007fff5c541730:   00000000000f4265 00000001036d5000 

Instructions: (pc=0x000000011b6f079b)
0x000000011b6f077b:   8d 35 3f f9 03 00 ff 15 39 f9 03 00 48 8b 35 82
0x000000011b6f078b:   e8 03 00 48 89 c7 30 c0 e8 b0 49 02 00 49 89 c7
0x000000011b6f079b:   48 8b 03 4c 8b a0 e8 01 00 00 48 8b 35 54 ea 03
0x000000011b6f07ab:   00 48 8b 3d 75 fa 03 00 30 c0 e8 8e 49 02 00 48 

Register to memory mapping:

RAX=0x00007f95a2e66ef0 is an unknown value
RBX=0x0000000000000000 is an unknown value
RCX=0x0000000000000008 is an unknown value
RDX=0x00007fff79957118: _NSAPCache+0x18 in /System/Library/Frameworks/Foundation.framework/Versions/C/Foundation at 0x00007fff929e1000
RSP=0x00007fff5c541540 is an unknown value
RBP=0x00007fff5c541560 is an unknown value
RSI=0x00007fff95183fe2: kFigMPEG2MetadataDescriptor+0xb7f02 in /System/Library/Frameworks/MediaToolbox.framework/Versions/A/MediaToolbox at 0x00007fff94c9a000
RDI=0x00007f95a300a070 is an unknown value
R8 =0x00007fff5c5413e0 is an unknown value
R9 =0x00007fff79c67300: _thread+0 in /usr/lib/system/libsystem_pthread.dylib at 0x00007fff9390d000
R10=0x00007f95a2c0d9f0 is an unknown value
R11=0x00007fff7994a5e0: OBJC_CLASS_$_NSAutoreleasePool+0 in /System/Library/Frameworks/Foundation.framework/Versions/C/Foundation at 0x00007fff929e1000
R12=0x00007f95a2d09470 is an unknown value
R13=0x00000000000f4265 is an unknown value
R14=0x00007f95a2e650b0 is an unknown value
R15=0x00007f95a2e66ef0 is an unknown value


Stack: [0x00007fff5bd45000,0x00007fff5c545000],  sp=0x00007fff5c541540,  free space=8177k
Native frames: (J=compiled Java code, j=interpreted, Vv=VM code, C=native code)
C  [libglass.dylib+0x579b]  -[GlassApplication applicationWillHide:]+0x7b
C  [CoreFoundation+0x12045c]  __CFNOTIFICATIONCENTER_IS_CALLING_OUT_TO_AN_OBSERVER__+0xc
C  [CoreFoundation+0x10634]  _CFXNotificationPost+0xc44
C  [Foundation+0x79d1]  -[NSNotificationCenter postNotificationName:object:userInfo:]+0x42
C  [AppKit+0x485dc6]  -[NSApplication _doHideMaybeFakingIt:]+0x186
C  [AppKit+0x16015a]  _hideShowHandler+0xac
C  [HIToolbox+0x8b6c]  _ZL23DispatchEventToHandlersP14EventTargetRecP14OpaqueEventRefP14HandlerCallRec+0x4ec
C  [HIToolbox+0x7fae]  _ZL30SendEventToEventTargetInternalP14OpaqueEventRefP20OpaqueEventTargetRefP14HandlerCallRec+0x182
C  [HIToolbox+0x1dcb6]  SendEventToEventTarget+0x28
C  [AppKit+0x91bd1]  _DPSNextEvent+0x5e8
C  [AppKit+0x90f68]  -[NSApplication nextEventMatchingMask:untilDate:inMode:dequeue:]+0x15a
C  [AppKit+0x86bf3]  -[NSApplication run]+0x252
C  [libosxapp.dylib+0x223e]  +[NSApplicationAWT runAWTLoopWithApp:]+0x9c
C  [libawt_lwawt.dylib+0x4494f]  -[AWTStarter starter:]+0x389
C  [Foundation+0x92d00]  __NSThreadPerformPerform+0x125
C  [CoreFoundation+0x80a01]  __CFRUNLOOP_IS_CALLING_OUT_TO_A_SOURCE0_PERFORM_FUNCTION__+0x11
C  [CoreFoundation+0x72b8d]  __CFRunLoopDoSources0+0x10d
C  [CoreFoundation+0x721bf]  __CFRunLoopRun+0x39f
C  [CoreFoundation+0x71bd8]  CFRunLoopRunSpecific+0x128
C  [java+0x56cc]  CreateExecutionEnvironment+0x367
C  [java+0x165c]  JLI_Launch+0x7a0
C  [java+0x768a]  main+0x65
C  [java+0xeb4]  start+0x34


---------------  P R O C E S S  ---------------

VM state:not at safepoint (normal execution)

VM Mutex/Monitor currently owned by a thread: None

Heap:
 PSYoungGen      total 20480K, used 1645K [0x00000007aab00000, 0x00000007ac800000, 0x00000007c0000000)
  eden space 16384K, 9% used [0x00000007aab00000,0x00000007aac8b690,0x00000007abb00000)
  from space 4096K, 1% used [0x00000007ac000000,0x00000007ac010000,0x00000007ac400000)
  to   space 4096K, 0% used [0x00000007ac400000,0x00000007ac400000,0x00000007ac800000)
 ParOldGen       total 44032K, used 2892K [0x0000000780000000, 0x0000000782b00000, 0x00000007aab00000)
  object space 44032K, 6% used [0x0000000780000000,0x00000007802d31e8,0x0000000782b00000)
 Metaspace       used 11161K, capacity 11572K, committed 11904K, reserved 1058816K
  class space    used 1481K, capacity 1579K, committed 1664K, reserved 1048576K

Card table byte_map: [0x0000000114416000,0x0000000114617000] byte_map_base: 0x0000000110816000

Marking Bits: (ParMarkBitMap*) 0x000000010489e410
 Begin Bits: [0x0000000114b79000, 0x0000000115b79000)
 End Bits:   [0x0000000115b79000, 0x0000000116b79000)

Polling page: 0x00000001037de000

CodeCache: size=245760Kb used=3112Kb max_used=3124Kb free=242647Kb
 bounds [0x0000000105056000, 0x0000000105366000, 0x0000000114056000]
 total_blobs=1332 nmethods=833 adapters=415
 compilation: enabled

Compilation events (10 events):
Event: 74.737 Thread 0x00007f95a4867800  828       3       java.lang.Integer::<init> (10 bytes)
Event: 74.737 Thread 0x00007f95a4867800 nmethod 828 0x000000010535da90 code [0x000000010535dc00, 0x000000010535de10]
Event: 74.737 Thread 0x00007f95a4867800  830       1       javafx.scene.input.KeyCode::impl_getCode (5 bytes)
Event: 74.737 Thread 0x00007f95a4867800 nmethod 830 0x000000010535df10 code [0x000000010535e060, 0x000000010535e170]
Event: 75.040 Thread 0x00007f95a4867000  831       4       jdk.internal.org.objectweb.asm.Item::set (143 bytes)
Event: 75.066 Thread 0x00007f95a4867000 nmethod 831 0x000000010535f950 code [0x000000010535fc20, 0x0000000105360558]
Event: 75.077 Thread 0x00007f95a4867800  832       3       java.lang.invoke.LambdaForm$BMH/1585339769::reinvoke (26 bytes)
Event: 75.078 Thread 0x00007f95a4867800 nmethod 832 0x000000010535ef10 code [0x000000010535f0c0, 0x000000010535f7e8]
Event: 75.123 Thread 0x00007f95a4831000  833       4       sun.misc.MetaIndex::mayContain (51 bytes)
Event: 75.131 Thread 0x00007f95a4831000 nmethod 833 0x0000000105363990 code [0x0000000105363b00, 0x0000000105363e78]

GC Heap History (10 events):
Event: 4.234 GC heap before
{Heap before GC invocations=9 (full 0):
 PSYoungGen      total 16896K, used 16512K [0x00000007aab00000, 0x00000007acf00000, 0x00000007c0000000)
  eden space 16384K, 100% used [0x00000007aab00000,0x00000007abb00000,0x00000007abb00000)
  from space 512K, 25% used [0x00000007ace80000,0x00000007acea0000,0x00000007acf00000)
  to   space 3584K, 0% used [0x00000007ac800000,0x00000007ac800000,0x00000007acb80000)
 ParOldGen       total 44032K, used 2828K [0x0000000780000000, 0x0000000782b00000, 0x00000007aab00000)
  object space 44032K, 6% used [0x0000000780000000,0x00000007802c31e8,0x0000000782b00000)
 Metaspace       used 10873K, capacity 11206K, committed 11392K, reserved 1058816K
  class space    used 1457K, capacity 1572K, committed 1664K, reserved 1048576K
Event: 4.235 GC heap after
Heap after GC invocations=9 (full 0):
 PSYoungGen      total 16896K, used 64K [0x00000007aab00000, 0x00000007acf00000, 0x00000007c0000000)
  eden space 16384K, 0% used [0x00000007aab00000,0x00000007aab00000,0x00000007abb00000)
  from space 512K, 12% used [0x00000007ac800000,0x00000007ac810000,0x00000007ac880000)
  to   space 4096K, 0% used [0x00000007acb00000,0x00000007acb00000,0x00000007acf00000)
 ParOldGen       total 44032K, used 2844K [0x0000000780000000, 0x0000000782b00000, 0x00000007aab00000)
  object space 44032K, 6% used [0x0000000780000000,0x00000007802c71e8,0x0000000782b00000)
 Metaspace       used 10873K, capacity 11206K, committed 11392K, reserved 1058816K
  class space    used 1457K, capacity 1572K, committed 1664K, reserved 1048576K
}
Event: 4.564 GC heap before
{Heap before GC invocations=10 (full 0):
 PSYoungGen      total 16896K, used 16448K [0x00000007aab00000, 0x00000007acf00000, 0x00000007c0000000)
  eden space 16384K, 100% used [0x00000007aab00000,0x00000007abb00000,0x00000007abb00000)
  from space 512K, 12% used [0x00000007ac800000,0x00000007ac810000,0x00000007ac880000)
  to   space 4096K, 0% used [0x00000007acb00000,0x00000007acb00000,0x00000007acf00000)
 ParOldGen       total 44032K, used 2844K [0x0000000780000000, 0x0000000782b00000, 0x00000007aab00000)
  object space 44032K, 6% used [0x0000000780000000,0x00000007802c71e8,0x0000000782b00000)
 Metaspace       used 10873K, capacity 11206K, committed 11392K, reserved 1058816K
  class space    used 1457K, capacity 1572K, committed 1664K, reserved 1048576K
Event: 4.565 GC heap after
Heap after GC invocations=10 (full 0):
 PSYoungGen      total 16896K, used 96K [0x00000007aab00000, 0x00000007acb80000, 0x00000007c0000000)
  eden space 16384K, 0% used [0x00000007aab00000,0x00000007aab00000,0x00000007abb00000)
  from space 512K, 18% used [0x00000007acb00000,0x00000007acb18000,0x00000007acb80000)
  to   space 4096K, 0% used [0x00000007ac380000,0x00000007ac380000,0x00000007ac780000)
 ParOldGen       total 44032K, used 2852K [0x0000000780000000, 0x0000000782b00000, 0x00000007aab00000)
  object space 44032K, 6% used [0x0000000780000000,0x00000007802c91e8,0x0000000782b00000)
 Metaspace       used 10873K, capacity 11206K, committed 11392K, reserved 1058816K
  class space    used 1457K, capacity 1572K, committed 1664K, reserved 1048576K
}
Event: 4.804 GC heap before
{Heap before GC invocations=11 (full 0):
 PSYoungGen      total 16896K, used 16480K [0x00000007aab00000, 0x00000007acb80000, 0x00000007c0000000)
  eden space 16384K, 100% used [0x00000007aab00000,0x00000007abb00000,0x00000007abb00000)
  from space 512K, 18% used [0x00000007acb00000,0x00000007acb18000,0x00000007acb80000)
  to   space 4096K, 0% used [0x00000007ac380000,0x00000007ac380000,0x00000007ac780000)
 ParOldGen       total 44032K, used 2852K [0x0000000780000000, 0x0000000782b00000, 0x00000007aab00000)
  object space 44032K, 6% used [0x0000000780000000,0x00000007802c91e8,0x0000000782b00000)
 Metaspace       used 10874K, capacity 11210K, committed 11392K, reserved 1058816K
  class space    used 1457K, capacity 1572K, committed 1664K, reserved 1048576K
Event: 4.805 GC heap after
Heap after GC invocations=11 (full 0):
 PSYoungGen      total 20480K, used 64K [0x00000007aab00000, 0x00000007acb80000, 0x00000007c0000000)
  eden space 16384K, 0% used [0x00000007aab00000,0x00000007aab00000,0x00000007abb00000)
  from space 4096K, 1% used [0x00000007ac380000,0x00000007ac390000,0x00000007ac780000)
  to   space 4096K, 0% used [0x00000007ac780000,0x00000007ac780000,0x00000007acb80000)
 ParOldGen       total 44032K, used 2868K [0x0000000780000000, 0x0000000782b00000, 0x00000007aab00000)
  object space 44032K, 6% used [0x0000000780000000,0x00000007802cd1e8,0x0000000782b00000)
 Metaspace       used 10874K, capacity 11210K, committed 11392K, reserved 1058816K
  class space    used 1457K, capacity 1572K, committed 1664K, reserved 1048576K
}
Event: 5.023 GC heap before
{Heap before GC invocations=12 (full 0):
 PSYoungGen      total 20480K, used 16448K [0x00000007aab00000, 0x00000007acb80000, 0x00000007c0000000)
  eden space 16384K, 100% used [0x00000007aab00000,0x00000007abb00000,0x00000007abb00000)
  from space 4096K, 1% used [0x00000007ac380000,0x00000007ac390000,0x00000007ac780000)
  to   space 4096K, 0% used [0x00000007ac780000,0x00000007ac780000,0x00000007acb80000)
 ParOldGen       total 44032K, used 2868K [0x0000000780000000, 0x0000000782b00000, 0x00000007aab00000)
  object space 44032K, 6% used [0x0000000780000000,0x00000007802cd1e8,0x0000000782b00000)
 Metaspace       used 10877K, capacity 11210K, committed 11392K, reserved 1058816K
  class space    used 1457K, capacity 1572K, committed 1664K, reserved 1048576K
Event: 5.024 GC heap after
Heap after GC invocations=12 (full 0):
 PSYoungGen      total 16896K, used 64K [0x00000007aab00000, 0x00000007ac800000, 0x00000007c0000000)
  eden space 16384K, 0% used [0x00000007aab00000,0x00000007aab00000,0x00000007abb00000)
  from space 512K, 12% used [0x00000007ac780000,0x00000007ac790000,0x00000007ac800000)
  to   space 4096K, 0% used [0x00000007ac000000,0x00000007ac000000,0x00000007ac400000)
 ParOldGen       total 44032K, used 2876K [0x0000000780000000, 0x0000000782b00000, 0x00000007aab00000)
  object space 44032K, 6% used [0x0000000780000000,0x00000007802cf1e8,0x0000000782b00000)
 Metaspace       used 10877K, capacity 11210K, committed 11392K, reserved 1058816K
  class space    used 1457K, capacity 1572K, committed 1664K, reserved 1048576K
}
Event: 5.253 GC heap before
{Heap before GC invocations=13 (full 0):
 PSYoungGen      total 16896K, used 16448K [0x00000007aab00000, 0x00000007ac800000, 0x00000007c0000000)
  eden space 16384K, 100% used [0x00000007aab00000,0x00000007abb00000,0x00000007abb00000)
  from space 512K, 12% used [0x00000007ac780000,0x00000007ac790000,0x00000007ac800000)
  to   space 4096K, 0% used [0x00000007ac000000,0x00000007ac000000,0x00000007ac400000)
 ParOldGen       total 44032K, used 2876K [0x0000000780000000, 0x0000000782b00000, 0x00000007aab00000)
  object space 44032K, 6% used [0x0000000780000000,0x00000007802cf1e8,0x0000000782b00000)
 Metaspace       used 10877K, capacity 11210K, committed 11392K, reserved 1058816K
  class space    used 1457K, capacity 1572K, committed 1664K, reserved 1048576K
Event: 5.254 GC heap after
Heap after GC invocations=13 (full 0):
 PSYoungGen      total 20480K, used 64K [0x00000007aab00000, 0x00000007ac800000, 0x00000007c0000000)
  eden space 16384K, 0% used [0x00000007aab00000,0x00000007aab00000,0x00000007abb00000)
  from space 4096K, 1% used [0x00000007ac000000,0x00000007ac010000,0x00000007ac400000)
  to   space 4096K, 0% used [0x00000007ac400000,0x00000007ac400000,0x00000007ac800000)
 ParOldGen       total 44032K, used 2892K [0x0000000780000000, 0x0000000782b00000, 0x00000007aab00000)
  object space 44032K, 6% used [0x0000000780000000,0x00000007802d31e8,0x0000000782b00000)
 Metaspace       used 10877K, capacity 11210K, committed 11392K, reserved 1058816K
  class space    used 1457K, capacity 1572K, committed 1664K, reserved 1048576K
}

Deoptimization events (1 events):
Event: 74.737 Thread 0x00007f95a495b000 Uncommon trap: reason=class_check action=maybe_recompile pc=0x00000001052f83c8 method=java.util.HashMap.getNode(ILjava/lang/Object;)Ljava/util/HashMap$Node; @ 126

Internal exceptions (10 events):
Event: 0.888 Thread 0x00007f95a495b000 Exception <a 'java/security/PrivilegedActionException'> (0x00000007ab7f0e00) thrown at [/Users/java_re/workspace/8-2-build-macosx-x86_64/jdk8u31/2394/hotspot/src/share/vm/prims/jvm.cpp, line 1312]
Event: 0.891 Thread 0x00007f95a495b000 Exception <a 'java/security/PrivilegedActionException'> (0x00000007ab815f58) thrown at [/Users/java_re/workspace/8-2-build-macosx-x86_64/jdk8u31/2394/hotspot/src/share/vm/prims/jvm.cpp, line 1312]
Event: 1.238 Thread 0x00007f95a3972000 Exception <a 'java/lang/UnsatisfiedLinkError': com.sun.media.jfxmedia.logging.Logger.nativeSetNativeLevel(I)V> (0x00000007abae9a30) thrown at [/Users/java_re/workspace/8-2-build-macosx-x86_64/jdk8u31/2394/hotspot/src/share/vm/prims/nativeLookup.cpp, line 
Event: 1.401 Thread 0x00007f95a4a88000 Exception <a 'java/security/PrivilegedActionException'> (0x00000007aab3c3e0) thrown at [/Users/java_re/workspace/8-2-build-macosx-x86_64/jdk8u31/2394/hotspot/src/share/vm/prims/jvm.cpp, line 1312]
Event: 1.401 Thread 0x00007f95a4a88000 Exception <a 'java/security/PrivilegedActionException'> (0x00000007aab3dcd8) thrown at [/Users/java_re/workspace/8-2-build-macosx-x86_64/jdk8u31/2394/hotspot/src/share/vm/prims/jvm.cpp, line 1312]
Event: 1.401 Thread 0x00007f95a4a88000 Exception <a 'java/security/PrivilegedActionException'> (0x00000007aab3f828) thrown at [/Users/java_re/workspace/8-2-build-macosx-x86_64/jdk8u31/2394/hotspot/src/share/vm/prims/jvm.cpp, line 1312]
Event: 75.122 Thread 0x00007f95a4802800 Exception <a 'java/security/PrivilegedActionException'> (0x00000007aac5de50) thrown at [/Users/java_re/workspace/8-2-build-macosx-x86_64/jdk8u31/2394/hotspot/src/share/vm/prims/jvm.cpp, line 1312]
Event: 75.123 Thread 0x00007f95a4802800 Exception <a 'java/security/PrivilegedActionException'> (0x00000007aac617a0) thrown at [/Users/java_re/workspace/8-2-build-macosx-x86_64/jdk8u31/2394/hotspot/src/share/vm/prims/jvm.cpp, line 1312]
Event: 75.123 Thread 0x00007f95a4802800 Exception <a 'java/security/PrivilegedActionException'> (0x00000007aac64090) thrown at [/Users/java_re/workspace/8-2-build-macosx-x86_64/jdk8u31/2394/hotspot/src/share/vm/prims/jvm.cpp, line 1312]
Event: 75.124 Thread 0x00007f95a4802800 Exception <a 'java/security/PrivilegedActionException'> (0x00000007aac6c180) thrown at [/Users/java_re/workspace/8-2-build-macosx-x86_64/jdk8u31/2394/hotspot/src/share/vm/prims/jvm.cpp, line 1312]

Events (10 events):
Event: 75.128 loading class java/util/ListResourceBundle done
Event: 75.128 loading class sun/awt/resources/awt done
Event: 75.129 loading class java/awt/Toolkit$3
Event: 75.129 loading class java/awt/Toolkit$3 done
Event: 75.133 loading class sun/misc/ThreadGroupUtils
Event: 75.133 loading class sun/misc/ThreadGroupUtils done
Event: 75.133 loading class java/awt/GraphicsEnvironment
Event: 75.133 loading class java/awt/GraphicsEnvironment done
Event: 75.133 loading class java/awt/GraphicsEnvironment$1
Event: 75.133 loading class java/awt/GraphicsEnvironment$1 done


Dynamic libraries:
0x0000000007f27000 	/System/Library/Frameworks/Cocoa.framework/Versions/A/Cocoa
0x0000000007f27000 	/System/Library/Frameworks/Security.framework/Versions/A/Security
0x0000000007f27000 	/System/Library/Frameworks/ApplicationServices.framework/Versions/A/ApplicationServices
0x0000000007f27000 	/usr/lib/libz.1.dylib
0x0000000007f27000 	/usr/lib/libSystem.B.dylib
0x0000000007f27000 	/usr/lib/libobjc.A.dylib
0x0000000007f27000 	/System/Library/Frameworks/CoreFoundation.framework/Versions/A/CoreFoundation
0x0000000007f27000 	/System/Library/Frameworks/Foundation.framework/Versions/C/Foundation
0x0000000007f27000 	/System/Library/Frameworks/AppKit.framework/Versions/C/AppKit
0x0000000007f27000 	/System/Library/Frameworks/CoreData.framework/Versions/A/CoreData
0x0000000007f27000 	/System/Library/PrivateFrameworks/RemoteViewServices.framework/Versions/A/RemoteViewServices
0x0000000007f27000 	/System/Library/PrivateFrameworks/UIFoundation.framework/Versions/A/UIFoundation
0x0000000007f27000 	/System/Library/Frameworks/IOSurface.framework/Versions/A/IOSurface
0x0000000007f27000 	/System/Library/Frameworks/AudioToolbox.framework/Versions/A/AudioToolbox
0x0000000007f27000 	/System/Library/Frameworks/AudioUnit.framework/Versions/A/AudioUnit
0x0000000007f27000 	/System/Library/PrivateFrameworks/DataDetectorsCore.framework/Versions/A/DataDetectorsCore
0x0000000007f27000 	/System/Library/PrivateFrameworks/DesktopServicesPriv.framework/Versions/A/DesktopServicesPriv
0x0000000007f27000 	/System/Library/Frameworks/Carbon.framework/Versions/A/Frameworks/HIToolbox.framework/Versions/A/HIToolbox
0x0000000007f27000 	/System/Library/Frameworks/QuartzCore.framework/Versions/A/QuartzCore
0x0000000007f27000 	/System/Library/Frameworks/Carbon.framework/Versions/A/Frameworks/SpeechRecognition.framework/Versions/A/SpeechRecognition
0x0000000007f27000 	/usr/lib/libauto.dylib
0x0000000007f27000 	/usr/lib/libicucore.A.dylib
0x0000000007f27000 	/usr/lib/libxml2.2.dylib
0x0000000007f27000 	/System/Library/PrivateFrameworks/CoreUI.framework/Versions/A/CoreUI
0x0000000007f27000 	/System/Library/Frameworks/CoreAudio.framework/Versions/A/CoreAudio
0x0000000007f27000 	/System/Library/Frameworks/DiskArbitration.framework/Versions/A/DiskArbitration
0x0000000007f27000 	/usr/lib/liblangid.dylib
0x0000000007f27000 	/System/Library/PrivateFrameworks/MultitouchSupport.framework/Versions/A/MultitouchSupport
0x0000000007f27000 	/System/Library/Frameworks/IOKit.framework/Versions/A/IOKit
0x0000000007f27000 	/usr/lib/libDiagnosticMessagesClient.dylib
0x0000000007f27000 	/System/Library/Frameworks/CoreServices.framework/Versions/A/CoreServices
0x0000000007f27000 	/System/Library/PrivateFrameworks/PerformanceAnalysis.framework/Versions/A/PerformanceAnalysis
0x0000000007f27000 	/System/Library/PrivateFrameworks/GenerationalStorage.framework/Versions/A/GenerationalStorage
0x0000000007f27000 	/System/Library/Frameworks/OpenGL.framework/Versions/A/OpenGL
0x0000000007f27000 	/System/Library/PrivateFrameworks/Sharing.framework/Versions/A/Sharing
0x0000000007f27000 	/System/Library/Frameworks/CoreGraphics.framework/Versions/A/CoreGraphics
0x0000000007f27000 	/System/Library/Frameworks/CoreText.framework/Versions/A/CoreText
0x0000000007f27000 	/System/Library/Frameworks/ImageIO.framework/Versions/A/ImageIO
0x0000000007f27000 	/usr/lib/libextension.dylib
0x0000000007f27000 	/System/Library/PrivateFrameworks/Backup.framework/Versions/A/Backup
0x0000000007f27000 	/usr/lib/libarchive.2.dylib
0x0000000007f27000 	/System/Library/Frameworks/CFNetwork.framework/Versions/A/CFNetwork
0x0000000007f27000 	/System/Library/Frameworks/SystemConfiguration.framework/Versions/A/SystemConfiguration
0x0000000007f27000 	/usr/lib/libCRFSuite.dylib
0x0000000007f27000 	/usr/lib/libc++.1.dylib
0x0000000007f27000 	/usr/lib/libc++abi.dylib
0x0000000007f27000 	/usr/lib/system/libcache.dylib
0x0000000007f27000 	/usr/lib/system/libcommonCrypto.dylib
0x0000000007f27000 	/usr/lib/system/libcompiler_rt.dylib
0x0000000007f27000 	/usr/lib/system/libcopyfile.dylib
0x0000000007f27000 	/usr/lib/system/libcorecrypto.dylib
0x0000000007f27000 	/usr/lib/system/libdispatch.dylib
0x0000000007f27000 	/usr/lib/system/libdyld.dylib
0x0000000007f27000 	/usr/lib/system/libkeymgr.dylib
0x0000000007f27000 	/usr/lib/system/liblaunch.dylib
0x0000000007f27000 	/usr/lib/system/libmacho.dylib
0x0000000007f27000 	/usr/lib/system/libquarantine.dylib
0x0000000007f27000 	/usr/lib/system/libremovefile.dylib
0x0000000007f27000 	/usr/lib/system/libsystem_asl.dylib
0x0000000007f27000 	/usr/lib/system/libsystem_blocks.dylib
0x0000000007f27000 	/usr/lib/system/libsystem_c.dylib
0x0000000007f27000 	/usr/lib/system/libsystem_configuration.dylib
0x0000000007f27000 	/usr/lib/system/libsystem_coreservices.dylib
0x0000000007f27000 	/usr/lib/system/libsystem_coretls.dylib
0x0000000007f27000 	/usr/lib/system/libsystem_dnssd.dylib
0x0000000007f27000 	/usr/lib/system/libsystem_info.dylib
0x0000000007f27000 	/usr/lib/system/libsystem_kernel.dylib
0x0000000007f27000 	/usr/lib/system/libsystem_m.dylib
0x0000000007f27000 	/usr/lib/system/libsystem_malloc.dylib
0x0000000007f27000 	/usr/lib/system/libsystem_network.dylib
0x0000000007f27000 	/usr/lib/system/libsystem_networkextension.dylib
0x0000000007f27000 	/usr/lib/system/libsystem_notify.dylib
0x0000000007f27000 	/usr/lib/system/libsystem_platform.dylib
0x0000000007f27000 	/usr/lib/system/libsystem_pthread.dylib
0x0000000007f27000 	/usr/lib/system/libsystem_sandbox.dylib
0x0000000007f27000 	/usr/lib/system/libsystem_secinit.dylib
0x0000000007f27000 	/usr/lib/system/libsystem_stats.dylib
0x0000000007f27000 	/usr/lib/system/libsystem_trace.dylib
0x0000000007f27000 	/usr/lib/system/libunc.dylib
0x0000000007f27000 	/usr/lib/system/libunwind.dylib
0x0000000007f27000 	/usr/lib/system/libxpc.dylib
0x0000000007f27000 	/usr/lib/libbz2.1.0.dylib
0x0000000007f27000 	/usr/lib/liblzma.5.dylib
0x0000000007f27000 	/usr/lib/libbsm.0.dylib
0x0000000007f27000 	/usr/lib/libsqlite3.dylib
0x0000000007f27000 	/usr/lib/system/libkxld.dylib
0x0000000007f27000 	/usr/lib/libxar.1.dylib
0x0000000007f27000 	/usr/lib/libpam.2.dylib
0x0000000007f27000 	/usr/lib/libOpenScriptingUtil.dylib
0x0000000007f27000 	/System/Library/Frameworks/CoreServices.framework/Versions/A/Frameworks/FSEvents.framework/Versions/A/FSEvents
0x0000000007f27000 	/System/Library/Frameworks/CoreServices.framework/Versions/A/Frameworks/CarbonCore.framework/Versions/A/CarbonCore
0x0000000007f27000 	/System/Library/Frameworks/CoreServices.framework/Versions/A/Frameworks/Metadata.framework/Versions/A/Metadata
0x0000000007f27000 	/System/Library/Frameworks/CoreServices.framework/Versions/A/Frameworks/OSServices.framework/Versions/A/OSServices
0x0000000007f27000 	/System/Library/Frameworks/CoreServices.framework/Versions/A/Frameworks/SearchKit.framework/Versions/A/SearchKit
0x0000000007f27000 	/System/Library/Frameworks/CoreServices.framework/Versions/A/Frameworks/AE.framework/Versions/A/AE
0x0000000007f27000 	/System/Library/Frameworks/CoreServices.framework/Versions/A/Frameworks/LaunchServices.framework/Versions/A/LaunchServices
0x0000000007f27000 	/System/Library/Frameworks/CoreServices.framework/Versions/A/Frameworks/DictionaryServices.framework/Versions/A/DictionaryServices
0x0000000007f27000 	/System/Library/Frameworks/NetFS.framework/Versions/A/NetFS
0x0000000007f27000 	/System/Library/PrivateFrameworks/NetAuth.framework/Versions/A/NetAuth
0x0000000007f27000 	/System/Library/PrivateFrameworks/login.framework/Versions/A/Frameworks/loginsupport.framework/Versions/A/loginsupport
0x0000000007f27000 	/System/Library/PrivateFrameworks/TCC.framework/Versions/A/TCC
0x0000000007f27000 	/usr/lib/libmecabra.dylib
0x0000000007f27000 	/System/Library/Frameworks/ApplicationServices.framework/Versions/A/Frameworks/ATS.framework/Versions/A/ATS
0x0000000007f27000 	/System/Library/Frameworks/ApplicationServices.framework/Versions/A/Frameworks/ColorSync.framework/Versions/A/ColorSync
0x0000000007f27000 	/System/Library/Frameworks/ApplicationServices.framework/Versions/A/Frameworks/HIServices.framework/Versions/A/HIServices
0x0000000007f27000 	/System/Library/Frameworks/ApplicationServices.framework/Versions/A/Frameworks/LangAnalysis.framework/Versions/A/LangAnalysis
0x0000000007f27000 	/System/Library/Frameworks/ApplicationServices.framework/Versions/A/Frameworks/PrintCore.framework/Versions/A/PrintCore
0x0000000007f27000 	/System/Library/Frameworks/ApplicationServices.framework/Versions/A/Frameworks/QD.framework/Versions/A/QD
0x0000000007f27000 	/System/Library/Frameworks/ApplicationServices.framework/Versions/A/Frameworks/SpeechSynthesis.framework/Versions/A/SpeechSynthesis
0x0000000007f27000 	/System/Library/Frameworks/Accelerate.framework/Versions/A/Accelerate
0x0000000007f27000 	/System/Library/Frameworks/Accelerate.framework/Versions/A/Frameworks/vImage.framework/Versions/A/vImage
0x0000000007f27000 	/System/Library/Frameworks/Accelerate.framework/Versions/A/Frameworks/vecLib.framework/Versions/A/vecLib
0x0000000007f27000 	/System/Library/Frameworks/Accelerate.framework/Versions/A/Frameworks/vecLib.framework/Versions/A/libvDSP.dylib
0x0000000007f27000 	/System/Library/Frameworks/Accelerate.framework/Versions/A/Frameworks/vecLib.framework/Versions/A/libvMisc.dylib
0x0000000007f27000 	/System/Library/Frameworks/Accelerate.framework/Versions/A/Frameworks/vecLib.framework/Versions/A/libLAPACK.dylib
0x0000000007f27000 	/System/Library/Frameworks/Accelerate.framework/Versions/A/Frameworks/vecLib.framework/Versions/A/libBLAS.dylib
0x0000000007f27000 	/System/Library/Frameworks/Accelerate.framework/Versions/A/Frameworks/vecLib.framework/Versions/A/libLinearAlgebra.dylib
0x0000000007f27000 	/System/Library/Frameworks/ApplicationServices.framework/Versions/A/Frameworks/ATS.framework/Versions/A/Resources/libFontParser.dylib
0x0000000007f27000 	/System/Library/Frameworks/ApplicationServices.framework/Versions/A/Frameworks/ATS.framework/Versions/A/Resources/libFontRegistry.dylib
0x0000000007f27000 	/System/Library/PrivateFrameworks/AppleVPA.framework/Versions/A/AppleVPA
0x0000000007f27000 	/System/Library/PrivateFrameworks/AppleJPEG.framework/Versions/A/AppleJPEG
0x0000000007f27000 	/System/Library/Frameworks/ImageIO.framework/Versions/A/Resources/libJPEG.dylib
0x0000000007f27000 	/System/Library/Frameworks/ImageIO.framework/Versions/A/Resources/libTIFF.dylib
0x0000000007f27000 	/System/Library/Frameworks/ImageIO.framework/Versions/A/Resources/libPng.dylib
0x0000000007f27000 	/System/Library/Frameworks/ImageIO.framework/Versions/A/Resources/libGIF.dylib
0x0000000007f27000 	/System/Library/Frameworks/ImageIO.framework/Versions/A/Resources/libJP2.dylib
0x0000000007f27000 	/System/Library/Frameworks/ImageIO.framework/Versions/A/Resources/libRadiance.dylib
0x0000000007f27000 	/System/Library/Frameworks/CoreVideo.framework/Versions/A/CoreVideo
0x0000000007f27000 	/System/Library/Frameworks/OpenGL.framework/Versions/A/Libraries/libGLU.dylib
0x0000000007f27000 	/System/Library/Frameworks/OpenGL.framework/Versions/A/Libraries/libGFXShared.dylib
0x0000000007f27000 	/System/Library/Frameworks/OpenGL.framework/Versions/A/Libraries/libGL.dylib
0x0000000007f27000 	/System/Library/Frameworks/OpenGL.framework/Versions/A/Libraries/libGLImage.dylib
0x0000000007f27000 	/System/Library/Frameworks/OpenGL.framework/Versions/A/Libraries/libCVMSPluginSupport.dylib
0x0000000007f27000 	/System/Library/Frameworks/OpenGL.framework/Versions/A/Libraries/libCoreVMClient.dylib
0x0000000007f27000 	/usr/lib/libcups.2.dylib
0x0000000007f27000 	/System/Library/Frameworks/Kerberos.framework/Versions/A/Kerberos
0x0000000007f27000 	/System/Library/Frameworks/GSS.framework/Versions/A/GSS
0x0000000007f27000 	/usr/lib/libresolv.9.dylib
0x0000000007f27000 	/usr/lib/libiconv.2.dylib
0x0000000007f27000 	/System/Library/PrivateFrameworks/Heimdal.framework/Versions/A/Heimdal
0x0000000007f27000 	/usr/lib/libheimdal-asn1.dylib
0x0000000007f27000 	/System/Library/Frameworks/OpenDirectory.framework/Versions/A/OpenDirectory
0x0000000007f27000 	/System/Library/PrivateFrameworks/CommonAuth.framework/Versions/A/CommonAuth
0x0000000007f27000 	/System/Library/Frameworks/OpenDirectory.framework/Versions/A/Frameworks/CFOpenDirectory.framework/Versions/A/CFOpenDirectory
0x0000000007f27000 	/System/Library/Frameworks/SecurityFoundation.framework/Versions/A/SecurityFoundation
0x0000000007f27000 	/System/Library/PrivateFrameworks/LanguageModeling.framework/Versions/A/LanguageModeling
0x0000000007f27000 	/usr/lib/libcmph.dylib
0x0000000007f27000 	/System/Library/Frameworks/ServiceManagement.framework/Versions/A/ServiceManagement
0x0000000007f27000 	/usr/lib/libxslt.1.dylib
0x0000000007f27000 	/System/Library/Frameworks/Carbon.framework/Versions/A/Frameworks/Ink.framework/Versions/A/Ink
0x0000000007f27000 	/System/Library/Frameworks/QuartzCore.framework/Versions/A/Frameworks/CoreImage.framework/Versions/A/CoreImage
0x0000000007f27000 	/System/Library/PrivateFrameworks/CrashReporterSupport.framework/Versions/A/CrashReporterSupport
0x0000000007f27000 	/System/Library/Frameworks/OpenCL.framework/Versions/A/OpenCL
0x0000000007f27000 	/System/Library/PrivateFrameworks/FaceCore.framework/Versions/A/FaceCore
0x0000000007f27000 	/System/Library/PrivateFrameworks/Ubiquity.framework/Versions/A/Ubiquity
0x0000000007f27000 	/System/Library/PrivateFrameworks/IconServices.framework/Versions/A/IconServices
0x0000000007f27000 	/System/Library/PrivateFrameworks/ChunkingLibrary.framework/Versions/A/ChunkingLibrary
0x0000000007f27000 	/System/Library/PrivateFrameworks/Apple80211.framework/Versions/A/Apple80211
0x0000000007f27000 	/System/Library/Frameworks/CoreWLAN.framework/Versions/A/CoreWLAN
0x0000000007f27000 	/System/Library/Frameworks/IOBluetooth.framework/Versions/A/IOBluetooth
0x0000000007f27000 	/System/Library/PrivateFrameworks/CoreWiFi.framework/Versions/A/CoreWiFi
0x0000000007f27000 	/System/Library/Frameworks/CoreBluetooth.framework/Versions/A/CoreBluetooth
0x0000000007f27000 	/System/Library/PrivateFrameworks/DebugSymbols.framework/Versions/A/DebugSymbols
0x0000000007f27000 	/System/Library/PrivateFrameworks/CoreSymbolication.framework/Versions/A/CoreSymbolication
0x0000000007f27000 	/System/Library/PrivateFrameworks/Symbolication.framework/Versions/A/Symbolication
0x0000000007f27000 	/System/Library/PrivateFrameworks/SpeechRecognitionCore.framework/Versions/A/SpeechRecognitionCore
0x0000000104000000 	/Library/Java/JavaVirtualMachines/jdk1.8.0_31.jdk/Contents/Home/jre/lib/server/libjvm.dylib
0x0000000007f27000 	/usr/lib/libstdc++.6.dylib
0x00000001037d0000 	/Library/Java/JavaVirtualMachines/jdk1.8.0_31.jdk/Contents/Home/jre/lib/libverify.dylib
0x0000000105022000 	/Library/Java/JavaVirtualMachines/jdk1.8.0_31.jdk/Contents/Home/jre/lib/libjava.dylib
0x00000001037e8000 	/Library/Java/JavaVirtualMachines/jdk1.8.0_31.jdk/Contents/Home/jre/lib/libzip.dylib
0x0000000118b62000 	/System/Library/Frameworks/JavaVM.framework/Frameworks/JavaRuntimeSupport.framework/JavaRuntimeSupport
0x0000000118b7a000 	/System/Library/Frameworks/JavaVM.framework/Versions/A/Frameworks/JavaNativeFoundation.framework/Versions/A/JavaNativeFoundation
0x00000001037f2000 	/System/Library/Frameworks/JavaVM.framework/Versions/A/JavaVM
0x0000000007f27000 	/System/Library/Frameworks/Carbon.framework/Versions/A/Carbon
0x0000000118b8f000 	/System/Library/PrivateFrameworks/JavaLaunching.framework/Versions/A/JavaLaunching
0x0000000007f27000 	/System/Library/Frameworks/Carbon.framework/Versions/A/Frameworks/CommonPanels.framework/Versions/A/CommonPanels
0x0000000007f27000 	/System/Library/Frameworks/Carbon.framework/Versions/A/Frameworks/Help.framework/Versions/A/Help
0x0000000007f27000 	/System/Library/Frameworks/Carbon.framework/Versions/A/Frameworks/ImageCapture.framework/Versions/A/ImageCapture
0x0000000007f27000 	/System/Library/Frameworks/Carbon.framework/Versions/A/Frameworks/OpenScripting.framework/Versions/A/OpenScripting
0x0000000007f27000 	/System/Library/Frameworks/Carbon.framework/Versions/A/Frameworks/Print.framework/Versions/A/Print
0x0000000007f27000 	/System/Library/Frameworks/Carbon.framework/Versions/A/Frameworks/SecurityHI.framework/Versions/A/SecurityHI
0x000000011ad56000 	/Library/Java/JavaVirtualMachines/jdk1.8.0_31.jdk/Contents/Home/jre/lib/libprism_es2.dylib
0x0000000007f27000 	/System/Library/Frameworks/OpenGL.framework/Versions/A/Resources/GLEngine.bundle/GLEngine
0x0000000007f27000 	/System/Library/Frameworks/OpenGL.framework/Versions/A/Libraries/libGLProgrammability.dylib
0x0000000000000000 	/System/Library/Extensions/AppleIntelHDGraphicsGLDriver.bundle/Contents/MacOS/AppleIntelHDGraphicsGLDriver
0x000000011add7000 	/System/Library/PrivateFrameworks/GPUSupport.framework/Versions/A/Libraries/libGPUSupport.dylib
0x0000000000000000 	/System/Library/Extensions/GeForceTeslaGLDriver.bundle/Contents/MacOS/GeForceTeslaGLDriver
0x000000011adeb000 	/System/Library/Extensions/GeForceTeslaGLDriver.bundle/Contents/MacOS/libclh.dylib
0x0000000007f27000 	/System/Library/Frameworks/OpenGL.framework/Versions/A/Resources/GLRendererFloat.bundle/GLRendererFloat
0x0000000007f27000 	/System/Library/Frameworks/OpenCL.framework/Versions/A/Libraries/libcldcpuengine.dylib
0x0000000007f27000 	/System/Library/PrivateFrameworks/DiskImages.framework/Versions/A/DiskImages
0x0000000007f27000 	/System/Library/Frameworks/DiscRecording.framework/Versions/A/DiscRecording
0x0000000007f27000 	/usr/lib/libcsfde.dylib
0x0000000007f27000 	/usr/lib/libcurl.4.dylib
0x0000000007f27000 	/System/Library/PrivateFrameworks/MediaKit.framework/Versions/A/MediaKit
0x0000000007f27000 	/System/Library/PrivateFrameworks/ProtectedCloudStorage.framework/Versions/A/ProtectedCloudStorage
0x0000000007f27000 	/usr/lib/libCoreStorage.dylib
0x0000000007f27000 	/System/Library/PrivateFrameworks/EFILogin.framework/Versions/A/EFILogin
0x0000000007f27000 	/usr/lib/libutil.dylib
0x0000000007f27000 	/System/Library/PrivateFrameworks/FindMyDevice.framework/Versions/A/FindMyDevice
0x0000000007f27000 	/System/Library/Frameworks/LDAP.framework/Versions/A/LDAP
0x0000000007f27000 	/usr/lib/libsasl2.2.dylib
0x0000000007f27000 	/System/Library/PrivateFrameworks/CoreDaemon.framework/Versions/B/CoreDaemon
0x0000000007f27000 	/usr/lib/libcrypto.0.9.8.dylib
0x0000000007f27000 	/System/Library/PrivateFrameworks/AppleSRP.framework/Versions/A/AppleSRP
0x0000000007f27000 	/System/Library/PrivateFrameworks/TrustEvaluationAgent.framework/Versions/A/TrustEvaluationAgent
0x000000011b6eb000 	/Library/Java/JavaVirtualMachines/jdk1.8.0_31.jdk/Contents/Home/jre/lib/libglass.dylib
0x0000000007f27000 	/System/Library/PrivateFrameworks/CoreServicesInternal.framework/Versions/A/CoreServicesInternal
0x0000000007f27000 	/System/Library/PrivateFrameworks/CloudDocs.framework/Versions/A/CloudDocs
0x0000000007f27000 	/System/Library/PrivateFrameworks/CoreDuet.framework/Versions/A/CoreDuet
0x0000000007f27000 	/System/Library/Frameworks/CloudKit.framework/Versions/A/CloudKit
0x0000000007f27000 	/System/Library/PrivateFrameworks/ProtocolBuffer.framework/Versions/A/ProtocolBuffer
0x0000000007f27000 	/System/Library/PrivateFrameworks/CoreDuetDaemonProtocol.framework/Versions/A/CoreDuetDaemonProtocol
0x0000000007f27000 	/System/Library/PrivateFrameworks/CoreDuetDebugLogging.framework/Versions/A/CoreDuetDebugLogging
0x0000000007f27000 	/System/Library/PrivateFrameworks/MMCS.framework/Versions/A/MMCS
0x0000000007f27000 	/System/Library/Frameworks/CoreLocation.framework/Versions/A/CoreLocation
0x0000000007f27000 	/System/Library/PrivateFrameworks/GeoServices.framework/Versions/A/GeoServices
0x0000000007f27000 	/System/Library/Frameworks/CoreGraphics.framework/Versions/A/Resources/libCGCMS.A.dylib
0x0000000007f27000 	/System/Library/CoreServices/RawCamera.bundle/Contents/MacOS/RawCamera
0x0000000007f27000 	/System/Library/Frameworks/CoreGraphics.framework/Versions/A/Resources/libRIP.A.dylib
0x0000000007f27000 	/System/Library/PrivateFrameworks/FamilyControls.framework/Versions/A/FamilyControls
0x0000000007f27000 	/System/Library/PrivateFrameworks/CommerceKit.framework/Versions/A/Frameworks/CommerceCore.framework/Versions/A/CommerceCore
0x0000000007f27000 	/System/Library/PrivateFrameworks/SystemAdministration.framework/Versions/A/SystemAdministration
0x0000000007f27000 	/System/Library/PrivateFrameworks/AppContainer.framework/Versions/A/AppContainer
0x0000000007f27000 	/System/Library/PrivateFrameworks/SecCodeWrapper.framework/Versions/A/SecCodeWrapper
0x0000000007f27000 	/System/Library/Frameworks/DirectoryService.framework/Versions/A/DirectoryService
0x0000000007f27000 	/System/Library/PrivateFrameworks/LoginUIKit.framework/Versions/A/Frameworks/LoginUICore.framework/Versions/A/LoginUICore
0x0000000007f27000 	/usr/lib/libodfde.dylib
0x000000011baad000 	/Library/Java/JavaVirtualMachines/jdk1.8.0_31.jdk/Contents/Home/jre/lib/libjavafx_font.dylib
0x0000000007f27000 	/System/Library/Frameworks/CoreGraphics.framework/Versions/A/Resources/libCGXType.A.dylib
0x000000011ff97000 	/Library/Java/JavaVirtualMachines/jdk1.8.0_31.jdk/Contents/Home/jre/lib/libnet.dylib
0x000000011f302000 	cl_kernels
0x0000000120744000 	/System/Library/Frameworks/OpenCL.framework/Versions/A/Libraries/ImageFormats/unorm8_bgra.dylib
0x000000011f307000 	cl_kernels
0x0000000120a8e000 	/Library/Java/JavaVirtualMachines/jdk1.8.0_31.jdk/Contents/Home/jre/lib/libglib-lite.dylib
0x0000000120cb7000 	/Library/Java/JavaVirtualMachines/jdk1.8.0_31.jdk/Contents/Home/jre/lib/libgstreamer-lite.dylib
0x00000001200d7000 	/Library/Java/JavaVirtualMachines/jdk1.8.0_31.jdk/Contents/Home/jre/lib/libjfxmedia.dylib
0x0000000007f27000 	/System/Library/Frameworks/QTKit.framework/Versions/A/QTKit
0x0000000007f27000 	/System/Library/Frameworks/AVFoundation.framework/Versions/A/AVFoundation
0x0000000007f27000 	/System/Library/Frameworks/CoreMedia.framework/Versions/A/CoreMedia
0x0000000007f27000 	/System/Library/Frameworks/MediaToolbox.framework/Versions/A/MediaToolbox
0x0000000007f27000 	/System/Library/Frameworks/VideoToolbox.framework/Versions/A/VideoToolbox
0x0000000007f27000 	/System/Library/PrivateFrameworks/CoreMediaAuthoring.framework/Versions/A/CoreMediaAuthoring
0x0000000007f27000 	/System/Library/Frameworks/CoreMediaIO.framework/Versions/A/CoreMediaIO
0x0000000007f27000 	/System/Library/Frameworks/AVFoundation.framework/Versions/A/Resources/libAVFAudio.dylib
0x0000000007f27000 	/System/Library/PrivateFrameworks/MediaControlSender.framework/Versions/A/MediaControlSender
0x0000000007f27000 	/System/Library/PrivateFrameworks/CoreAVCHD.framework/Versions/A/CoreAVCHD
0x0000000007f27000 	/System/Library/Frameworks/MediaAccessibility.framework/Versions/A/MediaAccessibility
0x0000000007f27000 	/System/Library/PrivateFrameworks/Mangrove.framework/Versions/A/Mangrove
0x0000000007f27000 	/System/Library/PrivateFrameworks/CoreAUC.framework/Versions/A/CoreAUC
0x0000000007f27000 	/System/Library/PrivateFrameworks/NetworkStatistics.framework/Versions/A/NetworkStatistics
0x0000000007f27000 	/System/Library/PrivateFrameworks/AirPlaySupport.framework/Versions/A/AirPlaySupport
0x0000000007f27000 	/System/Library/PrivateFrameworks/CoreUtils.framework/Versions/A/CoreUtils
0x0000000007f27000 	/System/Library/PrivateFrameworks/AppleVA.framework/Versions/A/AppleVA
0x0000000007f27000 	/System/Library/PrivateFrameworks/XPCService.framework/Versions/A/XPCService
0x0000000007f27000 	/System/Library/PrivateFrameworks/AppSandbox.framework/Versions/A/AppSandbox
0x0000000007f27000 	/usr/lib/libsandbox.1.dylib
0x0000000007f27000 	/usr/lib/libMatch.1.dylib
0x0000000120181000 	/Library/Java/JavaVirtualMachines/jdk1.8.0_31.jdk/Contents/Home/jre/lib/libfxplugins.dylib
0x000000011ffae000 	/System/Library/Frameworks/VideoDecodeAcceleration.framework/Versions/A/VideoDecodeAcceleration
0x0000000120bb4000 	/Library/Java/JavaVirtualMachines/jdk1.8.0_31.jdk/Contents/Home/jre/lib/libjavafx_iio.dylib
0x00000001201d1000 	/System/Library/Extensions/AppleHDA.kext/Contents/PlugIns/AppleHDAHALPlugIn.bundle/Contents/MacOS/AppleHDAHALPlugIn
0x0000000120fe6000 	/System/Library/Components/CoreAudio.component/Contents/MacOS/CoreAudio
0x00000001213c5000 	/System/Library/Components/AudioCodecs.component/Contents/MacOS/AudioCodecs
0x000000011ab50000 	/Library/Java/JavaVirtualMachines/jdk1.8.0_31.jdk/Contents/Home/jre/lib/libawt.dylib
0x000000011abff000 	/Library/Java/JavaVirtualMachines/jdk1.8.0_31.jdk/Contents/Home/jre/lib/./libmlib_image.dylib
0x000000011fe63000 	/Library/Java/JavaVirtualMachines/jdk1.8.0_31.jdk/Contents/Home/jre/lib/libawt_lwawt.dylib
0x000000011accb000 	/Library/Java/JavaVirtualMachines/jdk1.8.0_31.jdk/Contents/Home/jre/lib/./libosxapp.dylib
0x0000000007f27000 	/System/Library/Frameworks/ExceptionHandling.framework/Versions/A/ExceptionHandling

VM Arguments:
jvm_args: -Dfile.encoding=UTF-8 
java_command: Main
java_class_path (initial): /Users/asheu/NetBeansProjects/Pokemon/build/classes
Launcher Type: SUN_STANDARD

Environment Variables:
PATH=/usr/bin:/bin:/usr/sbin:/sbin
LD_LIBRARY_PATH=/Library/Java/JavaVirtualMachines/jdk1.8.0_31.jdk/Contents/Home/jre/lib/amd64:/Library/Java/JavaVirtualMachines/jdk1.8.0_31.jdk/Contents/Home/jre/lib/i386:
SHELL=/bin/bash
DYLD_LIBRARY_PATH=/Applications/NetBeans/NetBeans 8.0.2.app/Contents/Resources/NetBeans/webcommon/bin:

Signal Handlers:
SIGSEGV: [libjvm.dylib+0x57a0e7], sa_mask[0]=11111111011111110111111111111111, sa_flags=SA_ONSTACK|SA_RESTART|SA_SIGINFO
SIGBUS: [libjvm.dylib+0x57a0e7], sa_mask[0]=11111111011111110111111111111111, sa_flags=SA_RESTART|SA_SIGINFO
SIGFPE: [libjvm.dylib+0x45af24], sa_mask[0]=11111111011111110111111111111111, sa_flags=SA_RESTART|SA_SIGINFO
SIGPIPE: [libjvm.dylib+0x45af24], sa_mask[0]=11111111011111110111111111111111, sa_flags=SA_RESTART|SA_SIGINFO
SIGXFSZ: [libjvm.dylib+0x45af24], sa_mask[0]=11111111011111110111111111111111, sa_flags=SA_RESTART|SA_SIGINFO
SIGILL: [libjvm.dylib+0x45af24], sa_mask[0]=11111111011111110111111111111111, sa_flags=SA_RESTART|SA_SIGINFO
SIGUSR1: SIG_DFL, sa_mask[0]=00000000000000000000000000000000, sa_flags=none
SIGUSR2: [libjvm.dylib+0x45aa42], sa_mask[0]=00100000000000000000000000000000, sa_flags=SA_RESTART|SA_SIGINFO
SIGHUP: [AudioToolbox+0xf933a], sa_mask[0]=00000000000000000000000000000000, sa_flags=SA_RESTART
SIGINT: SIG_IGN, sa_mask[0]=00000000000000000000000000000000, sa_flags=none
SIGTERM: [libjvm.dylib+0x459015], sa_mask[0]=11111111011111110111111111111111, sa_flags=SA_RESTART|SA_SIGINFO
SIGQUIT: [libjvm.dylib+0x459015], sa_mask[0]=11111111011111110111111111111111, sa_flags=SA_RESTART|SA_SIGINFO


---------------  S Y S T E M  ---------------

OS:Bsduname:Darwin 14.3.0 Darwin Kernel Version 14.3.0: Mon Mar 23 11:59:05 PDT 2015; root:xnu-2782.20.48~5/RELEASE_X86_64 x86_64
rlimit: STACK 8192k, CORE 0k, NPROC 709, NOFILE 10240, AS infinity
load average:2.16 4.30 7.38

CPU:total 4 (2 cores per cpu, 2 threads per core) family 6 model 37 stepping 5, cmov, cx8, fxsr, mmx, sse, sse2, sse3, ssse3, sse4.1, sse4.2, popcnt, aes, clmul, ht, tsc, tscinvbit

Memory: 4k page, physical 4194304k(471408k free)

/proc/meminfo:


vm_info: Java HotSpot(TM) 64-Bit Server VM (25.31-b07) for bsd-amd64 JRE (1.8.0_31-b13), built on Dec 17 2014 20:45:36 by "java_re" with gcc 4.2.1 (Based on Apple Inc. build 5658) (LLVM build 2336.11.00)

time: Tue May 19 12:17:45 2015
elapsed time: 75 seconds (0d 0h 1m 15s)

