#
# A fatal error has been detected by the Java Runtime Environment:
#
#  SIGSEGV (0xb) at pc=0x000000019f11179b, pid=1002, tid=1811
#
# JRE version: Java(TM) SE Runtime Environment (8.0_31-b13) (build 1.8.0_31-b13)
# Java VM: Java HotSpot(TM) 64-Bit Server VM (25.31-b07 mixed mode bsd-amd64 compressed oops)
# Problematic frame:
# C  [libglass.dylib+0x579b]  -[GlassApplication applicationWillHide:]+0x7b
#
# Failed to write core dump. Core dumps have been disabled. To enable core dumping, try "ulimit -c unlimited" before starting Java again
#
# If you would like to submit a bug report, please visit:
#   http://bugreport.java.com/bugreport/crash.jsp
#

---------------  T H R E A D  ---------------

Current thread is native thread

siginfo: si_signo: 11 (SIGSEGV), si_code: 1 (SEGV_MAPERR), si_addr: 0x0000000000000000

Registers:
RAX=0x00007ffe72705e60, RBX=0x0000000000000000, RCX=0x0000000000000008, RDX=0x00007fff79957108
RSP=0x00007fff58d20540, RBP=0x00007fff58d20560, RSI=0x00007fff95183fe2, RDI=0x00007ffe7280a070
R8 =0x00007fff58d203e0, R9 =0x00007fff79c67300, R10=0x00007ffe72705bd0, R11=0x00007fff7994a5e0
R12=0x00007ffe7251eb60, R13=0x00000000000f4265, R14=0x00007ffe72552260, R15=0x00007ffe72705e60
RIP=0x000000019f11179b, EFLAGS=0x0000000000010206, ERR=0x0000000000000004
  TRAPNO=0x000000000000000e

Top of Stack: (sp=0x00007fff58d20540)
0x00007fff58d20540:   00007fff58d20730 00007ffe7251eb60
0x00007fff58d20550:   00007ffe724abb20 00007fff58d206a0
0x00007fff58d20560:   00007fff58d20570 00007fff8860d45c
0x00007fff58d20570:   00007fff58d208d0 00007fff884fd634
0x00007fff58d20580:   00007fff58d20670 00007fff58d206a0
0x00007fff58d20590:   00007ffe72604b30 0000000000000000
0x00007fff58d205a0:   0000000000000017 0000000000000918
0x00007fff58d205b0:   00007fff781de9c0 00007ffe724abb20
0x00007fff58d205c0:   0000000000000000 00007fff58d206a0
0x00007fff58d205d0:   0000000000000000 00007ffe724abaa0
0x00007fff58d205e0:   00007fff58d20720 0000000000000061
0x00007fff58d205f0:   00000000000f430f 00007ffe72472980
0x00007fff58d20600:   00007ffe72619f30 00007ffe7251eb60
0x00007fff58d20610:   0000000000000001 00000000000f4265
0x00007fff58d20620:   00007ffe7251eb50 00007fff782da080
0x00007fff58d20630:   0000a28026bd84f1 21eb0d26c23ae422
0x00007fff58d20640:   0000000000001000 00007fff58d20768
0x00007fff58d20650:   00007ffe7262a1d0 0000000000000018
0x00007fff58d20660:   0000000100000017 0000000106ef6000
0x00007fff58d20670:   0000000106ef9a00 0000000000000018
0x00007fff58d20680:   00015e0388cccb28 00007ffe7251eb84
0x00007fff58d20690:   0000000000000000 0000000000000000
0x00007fff58d206a0:   00007ffe724abb20 0000000000000001
0x00007fff58d206b0:   0000000106ef6000 0000000000000002
0x00007fff58d206c0:   00007fff58d20700 00007fff8e11253e
0x00007fff58d206d0:   0000000106ef9a00 0000000000000001
0x00007fff58d206e0:   0000000106ef6000 00007ffe74a2ccd1
0x00007fff58d206f0:   0000000000000003 0000000106ef9a00
0x00007fff58d20700:   00007fff58d207f0 00007fff8e1112a2
0x00007fff58d20710:   00007fff58d20730 00007fff908efc12
0x00007fff58d20720:   0000000000000014 0000000000000000
0x00007fff58d20730:   00000000000f4265 00007fff884f310f 

Instructions: (pc=0x000000019f11179b)
0x000000019f11177b:   8d 35 3f f9 03 00 ff 15 39 f9 03 00 48 8b 35 82
0x000000019f11178b:   e8 03 00 48 89 c7 30 c0 e8 b0 49 02 00 49 89 c7
0x000000019f11179b:   48 8b 03 4c 8b a0 e8 01 00 00 48 8b 35 54 ea 03
0x000000019f1117ab:   00 48 8b 3d 75 fa 03 00 30 c0 e8 8e 49 02 00 48 

Register to memory mapping:

RAX=0x00007ffe72705e60 is an unknown value
RBX=0x0000000000000000 is an unknown value
RCX=0x0000000000000008 is an unknown value
RDX=0x00007fff79957108: _NSAPCache+0x8 in /System/Library/Frameworks/Foundation.framework/Versions/C/Foundation at 0x00007fff929e1000
RSP=0x00007fff58d20540 is an unknown value
RBP=0x00007fff58d20560 is an unknown value
RSI=0x00007fff95183fe2: kFigMPEG2MetadataDescriptor+0xb7f02 in /System/Library/Frameworks/MediaToolbox.framework/Versions/A/MediaToolbox at 0x00007fff94c9a000
RDI=0x00007ffe7280a070 is an unknown value
R8 =0x00007fff58d203e0 is an unknown value
R9 =0x00007fff79c67300: _thread+0 in /usr/lib/system/libsystem_pthread.dylib at 0x00007fff9390d000
R10=0x00007ffe72705bd0 is an unknown value
R11=0x00007fff7994a5e0: OBJC_CLASS_$_NSAutoreleasePool+0 in /System/Library/Frameworks/Foundation.framework/Versions/C/Foundation at 0x00007fff929e1000
R12=0x00007ffe7251eb60 is an unknown value
R13=0x00000000000f4265 is an unknown value
R14=0x00007ffe72552260 is an unknown value
R15=0x00007ffe72705e60 is an unknown value


Stack: [0x00007fff58524000,0x00007fff58d24000],  sp=0x00007fff58d20540,  free space=8177k
Native frames: (J=compiled Java code, j=interpreted, Vv=VM code, C=native code)
C  [libglass.dylib+0x579b]  -[GlassApplication applicationWillHide:]+0x7b
C  [CoreFoundation+0x12045c]  __CFNOTIFICATIONCENTER_IS_CALLING_OUT_TO_AN_OBSERVER__+0xc
C  [CoreFoundation+0x10634]  _CFXNotificationPost+0xc44
C  [Foundation+0x79d1]  -[NSNotificationCenter postNotificationName:object:userInfo:]+0x42
C  [AppKit+0x485dc6]  -[NSApplication _doHideMaybeFakingIt:]+0x186
C  [AppKit+0x16015a]  _hideShowHandler+0xac
C  [HIToolbox+0x8b6c]  DispatchEventToHandlers(EventTargetRec*, OpaqueEventRef*, HandlerCallRec*)+0x4ec
C  [HIToolbox+0x7fae]  SendEventToEventTargetInternal(OpaqueEventRef*, OpaqueEventTargetRef*, HandlerCallRec*)+0x182
C  [HIToolbox+0x1dcb6]  SendEventToEventTarget+0x28
C  [AppKit+0x91bd1]  _DPSNextEvent+0x5e8
C  [AppKit+0x90f68]  -[NSApplication nextEventMatchingMask:untilDate:inMode:dequeue:]+0x15a
C  [AppKit+0x86bf3]  -[NSApplication run]+0x252
C  [libosxapp.dylib+0x223e]  +[NSApplicationAWT runAWTLoopWithApp:]+0x9c
C  [libawt_lwawt.dylib+0x4494f]  -[AWTStarter starter:]+0x389
C  [Foundation+0x92d00]  __NSThreadPerformPerform+0x125
C  [CoreFoundation+0x80a01]  __CFRUNLOOP_IS_CALLING_OUT_TO_A_SOURCE0_PERFORM_FUNCTION__+0x11
C  [CoreFoundation+0x72b8d]  __CFRunLoopDoSources0+0x10d
C  [CoreFoundation+0x721bf]  __CFRunLoopRun+0x39f
C  [CoreFoundation+0x71bd8]  CFRunLoopRunSpecific+0x128
C  [java+0x56cc]  CreateExecutionEnvironment+0x367
C  [java+0x165c]  JLI_Launch+0x7a0
C  [java+0x768a]  main+0x65
C  [java+0xeb4]  start+0x34


---------------  P R O C E S S  ---------------

VM state:not at safepoint (normal execution)

VM Mutex/Monitor currently owned by a thread: None

Heap:
 PSYoungGen      total 339968K, used 77968K [0x0000000142b00000, 0x0000000157b00000, 0x0000000158000000)
  eden space 335872K, 23% used [0x0000000142b00000,0x000000014770c0f0,0x0000000157300000)
  from space 4096K, 2% used [0x0000000157700000,0x0000000157718000,0x0000000157b00000)
  to   space 4096K, 0% used [0x0000000157300000,0x0000000157300000,0x0000000157700000)
 ParOldGen       total 44032K, used 2871K [0x0000000118000000, 0x000000011ab00000, 0x0000000142b00000)
  object space 44032K, 6% used [0x0000000118000000,0x00000001182cddd8,0x000000011ab00000)
 Metaspace       used 11130K, capacity 11552K, committed 11648K, reserved 1058816K
  class space    used 1477K, capacity 1579K, committed 1664K, reserved 1048576K

Card table byte_map: [0x0000000158000000,0x0000000158201000] byte_map_base: 0x0000000157740000

Marking Bits: (ParMarkBitMap*) 0x000000010809e410
 Begin Bits: [0x000000015860d000, 0x000000015960d000)
 End Bits:   [0x000000015960d000, 0x000000015a60d000)

Polling page: 0x0000000106fff000

CodeCache: size=245760Kb used=2960Kb max_used=2971Kb free=242799Kb
 bounds [0x0000000108868000, 0x0000000108b58000, 0x0000000117868000]
 total_blobs=1266 nmethods=767 adapters=415
 compilation: enabled

Compilation events (10 events):
Event: 16.757 Thread 0x00007ffe7401e800  765       1       javafx.scene.input.KeyCode::impl_getCode (5 bytes)
Event: 16.758 Thread 0x00007ffe7401e800 nmethod 765 0x0000000108b49f10 code [0x0000000108b4a060, 0x0000000108b4a170]
Event: 16.768 Thread 0x00007ffe72838000  766       4       jdk.internal.org.objectweb.asm.Item::set (143 bytes)
Event: 16.792 Thread 0x00007ffe72838000 nmethod 766 0x0000000108b4b950 code [0x0000000108b4bc20, 0x0000000108b4c558]
Event: 16.830 Thread 0x00007ffe7401e800  767       3       java.lang.invoke.LambdaForm$BMH/948272016::reinvoke (26 bytes)
Event: 16.830 Thread 0x00007ffe7401e800 nmethod 767 0x0000000108b4af10 code [0x0000000108b4b0c0, 0x0000000108b4b7e8]
Event: 16.830 Thread 0x00007ffe7401e800  768       3       java.util.concurrent.locks.AbstractQueuedSynchronizer$Node::predecessor (19 bytes)
Event: 16.831 Thread 0x00007ffe7401e800 nmethod 768 0x0000000108b4aad0 code [0x0000000108b4ac40, 0x0000000108b4ae68]
Event: 16.951 Thread 0x00007ffe73040800  769       4       sun.misc.MetaIndex::mayContain (51 bytes)
Event: 16.959 Thread 0x00007ffe73040800 nmethod 769 0x0000000108b4a390 code [0x0000000108b4a500, 0x0000000108b4a878]

GC Heap History (10 events):
Event: 10.062 GC heap before
{Heap before GC invocations=8 (full 0):
 PSYoungGen      total 68608K, used 66288K [0x0000000142b00000, 0x000000014b200000, 0x0000000158000000)
  eden space 65536K, 100% used [0x0000000142b00000,0x0000000146b00000,0x0000000146b00000)
  from space 3072K, 24% used [0x0000000146b00000,0x0000000146bbc028,0x0000000146e00000)
  to   space 3584K, 0% used [0x000000014ae80000,0x000000014ae80000,0x000000014b200000)
 ParOldGen       total 44032K, used 2135K [0x0000000118000000, 0x000000011ab00000, 0x0000000142b00000)
  object space 44032K, 4% used [0x0000000118000000,0x0000000118215db0,0x000000011ab00000)
 Metaspace       used 10850K, capacity 11182K, committed 11392K, reserved 1058816K
  class space    used 1453K, capacity 1572K, committed 1664K, reserved 1048576K
Event: 10.064 GC heap after
Heap after GC invocations=8 (full 0):
 PSYoungGen      total 134656K, used 128K [0x0000000142b00000, 0x000000014b200000, 0x0000000158000000)
  eden space 131072K, 0% used [0x0000000142b00000,0x0000000142b00000,0x000000014ab00000)
  from space 3584K, 3% used [0x000000014ae80000,0x000000014aea0000,0x000000014b200000)
  to   space 3584K, 0% used [0x000000014ab00000,0x000000014ab00000,0x000000014ae80000)
 ParOldGen       total 44032K, used 2799K [0x0000000118000000, 0x000000011ab00000, 0x0000000142b00000)
  object space 44032K, 6% used [0x0000000118000000,0x00000001182bbdd8,0x000000011ab00000)
 Metaspace       used 10850K, capacity 11182K, committed 11392K, reserved 1058816K
  class space    used 1453K, capacity 1572K, committed 1664K, reserved 1048576K
}
Event: 10.122 GC heap before
{Heap before GC invocations=9 (full 0):
 PSYoungGen      total 134656K, used 131200K [0x0000000142b00000, 0x000000014b200000, 0x0000000158000000)
  eden space 131072K, 100% used [0x0000000142b00000,0x000000014ab00000,0x000000014ab00000)
  from space 3584K, 3% used [0x000000014ae80000,0x000000014aea0000,0x000000014b200000)
  to   space 3584K, 0% used [0x000000014ab00000,0x000000014ab00000,0x000000014ae80000)
 ParOldGen       total 44032K, used 2799K [0x0000000118000000, 0x000000011ab00000, 0x0000000142b00000)
  object space 44032K, 6% used [0x0000000118000000,0x00000001182bbdd8,0x000000011ab00000)
 Metaspace       used 10852K, capacity 11246K, committed 11392K, reserved 1058816K
  class space    used 1453K, capacity 1572K, committed 1664K, reserved 1048576K
Event: 10.123 GC heap after
Heap after GC invocations=9 (full 0):
 PSYoungGen      total 134656K, used 64K [0x0000000142b00000, 0x0000000150000000, 0x0000000158000000)
  eden space 131072K, 0% used [0x0000000142b00000,0x0000000142b00000,0x000000014ab00000)
  from space 3584K, 1% used [0x000000014ab00000,0x000000014ab10000,0x000000014ae80000)
  to   space 4096K, 0% used [0x000000014fc00000,0x000000014fc00000,0x0000000150000000)
 ParOldGen       total 44032K, used 2847K [0x0000000118000000, 0x000000011ab00000, 0x0000000142b00000)
  object space 44032K, 6% used [0x0000000118000000,0x00000001182c7dd8,0x000000011ab00000)
 Metaspace       used 10852K, capacity 11246K, committed 11392K, reserved 1058816K
  class space    used 1453K, capacity 1572K, committed 1664K, reserved 1048576K
}
Event: 10.179 GC heap before
{Heap before GC invocations=10 (full 0):
 PSYoungGen      total 134656K, used 131136K [0x0000000142b00000, 0x0000000150000000, 0x0000000158000000)
  eden space 131072K, 100% used [0x0000000142b00000,0x000000014ab00000,0x000000014ab00000)
  from space 3584K, 1% used [0x000000014ab00000,0x000000014ab10000,0x000000014ae80000)
  to   space 4096K, 0% used [0x000000014fc00000,0x000000014fc00000,0x0000000150000000)
 ParOldGen       total 44032K, used 2847K [0x0000000118000000, 0x000000011ab00000, 0x0000000142b00000)
  object space 44032K, 6% used [0x0000000118000000,0x00000001182c7dd8,0x000000011ab00000)
 Metaspace       used 10862K, capacity 11254K, committed 11392K, reserved 1058816K
  class space    used 1453K, capacity 1572K, committed 1664K, reserved 1048576K
Event: 10.179 GC heap after
Heap after GC invocations=10 (full 0):
 PSYoungGen      total 214016K, used 96K [0x0000000142b00000, 0x0000000150000000, 0x0000000158000000)
  eden space 209920K, 0% used [0x0000000142b00000,0x0000000142b00000,0x000000014f800000)
  from space 4096K, 2% used [0x000000014fc00000,0x000000014fc18000,0x0000000150000000)
  to   space 4096K, 0% used [0x000000014f800000,0x000000014f800000,0x000000014fc00000)
 ParOldGen       total 44032K, used 2855K [0x0000000118000000, 0x000000011ab00000, 0x0000000142b00000)
  object space 44032K, 6% used [0x0000000118000000,0x00000001182c9dd8,0x000000011ab00000)
 Metaspace       used 10862K, capacity 11254K, committed 11392K, reserved 1058816K
  class space    used 1453K, capacity 1572K, committed 1664K, reserved 1048576K
}
Event: 10.236 GC heap before
{Heap before GC invocations=11 (full 0):
 PSYoungGen      total 214016K, used 210016K [0x0000000142b00000, 0x0000000150000000, 0x0000000158000000)
  eden space 209920K, 100% used [0x0000000142b00000,0x000000014f800000,0x000000014f800000)
  from space 4096K, 2% used [0x000000014fc00000,0x000000014fc18000,0x0000000150000000)
  to   space 4096K, 0% used [0x000000014f800000,0x000000014f800000,0x000000014fc00000)
 ParOldGen       total 44032K, used 2855K [0x0000000118000000, 0x000000011ab00000, 0x0000000142b00000)
  object space 44032K, 6% used [0x0000000118000000,0x00000001182c9dd8,0x000000011ab00000)
 Metaspace       used 10868K, capacity 11254K, committed 11392K, reserved 1058816K
  class space    used 1453K, capacity 1572K, committed 1664K, reserved 1048576K
Event: 10.237 GC heap after
Heap after GC invocations=11 (full 0):
 PSYoungGen      total 214016K, used 128K [0x0000000142b00000, 0x0000000157b00000, 0x0000000158000000)
  eden space 209920K, 0% used [0x0000000142b00000,0x0000000142b00000,0x000000014f800000)
  from space 4096K, 3% used [0x000000014f800000,0x000000014f820000,0x000000014fc00000)
  to   space 4096K, 0% used [0x0000000157700000,0x0000000157700000,0x0000000157b00000)
 ParOldGen       total 44032K, used 2871K [0x0000000118000000, 0x000000011ab00000, 0x0000000142b00000)
  object space 44032K, 6% used [0x0000000118000000,0x00000001182cddd8,0x000000011ab00000)
 Metaspace       used 10868K, capacity 11254K, committed 11392K, reserved 1058816K
  class space    used 1453K, capacity 1572K, committed 1664K, reserved 1048576K
}
Event: 10.283 GC heap before
{Heap before GC invocations=12 (full 0):
 PSYoungGen      total 214016K, used 210048K [0x0000000142b00000, 0x0000000157b00000, 0x0000000158000000)
  eden space 209920K, 100% used [0x0000000142b00000,0x000000014f800000,0x000000014f800000)
  from space 4096K, 3% used [0x000000014f800000,0x000000014f820000,0x000000014fc00000)
  to   space 4096K, 0% used [0x0000000157700000,0x0000000157700000,0x0000000157b00000)
 ParOldGen       total 44032K, used 2871K [0x0000000118000000, 0x000000011ab00000, 0x0000000142b00000)
  object space 44032K, 6% used [0x0000000118000000,0x00000001182cddd8,0x000000011ab00000)
 Metaspace       used 10868K, capacity 11254K, committed 11392K, reserved 1058816K
  class space    used 1453K, capacity 1572K, committed 1664K, reserved 1048576K
Event: 10.283 GC heap after
Heap after GC invocations=12 (full 0):
 PSYoungGen      total 339968K, used 96K [0x0000000142b00000, 0x0000000157b00000, 0x0000000158000000)
  eden space 335872K, 0% used [0x0000000142b00000,0x0000000142b00000,0x0000000157300000)
  from space 4096K, 2% used [0x0000000157700000,0x0000000157718000,0x0000000157b00000)
  to   space 4096K, 0% used [0x0000000157300000,0x0000000157300000,0x0000000157700000)
 ParOldGen       total 44032K, used 2871K [0x0000000118000000, 0x000000011ab00000, 0x0000000142b00000)
  object space 44032K, 6% used [0x0000000118000000,0x00000001182cddd8,0x000000011ab00000)
 Metaspace       used 10868K, capacity 11254K, committed 11392K, reserved 1058816K
  class space    used 1453K, capacity 1572K, committed 1664K, reserved 1048576K
}

Deoptimization events (1 events):
Event: 16.758 Thread 0x00007ffe740b1000 Uncommon trap: reason=class_check action=maybe_recompile pc=0x0000000108b1e088 method=java.util.HashMap.getNode(ILjava/lang/Object;)Ljava/util/HashMap$Node; @ 126

Internal exceptions (10 events):
Event: 6.870 Thread 0x00007ffe740b1000 Exception <a 'java/security/PrivilegedActionException'> (0x00000001437f1178) thrown at [/Users/java_re/workspace/8-2-build-macosx-x86_64/jdk8u31/2394/hotspot/src/share/vm/prims/jvm.cpp, line 1312]
Event: 6.873 Thread 0x00007ffe740b1000 Exception <a 'java/security/PrivilegedActionException'> (0x00000001438162d0) thrown at [/Users/java_re/workspace/8-2-build-macosx-x86_64/jdk8u31/2394/hotspot/src/share/vm/prims/jvm.cpp, line 1312]
Event: 7.989 Thread 0x00007ffe74159800 Exception <a 'java/lang/UnsatisfiedLinkError': com.sun.media.jfxmedia.logging.Logger.nativeSetNativeLevel(I)V> (0x0000000143ae9b20) thrown at [/Users/java_re/workspace/8-2-build-macosx-x86_64/jdk8u31/2394/hotspot/src/share/vm/prims/nativeLookup.cpp, line 
Event: 8.907 Thread 0x00007ffe73183000 Exception <a 'java/security/PrivilegedActionException'> (0x0000000142b3c3e0) thrown at [/Users/java_re/workspace/8-2-build-macosx-x86_64/jdk8u31/2394/hotspot/src/share/vm/prims/jvm.cpp, line 1312]
Event: 8.907 Thread 0x00007ffe73183000 Exception <a 'java/security/PrivilegedActionException'> (0x0000000142b3dcd8) thrown at [/Users/java_re/workspace/8-2-build-macosx-x86_64/jdk8u31/2394/hotspot/src/share/vm/prims/jvm.cpp, line 1312]
Event: 8.907 Thread 0x00007ffe73183000 Exception <a 'java/security/PrivilegedActionException'> (0x0000000142b3f828) thrown at [/Users/java_re/workspace/8-2-build-macosx-x86_64/jdk8u31/2394/hotspot/src/share/vm/prims/jvm.cpp, line 1312]
Event: 16.934 Thread 0x00007ffe7280e000 Exception <a 'java/security/PrivilegedActionException'> (0x000000014735ace8) thrown at [/Users/java_re/workspace/8-2-build-macosx-x86_64/jdk8u31/2394/hotspot/src/share/vm/prims/jvm.cpp, line 1312]
Event: 16.943 Thread 0x00007ffe7280e000 Exception <a 'java/security/PrivilegedActionException'> (0x000000014735e638) thrown at [/Users/java_re/workspace/8-2-build-macosx-x86_64/jdk8u31/2394/hotspot/src/share/vm/prims/jvm.cpp, line 1312]
Event: 16.951 Thread 0x00007ffe7280e000 Exception <a 'java/security/PrivilegedActionException'> (0x0000000147360f28) thrown at [/Users/java_re/workspace/8-2-build-macosx-x86_64/jdk8u31/2394/hotspot/src/share/vm/prims/jvm.cpp, line 1312]
Event: 16.964 Thread 0x00007ffe7280e000 Exception <a 'java/security/PrivilegedActionException'> (0x0000000147369018) thrown at [/Users/java_re/workspace/8-2-build-macosx-x86_64/jdk8u31/2394/hotspot/src/share/vm/prims/jvm.cpp, line 1312]

Events (10 events):
Event: 16.982 loading class java/util/ListResourceBundle done
Event: 16.982 loading class sun/awt/resources/awt done
Event: 16.982 loading class java/awt/Toolkit$3
Event: 16.983 loading class java/awt/Toolkit$3 done
Event: 16.987 loading class sun/misc/ThreadGroupUtils
Event: 16.987 loading class sun/misc/ThreadGroupUtils done
Event: 16.987 loading class java/awt/GraphicsEnvironment
Event: 16.987 loading class java/awt/GraphicsEnvironment done
Event: 16.987 loading class java/awt/GraphicsEnvironment$1
Event: 16.987 loading class java/awt/GraphicsEnvironment$1 done


Dynamic libraries:
0x0000000007f27000 	/System/Library/Frameworks/Cocoa.framework/Versions/A/Cocoa
0x0000000007f27000 	/System/Library/Frameworks/Security.framework/Versions/A/Security
0x0000000007f27000 	/System/Library/Frameworks/ApplicationServices.framework/Versions/A/ApplicationServices
0x0000000007f27000 	/usr/lib/libz.1.dylib
0x0000000007f27000 	/usr/lib/libSystem.B.dylib
0x0000000007f27000 	/usr/lib/libobjc.A.dylib
0x0000000007f27000 	/System/Library/Frameworks/CoreFoundation.framework/Versions/A/CoreFoundation
0x0000000007f27000 	/System/Library/Frameworks/Foundation.framework/Versions/C/Foundation
0x0000000007f27000 	/System/Library/Frameworks/AppKit.framework/Versions/C/AppKit
0x0000000007f27000 	/System/Library/Frameworks/CoreData.framework/Versions/A/CoreData
0x0000000007f27000 	/System/Library/PrivateFrameworks/RemoteViewServices.framework/Versions/A/RemoteViewServices
0x0000000007f27000 	/System/Library/PrivateFrameworks/UIFoundation.framework/Versions/A/UIFoundation
0x0000000007f27000 	/System/Library/Frameworks/IOSurface.framework/Versions/A/IOSurface
0x0000000007f27000 	/System/Library/Frameworks/AudioToolbox.framework/Versions/A/AudioToolbox
0x0000000007f27000 	/System/Library/Frameworks/AudioUnit.framework/Versions/A/AudioUnit
0x0000000007f27000 	/System/Library/PrivateFrameworks/DataDetectorsCore.framework/Versions/A/DataDetectorsCore
0x0000000007f27000 	/System/Library/PrivateFrameworks/DesktopServicesPriv.framework/Versions/A/DesktopServicesPriv
0x0000000007f27000 	/System/Library/Frameworks/Carbon.framework/Versions/A/Frameworks/HIToolbox.framework/Versions/A/HIToolbox
0x0000000007f27000 	/System/Library/Frameworks/QuartzCore.framework/Versions/A/QuartzCore
0x0000000007f27000 	/System/Library/Frameworks/Carbon.framework/Versions/A/Frameworks/SpeechRecognition.framework/Versions/A/SpeechRecognition
0x0000000007f27000 	/usr/lib/libauto.dylib
0x0000000007f27000 	/usr/lib/libicucore.A.dylib
0x0000000007f27000 	/usr/lib/libxml2.2.dylib
0x0000000007f27000 	/System/Library/PrivateFrameworks/CoreUI.framework/Versions/A/CoreUI
0x0000000007f27000 	/System/Library/Frameworks/CoreAudio.framework/Versions/A/CoreAudio
0x0000000007f27000 	/System/Library/Frameworks/DiskArbitration.framework/Versions/A/DiskArbitration
0x0000000007f27000 	/usr/lib/liblangid.dylib
0x0000000007f27000 	/System/Library/PrivateFrameworks/MultitouchSupport.framework/Versions/A/MultitouchSupport
0x0000000007f27000 	/System/Library/Frameworks/IOKit.framework/Versions/A/IOKit
0x0000000007f27000 	/usr/lib/libDiagnosticMessagesClient.dylib
0x0000000007f27000 	/System/Library/Frameworks/CoreServices.framework/Versions/A/CoreServices
0x0000000007f27000 	/System/Library/PrivateFrameworks/PerformanceAnalysis.framework/Versions/A/PerformanceAnalysis
0x0000000007f27000 	/System/Library/PrivateFrameworks/GenerationalStorage.framework/Versions/A/GenerationalStorage
0x0000000007f27000 	/System/Library/Frameworks/OpenGL.framework/Versions/A/OpenGL
0x0000000007f27000 	/System/Library/PrivateFrameworks/Sharing.framework/Versions/A/Sharing
0x0000000007f27000 	/System/Library/Frameworks/CoreGraphics.framework/Versions/A/CoreGraphics
0x0000000007f27000 	/System/Library/Frameworks/CoreText.framework/Versions/A/CoreText
0x0000000007f27000 	/System/Library/Frameworks/ImageIO.framework/Versions/A/ImageIO
0x0000000007f27000 	/usr/lib/libextension.dylib
0x0000000007f27000 	/System/Library/PrivateFrameworks/Backup.framework/Versions/A/Backup
0x0000000007f27000 	/usr/lib/libarchive.2.dylib
0x0000000007f27000 	/System/Library/Frameworks/CFNetwork.framework/Versions/A/CFNetwork
0x0000000007f27000 	/System/Library/Frameworks/SystemConfiguration.framework/Versions/A/SystemConfiguration
0x0000000007f27000 	/usr/lib/libCRFSuite.dylib
0x0000000007f27000 	/usr/lib/libc++.1.dylib
0x0000000007f27000 	/usr/lib/libc++abi.dylib
0x0000000007f27000 	/usr/lib/system/libcache.dylib
0x0000000007f27000 	/usr/lib/system/libcommonCrypto.dylib
0x0000000007f27000 	/usr/lib/system/libcompiler_rt.dylib
0x0000000007f27000 	/usr/lib/system/libcopyfile.dylib
0x0000000007f27000 	/usr/lib/system/libcorecrypto.dylib
0x0000000007f27000 	/usr/lib/system/libdispatch.dylib
0x0000000007f27000 	/usr/lib/system/libdyld.dylib
0x0000000007f27000 	/usr/lib/system/libkeymgr.dylib
0x0000000007f27000 	/usr/lib/system/liblaunch.dylib
0x0000000007f27000 	/usr/lib/system/libmacho.dylib
0x0000000007f27000 	/usr/lib/system/libquarantine.dylib
0x0000000007f27000 	/usr/lib/system/libremovefile.dylib
0x0000000007f27000 	/usr/lib/system/libsystem_asl.dylib
0x0000000007f27000 	/usr/lib/system/libsystem_blocks.dylib
0x0000000007f27000 	/usr/lib/system/libsystem_c.dylib
0x0000000007f27000 	/usr/lib/system/libsystem_configuration.dylib
0x0000000007f27000 	/usr/lib/system/libsystem_coreservices.dylib
0x0000000007f27000 	/usr/lib/system/libsystem_coretls.dylib
0x0000000007f27000 	/usr/lib/system/libsystem_dnssd.dylib
0x0000000007f27000 	/usr/lib/system/libsystem_info.dylib
0x0000000007f27000 	/usr/lib/system/libsystem_kernel.dylib
0x0000000007f27000 	/usr/lib/system/libsystem_m.dylib
0x0000000007f27000 	/usr/lib/system/libsystem_malloc.dylib
0x0000000007f27000 	/usr/lib/system/libsystem_network.dylib
0x0000000007f27000 	/usr/lib/system/libsystem_networkextension.dylib
0x0000000007f27000 	/usr/lib/system/libsystem_notify.dylib
0x0000000007f27000 	/usr/lib/system/libsystem_platform.dylib
0x0000000007f27000 	/usr/lib/system/libsystem_pthread.dylib
0x0000000007f27000 	/usr/lib/system/libsystem_sandbox.dylib
0x0000000007f27000 	/usr/lib/system/libsystem_secinit.dylib
0x0000000007f27000 	/usr/lib/system/libsystem_stats.dylib
0x0000000007f27000 	/usr/lib/system/libsystem_trace.dylib
0x0000000007f27000 	/usr/lib/system/libunc.dylib
0x0000000007f27000 	/usr/lib/system/libunwind.dylib
0x0000000007f27000 	/usr/lib/system/libxpc.dylib
0x0000000007f27000 	/usr/lib/libbz2.1.0.dylib
0x0000000007f27000 	/usr/lib/liblzma.5.dylib
0x0000000007f27000 	/usr/lib/libbsm.0.dylib
0x0000000007f27000 	/usr/lib/libsqlite3.dylib
0x0000000007f27000 	/usr/lib/system/libkxld.dylib
0x0000000007f27000 	/usr/lib/libxar.1.dylib
0x0000000007f27000 	/usr/lib/libpam.2.dylib
0x0000000007f27000 	/usr/lib/libOpenScriptingUtil.dylib
0x0000000007f27000 	/System/Library/Frameworks/CoreServices.framework/Versions/A/Frameworks/FSEvents.framework/Versions/A/FSEvents
0x0000000007f27000 	/System/Library/Frameworks/CoreServices.framework/Versions/A/Frameworks/CarbonCore.framework/Versions/A/CarbonCore
0x0000000007f27000 	/System/Library/Frameworks/CoreServices.framework/Versions/A/Frameworks/Metadata.framework/Versions/A/Metadata
0x0000000007f27000 	/System/Library/Frameworks/CoreServices.framework/Versions/A/Frameworks/OSServices.framework/Versions/A/OSServices
0x0000000007f27000 	/System/Library/Frameworks/CoreServices.framework/Versions/A/Frameworks/SearchKit.framework/Versions/A/SearchKit
0x0000000007f27000 	/System/Library/Frameworks/CoreServices.framework/Versions/A/Frameworks/AE.framework/Versions/A/AE
0x0000000007f27000 	/System/Library/Frameworks/CoreServices.framework/Versions/A/Frameworks/LaunchServices.framework/Versions/A/LaunchServices
0x0000000007f27000 	/System/Library/Frameworks/CoreServices.framework/Versions/A/Frameworks/DictionaryServices.framework/Versions/A/DictionaryServices
0x0000000007f27000 	/System/Library/Frameworks/NetFS.framework/Versions/A/NetFS
0x0000000007f27000 	/System/Library/PrivateFrameworks/NetAuth.framework/Versions/A/NetAuth
0x0000000007f27000 	/System/Library/PrivateFrameworks/login.framework/Versions/A/Frameworks/loginsupport.framework/Versions/A/loginsupport
0x0000000007f27000 	/System/Library/PrivateFrameworks/TCC.framework/Versions/A/TCC
0x0000000007f27000 	/usr/lib/libmecabra.dylib
0x0000000007f27000 	/System/Library/Frameworks/ApplicationServices.framework/Versions/A/Frameworks/ATS.framework/Versions/A/ATS
0x0000000007f27000 	/System/Library/Frameworks/ApplicationServices.framework/Versions/A/Frameworks/ColorSync.framework/Versions/A/ColorSync
0x0000000007f27000 	/System/Library/Frameworks/ApplicationServices.framework/Versions/A/Frameworks/HIServices.framework/Versions/A/HIServices
0x0000000007f27000 	/System/Library/Frameworks/ApplicationServices.framework/Versions/A/Frameworks/LangAnalysis.framework/Versions/A/LangAnalysis
0x0000000007f27000 	/System/Library/Frameworks/ApplicationServices.framework/Versions/A/Frameworks/PrintCore.framework/Versions/A/PrintCore
0x0000000007f27000 	/System/Library/Frameworks/ApplicationServices.framework/Versions/A/Frameworks/QD.framework/Versions/A/QD
0x0000000007f27000 	/System/Library/Frameworks/ApplicationServices.framework/Versions/A/Frameworks/SpeechSynthesis.framework/Versions/A/SpeechSynthesis
0x0000000007f27000 	/System/Library/Frameworks/Accelerate.framework/Versions/A/Accelerate
0x0000000007f27000 	/System/Library/Frameworks/Accelerate.framework/Versions/A/Frameworks/vImage.framework/Versions/A/vImage
0x0000000007f27000 	/System/Library/Frameworks/Accelerate.framework/Versions/A/Frameworks/vecLib.framework/Versions/A/vecLib
0x0000000007f27000 	/System/Library/Frameworks/Accelerate.framework/Versions/A/Frameworks/vecLib.framework/Versions/A/libvDSP.dylib
0x0000000007f27000 	/System/Library/Frameworks/Accelerate.framework/Versions/A/Frameworks/vecLib.framework/Versions/A/libvMisc.dylib
0x0000000007f27000 	/System/Library/Frameworks/Accelerate.framework/Versions/A/Frameworks/vecLib.framework/Versions/A/libLAPACK.dylib
0x0000000007f27000 	/System/Library/Frameworks/Accelerate.framework/Versions/A/Frameworks/vecLib.framework/Versions/A/libBLAS.dylib
0x0000000007f27000 	/System/Library/Frameworks/Accelerate.framework/Versions/A/Frameworks/vecLib.framework/Versions/A/libLinearAlgebra.dylib
0x0000000007f27000 	/System/Library/Frameworks/ApplicationServices.framework/Versions/A/Frameworks/ATS.framework/Versions/A/Resources/libFontParser.dylib
0x0000000007f27000 	/System/Library/Frameworks/ApplicationServices.framework/Versions/A/Frameworks/ATS.framework/Versions/A/Resources/libFontRegistry.dylib
0x0000000007f27000 	/System/Library/PrivateFrameworks/AppleVPA.framework/Versions/A/AppleVPA
0x0000000007f27000 	/System/Library/PrivateFrameworks/AppleJPEG.framework/Versions/A/AppleJPEG
0x0000000007f27000 	/System/Library/Frameworks/ImageIO.framework/Versions/A/Resources/libJPEG.dylib
0x0000000007f27000 	/System/Library/Frameworks/ImageIO.framework/Versions/A/Resources/libTIFF.dylib
0x0000000007f27000 	/System/Library/Frameworks/ImageIO.framework/Versions/A/Resources/libPng.dylib
0x0000000007f27000 	/System/Library/Frameworks/ImageIO.framework/Versions/A/Resources/libGIF.dylib
0x0000000007f27000 	/System/Library/Frameworks/ImageIO.framework/Versions/A/Resources/libJP2.dylib
0x0000000007f27000 	/System/Library/Frameworks/ImageIO.framework/Versions/A/Resources/libRadiance.dylib
0x0000000007f27000 	/System/Library/Frameworks/CoreVideo.framework/Versions/A/CoreVideo
0x0000000007f27000 	/System/Library/Frameworks/OpenGL.framework/Versions/A/Libraries/libGLU.dylib
0x0000000007f27000 	/System/Library/Frameworks/OpenGL.framework/Versions/A/Libraries/libGFXShared.dylib
0x0000000007f27000 	/System/Library/Frameworks/OpenGL.framework/Versions/A/Libraries/libGL.dylib
0x0000000007f27000 	/System/Library/Frameworks/OpenGL.framework/Versions/A/Libraries/libGLImage.dylib
0x0000000007f27000 	/System/Library/Frameworks/OpenGL.framework/Versions/A/Libraries/libCVMSPluginSupport.dylib
0x0000000007f27000 	/System/Library/Frameworks/OpenGL.framework/Versions/A/Libraries/libCoreVMClient.dylib
0x0000000007f27000 	/usr/lib/libcups.2.dylib
0x0000000007f27000 	/System/Library/Frameworks/Kerberos.framework/Versions/A/Kerberos
0x0000000007f27000 	/System/Library/Frameworks/GSS.framework/Versions/A/GSS
0x0000000007f27000 	/usr/lib/libresolv.9.dylib
0x0000000007f27000 	/usr/lib/libiconv.2.dylib
0x0000000007f27000 	/System/Library/PrivateFrameworks/Heimdal.framework/Versions/A/Heimdal
0x0000000007f27000 	/usr/lib/libheimdal-asn1.dylib
0x0000000007f27000 	/System/Library/Frameworks/OpenDirectory.framework/Versions/A/OpenDirectory
0x0000000007f27000 	/System/Library/PrivateFrameworks/CommonAuth.framework/Versions/A/CommonAuth
0x0000000007f27000 	/System/Library/Frameworks/OpenDirectory.framework/Versions/A/Frameworks/CFOpenDirectory.framework/Versions/A/CFOpenDirectory
0x0000000007f27000 	/System/Library/Frameworks/SecurityFoundation.framework/Versions/A/SecurityFoundation
0x0000000007f27000 	/System/Library/PrivateFrameworks/LanguageModeling.framework/Versions/A/LanguageModeling
0x0000000007f27000 	/usr/lib/libcmph.dylib
0x0000000007f27000 	/System/Library/Frameworks/ServiceManagement.framework/Versions/A/ServiceManagement
0x0000000007f27000 	/usr/lib/libxslt.1.dylib
0x0000000007f27000 	/System/Library/Frameworks/Carbon.framework/Versions/A/Frameworks/Ink.framework/Versions/A/Ink
0x0000000007f27000 	/System/Library/Frameworks/QuartzCore.framework/Versions/A/Frameworks/CoreImage.framework/Versions/A/CoreImage
0x0000000007f27000 	/System/Library/PrivateFrameworks/CrashReporterSupport.framework/Versions/A/CrashReporterSupport
0x0000000007f27000 	/System/Library/Frameworks/OpenCL.framework/Versions/A/OpenCL
0x0000000007f27000 	/System/Library/PrivateFrameworks/FaceCore.framework/Versions/A/FaceCore
0x0000000007f27000 	/System/Library/PrivateFrameworks/Ubiquity.framework/Versions/A/Ubiquity
0x0000000007f27000 	/System/Library/PrivateFrameworks/IconServices.framework/Versions/A/IconServices
0x0000000007f27000 	/System/Library/PrivateFrameworks/ChunkingLibrary.framework/Versions/A/ChunkingLibrary
0x0000000007f27000 	/System/Library/PrivateFrameworks/Apple80211.framework/Versions/A/Apple80211
0x0000000007f27000 	/System/Library/Frameworks/CoreWLAN.framework/Versions/A/CoreWLAN
0x0000000007f27000 	/System/Library/Frameworks/IOBluetooth.framework/Versions/A/IOBluetooth
0x0000000007f27000 	/System/Library/PrivateFrameworks/CoreWiFi.framework/Versions/A/CoreWiFi
0x0000000007f27000 	/System/Library/Frameworks/CoreBluetooth.framework/Versions/A/CoreBluetooth
0x0000000007f27000 	/System/Library/PrivateFrameworks/DebugSymbols.framework/Versions/A/DebugSymbols
0x0000000007f27000 	/System/Library/PrivateFrameworks/CoreSymbolication.framework/Versions/A/CoreSymbolication
0x0000000007f27000 	/System/Library/PrivateFrameworks/Symbolication.framework/Versions/A/Symbolication
0x0000000007f27000 	/System/Library/PrivateFrameworks/SpeechRecognitionCore.framework/Versions/A/SpeechRecognitionCore
0x0000000107800000 	/Library/Java/JavaVirtualMachines/jdk1.8.0_31.jdk/Contents/Home/jre/lib/server/libjvm.dylib
0x0000000007f27000 	/usr/lib/libstdc++.6.dylib
0x0000000106ff1000 	/Library/Java/JavaVirtualMachines/jdk1.8.0_31.jdk/Contents/Home/jre/lib/libverify.dylib
0x0000000108822000 	/Library/Java/JavaVirtualMachines/jdk1.8.0_31.jdk/Contents/Home/jre/lib/libjava.dylib
0x000000010885f000 	/Library/Java/JavaVirtualMachines/jdk1.8.0_31.jdk/Contents/Home/jre/lib/libzip.dylib
0x000000019c57a000 	/System/Library/Frameworks/JavaVM.framework/Frameworks/JavaRuntimeSupport.framework/JavaRuntimeSupport
0x000000019c592000 	/System/Library/Frameworks/JavaVM.framework/Versions/A/Frameworks/JavaNativeFoundation.framework/Versions/A/JavaNativeFoundation
0x000000019c5a7000 	/System/Library/Frameworks/JavaVM.framework/Versions/A/JavaVM
0x0000000007f27000 	/System/Library/Frameworks/Carbon.framework/Versions/A/Carbon
0x000000019c5b4000 	/System/Library/PrivateFrameworks/JavaLaunching.framework/Versions/A/JavaLaunching
0x0000000007f27000 	/System/Library/Frameworks/Carbon.framework/Versions/A/Frameworks/CommonPanels.framework/Versions/A/CommonPanels
0x0000000007f27000 	/System/Library/Frameworks/Carbon.framework/Versions/A/Frameworks/Help.framework/Versions/A/Help
0x0000000007f27000 	/System/Library/Frameworks/Carbon.framework/Versions/A/Frameworks/ImageCapture.framework/Versions/A/ImageCapture
0x0000000007f27000 	/System/Library/Frameworks/Carbon.framework/Versions/A/Frameworks/OpenScripting.framework/Versions/A/OpenScripting
0x0000000007f27000 	/System/Library/Frameworks/Carbon.framework/Versions/A/Frameworks/Print.framework/Versions/A/Print
0x0000000007f27000 	/System/Library/Frameworks/Carbon.framework/Versions/A/Frameworks/SecurityHI.framework/Versions/A/SecurityHI
0x000000019e6f4000 	/Library/Java/JavaVirtualMachines/jdk1.8.0_31.jdk/Contents/Home/jre/lib/libprism_es2.dylib
0x0000000007f27000 	/System/Library/Frameworks/OpenGL.framework/Versions/A/Resources/GLEngine.bundle/GLEngine
0x0000000007f27000 	/System/Library/Frameworks/OpenGL.framework/Versions/A/Libraries/libGLProgrammability.dylib
0x0000000000000000 	/System/Library/Extensions/AppleIntelHDGraphicsGLDriver.bundle/Contents/MacOS/AppleIntelHDGraphicsGLDriver
0x000000019e775000 	/System/Library/PrivateFrameworks/GPUSupport.framework/Versions/A/Libraries/libGPUSupport.dylib
0x0000000000000000 	/System/Library/Extensions/GeForceTeslaGLDriver.bundle/Contents/MacOS/GeForceTeslaGLDriver
0x000000019e789000 	/System/Library/Extensions/GeForceTeslaGLDriver.bundle/Contents/MacOS/libclh.dylib
0x0000000007f27000 	/System/Library/Frameworks/OpenGL.framework/Versions/A/Resources/GLRendererFloat.bundle/GLRendererFloat
0x0000000007f27000 	/System/Library/Frameworks/OpenCL.framework/Versions/A/Libraries/libcldcpuengine.dylib
0x0000000007f27000 	/System/Library/PrivateFrameworks/DiskImages.framework/Versions/A/DiskImages
0x0000000007f27000 	/System/Library/Frameworks/DiscRecording.framework/Versions/A/DiscRecording
0x0000000007f27000 	/usr/lib/libcsfde.dylib
0x0000000007f27000 	/usr/lib/libcurl.4.dylib
0x0000000007f27000 	/System/Library/PrivateFrameworks/MediaKit.framework/Versions/A/MediaKit
0x0000000007f27000 	/System/Library/PrivateFrameworks/ProtectedCloudStorage.framework/Versions/A/ProtectedCloudStorage
0x0000000007f27000 	/usr/lib/libCoreStorage.dylib
0x0000000007f27000 	/System/Library/PrivateFrameworks/EFILogin.framework/Versions/A/EFILogin
0x0000000007f27000 	/usr/lib/libutil.dylib
0x0000000007f27000 	/System/Library/PrivateFrameworks/FindMyDevice.framework/Versions/A/FindMyDevice
0x0000000007f27000 	/System/Library/Frameworks/LDAP.framework/Versions/A/LDAP
0x0000000007f27000 	/usr/lib/libsasl2.2.dylib
0x0000000007f27000 	/System/Library/PrivateFrameworks/CoreDaemon.framework/Versions/B/CoreDaemon
0x0000000007f27000 	/usr/lib/libcrypto.0.9.8.dylib
0x0000000007f27000 	/System/Library/PrivateFrameworks/AppleSRP.framework/Versions/A/AppleSRP
0x0000000007f27000 	/System/Library/PrivateFrameworks/TrustEvaluationAgent.framework/Versions/A/TrustEvaluationAgent
0x000000019f10c000 	/Library/Java/JavaVirtualMachines/jdk1.8.0_31.jdk/Contents/Home/jre/lib/libglass.dylib
0x0000000007f27000 	/System/Library/PrivateFrameworks/CoreServicesInternal.framework/Versions/A/CoreServicesInternal
0x0000000007f27000 	/System/Library/PrivateFrameworks/CloudDocs.framework/Versions/A/CloudDocs
0x0000000007f27000 	/System/Library/PrivateFrameworks/CoreDuet.framework/Versions/A/CoreDuet
0x0000000007f27000 	/System/Library/Frameworks/CloudKit.framework/Versions/A/CloudKit
0x0000000007f27000 	/System/Library/PrivateFrameworks/ProtocolBuffer.framework/Versions/A/ProtocolBuffer
0x0000000007f27000 	/System/Library/PrivateFrameworks/CoreDuetDaemonProtocol.framework/Versions/A/CoreDuetDaemonProtocol
0x0000000007f27000 	/System/Library/PrivateFrameworks/CoreDuetDebugLogging.framework/Versions/A/CoreDuetDebugLogging
0x0000000007f27000 	/System/Library/PrivateFrameworks/MMCS.framework/Versions/A/MMCS
0x0000000007f27000 	/System/Library/Frameworks/CoreLocation.framework/Versions/A/CoreLocation
0x0000000007f27000 	/System/Library/PrivateFrameworks/GeoServices.framework/Versions/A/GeoServices
0x0000000007f27000 	/System/Library/Frameworks/CoreGraphics.framework/Versions/A/Resources/libCGCMS.A.dylib
0x0000000007f27000 	/System/Library/CoreServices/RawCamera.bundle/Contents/MacOS/RawCamera
0x0000000007f27000 	/System/Library/Frameworks/CoreGraphics.framework/Versions/A/Resources/libRIP.A.dylib
0x0000000007f27000 	/System/Library/PrivateFrameworks/FamilyControls.framework/Versions/A/FamilyControls
0x0000000007f27000 	/System/Library/PrivateFrameworks/CommerceKit.framework/Versions/A/Frameworks/CommerceCore.framework/Versions/A/CommerceCore
0x0000000007f27000 	/System/Library/PrivateFrameworks/SystemAdministration.framework/Versions/A/SystemAdministration
0x0000000007f27000 	/System/Library/PrivateFrameworks/AppContainer.framework/Versions/A/AppContainer
0x0000000007f27000 	/System/Library/PrivateFrameworks/SecCodeWrapper.framework/Versions/A/SecCodeWrapper
0x0000000007f27000 	/System/Library/Frameworks/DirectoryService.framework/Versions/A/DirectoryService
0x0000000007f27000 	/System/Library/PrivateFrameworks/LoginUIKit.framework/Versions/A/Frameworks/LoginUICore.framework/Versions/A/LoginUICore
0x0000000007f27000 	/usr/lib/libodfde.dylib
0x000000019f4c4000 	/Library/Java/JavaVirtualMachines/jdk1.8.0_31.jdk/Contents/Home/jre/lib/libjavafx_font.dylib
0x0000000007f27000 	/System/Library/Frameworks/CoreGraphics.framework/Versions/A/Resources/libCGXType.A.dylib
0x00000001a2663000 	/Library/Java/JavaVirtualMachines/jdk1.8.0_31.jdk/Contents/Home/jre/lib/libnet.dylib
0x00000001a3fe6000 	/Library/Java/JavaVirtualMachines/jdk1.8.0_31.jdk/Contents/Home/jre/lib/libglib-lite.dylib
0x00000001a410c000 	/Library/Java/JavaVirtualMachines/jdk1.8.0_31.jdk/Contents/Home/jre/lib/libgstreamer-lite.dylib
0x00000001a39f6000 	/Library/Java/JavaVirtualMachines/jdk1.8.0_31.jdk/Contents/Home/jre/lib/libjfxmedia.dylib
0x0000000007f27000 	/System/Library/Frameworks/QTKit.framework/Versions/A/QTKit
0x0000000007f27000 	/System/Library/Frameworks/AVFoundation.framework/Versions/A/AVFoundation
0x0000000007f27000 	/System/Library/Frameworks/CoreMedia.framework/Versions/A/CoreMedia
0x0000000007f27000 	/System/Library/Frameworks/MediaToolbox.framework/Versions/A/MediaToolbox
0x0000000007f27000 	/System/Library/Frameworks/VideoToolbox.framework/Versions/A/VideoToolbox
0x0000000007f27000 	/System/Library/PrivateFrameworks/CoreMediaAuthoring.framework/Versions/A/CoreMediaAuthoring
0x0000000007f27000 	/System/Library/Frameworks/CoreMediaIO.framework/Versions/A/CoreMediaIO
0x0000000007f27000 	/System/Library/Frameworks/AVFoundation.framework/Versions/A/Resources/libAVFAudio.dylib
0x0000000007f27000 	/System/Library/PrivateFrameworks/MediaControlSender.framework/Versions/A/MediaControlSender
0x0000000007f27000 	/System/Library/PrivateFrameworks/CoreAVCHD.framework/Versions/A/CoreAVCHD
0x0000000007f27000 	/System/Library/Frameworks/MediaAccessibility.framework/Versions/A/MediaAccessibility
0x0000000007f27000 	/System/Library/PrivateFrameworks/Mangrove.framework/Versions/A/Mangrove
0x0000000007f27000 	/System/Library/PrivateFrameworks/CoreAUC.framework/Versions/A/CoreAUC
0x0000000007f27000 	/System/Library/PrivateFrameworks/NetworkStatistics.framework/Versions/A/NetworkStatistics
0x0000000007f27000 	/System/Library/PrivateFrameworks/AirPlaySupport.framework/Versions/A/AirPlaySupport
0x0000000007f27000 	/System/Library/PrivateFrameworks/CoreUtils.framework/Versions/A/CoreUtils
0x0000000007f27000 	/System/Library/PrivateFrameworks/AppleVA.framework/Versions/A/AppleVA
0x0000000007f27000 	/System/Library/PrivateFrameworks/XPCService.framework/Versions/A/XPCService
0x0000000007f27000 	/System/Library/PrivateFrameworks/AppSandbox.framework/Versions/A/AppSandbox
0x0000000007f27000 	/usr/lib/libsandbox.1.dylib
0x0000000007f27000 	/usr/lib/libMatch.1.dylib
0x00000001a3aa0000 	/Library/Java/JavaVirtualMachines/jdk1.8.0_31.jdk/Contents/Home/jre/lib/libfxplugins.dylib
0x00000001a37be000 	/System/Library/Frameworks/VideoDecodeAcceleration.framework/Versions/A/VideoDecodeAcceleration
0x00000001a37c4000 	/System/Library/Extensions/AppleHDA.kext/Contents/PlugIns/AppleHDAHALPlugIn.bundle/Contents/MacOS/AppleHDAHALPlugIn
0x00000001a37cd000 	cl_kernels
0x00000001a44be000 	/System/Library/Frameworks/OpenCL.framework/Versions/A/Libraries/ImageFormats/unorm8_bgra.dylib
0x00000001a45e6000 	/System/Library/Components/CoreAudio.component/Contents/MacOS/CoreAudio
0x00000001a37d3000 	cl_kernels
0x00000001a3e42000 	/Library/Java/JavaVirtualMachines/jdk1.8.0_31.jdk/Contents/Home/jre/lib/libjavafx_iio.dylib
0x00000001a49c5000 	/System/Library/Components/AudioCodecs.component/Contents/MacOS/AudioCodecs
0x000000019e4ee000 	/Library/Java/JavaVirtualMachines/jdk1.8.0_31.jdk/Contents/Home/jre/lib/libawt.dylib
0x000000019e59d000 	/Library/Java/JavaVirtualMachines/jdk1.8.0_31.jdk/Contents/Home/jre/lib/./libmlib_image.dylib
0x00000001a27db000 	/Library/Java/JavaVirtualMachines/jdk1.8.0_31.jdk/Contents/Home/jre/lib/libawt_lwawt.dylib
0x000000019e669000 	/Library/Java/JavaVirtualMachines/jdk1.8.0_31.jdk/Contents/Home/jre/lib/./libosxapp.dylib
0x0000000007f27000 	/System/Library/Frameworks/ExceptionHandling.framework/Versions/A/ExceptionHandling

VM Arguments:
jvm_args: -Dfile.encoding=UTF-8 
java_command: Main
java_class_path (initial): /Users/asheu/NetBeansProjects/Pokemon/build/classes
Launcher Type: SUN_STANDARD

Environment Variables:
PATH=/usr/bin:/bin:/usr/sbin:/sbin
LD_LIBRARY_PATH=/Library/Java/JavaVirtualMachines/jdk1.8.0_31.jdk/Contents/Home/jre/lib/amd64:/Library/Java/JavaVirtualMachines/jdk1.8.0_31.jdk/Contents/Home/jre/lib/i386:
SHELL=/bin/bash
DYLD_LIBRARY_PATH=/Applications/NetBeans/NetBeans 8.0.2.app/Contents/Resources/NetBeans/webcommon/bin:

Signal Handlers:
SIGSEGV: [libjvm.dylib+0x57a0e7], sa_mask[0]=11111111011111110111111111111111, sa_flags=SA_ONSTACK|SA_RESTART|SA_SIGINFO
SIGBUS: [libjvm.dylib+0x57a0e7], sa_mask[0]=11111111011111110111111111111111, sa_flags=SA_RESTART|SA_SIGINFO
SIGFPE: [libjvm.dylib+0x45af24], sa_mask[0]=11111111011111110111111111111111, sa_flags=SA_RESTART|SA_SIGINFO
SIGPIPE: [libjvm.dylib+0x45af24], sa_mask[0]=11111111011111110111111111111111, sa_flags=SA_RESTART|SA_SIGINFO
SIGXFSZ: [libjvm.dylib+0x45af24], sa_mask[0]=11111111011111110111111111111111, sa_flags=SA_RESTART|SA_SIGINFO
SIGILL: [libjvm.dylib+0x45af24], sa_mask[0]=11111111011111110111111111111111, sa_flags=SA_RESTART|SA_SIGINFO
SIGUSR1: SIG_DFL, sa_mask[0]=00000000000000000000000000000000, sa_flags=none
SIGUSR2: [libjvm.dylib+0x45aa42], sa_mask[0]=00100000000000000000000000000000, sa_flags=SA_RESTART|SA_SIGINFO
SIGHUP: [AudioToolbox+0xf933a], sa_mask[0]=00000000000000000000000000000000, sa_flags=SA_RESTART
SIGINT: SIG_IGN, sa_mask[0]=00000000000000000000000000000000, sa_flags=none
SIGTERM: [libjvm.dylib+0x459015], sa_mask[0]=11111111011111110111111111111111, sa_flags=SA_RESTART|SA_SIGINFO
SIGQUIT: [libjvm.dylib+0x459015], sa_mask[0]=11111111011111110111111111111111, sa_flags=SA_RESTART|SA_SIGINFO


---------------  S Y S T E M  ---------------

OS:Bsduname:Darwin 14.3.0 Darwin Kernel Version 14.3.0: Mon Mar 23 11:59:05 PDT 2015; root:xnu-2782.20.48~5/RELEASE_X86_64 x86_64
rlimit: STACK 8192k, CORE 0k, NPROC 709, NOFILE 10240, AS infinity
load average:21.53 22.14 13.45

CPU:total 4 (2 cores per cpu, 2 threads per core) family 6 model 37 stepping 5, cmov, cx8, fxsr, mmx, sse, sse2, sse3, ssse3, sse4.1, sse4.2, popcnt, aes, clmul, ht, tsc, tscinvbit

Memory: 4k page, physical 4194304k(36760k free)

/proc/meminfo:


vm_info: Java HotSpot(TM) 64-Bit Server VM (25.31-b07) for bsd-amd64 JRE (1.8.0_31-b13), built on Dec 17 2014 20:45:36 by "java_re" with gcc 4.2.1 (Based on Apple Inc. build 5658) (LLVM build 2336.11.00)

time: Tue May 19 11:49:55 2015
elapsed time: 17 seconds (0d 0h 0m 17s)

