#
# A fatal error has been detected by the Java Runtime Environment:
#
#  SIGSEGV (0xb) at pc=0x000000012b766cbd, pid=1834, tid=57603
#
# JRE version: Java(TM) SE Runtime Environment (8.0_31-b13) (build 1.8.0_31-b13)
# Java VM: Java HotSpot(TM) 64-Bit Server VM (25.31-b07 mixed mode bsd-amd64 compressed oops)
# Problematic frame:
# C  [libglib-lite.dylib+0x73cbd]  g_type_check_instance_cast+0x26
#
# Failed to write core dump. Core dumps have been disabled. To enable core dumping, try "ulimit -c unlimited" before starting Java again
#
# If you would like to submit a bug report, please visit:
#   http://bugreport.java.com/bugreport/crash.jsp
# The crash happened outside the Java Virtual Machine in native code.
# See problematic frame for where to report the bug.
#

---------------  T H R E A D  ---------------

Current thread (0x00007fd4ea33c000):  JavaThread "Thread-18" daemon [_thread_in_native, id=57603, stack(0x000000012c196000,0x000000012c296000)]

siginfo: si_signo: 11 (SIGSEGV), si_code: 0 (unknown), si_addr: 0x0000000000000000

Registers:
RAX=0xc00007fd4ebc35d6, RBX=0x00007fd4ebc3b670, RCX=0x00007fd4ebc3b670, RDX=0x0000000000000000
RSP=0x000000012c294dd0, RBP=0x000000012c294df0, RSI=0x00007fd4ebc25530, RDI=0x00007fd4ebc3b670
R8 =0x0000000000003060, R9 =0x00007fd4ebc3b4c0, R10=0xffffffffffffffff, R11=0x0000000000000246
R12=0x0000000000000000, R13=0x000000012a245d00, R14=0x00007fd4ebc25530, R15=0x00007fd4ea33c000
RIP=0x000000012b766cbd, EFLAGS=0x0000000000010282, ERR=0x0000000000000000
  TRAPNO=0x000000000000000d

Top of Stack: (sp=0x000000012c294dd0)
0x000000012c294dd0:   000000012a245d00 0000000000000000
0x000000012c294de0:   000000012c295440 00007fd4ea33c000
0x000000012c294df0:   000000012c294e70 000000012a07fa47
0x000000012c294e00:   0000000000000001 00007fd4ebc3b670
0x000000012c294e10:   000000012c295440 00007fd4ebc260d0
0x000000012c294e20:   00007fd4e955b6a0 0000000094747b94
0x000000012c294e30:   00007fd4ebb4d720 00007fd4e9538b60
0x000000012c294e40:   00000001007b7b00 00007fd4ebc260d0
0x000000012c294e50:   0000000100000001 00007fd4ea33c000
0x000000012c294e60:   000000012a0aa3cd 00007fd4e955b6a0
0x000000012c294e70:   000000012c294ee0 000000012a080766
0x000000012c294e80:   00007fd4ebb241b0 00007fd4ebb5e0f0
0x000000012c294e90:   0000000000000001 000000012a245d00
0x000000012c294ea0:   00007fd4ebc260d0 00007fd4ebb241b0
0x000000012c294eb0:   000000012c294ee0 000000012b766d49
0x000000012c294ec0:   00007fd4ebc68c50 00007fd4e955b6a0
0x000000012c294ed0:   00007fd4ebb5e0f0 00007fd4e953bd80
0x000000012c294ee0:   000000012c295020 000000012a08159e
0x000000012c294ef0:   000000012c294f68 000000012a0aa3fc
0x000000012c294f00:   00007fd4e9652428 0000000000000000
0x000000012c294f10:   00007fd4ebb4d720 0000000000000000
0x000000012c294f20:   0000000000000000 00007fd4e955b6a0
0x000000012c294f30:   00007fd4ebb5e0f0 00007fd4ebc260d0
0x000000012c294f40:   00007fd4ebc68c50 000000000d417800
0x000000012c294f50:   000000012a0aa40d 00007fd4e9652428
0x000000012c294f60:   000000002c294fe0 00007fd4ebc68c50
0x000000012c294f70:   0000000300000008 0000000000000000
0x000000012c294f80:   ff80000000000000 00007fd4e9694fb0
0x000000012c294f90:   00007fd4e9694f80 00007fd4e9693de0
0x000000012c294fa0:   0000000000000009 00007fd4ebb5e0f0
0x000000012c294fb0:   000000002a0819c4 000000012a07f766
0x000000012c294fc0:   000000012a07f720 000000012a07f694 

Instructions: (pc=0x000000012b766cbd)
0x000000012b766c9d:   41 56 41 54 53 48 85 ff 48 89 fb 0f 84 19 01 00
0x000000012b766cad:   00 49 89 f6 48 8b 03 48 85 c0 0f 84 e5 00 00 00
0x000000012b766cbd:   4c 8b 38 49 81 ff fd 03 00 00 72 09 4c 89 ff 48
0x000000012b766ccd:   83 e7 fc eb 18 48 b8 fc ff ff ff ff ff ff 7f 4c 

Register to memory mapping:

RAX=0xc00007fd4ebc35d6 is an unknown value
RBX=0x00007fd4ebc3b670 is an unknown value
RCX=0x00007fd4ebc3b670 is an unknown value
RDX=0x0000000000000000 is an unknown value
RSP=0x000000012c294dd0 is pointing into the stack for thread: 0x00007fd4ea33c000
RBP=0x000000012c294df0 is pointing into the stack for thread: 0x00007fd4ea33c000
RSI=0x00007fd4ebc25530 is an unknown value
RDI=0x00007fd4ebc3b670 is an unknown value
R8 =0x0000000000003060 is an unknown value
R9 =0x00007fd4ebc3b4c0 is an unknown value
R10=0xffffffffffffffff is an unknown value
R11=0x0000000000000246 is an unknown value
R12=0x0000000000000000 is an unknown value
R13={method} {0x000000012a245d00} 'gstInitNativeMedia' '(Lcom/sun/media/jfxmedia/locator/Locator;Ljava/lang/String;J[J)I' in 'com/sun/media/jfxmediaimpl/platform/gstreamer/GSTMedia'
R14=0x00007fd4ebc25530 is an unknown value
R15=0x00007fd4ea33c000 is a thread


Stack: [0x000000012c196000,0x000000012c296000],  sp=0x000000012c294dd0,  free space=1019k
Native frames: (J=compiled Java code, j=interpreted, Vv=VM code, C=native code)
C  [libglib-lite.dylib+0x73cbd]  g_type_check_instance_cast+0x26
C  [libjfxmedia.dylib+0x20a47]  _ZN19CGstPipelineFactory16GetByFactoryNameEP11_GstElementPKc+0x137
C  [libjfxmedia.dylib+0x21766]  _ZN19CGstPipelineFactory14AttachToSourceEP7_GstBinP11_GstElementS3_+0x2e
C  [libjfxmedia.dylib+0x2259e]  _ZN19CGstPipelineFactory19CreateAudioPipelineEP11_GstElementPKcS3_bP16CPipelineOptionsPP9CPipeline+0x196
C  [libjfxmedia.dylib+0x229af]  _ZN19CGstPipelineFactory22CreateMp3AudioPipelineEP11_GstElementP16CPipelineOptionsPP9CPipeline+0x6d
C  [libjfxmedia.dylib+0x23888]  _ZN19CGstPipelineFactory20CreatePlayerPipelineEP8CLocatorP16CPipelineOptionsPP9CPipeline+0x41c
C  [libjfxmedia.dylib+0x1ee6]  _ZN13CMediaManager12CreatePlayerEP8CLocatorP16CPipelineOptionsPP6CMedia+0x14a
C  [libjfxmedia.dylib+0x28983]  InitMedia+0x433
C  [libjfxmedia.dylib+0x28414]  Java_com_sun_media_jfxmediaimpl_platform_gstreamer_GSTMedia_gstInitNativeMedia+0x64
j  com.sun.media.jfxmediaimpl.platform.gstreamer.GSTMedia.gstInitNativeMedia(Lcom/sun/media/jfxmedia/locator/Locator;Ljava/lang/String;J[J)I+0
j  com.sun.media.jfxmediaimpl.platform.gstreamer.GSTMedia.init()V+20
j  com.sun.media.jfxmediaimpl.platform.gstreamer.GSTMedia.<init>(Lcom/sun/media/jfxmedia/locator/Locator;)V+17
j  com.sun.media.jfxmediaimpl.platform.gstreamer.GSTMediaPlayer.<init>(Lcom/sun/media/jfxmedia/locator/Locator;)V+6
j  com.sun.media.jfxmediaimpl.platform.gstreamer.GSTPlatform.prerollMediaPlayer(Lcom/sun/media/jfxmedia/locator/Locator;)Ljava/lang/Object;+5
j  com.sun.media.jfxmediaimpl.platform.PlatformManager.createMediaPlayer(Lcom/sun/media/jfxmedia/locator/Locator;)Lcom/sun/media/jfxmedia/MediaPlayer;+47
j  com.sun.media.jfxmediaimpl.NativeMediaManager.getPlayer(Lcom/sun/media/jfxmedia/locator/Locator;)Lcom/sun/media/jfxmedia/MediaPlayer;+7
j  com.sun.media.jfxmedia.MediaManager.getPlayer(Lcom/sun/media/jfxmedia/locator/Locator;)Lcom/sun/media/jfxmedia/MediaPlayer;+18
j  javafx.scene.media.MediaPlayer.init()V+34
j  javafx.scene.media.MediaPlayer.access$1000(Ljavafx/scene/media/MediaPlayer;)V+1
j  javafx.scene.media.MediaPlayer$InitMediaPlayer.run()V+4
j  java.lang.Thread.run()V+11
v  ~StubRoutines::call_stub
V  [libjvm.dylib+0x2d4442]
V  [libjvm.dylib+0x2d4bd0]
V  [libjvm.dylib+0x2d4d7c]
V  [libjvm.dylib+0x32576f]
V  [libjvm.dylib+0x5360cf]
V  [libjvm.dylib+0x53780c]
V  [libjvm.dylib+0x45d772]
C  [libsystem_pthread.dylib+0x3268]  _pthread_body+0x83
C  [libsystem_pthread.dylib+0x31e5]  _pthread_body+0x0
C  [libsystem_pthread.dylib+0x141d]  thread_start+0xd
C  0x0000000000000000

Java frames: (J=compiled Java code, j=interpreted, Vv=VM code)
j  com.sun.media.jfxmediaimpl.platform.gstreamer.GSTMedia.gstInitNativeMedia(Lcom/sun/media/jfxmedia/locator/Locator;Ljava/lang/String;J[J)I+0
j  com.sun.media.jfxmediaimpl.platform.gstreamer.GSTMedia.init()V+20
j  com.sun.media.jfxmediaimpl.platform.gstreamer.GSTMedia.<init>(Lcom/sun/media/jfxmedia/locator/Locator;)V+17
j  com.sun.media.jfxmediaimpl.platform.gstreamer.GSTMediaPlayer.<init>(Lcom/sun/media/jfxmedia/locator/Locator;)V+6
j  com.sun.media.jfxmediaimpl.platform.gstreamer.GSTPlatform.prerollMediaPlayer(Lcom/sun/media/jfxmedia/locator/Locator;)Ljava/lang/Object;+5
j  com.sun.media.jfxmediaimpl.platform.PlatformManager.createMediaPlayer(Lcom/sun/media/jfxmedia/locator/Locator;)Lcom/sun/media/jfxmedia/MediaPlayer;+47
j  com.sun.media.jfxmediaimpl.NativeMediaManager.getPlayer(Lcom/sun/media/jfxmedia/locator/Locator;)Lcom/sun/media/jfxmedia/MediaPlayer;+7
j  com.sun.media.jfxmedia.MediaManager.getPlayer(Lcom/sun/media/jfxmedia/locator/Locator;)Lcom/sun/media/jfxmedia/MediaPlayer;+18
j  javafx.scene.media.MediaPlayer.init()V+34
j  javafx.scene.media.MediaPlayer.access$1000(Ljavafx/scene/media/MediaPlayer;)V+1
j  javafx.scene.media.MediaPlayer$InitMediaPlayer.run()V+4
j  java.lang.Thread.run()V+11
v  ~StubRoutines::call_stub

---------------  P R O C E S S  ---------------

Java Threads: ( => current thread )
  0x00007fd4eb26e000 JavaThread "SIGTERM handler" daemon [_thread_blocked, id=53299, stack(0x000000012fb4a000,0x000000012fc4a000)]
  0x00007fd4e98eb800 JavaThread "Thread-619" daemon [_thread_blocked, id=53783, stack(0x000000013025c000,0x000000013035c000)]
  0x00007fd4eb27d000 JavaThread "Thread-616" daemon [_thread_blocked, id=83999, stack(0x000000012f63b000,0x000000012f73b000)]
  0x00007fd4eaa63000 JavaThread "Thread-615" daemon [_thread_blocked, id=89867, stack(0x000000012f3b2000,0x000000012f4b2000)]
  0x00007fd4ea9c2800 JavaThread "Thread-592" daemon [_thread_blocked, id=93443, stack(0x0000000130159000,0x0000000130259000)]
  0x00007fd4ea38d000 JavaThread "Thread-590" daemon [_thread_blocked, id=92931, stack(0x0000000130056000,0x0000000130156000)]
  0x00007fd4ea32e000 JavaThread "Thread-589" daemon [_thread_blocked, id=82447, stack(0x000000012f0a9000,0x000000012f1a9000)]
  0x00007fd4eb27a000 JavaThread "Thread-558" daemon [_thread_blocked, id=92167, stack(0x000000012fe53000,0x000000012ff53000)]
  0x00007fd4e999f800 JavaThread "Thread-557" daemon [_thread_blocked, id=85011, stack(0x000000012fd50000,0x000000012fe50000)]
  0x00007fd4e98a7000 JavaThread "Thread-534" daemon [_thread_blocked, id=80655, stack(0x000000012f1ac000,0x000000012f2ac000)]
  0x00007fd4ea9f3000 JavaThread "Thread-519" daemon [_thread_blocked, id=91651, stack(0x000000012fc4d000,0x000000012fd4d000)]
  0x00007fd4eaa5b000 JavaThread "Thread-493" daemon [_thread_blocked, id=91139, stack(0x000000012fa47000,0x000000012fb47000)]
  0x00007fd4eaa5a000 JavaThread "Thread-491" daemon [_thread_blocked, id=88843, stack(0x000000012f944000,0x000000012fa44000)]
  0x00007fd4ea32f800 JavaThread "Thread-458" daemon [_thread_in_native_trans, id=87307, stack(0x000000012efa6000,0x000000012f0a6000)]
  0x00007fd4ea9a2800 JavaThread "Thread-455" daemon [_thread_blocked, id=54299, stack(0x000000012ede1000,0x000000012eee1000)]
  0x00007fd4ea325800 JavaThread "Thread-422" daemon [_thread_blocked, id=79639, stack(0x000000012e9d5000,0x000000012ead5000)]
  0x00007fd4ea9df800 JavaThread "Thread-420" daemon [_thread_in_native, id=90371, stack(0x000000012f841000,0x000000012f941000)]
  0x00007fd4eb24f000 JavaThread "Thread-391" daemon [_thread_in_native_trans, id=74779, stack(0x000000012e577000,0x000000012e677000)]
  0x00007fd4ea9cc800 JavaThread "Thread-355" daemon [_thread_in_native, id=89091, stack(0x000000012f4b5000,0x000000012f5b5000)]
  0x00007fd4ea9c4800 JavaThread "Thread-325" daemon [_thread_in_native, id=88067, stack(0x000000012f2af000,0x000000012f3af000)]
  0x00007fd4ea2ab000 JavaThread "Thread-305" daemon [_thread_in_native, id=57103, stack(0x000000012df65000,0x000000012e065000)]
  0x00007fd4eb063000 JavaThread "Thread-258" daemon [_thread_in_native_trans, id=55343, stack(0x000000012e371000,0x000000012e471000)]
  0x00007fd4ea965800 JavaThread "JFXMedia Player EventQueueThread" daemon [_thread_blocked, id=86787, stack(0x000000012ecde000,0x000000012edde000)]
  0x00007fd4eb279800 JavaThread "Thread-229" daemon [_thread_in_native, id=86279, stack(0x000000012ebdb000,0x000000012ecdb000)]
  0x00007fd4ea347800 JavaThread "Thread-197" daemon [_thread_in_native_trans, id=85763, stack(0x000000012ead8000,0x000000012ebd8000)]
  0x00007fd4ea983000 JavaThread "Thread-163" daemon [_thread_in_native_trans, id=84483, stack(0x000000012e474000,0x000000012e574000)]
  0x00007fd4ea2ce000 JavaThread "Thread-146" daemon [_thread_in_native, id=83463, stack(0x000000012e26e000,0x000000012e36e000)]
  0x00007fd4e9893000 JavaThread "Thread-121" daemon [_thread_in_native, id=82691, stack(0x000000012e068000,0x000000012e168000)]
  0x00007fd4ea345000 JavaThread "Thread-104" daemon [_thread_in_native, id=59151, stack(0x000000012dd62000,0x000000012de62000)]
  0x00007fd4e9891000 JavaThread "Thread-78" daemon [_thread_in_native, id=56331, stack(0x000000012b81a000,0x000000012b91a000)]
  0x00007fd4eb255000 JavaThread "JFXMedia Player EventQueueThread" daemon [_thread_blocked, id=58123, stack(0x000000012d956000,0x000000012da56000)]
  0x00007fd4ea345800 JavaThread "Thread-38" daemon [_thread_in_native, id=79875, stack(0x000000012d64d000,0x000000012d74d000)]
  0x00007fd4ea2a9000 JavaThread "Thread-28" daemon [_thread_in_native, id=75267, stack(0x000000012ceeb000,0x000000012cfeb000)]
  0x00007fd4ea2ad800 JavaThread "JFXMedia Player EventQueueThread" daemon [_thread_blocked, id=60167, stack(0x000000012ca23000,0x000000012cb23000)]
  0x00007fd4ea2ac000 JavaThread "Thread-22" daemon [_thread_in_native, id=59651, stack(0x000000012c920000,0x000000012ca20000)]
  0x00007fd4eb249000 JavaThread "Thread-20" daemon [_thread_in_native, id=58627, stack(0x000000012c4db000,0x000000012c5db000)]
=>0x00007fd4ea33c000 JavaThread "Thread-18" daemon [_thread_in_native, id=57603, stack(0x000000012c196000,0x000000012c296000)]
  0x00007fd4eb242800 JavaThread "Thread-14" daemon [_thread_blocked, id=51975, stack(0x000000012be4e000,0x000000012bf4e000)]
  0x00007fd4ea2b1000 JavaThread "Keep-Alive-Timer" daemon [_thread_blocked, id=56071, stack(0x000000012b4ee000,0x000000012b5ee000)]
  0x00007fd4e9885000 JavaThread "JavaFX-Launcher" [_thread_blocked, id=49411, stack(0x00000001283b8000,0x00000001284b8000)]
  0x00007fd4e9873000 JavaThread "Thread-3" daemon [_thread_in_native, id=36867, stack(0x00000001271ea000,0x000000012726a000)]
  0x00007fd4eb102000 JavaThread "JavaFX Application Thread" [_thread_blocked, id=1811, stack(0x00007fff52008000,0x00007fff52808000)]
  0x00007fd4eb101800 JavaThread "Thread-1" daemon [_thread_blocked, id=24595, stack(0x0000000125386000,0x0000000125486000)]
  0x00007fd4ea05b000 JavaThread "Service Thread" daemon [_thread_blocked, id=18179, stack(0x00000001245c2000,0x00000001246c2000)]
  0x00007fd4e980e000 JavaThread "C1 CompilerThread2" daemon [_thread_blocked, id=17667, stack(0x00000001244bf000,0x00000001245bf000)]
  0x00007fd4ea05a000 JavaThread "C2 CompilerThread1" daemon [_thread_blocked, id=17155, stack(0x00000001243bc000,0x00000001244bc000)]
  0x00007fd4ea068000 JavaThread "C2 CompilerThread0" daemon [_thread_blocked, id=16643, stack(0x00000001242b9000,0x00000001243b9000)]
  0x00007fd4ea03a000 JavaThread "Signal Dispatcher" daemon [_thread_blocked, id=13579, stack(0x00000001241b6000,0x00000001242b6000)]
  0x00007fd4ea033800 JavaThread "Finalizer" daemon [_thread_blocked, id=11523, stack(0x0000000122795000,0x0000000122895000)]
  0x00007fd4ea032800 JavaThread "Reference Handler" daemon [_thread_blocked, id=11011, stack(0x0000000122692000,0x0000000122792000)]
  0x00007fd4ea008800 JavaThread "main" [_thread_blocked, id=4867, stack(0x000000010ed20000,0x000000010ee20000)]

Other Threads:
  0x00007fd4ea030000 VMThread [stack: 0x000000012258f000,0x000000012268f000] [id=10499]

VM state:at safepoint (shutting down)

VM Mutex/Monitor currently owned by a thread:  ([mutex/lock_event])
[0x00007fd4e9600920] Threads_lock - owner thread: 0x00007fd4ea030000

Heap:
 PSYoungGen      total 18944K, used 2902K [0x00000007aab00000, 0x00000007ac000000, 0x00000007c0000000)
  eden space 16384K, 2% used [0x00000007aab00000,0x00000007aab5bbf8,0x00000007abb00000)
  from space 2560K, 99% used [0x00000007abb00000,0x00000007abd79c48,0x00000007abd80000)
  to   space 2560K, 0% used [0x00000007abd80000,0x00000007abd80000,0x00000007ac000000)
 ParOldGen       total 44032K, used 4568K [0x0000000780000000, 0x0000000782b00000, 0x00000007aab00000)
  object space 44032K, 10% used [0x0000000780000000,0x0000000780476158,0x0000000782b00000)
 Metaspace       used 10681K, capacity 11060K, committed 11264K, reserved 1058816K
  class space    used 1396K, capacity 1505K, committed 1536K, reserved 1048576K

Card table byte_map: [0x000000011e1e2000,0x000000011e3e3000] byte_map_base: 0x000000011a5e2000

Marking Bits: (ParMarkBitMap*) 0x000000010e69e410
 Begin Bits: [0x000000011e945000, 0x000000011f945000)
 End Bits:   [0x000000011f945000, 0x0000000120945000)

Polling page: 0x000000010d54f000

CodeCache: size=245760Kb used=3317Kb max_used=3317Kb free=242442Kb
 bounds [0x000000010ee22000, 0x000000010f162000, 0x000000011de22000]
 total_blobs=1359 nmethods=888 adapters=387
 compilation: enabled

Compilation events (10 events):
Event: 3.423 Thread 0x00007fd4e980e000  884       3       java.util.AbstractCollection::isEmpty (13 bytes)
Event: 3.425 Thread 0x00007fd4e980e000 nmethod 884 0x000000010f15f550 code [0x000000010f15f6c0, 0x000000010f15f928]
Event: 3.434 Thread 0x00007fd4e980e000  885       3       java.util.Collections$EmptyList::isEmpty (2 bytes)
Event: 3.435 Thread 0x00007fd4e980e000 nmethod 885 0x000000010f15f9d0 code [0x000000010f15fb20, 0x000000010f15fc70]
Event: 3.435 Thread 0x00007fd4e980e000  886       3       com.sun.javafx.collections.VetoableListDecorator::size (10 bytes)
Event: 3.436 Thread 0x00007fd4e980e000 nmethod 886 0x000000010f15fcd0 code [0x000000010f15fe40, 0x000000010f160068]
Event: 3.438 Thread 0x00007fd4e980e000  887       3       javafx.beans.property.ReadOnlyDoubleWrapper::fireValueChangedEvent (15 bytes)
Event: 3.440 Thread 0x00007fd4e980e000 nmethod 887 0x000000010f160110 code [0x000000010f160280, 0x000000010f1604e8]
Event: 3.457 Thread 0x00007fd4e980e000  888       1       java.net.URI::getHost (5 bytes)
Event: 3.458 Thread 0x00007fd4e980e000 nmethod 888 0x000000010f1605d0 code [0x000000010f160720, 0x000000010f160830]

GC Heap History (6 events):
Event: 1.280 GC heap before
{Heap before GC invocations=1 (full 0):
 PSYoungGen      total 18944K, used 16384K [0x00000007aab00000, 0x00000007ac000000, 0x00000007c0000000)
  eden space 16384K, 100% used [0x00000007aab00000,0x00000007abb00000,0x00000007abb00000)
  from space 2560K, 0% used [0x00000007abd80000,0x00000007abd80000,0x00000007ac000000)
  to   space 2560K, 0% used [0x00000007abb00000,0x00000007abb00000,0x00000007abd80000)
 ParOldGen       total 44032K, used 0K [0x0000000780000000, 0x0000000782b00000, 0x00000007aab00000)
  object space 44032K, 0% used [0x0000000780000000,0x0000000780000000,0x0000000782b00000)
 Metaspace       used 9840K, capacity 10208K, committed 10368K, reserved 1058816K
  class space    used 1306K, capacity 1401K, committed 1408K, reserved 1048576K
Event: 1.285 GC heap after
Heap after GC invocations=1 (full 0):
 PSYoungGen      total 18944K, used 2000K [0x00000007aab00000, 0x00000007ac000000, 0x00000007c0000000)
  eden space 16384K, 0% used [0x00000007aab00000,0x00000007aab00000,0x00000007abb00000)
  from space 2560K, 78% used [0x00000007abb00000,0x00000007abcf4050,0x00000007abd80000)
  to   space 2560K, 0% used [0x00000007abd80000,0x00000007abd80000,0x00000007ac000000)
 ParOldGen       total 44032K, used 16K [0x0000000780000000, 0x0000000782b00000, 0x00000007aab00000)
  object space 44032K, 0% used [0x0000000780000000,0x0000000780004000,0x0000000782b00000)
 Metaspace       used 9840K, capacity 10208K, committed 10368K, reserved 1058816K
  class space    used 1306K, capacity 1401K, committed 1408K, reserved 1048576K
}
Event: 2.315 GC heap before
{Heap before GC invocations=2 (full 0):
 PSYoungGen      total 18944K, used 18384K [0x00000007aab00000, 0x00000007ac000000, 0x00000007c0000000)
  eden space 16384K, 100% used [0x00000007aab00000,0x00000007abb00000,0x00000007abb00000)
  from space 2560K, 78% used [0x00000007abb00000,0x00000007abcf4050,0x00000007abd80000)
  to   space 2560K, 0% used [0x00000007abd80000,0x00000007abd80000,0x00000007ac000000)
 ParOldGen       total 44032K, used 16K [0x0000000780000000, 0x0000000782b00000, 0x00000007aab00000)
  object space 44032K, 0% used [0x0000000780000000,0x0000000780004000,0x0000000782b00000)
 Metaspace       used 10347K, capacity 10718K, committed 11008K, reserved 1058816K
  class space    used 1373K, capacity 1502K, committed 1536K, reserved 1048576K
Event: 2.325 GC heap after
Heap after GC invocations=2 (full 0):
 PSYoungGen      total 18944K, used 2556K [0x00000007aab00000, 0x00000007ac000000, 0x00000007c0000000)
  eden space 16384K, 0% used [0x00000007aab00000,0x00000007aab00000,0x00000007abb00000)
  from space 2560K, 99% used [0x00000007abd80000,0x00000007abfff038,0x00000007ac000000)
  to   space 2560K, 0% used [0x00000007abb00000,0x00000007abb00000,0x00000007abd80000)
 ParOldGen       total 44032K, used 1777K [0x0000000780000000, 0x0000000782b00000, 0x00000007aab00000)
  object space 44032K, 4% used [0x0000000780000000,0x00000007801bc6f0,0x0000000782b00000)
 Metaspace       used 10347K, capacity 10718K, committed 11008K, reserved 1058816K
  class space    used 1373K, capacity 1502K, committed 1536K, reserved 1048576K
}
Event: 3.447 GC heap before
{Heap before GC invocations=3 (full 0):
 PSYoungGen      total 18944K, used 18940K [0x00000007aab00000, 0x00000007ac000000, 0x00000007c0000000)
  eden space 16384K, 100% used [0x00000007aab00000,0x00000007abb00000,0x00000007abb00000)
  from space 2560K, 99% used [0x00000007abd80000,0x00000007abfff038,0x00000007ac000000)
  to   space 2560K, 0% used [0x00000007abb00000,0x00000007abb00000,0x00000007abd80000)
 ParOldGen       total 44032K, used 1777K [0x0000000780000000, 0x0000000782b00000, 0x00000007aab00000)
  object space 44032K, 4% used [0x0000000780000000,0x00000007801bc6f0,0x0000000782b00000)
 Metaspace       used 10662K, capacity 11048K, committed 11264K, reserved 1058816K
  class space    used 1392K, capacity 1503K, committed 1536K, reserved 1048576K
Event: 3.455 GC heap after
Heap after GC invocations=3 (full 0):
 PSYoungGen      total 18944K, used 2535K [0x00000007aab00000, 0x00000007ac000000, 0x00000007c0000000)
  eden space 16384K, 0% used [0x00000007aab00000,0x00000007aab00000,0x00000007abb00000)
  from space 2560K, 99% used [0x00000007abb00000,0x00000007abd79c48,0x00000007abd80000)
  to   space 2560K, 0% used [0x00000007abd80000,0x00000007abd80000,0x00000007ac000000)
 ParOldGen       total 44032K, used 4568K [0x0000000780000000, 0x0000000782b00000, 0x00000007aab00000)
  object space 44032K, 10% used [0x0000000780000000,0x0000000780476158,0x0000000782b00000)
 Metaspace       used 10662K, capacity 11048K, committed 11264K, reserved 1058816K
  class space    used 1392K, capacity 1503K, committed 1536K, reserved 1048576K
}

Deoptimization events (1 events):
Event: 1.590 Thread 0x00007fd4ea96f000 Uncommon trap: reason=unreached action=reinterpret pc=0x000000010f0c2080 method=com.sun.media.jfxmediaimpl.MetadataParserImpl.getNextByte()B @ 19

Internal exceptions (10 events):
Event: 1.173 Thread 0x00007fd4eb102000 Exception <a 'java/security/PrivilegedActionException'> (0x00000007aba9a338) thrown at [/Users/java_re/workspace/8-2-build-macosx-x86_64/jdk8u31/2394/hotspot/src/share/vm/prims/jvm.cpp, line 1312]
Event: 1.187 Thread 0x00007fd4eb102000 Exception <a 'java/security/PrivilegedActionException'> (0x00000007aba9d348) thrown at [/Users/java_re/workspace/8-2-build-macosx-x86_64/jdk8u31/2394/hotspot/src/share/vm/prims/jvm.cpp, line 1312]
Event: 1.200 Thread 0x00007fd4eb102000 Exception <a 'java/security/PrivilegedActionException'> (0x00000007abaa0c98) thrown at [/Users/java_re/workspace/8-2-build-macosx-x86_64/jdk8u31/2394/hotspot/src/share/vm/prims/jvm.cpp, line 1312]
Event: 1.202 Thread 0x00007fd4eb102000 Exception <a 'java/security/PrivilegedActionException'> (0x00000007abaa3888) thrown at [/Users/java_re/workspace/8-2-build-macosx-x86_64/jdk8u31/2394/hotspot/src/share/vm/prims/jvm.cpp, line 1312]
Event: 1.210 Thread 0x00007fd4eb102000 Exception <a 'java/security/PrivilegedActionException'> (0x00000007abaab978) thrown at [/Users/java_re/workspace/8-2-build-macosx-x86_64/jdk8u31/2394/hotspot/src/share/vm/prims/jvm.cpp, line 1312]
Event: 1.366 Thread 0x00007fd4eb22e800 Exception <a 'java/lang/UnsatisfiedLinkError': com.sun.media.jfxmedia.logging.Logger.nativeSetNativeLevel(I)V> (0x00000007aabcbcb0) thrown at [/Users/java_re/workspace/8-2-build-macosx-x86_64/jdk8u31/2394/hotspot/src/share/vm/prims/nativeLookup.cpp, line 
Event: 1.494 Thread 0x00007fd4eb22f000 Exception <a 'java/security/PrivilegedActionException'> (0x00000007aac00220) thrown at [/Users/java_re/workspace/8-2-build-macosx-x86_64/jdk8u31/2394/hotspot/src/share/vm/prims/jvm.cpp, line 1312]
Event: 1.494 Thread 0x00007fd4eb22f000 Exception <a 'java/security/PrivilegedActionException'> (0x00000007aac01b18) thrown at [/Users/java_re/workspace/8-2-build-macosx-x86_64/jdk8u31/2394/hotspot/src/share/vm/prims/jvm.cpp, line 1312]
Event: 1.494 Thread 0x00007fd4eb22f000 Exception <a 'java/security/PrivilegedActionException'> (0x00000007aac03668) thrown at [/Users/java_re/workspace/8-2-build-macosx-x86_64/jdk8u31/2394/hotspot/src/share/vm/prims/jvm.cpp, line 1312]
Event: 3.461 Thread 0x00007fd4ea2d7000 Exception <a 'java/lang/IllegalStateException'> (0x00000007aab58398) thrown at [/Users/java_re/workspace/8-2-build-macosx-x86_64/jdk8u31/2394/hotspot/src/share/vm/prims/jvm.cpp, line 1316]

Events (10 events):
Event: 3.459 loading class java/util/HashMap$KeySet done
Event: 3.459 Thread 0x00007fd4e990a800 Thread added: 0x00007fd4e990a800
Event: 3.460 loading class java/util/HashMap$KeyIterator
Event: 3.460 loading class java/util/HashMap$KeyIterator done
Event: 3.460 Thread 0x00007fd4e990a800 Thread exited: 0x00007fd4e990a800
Event: 3.460 loading class com/sun/javafx/tk/quantum/QuantumToolkit
Event: 3.460 loading class com/sun/javafx/tk/quantum/QuantumToolkit done
Event: 3.460 Thread 0x00007fd4eb091800 Thread exited: 0x00007fd4eb091800
Event: 3.461 Thread 0x00007fd4ea2d7000 Thread exited: 0x00007fd4ea2d7000
Event: 3.461 Executing VM operation: Exit


Dynamic libraries:
0x0000000004d91000 	/System/Library/Frameworks/Cocoa.framework/Versions/A/Cocoa
0x0000000004d91000 	/System/Library/Frameworks/Security.framework/Versions/A/Security
0x0000000004d91000 	/System/Library/Frameworks/ApplicationServices.framework/Versions/A/ApplicationServices
0x0000000004d91000 	/usr/lib/libz.1.dylib
0x0000000004d91000 	/usr/lib/libSystem.B.dylib
0x0000000004d91000 	/usr/lib/libobjc.A.dylib
0x0000000004d91000 	/System/Library/Frameworks/CoreFoundation.framework/Versions/A/CoreFoundation
0x0000000004d91000 	/System/Library/Frameworks/Foundation.framework/Versions/C/Foundation
0x0000000004d91000 	/System/Library/Frameworks/AppKit.framework/Versions/C/AppKit
0x0000000004d91000 	/System/Library/Frameworks/CoreData.framework/Versions/A/CoreData
0x0000000004d91000 	/System/Library/PrivateFrameworks/RemoteViewServices.framework/Versions/A/RemoteViewServices
0x0000000004d91000 	/System/Library/PrivateFrameworks/UIFoundation.framework/Versions/A/UIFoundation
0x0000000004d91000 	/System/Library/Frameworks/IOSurface.framework/Versions/A/IOSurface
0x0000000004d91000 	/System/Library/Frameworks/AudioToolbox.framework/Versions/A/AudioToolbox
0x0000000004d91000 	/System/Library/Frameworks/AudioUnit.framework/Versions/A/AudioUnit
0x0000000004d91000 	/System/Library/PrivateFrameworks/DataDetectorsCore.framework/Versions/A/DataDetectorsCore
0x0000000004d91000 	/System/Library/PrivateFrameworks/DesktopServicesPriv.framework/Versions/A/DesktopServicesPriv
0x0000000004d91000 	/System/Library/Frameworks/Carbon.framework/Versions/A/Frameworks/HIToolbox.framework/Versions/A/HIToolbox
0x0000000004d91000 	/System/Library/Frameworks/QuartzCore.framework/Versions/A/QuartzCore
0x0000000004d91000 	/System/Library/Frameworks/Carbon.framework/Versions/A/Frameworks/SpeechRecognition.framework/Versions/A/SpeechRecognition
0x0000000004d91000 	/usr/lib/libauto.dylib
0x0000000004d91000 	/usr/lib/libicucore.A.dylib
0x0000000004d91000 	/usr/lib/libxml2.2.dylib
0x0000000004d91000 	/System/Library/PrivateFrameworks/CoreUI.framework/Versions/A/CoreUI
0x0000000004d91000 	/System/Library/Frameworks/CoreAudio.framework/Versions/A/CoreAudio
0x0000000004d91000 	/System/Library/Frameworks/DiskArbitration.framework/Versions/A/DiskArbitration
0x0000000004d91000 	/usr/lib/liblangid.dylib
0x0000000004d91000 	/System/Library/PrivateFrameworks/MultitouchSupport.framework/Versions/A/MultitouchSupport
0x0000000004d91000 	/System/Library/Frameworks/IOKit.framework/Versions/A/IOKit
0x0000000004d91000 	/usr/lib/libDiagnosticMessagesClient.dylib
0x0000000004d91000 	/System/Library/Frameworks/CoreServices.framework/Versions/A/CoreServices
0x0000000004d91000 	/System/Library/PrivateFrameworks/PerformanceAnalysis.framework/Versions/A/PerformanceAnalysis
0x0000000004d91000 	/System/Library/PrivateFrameworks/GenerationalStorage.framework/Versions/A/GenerationalStorage
0x0000000004d91000 	/System/Library/Frameworks/OpenGL.framework/Versions/A/OpenGL
0x0000000004d91000 	/System/Library/PrivateFrameworks/Sharing.framework/Versions/A/Sharing
0x0000000004d91000 	/System/Library/Frameworks/CoreGraphics.framework/Versions/A/CoreGraphics
0x0000000004d91000 	/System/Library/Frameworks/CoreText.framework/Versions/A/CoreText
0x0000000004d91000 	/System/Library/Frameworks/ImageIO.framework/Versions/A/ImageIO
0x0000000004d91000 	/usr/lib/libextension.dylib
0x0000000004d91000 	/System/Library/PrivateFrameworks/Backup.framework/Versions/A/Backup
0x0000000004d91000 	/usr/lib/libarchive.2.dylib
0x0000000004d91000 	/System/Library/Frameworks/CFNetwork.framework/Versions/A/CFNetwork
0x0000000004d91000 	/System/Library/Frameworks/SystemConfiguration.framework/Versions/A/SystemConfiguration
0x0000000004d91000 	/usr/lib/libCRFSuite.dylib
0x0000000004d91000 	/usr/lib/libc++.1.dylib
0x0000000004d91000 	/usr/lib/libc++abi.dylib
0x0000000004d91000 	/usr/lib/system/libcache.dylib
0x0000000004d91000 	/usr/lib/system/libcommonCrypto.dylib
0x0000000004d91000 	/usr/lib/system/libcompiler_rt.dylib
0x0000000004d91000 	/usr/lib/system/libcopyfile.dylib
0x0000000004d91000 	/usr/lib/system/libcorecrypto.dylib
0x0000000004d91000 	/usr/lib/system/libdispatch.dylib
0x0000000004d91000 	/usr/lib/system/libdyld.dylib
0x0000000004d91000 	/usr/lib/system/libkeymgr.dylib
0x0000000004d91000 	/usr/lib/system/liblaunch.dylib
0x0000000004d91000 	/usr/lib/system/libmacho.dylib
0x0000000004d91000 	/usr/lib/system/libquarantine.dylib
0x0000000004d91000 	/usr/lib/system/libremovefile.dylib
0x0000000004d91000 	/usr/lib/system/libsystem_asl.dylib
0x0000000004d91000 	/usr/lib/system/libsystem_blocks.dylib
0x0000000004d91000 	/usr/lib/system/libsystem_c.dylib
0x0000000004d91000 	/usr/lib/system/libsystem_configuration.dylib
0x0000000004d91000 	/usr/lib/system/libsystem_coreservices.dylib
0x0000000004d91000 	/usr/lib/system/libsystem_coretls.dylib
0x0000000004d91000 	/usr/lib/system/libsystem_dnssd.dylib
0x0000000004d91000 	/usr/lib/system/libsystem_info.dylib
0x0000000004d91000 	/usr/lib/system/libsystem_kernel.dylib
0x0000000004d91000 	/usr/lib/system/libsystem_m.dylib
0x0000000004d91000 	/usr/lib/system/libsystem_malloc.dylib
0x0000000004d91000 	/usr/lib/system/libsystem_network.dylib
0x0000000004d91000 	/usr/lib/system/libsystem_networkextension.dylib
0x0000000004d91000 	/usr/lib/system/libsystem_notify.dylib
0x0000000004d91000 	/usr/lib/system/libsystem_platform.dylib
0x0000000004d91000 	/usr/lib/system/libsystem_pthread.dylib
0x0000000004d91000 	/usr/lib/system/libsystem_sandbox.dylib
0x0000000004d91000 	/usr/lib/system/libsystem_secinit.dylib
0x0000000004d91000 	/usr/lib/system/libsystem_stats.dylib
0x0000000004d91000 	/usr/lib/system/libsystem_trace.dylib
0x0000000004d91000 	/usr/lib/system/libunc.dylib
0x0000000004d91000 	/usr/lib/system/libunwind.dylib
0x0000000004d91000 	/usr/lib/system/libxpc.dylib
0x0000000004d91000 	/usr/lib/libbz2.1.0.dylib
0x0000000004d91000 	/usr/lib/liblzma.5.dylib
0x0000000004d91000 	/usr/lib/libbsm.0.dylib
0x0000000004d91000 	/usr/lib/libsqlite3.dylib
0x0000000004d91000 	/usr/lib/system/libkxld.dylib
0x0000000004d91000 	/usr/lib/libxar.1.dylib
0x0000000004d91000 	/usr/lib/libpam.2.dylib
0x0000000004d91000 	/usr/lib/libOpenScriptingUtil.dylib
0x0000000004d91000 	/System/Library/Frameworks/CoreServices.framework/Versions/A/Frameworks/FSEvents.framework/Versions/A/FSEvents
0x0000000004d91000 	/System/Library/Frameworks/CoreServices.framework/Versions/A/Frameworks/CarbonCore.framework/Versions/A/CarbonCore
0x0000000004d91000 	/System/Library/Frameworks/CoreServices.framework/Versions/A/Frameworks/Metadata.framework/Versions/A/Metadata
0x0000000004d91000 	/System/Library/Frameworks/CoreServices.framework/Versions/A/Frameworks/OSServices.framework/Versions/A/OSServices
0x0000000004d91000 	/System/Library/Frameworks/CoreServices.framework/Versions/A/Frameworks/SearchKit.framework/Versions/A/SearchKit
0x0000000004d91000 	/System/Library/Frameworks/CoreServices.framework/Versions/A/Frameworks/AE.framework/Versions/A/AE
0x0000000004d91000 	/System/Library/Frameworks/CoreServices.framework/Versions/A/Frameworks/LaunchServices.framework/Versions/A/LaunchServices
0x0000000004d91000 	/System/Library/Frameworks/CoreServices.framework/Versions/A/Frameworks/DictionaryServices.framework/Versions/A/DictionaryServices
0x0000000004d91000 	/System/Library/Frameworks/NetFS.framework/Versions/A/NetFS
0x0000000004d91000 	/System/Library/PrivateFrameworks/NetAuth.framework/Versions/A/NetAuth
0x0000000004d91000 	/System/Library/PrivateFrameworks/login.framework/Versions/A/Frameworks/loginsupport.framework/Versions/A/loginsupport
0x0000000004d91000 	/System/Library/PrivateFrameworks/TCC.framework/Versions/A/TCC
0x0000000004d91000 	/usr/lib/libmecabra.dylib
0x0000000004d91000 	/System/Library/Frameworks/ApplicationServices.framework/Versions/A/Frameworks/ATS.framework/Versions/A/ATS
0x0000000004d91000 	/System/Library/Frameworks/ApplicationServices.framework/Versions/A/Frameworks/ColorSync.framework/Versions/A/ColorSync
0x0000000004d91000 	/System/Library/Frameworks/ApplicationServices.framework/Versions/A/Frameworks/HIServices.framework/Versions/A/HIServices
0x0000000004d91000 	/System/Library/Frameworks/ApplicationServices.framework/Versions/A/Frameworks/LangAnalysis.framework/Versions/A/LangAnalysis
0x0000000004d91000 	/System/Library/Frameworks/ApplicationServices.framework/Versions/A/Frameworks/PrintCore.framework/Versions/A/PrintCore
0x0000000004d91000 	/System/Library/Frameworks/ApplicationServices.framework/Versions/A/Frameworks/QD.framework/Versions/A/QD
0x0000000004d91000 	/System/Library/Frameworks/ApplicationServices.framework/Versions/A/Frameworks/SpeechSynthesis.framework/Versions/A/SpeechSynthesis
0x0000000004d91000 	/System/Library/Frameworks/Accelerate.framework/Versions/A/Accelerate
0x0000000004d91000 	/System/Library/Frameworks/Accelerate.framework/Versions/A/Frameworks/vImage.framework/Versions/A/vImage
0x0000000004d91000 	/System/Library/Frameworks/Accelerate.framework/Versions/A/Frameworks/vecLib.framework/Versions/A/vecLib
0x0000000004d91000 	/System/Library/Frameworks/Accelerate.framework/Versions/A/Frameworks/vecLib.framework/Versions/A/libvDSP.dylib
0x0000000004d91000 	/System/Library/Frameworks/Accelerate.framework/Versions/A/Frameworks/vecLib.framework/Versions/A/libvMisc.dylib
0x0000000004d91000 	/System/Library/Frameworks/Accelerate.framework/Versions/A/Frameworks/vecLib.framework/Versions/A/libLAPACK.dylib
0x0000000004d91000 	/System/Library/Frameworks/Accelerate.framework/Versions/A/Frameworks/vecLib.framework/Versions/A/libBLAS.dylib
0x0000000004d91000 	/System/Library/Frameworks/Accelerate.framework/Versions/A/Frameworks/vecLib.framework/Versions/A/libLinearAlgebra.dylib
0x0000000004d91000 	/System/Library/Frameworks/ApplicationServices.framework/Versions/A/Frameworks/ATS.framework/Versions/A/Resources/libFontParser.dylib
0x0000000004d91000 	/System/Library/Frameworks/ApplicationServices.framework/Versions/A/Frameworks/ATS.framework/Versions/A/Resources/libFontRegistry.dylib
0x0000000004d91000 	/System/Library/PrivateFrameworks/AppleVPA.framework/Versions/A/AppleVPA
0x0000000004d91000 	/System/Library/PrivateFrameworks/AppleJPEG.framework/Versions/A/AppleJPEG
0x0000000004d91000 	/System/Library/Frameworks/ImageIO.framework/Versions/A/Resources/libJPEG.dylib
0x0000000004d91000 	/System/Library/Frameworks/ImageIO.framework/Versions/A/Resources/libTIFF.dylib
0x0000000004d91000 	/System/Library/Frameworks/ImageIO.framework/Versions/A/Resources/libPng.dylib
0x0000000004d91000 	/System/Library/Frameworks/ImageIO.framework/Versions/A/Resources/libGIF.dylib
0x0000000004d91000 	/System/Library/Frameworks/ImageIO.framework/Versions/A/Resources/libJP2.dylib
0x0000000004d91000 	/System/Library/Frameworks/ImageIO.framework/Versions/A/Resources/libRadiance.dylib
0x0000000004d91000 	/System/Library/Frameworks/CoreVideo.framework/Versions/A/CoreVideo
0x0000000004d91000 	/System/Library/Frameworks/OpenGL.framework/Versions/A/Libraries/libGLU.dylib
0x0000000004d91000 	/System/Library/Frameworks/OpenGL.framework/Versions/A/Libraries/libGFXShared.dylib
0x0000000004d91000 	/System/Library/Frameworks/OpenGL.framework/Versions/A/Libraries/libGL.dylib
0x0000000004d91000 	/System/Library/Frameworks/OpenGL.framework/Versions/A/Libraries/libGLImage.dylib
0x0000000004d91000 	/System/Library/Frameworks/OpenGL.framework/Versions/A/Libraries/libCVMSPluginSupport.dylib
0x0000000004d91000 	/System/Library/Frameworks/OpenGL.framework/Versions/A/Libraries/libCoreVMClient.dylib
0x0000000004d91000 	/usr/lib/libcups.2.dylib
0x0000000004d91000 	/System/Library/Frameworks/Kerberos.framework/Versions/A/Kerberos
0x0000000004d91000 	/System/Library/Frameworks/GSS.framework/Versions/A/GSS
0x0000000004d91000 	/usr/lib/libresolv.9.dylib
0x0000000004d91000 	/usr/lib/libiconv.2.dylib
0x0000000004d91000 	/System/Library/PrivateFrameworks/Heimdal.framework/Versions/A/Heimdal
0x0000000004d91000 	/usr/lib/libheimdal-asn1.dylib
0x0000000004d91000 	/System/Library/Frameworks/OpenDirectory.framework/Versions/A/OpenDirectory
0x0000000004d91000 	/System/Library/PrivateFrameworks/CommonAuth.framework/Versions/A/CommonAuth
0x0000000004d91000 	/System/Library/Frameworks/OpenDirectory.framework/Versions/A/Frameworks/CFOpenDirectory.framework/Versions/A/CFOpenDirectory
0x0000000004d91000 	/System/Library/Frameworks/SecurityFoundation.framework/Versions/A/SecurityFoundation
0x0000000004d91000 	/System/Library/PrivateFrameworks/LanguageModeling.framework/Versions/A/LanguageModeling
0x0000000004d91000 	/usr/lib/libcmph.dylib
0x0000000004d91000 	/System/Library/Frameworks/ServiceManagement.framework/Versions/A/ServiceManagement
0x0000000004d91000 	/usr/lib/libxslt.1.dylib
0x0000000004d91000 	/System/Library/Frameworks/Carbon.framework/Versions/A/Frameworks/Ink.framework/Versions/A/Ink
0x0000000004d91000 	/System/Library/Frameworks/QuartzCore.framework/Versions/A/Frameworks/CoreImage.framework/Versions/A/CoreImage
0x0000000004d91000 	/System/Library/PrivateFrameworks/CrashReporterSupport.framework/Versions/A/CrashReporterSupport
0x0000000004d91000 	/System/Library/Frameworks/OpenCL.framework/Versions/A/OpenCL
0x0000000004d91000 	/System/Library/PrivateFrameworks/FaceCore.framework/Versions/A/FaceCore
0x0000000004d91000 	/System/Library/PrivateFrameworks/Ubiquity.framework/Versions/A/Ubiquity
0x0000000004d91000 	/System/Library/PrivateFrameworks/IconServices.framework/Versions/A/IconServices
0x0000000004d91000 	/System/Library/PrivateFrameworks/ChunkingLibrary.framework/Versions/A/ChunkingLibrary
0x0000000004d91000 	/System/Library/PrivateFrameworks/Apple80211.framework/Versions/A/Apple80211
0x0000000004d91000 	/System/Library/Frameworks/CoreWLAN.framework/Versions/A/CoreWLAN
0x0000000004d91000 	/System/Library/Frameworks/IOBluetooth.framework/Versions/A/IOBluetooth
0x0000000004d91000 	/System/Library/PrivateFrameworks/CoreWiFi.framework/Versions/A/CoreWiFi
0x0000000004d91000 	/System/Library/Frameworks/CoreBluetooth.framework/Versions/A/CoreBluetooth
0x0000000004d91000 	/System/Library/PrivateFrameworks/DebugSymbols.framework/Versions/A/DebugSymbols
0x0000000004d91000 	/System/Library/PrivateFrameworks/CoreSymbolication.framework/Versions/A/CoreSymbolication
0x0000000004d91000 	/System/Library/PrivateFrameworks/Symbolication.framework/Versions/A/Symbolication
0x0000000004d91000 	/System/Library/PrivateFrameworks/SpeechRecognitionCore.framework/Versions/A/SpeechRecognitionCore
0x000000010de00000 	/Library/Java/JavaVirtualMachines/jdk1.8.0_31.jdk/Contents/Home/jre/lib/server/libjvm.dylib
0x0000000004d91000 	/usr/lib/libstdc++.6.dylib
0x000000010d50d000 	/Library/Java/JavaVirtualMachines/jdk1.8.0_31.jdk/Contents/Home/jre/lib/libverify.dylib
0x000000010d51b000 	/Library/Java/JavaVirtualMachines/jdk1.8.0_31.jdk/Contents/Home/jre/lib/libjava.dylib
0x000000010d559000 	/Library/Java/JavaVirtualMachines/jdk1.8.0_31.jdk/Contents/Home/jre/lib/libzip.dylib
0x0000000122897000 	/System/Library/Frameworks/JavaVM.framework/Frameworks/JavaRuntimeSupport.framework/JavaRuntimeSupport
0x00000001228af000 	/System/Library/Frameworks/JavaVM.framework/Versions/A/Frameworks/JavaNativeFoundation.framework/Versions/A/JavaNativeFoundation
0x00000001228c4000 	/System/Library/Frameworks/JavaVM.framework/Versions/A/JavaVM
0x0000000004d91000 	/System/Library/Frameworks/Carbon.framework/Versions/A/Carbon
0x00000001228d1000 	/System/Library/PrivateFrameworks/JavaLaunching.framework/Versions/A/JavaLaunching
0x0000000004d91000 	/System/Library/Frameworks/Carbon.framework/Versions/A/Frameworks/CommonPanels.framework/Versions/A/CommonPanels
0x0000000004d91000 	/System/Library/Frameworks/Carbon.framework/Versions/A/Frameworks/Help.framework/Versions/A/Help
0x0000000004d91000 	/System/Library/Frameworks/Carbon.framework/Versions/A/Frameworks/ImageCapture.framework/Versions/A/ImageCapture
0x0000000004d91000 	/System/Library/Frameworks/Carbon.framework/Versions/A/Frameworks/OpenScripting.framework/Versions/A/OpenScripting
0x0000000004d91000 	/System/Library/Frameworks/Carbon.framework/Versions/A/Frameworks/Print.framework/Versions/A/Print
0x0000000004d91000 	/System/Library/Frameworks/Carbon.framework/Versions/A/Frameworks/SecurityHI.framework/Versions/A/SecurityHI
0x0000000124991000 	/Library/Java/JavaVirtualMachines/jdk1.8.0_31.jdk/Contents/Home/jre/lib/libprism_es2.dylib
0x0000000004d91000 	/System/Library/Frameworks/OpenGL.framework/Versions/A/Resources/GLEngine.bundle/GLEngine
0x0000000004d91000 	/System/Library/Frameworks/OpenGL.framework/Versions/A/Libraries/libGLProgrammability.dylib
0x0000000000000000 	/System/Library/Extensions/AppleIntelHDGraphicsGLDriver.bundle/Contents/MacOS/AppleIntelHDGraphicsGLDriver
0x0000000124a11000 	/System/Library/PrivateFrameworks/GPUSupport.framework/Versions/A/Libraries/libGPUSupport.dylib
0x0000000000000000 	/System/Library/Extensions/GeForceTeslaGLDriver.bundle/Contents/MacOS/GeForceTeslaGLDriver
0x0000000124a25000 	/System/Library/Extensions/GeForceTeslaGLDriver.bundle/Contents/MacOS/libclh.dylib
0x0000000004d91000 	/System/Library/Frameworks/OpenGL.framework/Versions/A/Resources/GLRendererFloat.bundle/GLRendererFloat
0x0000000004d91000 	/System/Library/Frameworks/OpenCL.framework/Versions/A/Libraries/libcldcpuengine.dylib
0x0000000004d91000 	/System/Library/PrivateFrameworks/DiskImages.framework/Versions/A/DiskImages
0x0000000004d91000 	/System/Library/Frameworks/DiscRecording.framework/Versions/A/DiscRecording
0x0000000004d91000 	/usr/lib/libcsfde.dylib
0x0000000004d91000 	/usr/lib/libcurl.4.dylib
0x0000000004d91000 	/System/Library/PrivateFrameworks/MediaKit.framework/Versions/A/MediaKit
0x0000000004d91000 	/System/Library/PrivateFrameworks/ProtectedCloudStorage.framework/Versions/A/ProtectedCloudStorage
0x0000000004d91000 	/usr/lib/libCoreStorage.dylib
0x0000000004d91000 	/System/Library/PrivateFrameworks/EFILogin.framework/Versions/A/EFILogin
0x0000000004d91000 	/usr/lib/libutil.dylib
0x0000000004d91000 	/System/Library/PrivateFrameworks/FindMyDevice.framework/Versions/A/FindMyDevice
0x0000000004d91000 	/System/Library/Frameworks/LDAP.framework/Versions/A/LDAP
0x0000000004d91000 	/usr/lib/libsasl2.2.dylib
0x0000000004d91000 	/System/Library/PrivateFrameworks/CoreDaemon.framework/Versions/B/CoreDaemon
0x0000000004d91000 	/usr/lib/libcrypto.0.9.8.dylib
0x0000000004d91000 	/System/Library/PrivateFrameworks/AppleSRP.framework/Versions/A/AppleSRP
0x0000000004d91000 	/System/Library/PrivateFrameworks/TrustEvaluationAgent.framework/Versions/A/TrustEvaluationAgent
0x0000000125325000 	/Library/Java/JavaVirtualMachines/jdk1.8.0_31.jdk/Contents/Home/jre/lib/libglass.dylib
0x0000000004d91000 	/System/Library/PrivateFrameworks/CoreServicesInternal.framework/Versions/A/CoreServicesInternal
0x0000000004d91000 	/System/Library/PrivateFrameworks/CloudDocs.framework/Versions/A/CloudDocs
0x0000000004d91000 	/System/Library/PrivateFrameworks/CoreDuet.framework/Versions/A/CoreDuet
0x0000000004d91000 	/System/Library/Frameworks/CloudKit.framework/Versions/A/CloudKit
0x0000000004d91000 	/System/Library/PrivateFrameworks/ProtocolBuffer.framework/Versions/A/ProtocolBuffer
0x0000000004d91000 	/System/Library/PrivateFrameworks/CoreDuetDaemonProtocol.framework/Versions/A/CoreDuetDaemonProtocol
0x0000000004d91000 	/System/Library/PrivateFrameworks/CoreDuetDebugLogging.framework/Versions/A/CoreDuetDebugLogging
0x0000000004d91000 	/System/Library/PrivateFrameworks/MMCS.framework/Versions/A/MMCS
0x0000000004d91000 	/System/Library/Frameworks/CoreLocation.framework/Versions/A/CoreLocation
0x0000000004d91000 	/System/Library/PrivateFrameworks/GeoServices.framework/Versions/A/GeoServices
0x0000000004d91000 	/System/Library/Frameworks/CoreGraphics.framework/Versions/A/Resources/libCGCMS.A.dylib
0x0000000004d91000 	/System/Library/CoreServices/RawCamera.bundle/Contents/MacOS/RawCamera
0x0000000004d91000 	/System/Library/Frameworks/CoreGraphics.framework/Versions/A/Resources/libRIP.A.dylib
0x0000000004d91000 	/System/Library/PrivateFrameworks/FamilyControls.framework/Versions/A/FamilyControls
0x0000000004d91000 	/System/Library/PrivateFrameworks/CommerceKit.framework/Versions/A/Frameworks/CommerceCore.framework/Versions/A/CommerceCore
0x0000000004d91000 	/System/Library/PrivateFrameworks/SystemAdministration.framework/Versions/A/SystemAdministration
0x0000000004d91000 	/System/Library/PrivateFrameworks/AppContainer.framework/Versions/A/AppContainer
0x0000000004d91000 	/System/Library/PrivateFrameworks/SecCodeWrapper.framework/Versions/A/SecCodeWrapper
0x0000000004d91000 	/System/Library/Frameworks/DirectoryService.framework/Versions/A/DirectoryService
0x0000000004d91000 	/System/Library/PrivateFrameworks/LoginUIKit.framework/Versions/A/Frameworks/LoginUICore.framework/Versions/A/LoginUICore
0x0000000004d91000 	/usr/lib/libodfde.dylib
0x00000001256e7000 	/Library/Java/JavaVirtualMachines/jdk1.8.0_31.jdk/Contents/Home/jre/lib/libjavafx_font.dylib
0x0000000004d91000 	/System/Library/Frameworks/CoreGraphics.framework/Versions/A/Resources/libCGXType.A.dylib
0x0000000129dd4000 	/Library/Java/JavaVirtualMachines/jdk1.8.0_31.jdk/Contents/Home/jre/lib/libnet.dylib
0x000000012b6f3000 	/Library/Java/JavaVirtualMachines/jdk1.8.0_31.jdk/Contents/Home/jre/lib/libglib-lite.dylib
0x000000012b91c000 	/Library/Java/JavaVirtualMachines/jdk1.8.0_31.jdk/Contents/Home/jre/lib/libgstreamer-lite.dylib
0x000000012a05f000 	/Library/Java/JavaVirtualMachines/jdk1.8.0_31.jdk/Contents/Home/jre/lib/libjfxmedia.dylib
0x0000000004d91000 	/System/Library/Frameworks/QTKit.framework/Versions/A/QTKit
0x0000000004d91000 	/System/Library/Frameworks/AVFoundation.framework/Versions/A/AVFoundation
0x0000000004d91000 	/System/Library/Frameworks/CoreMedia.framework/Versions/A/CoreMedia
0x0000000004d91000 	/System/Library/Frameworks/MediaToolbox.framework/Versions/A/MediaToolbox
0x0000000004d91000 	/System/Library/Frameworks/VideoToolbox.framework/Versions/A/VideoToolbox
0x0000000004d91000 	/System/Library/PrivateFrameworks/CoreMediaAuthoring.framework/Versions/A/CoreMediaAuthoring
0x0000000004d91000 	/System/Library/Frameworks/CoreMediaIO.framework/Versions/A/CoreMediaIO
0x0000000004d91000 	/System/Library/Frameworks/AVFoundation.framework/Versions/A/Resources/libAVFAudio.dylib
0x0000000004d91000 	/System/Library/PrivateFrameworks/MediaControlSender.framework/Versions/A/MediaControlSender
0x0000000004d91000 	/System/Library/PrivateFrameworks/CoreAVCHD.framework/Versions/A/CoreAVCHD
0x0000000004d91000 	/System/Library/Frameworks/MediaAccessibility.framework/Versions/A/MediaAccessibility
0x0000000004d91000 	/System/Library/PrivateFrameworks/Mangrove.framework/Versions/A/Mangrove
0x0000000004d91000 	/System/Library/PrivateFrameworks/CoreAUC.framework/Versions/A/CoreAUC
0x0000000004d91000 	/System/Library/PrivateFrameworks/NetworkStatistics.framework/Versions/A/NetworkStatistics
0x0000000004d91000 	/System/Library/PrivateFrameworks/AirPlaySupport.framework/Versions/A/AirPlaySupport
0x0000000004d91000 	/System/Library/PrivateFrameworks/CoreUtils.framework/Versions/A/CoreUtils
0x0000000004d91000 	/System/Library/PrivateFrameworks/AppleVA.framework/Versions/A/AppleVA
0x0000000004d91000 	/System/Library/PrivateFrameworks/XPCService.framework/Versions/A/XPCService
0x0000000004d91000 	/System/Library/PrivateFrameworks/AppSandbox.framework/Versions/A/AppSandbox
0x0000000004d91000 	/usr/lib/libsandbox.1.dylib
0x0000000004d91000 	/usr/lib/libMatch.1.dylib
0x000000012bc9f000 	/Library/Java/JavaVirtualMachines/jdk1.8.0_31.jdk/Contents/Home/jre/lib/libfxplugins.dylib
0x0000000129da9000 	/System/Library/Frameworks/VideoDecodeAcceleration.framework/Versions/A/VideoDecodeAcceleration
0x000000012b2ab000 	/System/Library/Extensions/AppleHDA.kext/Contents/PlugIns/AppleHDAHALPlugIn.bundle/Contents/MacOS/AppleHDAHALPlugIn
0x000000012d1ed000 	/System/Library/Components/CoreAudio.component/Contents/MacOS/CoreAudio
0x000000012e679000 	/System/Library/Components/AudioCodecs.component/Contents/MacOS/AudioCodecs

VM Arguments:
jvm_args: -Dfile.encoding=UTF-8 
java_command: Music
java_class_path (initial): /Users/asheu/NetBeansProjects/Pokemon/build/classes
Launcher Type: SUN_STANDARD

Environment Variables:
PATH=/usr/bin:/bin:/usr/sbin:/sbin
LD_LIBRARY_PATH=/Library/Java/JavaVirtualMachines/jdk1.8.0_31.jdk/Contents/Home/jre/lib/amd64:/Library/Java/JavaVirtualMachines/jdk1.8.0_31.jdk/Contents/Home/jre/lib/i386:
SHELL=/bin/bash
DYLD_LIBRARY_PATH=/Applications/NetBeans/NetBeans 8.0.2.app/Contents/Resources/NetBeans/webcommon/bin:

Signal Handlers:
SIGSEGV: [libjvm.dylib+0x57a0e7], sa_mask[0]=11111111011111110111111111111111, sa_flags=SA_ONSTACK|SA_RESTART|SA_SIGINFO
SIGBUS: [libjvm.dylib+0x57a0e7], sa_mask[0]=11111111011111110111111111111111, sa_flags=SA_RESTART|SA_SIGINFO
SIGFPE: [libjvm.dylib+0x45af24], sa_mask[0]=11111111011111110111111111111111, sa_flags=SA_RESTART|SA_SIGINFO
SIGPIPE: [libjvm.dylib+0x45af24], sa_mask[0]=11111111011111110111111111111111, sa_flags=SA_RESTART|SA_SIGINFO
SIGXFSZ: [libjvm.dylib+0x45af24], sa_mask[0]=11111111011111110111111111111111, sa_flags=SA_RESTART|SA_SIGINFO
SIGILL: [libjvm.dylib+0x45af24], sa_mask[0]=11111111011111110111111111111111, sa_flags=SA_RESTART|SA_SIGINFO
SIGUSR1: SIG_DFL, sa_mask[0]=00000000000000000000000000000000, sa_flags=none
SIGUSR2: [libjvm.dylib+0x45aa42], sa_mask[0]=00100000000000000000000000000000, sa_flags=SA_RESTART|SA_SIGINFO
SIGHUP: [AudioToolbox+0xf933a], sa_mask[0]=00000000000000000000000000000000, sa_flags=SA_RESTART
SIGINT: SIG_IGN, sa_mask[0]=00000000000000000000000000000000, sa_flags=none
SIGTERM: [libjvm.dylib+0x459015], sa_mask[0]=11111111011111110111111111111111, sa_flags=SA_RESTART|SA_SIGINFO
SIGQUIT: [libjvm.dylib+0x459015], sa_mask[0]=11111111011111110111111111111111, sa_flags=SA_RESTART|SA_SIGINFO


---------------  S Y S T E M  ---------------

OS:Bsduname:Darwin 14.3.0 Darwin Kernel Version 14.3.0: Mon Mar 23 11:59:05 PDT 2015; root:xnu-2782.20.48~5/RELEASE_X86_64 x86_64
rlimit: STACK 8192k, CORE 0k, NPROC 709, NOFILE 10240, AS infinity
load average:2.23 2.09 2.53

CPU:total 4 (2 cores per cpu, 2 threads per core) family 6 model 37 stepping 5, cmov, cx8, fxsr, mmx, sse, sse2, sse3, ssse3, sse4.1, sse4.2, popcnt, aes, clmul, ht, tsc, tscinvbit

Memory: 4k page, physical 4194304k(140272k free)

/proc/meminfo:


vm_info: Java HotSpot(TM) 64-Bit Server VM (25.31-b07) for bsd-amd64 JRE (1.8.0_31-b13), built on Dec 17 2014 20:45:36 by "java_re" with gcc 4.2.1 (Based on Apple Inc. build 5658) (LLVM build 2336.11.00)

time: Mon May 18 20:04:24 2015
elapsed time: 3 seconds (0d 0h 0m 3s)

